[1.789s] Invoking command in '/home/bin1225/workspaces/ur_gz/src/pick_and_place_pkg': PYTHONPATH=/home/bin1225/workspaces/ur_gz/build/pick_and_place_pkg/prefix_override:/usr/lib/python3/dist-packages/colcon_core/task/python/colcon_distutils_commands:/home/bin1225/workspaces/ur_gz/install/pick_and_place_pkg/lib/python3.12/site-packages:${PYTHONPATH} /usr/bin/python3 -W ignore:setup.py install is deprecated -W ignore:easy_install command is deprecated setup.py egg_info --egg-base ../../build/pick_and_place_pkg build --build-base /home/bin1225/workspaces/ur_gz/build/pick_and_place_pkg/build install --record /home/bin1225/workspaces/ur_gz/build/pick_and_place_pkg/install.log --single-version-externally-managed install_data
[2.363s] running egg_info
[2.399s] writing ../../build/pick_and_place_pkg/pick_and_place_pkg.egg-info/PKG-INFO
[2.400s] writing dependency_links to ../../build/pick_and_place_pkg/pick_and_place_pkg.egg-info/dependency_links.txt
[2.400s] writing entry points to ../../build/pick_and_place_pkg/pick_and_place_pkg.egg-info/entry_points.txt
[2.401s] writing requirements to ../../build/pick_and_place_pkg/pick_and_place_pkg.egg-info/requires.txt
[2.401s] writing top-level names to ../../build/pick_and_place_pkg/pick_and_place_pkg.egg-info/top_level.txt
[2.477s] reading manifest file '../../build/pick_and_place_pkg/pick_and_place_pkg.egg-info/SOURCES.txt'
[2.479s] writing manifest file '../../build/pick_and_place_pkg/pick_and_place_pkg.egg-info/SOURCES.txt'
[2.480s] running build
[2.480s] running build_py
[2.480s] running install
[2.489s] running install_lib
[2.536s] running install_data
[2.537s] running install_egg_info
[2.586s] removing '/home/bin1225/workspaces/ur_gz/install/pick_and_place_pkg/lib/python3.12/site-packages/pick_and_place_pkg-0.0.1-py3.12.egg-info' (and everything under it)
[2.586s] Copying ../../build/pick_and_place_pkg/pick_and_place_pkg.egg-info to /home/bin1225/workspaces/ur_gz/install/pick_and_place_pkg/lib/python3.12/site-packages/pick_and_place_pkg-0.0.1-py3.12.egg-info
[2.589s] running install_scripts
[2.880s] Installing move_test script to /home/bin1225/workspaces/ur_gz/install/pick_and_place_pkg/lib/pick_and_place_pkg
[2.880s] Installing pick_and_place script to /home/bin1225/workspaces/ur_gz/install/pick_and_place_pkg/lib/pick_and_place_pkg
[2.882s] writing list of installed files to '/home/bin1225/workspaces/ur_gz/build/pick_and_place_pkg/install.log'
[2.967s] Invoked command in '/home/bin1225/workspaces/ur_gz/src/pick_and_place_pkg' returned '0': PYTHONPATH=/home/bin1225/workspaces/ur_gz/build/pick_and_place_pkg/prefix_override:/usr/lib/python3/dist-packages/colcon_core/task/python/colcon_distutils_commands:/home/bin1225/workspaces/ur_gz/install/pick_and_place_pkg/lib/python3.12/site-packages:${PYTHONPATH} /usr/bin/python3 -W ignore:setup.py install is deprecated -W ignore:easy_install command is deprecated setup.py egg_info --egg-base ../../build/pick_and_place_pkg build --build-base /home/bin1225/workspaces/ur_gz/build/pick_and_place_pkg/build install --record /home/bin1225/workspaces/ur_gz/build/pick_and_place_pkg/install.log --single-version-externally-managed install_data
