[1.478s] Invoking command in '/home/bin1225/workspaces/ur_gz/build/pick_and_place_pkg': PYTHONPATH=/home/bin1225/workspaces/ur_gz/build/pick_and_place_pkg/prefix_override:/usr/lib/python3/dist-packages/colcon_core/task/python/colcon_distutils_commands:/home/bin1225/workspaces/ur_gz/install/pick_and_place_pkg/lib/python3.12/site-packages:${PYTHONPATH} /usr/bin/python3 -W ignore:setup.py install is deprecated -W ignore:easy_install command is deprecated setup.py develop --uninstall --editable --build-directory /home/bin1225/workspaces/ur_gz/build/pick_and_place_pkg/build
[1.883s] running develop
[2.171s] Removing /home/bin1225/workspaces/ur_gz/install/pick_and_place_pkg/lib/python3.12/site-packages/pick-and-place-pkg.egg-link (link to .)
[2.231s] Invoked command in '/home/bin1225/workspaces/ur_gz/build/pick_and_place_pkg' returned '0': PYTHONPATH=/home/bin1225/workspaces/ur_gz/build/pick_and_place_pkg/prefix_override:/usr/lib/python3/dist-packages/colcon_core/task/python/colcon_distutils_commands:/home/bin1225/workspaces/ur_gz/install/pick_and_place_pkg/lib/python3.12/site-packages:${PYTHONPATH} /usr/bin/python3 -W ignore:setup.py install is deprecated -W ignore:easy_install command is deprecated setup.py develop --uninstall --editable --build-directory /home/bin1225/workspaces/ur_gz/build/pick_and_place_pkg/build
[2.234s] Invoking command in '/home/bin1225/workspaces/ur_gz/src/pick_and_place_pkg': PYTHONPATH=/home/bin1225/workspaces/ur_gz/build/pick_and_place_pkg/prefix_override:/usr/lib/python3/dist-packages/colcon_core/task/python/colcon_distutils_commands:/home/bin1225/workspaces/ur_gz/install/pick_and_place_pkg/lib/python3.12/site-packages:${PYTHONPATH} /usr/bin/python3 -W ignore:setup.py install is deprecated -W ignore:easy_install command is deprecated setup.py egg_info --egg-base ../../build/pick_and_place_pkg build --build-base /home/bin1225/workspaces/ur_gz/build/pick_and_place_pkg/build install --record /home/bin1225/workspaces/ur_gz/build/pick_and_place_pkg/install.log --single-version-externally-managed install_data --force
[2.607s] running egg_info
[2.635s] writing ../../build/pick_and_place_pkg/pick_and_place_pkg.egg-info/PKG-INFO
[2.635s] writing dependency_links to ../../build/pick_and_place_pkg/pick_and_place_pkg.egg-info/dependency_links.txt
[2.635s] writing entry points to ../../build/pick_and_place_pkg/pick_and_place_pkg.egg-info/entry_points.txt
[2.636s] writing requirements to ../../build/pick_and_place_pkg/pick_and_place_pkg.egg-info/requires.txt
[2.636s] writing top-level names to ../../build/pick_and_place_pkg/pick_and_place_pkg.egg-info/top_level.txt
[2.686s] reading manifest file '../../build/pick_and_place_pkg/pick_and_place_pkg.egg-info/SOURCES.txt'
[2.686s] writing manifest file '../../build/pick_and_place_pkg/pick_and_place_pkg.egg-info/SOURCES.txt'
[2.687s] running build
[2.687s] running build_py
[2.687s] creating /home/bin1225/workspaces/ur_gz/build/pick_and_place_pkg/build
[2.687s] creating /home/bin1225/workspaces/ur_gz/build/pick_and_place_pkg/build/lib
[2.688s] creating /home/bin1225/workspaces/ur_gz/build/pick_and_place_pkg/build/lib/pick_and_place_pkg
[2.688s] copying pick_and_place_pkg/move_test.py -> /home/bin1225/workspaces/ur_gz/build/pick_and_place_pkg/build/lib/pick_and_place_pkg
[2.689s] copying pick_and_place_pkg/pick_and_place.py -> /home/bin1225/workspaces/ur_gz/build/pick_and_place_pkg/build/lib/pick_and_place_pkg
[2.689s] copying pick_and_place_pkg/__init__.py -> /home/bin1225/workspaces/ur_gz/build/pick_and_place_pkg/build/lib/pick_and_place_pkg
[2.689s] running install
[2.696s] running install_lib
[2.718s] creating /home/bin1225/workspaces/ur_gz/install/pick_and_place_pkg/lib/python3.12/site-packages/pick_and_place_pkg
[2.718s] copying /home/bin1225/workspaces/ur_gz/build/pick_and_place_pkg/build/lib/pick_and_place_pkg/move_test.py -> /home/bin1225/workspaces/ur_gz/install/pick_and_place_pkg/lib/python3.12/site-packages/pick_and_place_pkg
[2.718s] copying /home/bin1225/workspaces/ur_gz/build/pick_and_place_pkg/build/lib/pick_and_place_pkg/pick_and_place.py -> /home/bin1225/workspaces/ur_gz/install/pick_and_place_pkg/lib/python3.12/site-packages/pick_and_place_pkg
[2.718s] copying /home/bin1225/workspaces/ur_gz/build/pick_and_place_pkg/build/lib/pick_and_place_pkg/__init__.py -> /home/bin1225/workspaces/ur_gz/install/pick_and_place_pkg/lib/python3.12/site-packages/pick_and_place_pkg
[2.719s] byte-compiling /home/bin1225/workspaces/ur_gz/install/pick_and_place_pkg/lib/python3.12/site-packages/pick_and_place_pkg/move_test.py to move_test.cpython-312.pyc
[2.720s] byte-compiling /home/bin1225/workspaces/ur_gz/install/pick_and_place_pkg/lib/python3.12/site-packages/pick_and_place_pkg/pick_and_place.py to pick_and_place.cpython-312.pyc
[2.721s] byte-compiling /home/bin1225/workspaces/ur_gz/install/pick_and_place_pkg/lib/python3.12/site-packages/pick_and_place_pkg/__init__.py to __init__.cpython-312.pyc
[2.722s] running install_data
[2.722s] copying package.xml -> /home/bin1225/workspaces/ur_gz/install/pick_and_place_pkg/share/pick_and_place_pkg
[2.722s] copying resource/pick_and_place_pkg -> /home/bin1225/workspaces/ur_gz/install/pick_and_place_pkg/share/ament_index/resource_index/packages
[2.723s] running install_egg_info
[2.748s] Copying ../../build/pick_and_place_pkg/pick_and_place_pkg.egg-info to /home/bin1225/workspaces/ur_gz/install/pick_and_place_pkg/lib/python3.12/site-packages/pick_and_place_pkg-0.0.1-py3.12.egg-info
[2.749s] running install_scripts
[2.905s] Installing move_test script to /home/bin1225/workspaces/ur_gz/install/pick_and_place_pkg/lib/pick_and_place_pkg
[2.905s] Installing pick_and_place script to /home/bin1225/workspaces/ur_gz/install/pick_and_place_pkg/lib/pick_and_place_pkg
[2.905s] writing list of installed files to '/home/bin1225/workspaces/ur_gz/build/pick_and_place_pkg/install.log'
[2.947s] Invoked command in '/home/bin1225/workspaces/ur_gz/src/pick_and_place_pkg' returned '0': PYTHONPATH=/home/bin1225/workspaces/ur_gz/build/pick_and_place_pkg/prefix_override:/usr/lib/python3/dist-packages/colcon_core/task/python/colcon_distutils_commands:/home/bin1225/workspaces/ur_gz/install/pick_and_place_pkg/lib/python3.12/site-packages:${PYTHONPATH} /usr/bin/python3 -W ignore:setup.py install is deprecated -W ignore:easy_install command is deprecated setup.py egg_info --egg-base ../../build/pick_and_place_pkg build --build-base /home/bin1225/workspaces/ur_gz/build/pick_and_place_pkg/build install --record /home/bin1225/workspaces/ur_gz/build/pick_and_place_pkg/install.log --single-version-externally-managed install_data --force
