[0.046s] Invoking command in '/home/bin1225/workspaces/ur_gz/build/ur_moveit_config': CMAKE_PREFIX_PATH=${CMAKE_PREFIX_PATH}:/home/bin1225/workspaces/ur_gz/install/pick_and_place_pkg:/opt/ros/jazzy /usr/bin/cmake --build /home/bin1225/workspaces/ur_gz/build/ur_moveit_config -- -j22 -l22
[0.539s] Invoked command in '/home/bin1225/workspaces/ur_gz/build/ur_moveit_config' returned '0': CMAKE_PREFIX_PATH=${CMAKE_PREFIX_PATH}:/home/bin1225/workspaces/ur_gz/install/pick_and_place_pkg:/opt/ros/jazzy /usr/bin/cmake --build /home/bin1225/workspaces/ur_gz/build/ur_moveit_config -- -j22 -l22
[0.557s] Invoking command in '/home/bin1225/workspaces/ur_gz/build/ur_moveit_config': CMAKE_PREFIX_PATH=${CMAKE_PREFIX_PATH}:/home/bin1225/workspaces/ur_gz/install/pick_and_place_pkg:/opt/ros/jazzy /usr/bin/cmake --install /home/bin1225/workspaces/ur_gz/build/ur_moveit_config
[0.567s] -- Install configuration: ""
[0.568s] -- Up-to-date: /home/bin1225/workspaces/ur_gz/install/ur_moveit_config/share/ament_index/resource_index/package_run_dependencies/ur_moveit_config
[0.569s] -- Up-to-date: /home/bin1225/workspaces/ur_gz/install/ur_moveit_config/share/ament_index/resource_index/parent_prefix_path/ur_moveit_config
[0.569s] -- Up-to-date: /home/bin1225/workspaces/ur_gz/install/ur_moveit_config/share/ur_moveit_config/environment/ament_prefix_path.sh
[0.570s] -- Up-to-date: /home/bin1225/workspaces/ur_gz/install/ur_moveit_config/share/ur_moveit_config/environment/ament_prefix_path.dsv
[0.579s] -- Up-to-date: /home/bin1225/workspaces/ur_gz/install/ur_moveit_config/share/ur_moveit_config/environment/path.sh
[0.580s] -- Up-to-date: /home/bin1225/workspaces/ur_gz/install/ur_moveit_config/share/ur_moveit_config/environment/path.dsv
[0.581s] -- Up-to-date: /home/bin1225/workspaces/ur_gz/install/ur_moveit_config/share/ur_moveit_config/local_setup.bash
[0.581s] -- Up-to-date: /home/bin1225/workspaces/ur_gz/install/ur_moveit_config/share/ur_moveit_config/local_setup.sh
[0.582s] -- Up-to-date: /home/bin1225/workspaces/ur_gz/install/ur_moveit_config/share/ur_moveit_config/local_setup.zsh
[0.582s] -- Up-to-date: /home/bin1225/workspaces/ur_gz/install/ur_moveit_config/share/ur_moveit_config/local_setup.dsv
[0.582s] -- Installing: /home/bin1225/workspaces/ur_gz/install/ur_moveit_config/share/ur_moveit_config/package.dsv
[0.582s] -- Up-to-date: /home/bin1225/workspaces/ur_gz/install/ur_moveit_config/share/ament_index/resource_index/packages/ur_moveit_config
[0.583s] -- Up-to-date: /home/bin1225/workspaces/ur_gz/install/ur_moveit_config/share/ur_moveit_config/cmake/ur_moveit_configConfig.cmake
[0.585s] -- Up-to-date: /home/bin1225/workspaces/ur_gz/install/ur_moveit_config/share/ur_moveit_config/cmake/ur_moveit_configConfig-version.cmake
[0.585s] -- Up-to-date: /home/bin1225/workspaces/ur_gz/install/ur_moveit_config/share/ur_moveit_config/package.xml
[0.585s] -- Up-to-date: /home/bin1225/workspaces/ur_gz/install/ur_moveit_config/share/ur_moveit_config/config
[0.586s] -- Up-to-date: /home/bin1225/workspaces/ur_gz/install/ur_moveit_config/share/ur_moveit_config/config/chomp_planning.yaml
[0.587s] -- Up-to-date: /home/bin1225/workspaces/ur_gz/install/ur_moveit_config/share/ur_moveit_config/config/ompl_planning.yaml
[0.587s] -- Up-to-date: /home/bin1225/workspaces/ur_gz/install/ur_moveit_config/share/ur_moveit_config/config/moveit.rviz
[0.587s] -- Up-to-date: /home/bin1225/workspaces/ur_gz/install/ur_moveit_config/share/ur_moveit_config/config/moveit_controllers.yaml
[0.587s] -- Up-to-date: /home/bin1225/workspaces/ur_gz/install/ur_moveit_config/share/ur_moveit_config/config/pilz_industrial_motion_planner_planning.yaml
[0.587s] -- Up-to-date: /home/bin1225/workspaces/ur_gz/install/ur_moveit_config/share/ur_moveit_config/config/pilz_cartesian_limits.yaml
[0.587s] -- Up-to-date: /home/bin1225/workspaces/ur_gz/install/ur_moveit_config/share/ur_moveit_config/config/kinematics.yaml
[0.587s] -- Up-to-date: /home/bin1225/workspaces/ur_gz/install/ur_moveit_config/share/ur_moveit_config/config/joint_limits.yaml
[0.587s] -- Up-to-date: /home/bin1225/workspaces/ur_gz/install/ur_moveit_config/share/ur_moveit_config/config/ur_servo.yaml
[0.588s] -- Up-to-date: /home/bin1225/workspaces/ur_gz/install/ur_moveit_config/share/ur_moveit_config/launch
[0.588s] -- Up-to-date: /home/bin1225/workspaces/ur_gz/install/ur_moveit_config/share/ur_moveit_config/launch/ur_moveit.launch.py
[0.588s] -- Up-to-date: /home/bin1225/workspaces/ur_gz/install/ur_moveit_config/share/ur_moveit_config/srdf
[0.588s] -- Up-to-date: /home/bin1225/workspaces/ur_gz/install/ur_moveit_config/share/ur_moveit_config/srdf/ur_macro.srdf.xacro
[0.589s] -- Up-to-date: /home/bin1225/workspaces/ur_gz/install/ur_moveit_config/share/ur_moveit_config/srdf/ur.srdf.xacro
[0.589s] Invoked command in '/home/bin1225/workspaces/ur_gz/build/ur_moveit_config' returned '0': CMAKE_PREFIX_PATH=${CMAKE_PREFIX_PATH}:/home/bin1225/workspaces/ur_gz/install/pick_and_place_pkg:/opt/ros/jazzy /usr/bin/cmake --install /home/bin1225/workspaces/ur_gz/build/ur_moveit_config
