[0.837s] Invoking command in '/home/bin1225/workspaces/ur_gz/src/pick_and_place_pkg': PYTHONPATH=/home/bin1225/workspaces/ur_gz/src/build/pick_and_place_pkg/prefix_override:/usr/lib/python3/dist-packages/colcon_core/task/python/colcon_distutils_commands:/home/bin1225/workspaces/ur_gz/src/install/pick_and_place_pkg/lib/python3.12/site-packages:${PYTHONPATH} /usr/bin/python3 -W ignore:setup.py install is deprecated -W ignore:easy_install command is deprecated setup.py egg_info --egg-base ../build/pick_and_place_pkg build --build-base /home/bin1225/workspaces/ur_gz/src/build/pick_and_place_pkg/build install --record /home/bin1225/workspaces/ur_gz/src/build/pick_and_place_pkg/install.log --single-version-externally-managed install_data
[1.055s] running egg_info
[1.055s] creating ../build/pick_and_place_pkg/pick_and_place_pkg.egg-info
[1.068s] writing ../build/pick_and_place_pkg/pick_and_place_pkg.egg-info/PKG-INFO
[1.069s] writing dependency_links to ../build/pick_and_place_pkg/pick_and_place_pkg.egg-info/dependency_links.txt
[1.069s] writing entry points to ../build/pick_and_place_pkg/pick_and_place_pkg.egg-info/entry_points.txt
[1.070s] writing requirements to ../build/pick_and_place_pkg/pick_and_place_pkg.egg-info/requires.txt
[1.070s] writing top-level names to ../build/pick_and_place_pkg/pick_and_place_pkg.egg-info/top_level.txt
[1.070s] writing manifest file '../build/pick_and_place_pkg/pick_and_place_pkg.egg-info/SOURCES.txt'
[1.101s] reading manifest file '../build/pick_and_place_pkg/pick_and_place_pkg.egg-info/SOURCES.txt'
[1.101s] writing manifest file '../build/pick_and_place_pkg/pick_and_place_pkg.egg-info/SOURCES.txt'
[1.101s] running build
[1.102s] running build_py
[1.102s] creating /home/bin1225/workspaces/ur_gz/src/build/pick_and_place_pkg/build
[1.102s] creating /home/bin1225/workspaces/ur_gz/src/build/pick_and_place_pkg/build/lib
[1.102s] creating /home/bin1225/workspaces/ur_gz/src/build/pick_and_place_pkg/build/lib/pick_and_place_pkg
[1.102s] copying pick_and_place_pkg/move_test.py -> /home/bin1225/workspaces/ur_gz/src/build/pick_and_place_pkg/build/lib/pick_and_place_pkg
[1.103s] copying pick_and_place_pkg/pick_and_place.py -> /home/bin1225/workspaces/ur_gz/src/build/pick_and_place_pkg/build/lib/pick_and_place_pkg
[1.103s] copying pick_and_place_pkg/__init__.py -> /home/bin1225/workspaces/ur_gz/src/build/pick_and_place_pkg/build/lib/pick_and_place_pkg
[1.104s] running install
[1.110s] running install_lib
[1.125s] creating /home/bin1225/workspaces/ur_gz/src/install/pick_and_place_pkg/lib/python3.12/site-packages/pick_and_place_pkg
[1.125s] copying /home/bin1225/workspaces/ur_gz/src/build/pick_and_place_pkg/build/lib/pick_and_place_pkg/move_test.py -> /home/bin1225/workspaces/ur_gz/src/install/pick_and_place_pkg/lib/python3.12/site-packages/pick_and_place_pkg
[1.125s] copying /home/bin1225/workspaces/ur_gz/src/build/pick_and_place_pkg/build/lib/pick_and_place_pkg/pick_and_place.py -> /home/bin1225/workspaces/ur_gz/src/install/pick_and_place_pkg/lib/python3.12/site-packages/pick_and_place_pkg
[1.125s] copying /home/bin1225/workspaces/ur_gz/src/build/pick_and_place_pkg/build/lib/pick_and_place_pkg/__init__.py -> /home/bin1225/workspaces/ur_gz/src/install/pick_and_place_pkg/lib/python3.12/site-packages/pick_and_place_pkg
[1.126s] byte-compiling /home/bin1225/workspaces/ur_gz/src/install/pick_and_place_pkg/lib/python3.12/site-packages/pick_and_place_pkg/move_test.py to move_test.cpython-312.pyc
[1.126s] byte-compiling /home/bin1225/workspaces/ur_gz/src/install/pick_and_place_pkg/lib/python3.12/site-packages/pick_and_place_pkg/pick_and_place.py to pick_and_place.cpython-312.pyc
[1.127s] byte-compiling /home/bin1225/workspaces/ur_gz/src/install/pick_and_place_pkg/lib/python3.12/site-packages/pick_and_place_pkg/__init__.py to __init__.cpython-312.pyc
[1.128s] running install_data
[1.128s] copying package.xml -> /home/bin1225/workspaces/ur_gz/src/install/pick_and_place_pkg/share/pick_and_place_pkg
[1.128s] creating /home/bin1225/workspaces/ur_gz/src/install/pick_and_place_pkg/share/ament_index
[1.128s] creating /home/bin1225/workspaces/ur_gz/src/install/pick_and_place_pkg/share/ament_index/resource_index
[1.129s] creating /home/bin1225/workspaces/ur_gz/src/install/pick_and_place_pkg/share/ament_index/resource_index/packages
[1.129s] copying resource/pick_and_place_pkg -> /home/bin1225/workspaces/ur_gz/src/install/pick_and_place_pkg/share/ament_index/resource_index/packages
[1.129s] running install_egg_info
[1.144s] Copying ../build/pick_and_place_pkg/pick_and_place_pkg.egg-info to /home/bin1225/workspaces/ur_gz/src/install/pick_and_place_pkg/lib/python3.12/site-packages/pick_and_place_pkg-0.0.1-py3.12.egg-info
[1.146s] running install_scripts
[1.248s] Installing move_test script to /home/bin1225/workspaces/ur_gz/src/install/pick_and_place_pkg/lib/pick_and_place_pkg
[1.248s] Installing pick_and_place script to /home/bin1225/workspaces/ur_gz/src/install/pick_and_place_pkg/lib/pick_and_place_pkg
[1.248s] writing list of installed files to '/home/bin1225/workspaces/ur_gz/src/build/pick_and_place_pkg/install.log'
[1.271s] Invoked command in '/home/bin1225/workspaces/ur_gz/src/pick_and_place_pkg' returned '0': PYTHONPATH=/home/bin1225/workspaces/ur_gz/src/build/pick_and_place_pkg/prefix_override:/usr/lib/python3/dist-packages/colcon_core/task/python/colcon_distutils_commands:/home/bin1225/workspaces/ur_gz/src/install/pick_and_place_pkg/lib/python3.12/site-packages:${PYTHONPATH} /usr/bin/python3 -W ignore:setup.py install is deprecated -W ignore:easy_install command is deprecated setup.py egg_info --egg-base ../build/pick_and_place_pkg build --build-base /home/bin1225/workspaces/ur_gz/src/build/pick_and_place_pkg/build install --record /home/bin1225/workspaces/ur_gz/src/build/pick_and_place_pkg/install.log --single-version-externally-managed install_data
