[0.182s] DEBUG:colcon:Command line arguments: ['/usr/bin/colcon', 'build']
[0.182s] DEBUG:colcon:Parsed command line arguments: Namespace(log_base=None, log_level=None, verb_name='build', build_base='build', install_base='install', merge_install=False, symlink_install=False, test_result_base=None, continue_on_error=False, executor='parallel', parallel_workers=22, event_handlers=None, ignore_user_meta=False, metas=['./colcon.meta'], base_paths=['.'], packages_ignore=None, packages_ignore_regex=None, paths=None, packages_up_to=None, packages_up_to_regex=None, packages_above=None, packages_above_and_dependencies=None, packages_above_depth=None, packages_select_by_dep=None, packages_skip_by_dep=None, packages_skip_up_to=None, packages_select_build_failed=False, packages_skip_build_finished=False, packages_select_test_failures=False, packages_skip_test_passed=False, packages_select=None, packages_skip=None, packages_select_regex=None, packages_skip_regex=None, packages_start=None, packages_end=None, allow_overriding=[], cmake_args=None, cmake_target=None, cmake_target_skip_unavailable=False, cmake_clean_cache=False, cmake_clean_first=False, cmake_force_configure=False, ament_cmake_args=None, catkin_cmake_args=None, catkin_skip_building_tests=False, mixin_files=None, mixin=None, verb_parser=<colcon_mixin.mixin.mixin_argument.MixinArgumentDecorator object at 0x7fd3f9c26000>, verb_extension=<colcon_core.verb.build.BuildVerb object at 0x7fd3f9c25b50>, main=<bound method BuildVerb.main of <colcon_core.verb.build.BuildVerb object at 0x7fd3f9c25b50>>, mixin_verb=('build',))
[0.210s] Level 1:colcon.colcon_core.package_discovery:discover_packages(colcon_meta) check parameters
[0.210s] Level 1:colcon.colcon_core.package_discovery:discover_packages(recursive) check parameters
[0.210s] Level 1:colcon.colcon_core.package_discovery:discover_packages(ignore) check parameters
[0.210s] Level 1:colcon.colcon_core.package_discovery:discover_packages(path) check parameters
[0.210s] Level 1:colcon.colcon_core.package_discovery:discover_packages(colcon_meta) discover
[0.210s] Level 1:colcon.colcon_core.package_discovery:discover_packages(recursive) discover
[0.210s] INFO:colcon.colcon_core.package_discovery:Crawling recursively for packages in '/home/bin1225/workspaces/ur_gz'
[0.210s] Level 1:colcon.colcon_core.package_identification:_identify(.) by extensions ['ignore', 'ignore_ament_install']
[0.210s] Level 1:colcon.colcon_core.package_identification:_identify(.) by extension 'ignore'
[0.210s] Level 1:colcon.colcon_core.package_identification:_identify(.) by extension 'ignore_ament_install'
[0.210s] Level 1:colcon.colcon_core.package_identification:_identify(.) by extensions ['colcon_pkg']
[0.210s] Level 1:colcon.colcon_core.package_identification:_identify(.) by extension 'colcon_pkg'
[0.210s] Level 1:colcon.colcon_core.package_identification:_identify(.) by extensions ['colcon_meta']
[0.211s] Level 1:colcon.colcon_core.package_identification:_identify(.) by extension 'colcon_meta'
[0.211s] Level 1:colcon.colcon_core.package_identification:_identify(.) by extensions ['ros']
[0.211s] Level 1:colcon.colcon_core.package_identification:_identify(.) by extension 'ros'
[0.231s] Level 1:colcon.colcon_core.package_identification:_identify(.) by extensions ['cmake', 'python']
[0.231s] Level 1:colcon.colcon_core.package_identification:_identify(.) by extension 'cmake'
[0.231s] Level 1:colcon.colcon_core.package_identification:_identify(.) by extension 'python'
[0.231s] Level 1:colcon.colcon_core.package_identification:_identify(.) by extensions ['python_setup_py']
[0.231s] Level 1:colcon.colcon_core.package_identification:_identify(.) by extension 'python_setup_py'
[0.231s] Level 1:colcon.colcon_core.package_identification:_identify(build) by extensions ['ignore', 'ignore_ament_install']
[0.231s] Level 1:colcon.colcon_core.package_identification:_identify(build) by extension 'ignore'
[0.231s] Level 1:colcon.colcon_core.package_identification:_identify(build) ignored
[0.231s] Level 1:colcon.colcon_core.package_identification:_identify(install) by extensions ['ignore', 'ignore_ament_install']
[0.231s] Level 1:colcon.colcon_core.package_identification:_identify(install) by extension 'ignore'
[0.231s] Level 1:colcon.colcon_core.package_identification:_identify(install) ignored
[0.232s] Level 1:colcon.colcon_core.package_identification:_identify(log) by extensions ['ignore', 'ignore_ament_install']
[0.232s] Level 1:colcon.colcon_core.package_identification:_identify(log) by extension 'ignore'
[0.232s] Level 1:colcon.colcon_core.package_identification:_identify(log) ignored
[0.232s] Level 1:colcon.colcon_core.package_identification:_identify(src) by extensions ['ignore', 'ignore_ament_install']
[0.232s] Level 1:colcon.colcon_core.package_identification:_identify(src) by extension 'ignore'
[0.232s] Level 1:colcon.colcon_core.package_identification:_identify(src) by extension 'ignore_ament_install'
[0.232s] Level 1:colcon.colcon_core.package_identification:_identify(src) by extensions ['colcon_pkg']
[0.232s] Level 1:colcon.colcon_core.package_identification:_identify(src) by extension 'colcon_pkg'
[0.232s] Level 1:colcon.colcon_core.package_identification:_identify(src) by extensions ['colcon_meta']
[0.232s] Level 1:colcon.colcon_core.package_identification:_identify(src) by extension 'colcon_meta'
[0.232s] Level 1:colcon.colcon_core.package_identification:_identify(src) by extensions ['ros']
[0.232s] Level 1:colcon.colcon_core.package_identification:_identify(src) by extension 'ros'
[0.232s] Level 1:colcon.colcon_core.package_identification:_identify(src) by extensions ['cmake', 'python']
[0.232s] Level 1:colcon.colcon_core.package_identification:_identify(src) by extension 'cmake'
[0.232s] Level 1:colcon.colcon_core.package_identification:_identify(src) by extension 'python'
[0.232s] Level 1:colcon.colcon_core.package_identification:_identify(src) by extensions ['python_setup_py']
[0.232s] Level 1:colcon.colcon_core.package_identification:_identify(src) by extension 'python_setup_py'
[0.232s] Level 1:colcon.colcon_core.package_identification:_identify(src/move_test_cpp) by extensions ['ignore', 'ignore_ament_install']
[0.232s] Level 1:colcon.colcon_core.package_identification:_identify(src/move_test_cpp) by extension 'ignore'
[0.232s] Level 1:colcon.colcon_core.package_identification:_identify(src/move_test_cpp) by extension 'ignore_ament_install'
[0.232s] Level 1:colcon.colcon_core.package_identification:_identify(src/move_test_cpp) by extensions ['colcon_pkg']
[0.232s] Level 1:colcon.colcon_core.package_identification:_identify(src/move_test_cpp) by extension 'colcon_pkg'
[0.232s] Level 1:colcon.colcon_core.package_identification:_identify(src/move_test_cpp) by extensions ['colcon_meta']
[0.232s] Level 1:colcon.colcon_core.package_identification:_identify(src/move_test_cpp) by extension 'colcon_meta'
[0.233s] Level 1:colcon.colcon_core.package_identification:_identify(src/move_test_cpp) by extensions ['ros']
[0.233s] Level 1:colcon.colcon_core.package_identification:_identify(src/move_test_cpp) by extension 'ros'
[0.234s] DEBUG:colcon.colcon_core.package_identification:Package 'src/move_test_cpp' with type 'ros.ament_cmake' and name 'move_test_cpp'
[0.235s] Level 1:colcon.colcon_core.package_identification:_identify(src/pick_and_place_pkg) by extensions ['ignore', 'ignore_ament_install']
[0.235s] Level 1:colcon.colcon_core.package_identification:_identify(src/pick_and_place_pkg) by extension 'ignore'
[0.235s] Level 1:colcon.colcon_core.package_identification:_identify(src/pick_and_place_pkg) by extension 'ignore_ament_install'
[0.235s] Level 1:colcon.colcon_core.package_identification:_identify(src/pick_and_place_pkg) by extensions ['colcon_pkg']
[0.235s] Level 1:colcon.colcon_core.package_identification:_identify(src/pick_and_place_pkg) by extension 'colcon_pkg'
[0.235s] Level 1:colcon.colcon_core.package_identification:_identify(src/pick_and_place_pkg) by extensions ['colcon_meta']
[0.235s] Level 1:colcon.colcon_core.package_identification:_identify(src/pick_and_place_pkg) by extension 'colcon_meta'
[0.235s] Level 1:colcon.colcon_core.package_identification:_identify(src/pick_and_place_pkg) by extensions ['ros']
[0.235s] Level 1:colcon.colcon_core.package_identification:_identify(src/pick_and_place_pkg) by extension 'ros'
[0.236s] DEBUG:colcon.colcon_core.package_identification:Package 'src/pick_and_place_pkg' with type 'ros.ament_python' and name 'pick_and_place_pkg'
[0.236s] Level 1:colcon.colcon_core.package_identification:_identify(src/ur_moveit_config) by extensions ['ignore', 'ignore_ament_install']
[0.236s] Level 1:colcon.colcon_core.package_identification:_identify(src/ur_moveit_config) by extension 'ignore'
[0.236s] Level 1:colcon.colcon_core.package_identification:_identify(src/ur_moveit_config) by extension 'ignore_ament_install'
[0.236s] Level 1:colcon.colcon_core.package_identification:_identify(src/ur_moveit_config) by extensions ['colcon_pkg']
[0.236s] Level 1:colcon.colcon_core.package_identification:_identify(src/ur_moveit_config) by extension 'colcon_pkg'
[0.236s] Level 1:colcon.colcon_core.package_identification:_identify(src/ur_moveit_config) by extensions ['colcon_meta']
[0.236s] Level 1:colcon.colcon_core.package_identification:_identify(src/ur_moveit_config) by extension 'colcon_meta'
[0.236s] Level 1:colcon.colcon_core.package_identification:_identify(src/ur_moveit_config) by extensions ['ros']
[0.237s] Level 1:colcon.colcon_core.package_identification:_identify(src/ur_moveit_config) by extension 'ros'
[0.237s] DEBUG:colcon.colcon_core.package_identification:Package 'src/ur_moveit_config' with type 'ros.ament_cmake' and name 'ur_moveit_config'
[0.237s] Level 1:colcon.colcon_core.package_identification:_identify(src/ur_simulation_gz) by extensions ['ignore', 'ignore_ament_install']
[0.237s] Level 1:colcon.colcon_core.package_identification:_identify(src/ur_simulation_gz) by extension 'ignore'
[0.237s] Level 1:colcon.colcon_core.package_identification:_identify(src/ur_simulation_gz) by extension 'ignore_ament_install'
[0.237s] Level 1:colcon.colcon_core.package_identification:_identify(src/ur_simulation_gz) by extensions ['colcon_pkg']
[0.237s] Level 1:colcon.colcon_core.package_identification:_identify(src/ur_simulation_gz) by extension 'colcon_pkg'
[0.238s] Level 1:colcon.colcon_core.package_identification:_identify(src/ur_simulation_gz) by extensions ['colcon_meta']
[0.238s] Level 1:colcon.colcon_core.package_identification:_identify(src/ur_simulation_gz) by extension 'colcon_meta'
[0.238s] Level 1:colcon.colcon_core.package_identification:_identify(src/ur_simulation_gz) by extensions ['ros']
[0.238s] Level 1:colcon.colcon_core.package_identification:_identify(src/ur_simulation_gz) by extension 'ros'
[0.238s] Level 1:colcon.colcon_core.package_identification:_identify(src/ur_simulation_gz) by extensions ['cmake', 'python']
[0.238s] Level 1:colcon.colcon_core.package_identification:_identify(src/ur_simulation_gz) by extension 'cmake'
[0.238s] Level 1:colcon.colcon_core.package_identification:_identify(src/ur_simulation_gz) by extension 'python'
[0.238s] Level 1:colcon.colcon_core.package_identification:_identify(src/ur_simulation_gz) by extensions ['python_setup_py']
[0.238s] Level 1:colcon.colcon_core.package_identification:_identify(src/ur_simulation_gz) by extension 'python_setup_py'
[0.238s] Level 1:colcon.colcon_core.package_identification:_identify(src/ur_simulation_gz/ur_simulation_gz) by extensions ['ignore', 'ignore_ament_install']
[0.238s] Level 1:colcon.colcon_core.package_identification:_identify(src/ur_simulation_gz/ur_simulation_gz) by extension 'ignore'
[0.238s] Level 1:colcon.colcon_core.package_identification:_identify(src/ur_simulation_gz/ur_simulation_gz) by extension 'ignore_ament_install'
[0.238s] Level 1:colcon.colcon_core.package_identification:_identify(src/ur_simulation_gz/ur_simulation_gz) by extensions ['colcon_pkg']
[0.238s] Level 1:colcon.colcon_core.package_identification:_identify(src/ur_simulation_gz/ur_simulation_gz) by extension 'colcon_pkg'
[0.238s] Level 1:colcon.colcon_core.package_identification:_identify(src/ur_simulation_gz/ur_simulation_gz) by extensions ['colcon_meta']
[0.238s] Level 1:colcon.colcon_core.package_identification:_identify(src/ur_simulation_gz/ur_simulation_gz) by extension 'colcon_meta'
[0.238s] Level 1:colcon.colcon_core.package_identification:_identify(src/ur_simulation_gz/ur_simulation_gz) by extensions ['ros']
[0.238s] Level 1:colcon.colcon_core.package_identification:_identify(src/ur_simulation_gz/ur_simulation_gz) by extension 'ros'
[0.239s] DEBUG:colcon.colcon_core.package_identification:Package 'src/ur_simulation_gz/ur_simulation_gz' with type 'ros.ament_cmake' and name 'ur_simulation_gz'
[0.239s] Level 1:colcon.colcon_core.package_identification:_identify(src/ur_simulation_gz/worlds) by extensions ['ignore', 'ignore_ament_install']
[0.239s] Level 1:colcon.colcon_core.package_identification:_identify(src/ur_simulation_gz/worlds) by extension 'ignore'
[0.239s] Level 1:colcon.colcon_core.package_identification:_identify(src/ur_simulation_gz/worlds) by extension 'ignore_ament_install'
[0.239s] Level 1:colcon.colcon_core.package_identification:_identify(src/ur_simulation_gz/worlds) by extensions ['colcon_pkg']
[0.239s] Level 1:colcon.colcon_core.package_identification:_identify(src/ur_simulation_gz/worlds) by extension 'colcon_pkg'
[0.239s] Level 1:colcon.colcon_core.package_identification:_identify(src/ur_simulation_gz/worlds) by extensions ['colcon_meta']
[0.239s] Level 1:colcon.colcon_core.package_identification:_identify(src/ur_simulation_gz/worlds) by extension 'colcon_meta'
[0.239s] Level 1:colcon.colcon_core.package_identification:_identify(src/ur_simulation_gz/worlds) by extensions ['ros']
[0.239s] Level 1:colcon.colcon_core.package_identification:_identify(src/ur_simulation_gz/worlds) by extension 'ros'
[0.240s] Level 1:colcon.colcon_core.package_identification:_identify(src/ur_simulation_gz/worlds) by extensions ['cmake', 'python']
[0.240s] Level 1:colcon.colcon_core.package_identification:_identify(src/ur_simulation_gz/worlds) by extension 'cmake'
[0.240s] Level 1:colcon.colcon_core.package_identification:_identify(src/ur_simulation_gz/worlds) by extension 'python'
[0.240s] Level 1:colcon.colcon_core.package_identification:_identify(src/ur_simulation_gz/worlds) by extensions ['python_setup_py']
[0.240s] Level 1:colcon.colcon_core.package_identification:_identify(src/ur_simulation_gz/worlds) by extension 'python_setup_py'
[0.240s] Level 1:colcon.colcon_core.package_discovery:discover_packages(recursive) using defaults
[0.240s] Level 1:colcon.colcon_core.package_discovery:discover_packages(ignore) discover
[0.240s] Level 1:colcon.colcon_core.package_discovery:discover_packages(ignore) using defaults
[0.240s] Level 1:colcon.colcon_core.package_discovery:discover_packages(path) discover
[0.240s] Level 1:colcon.colcon_core.package_discovery:discover_packages(path) using defaults
[0.257s] Level 1:colcon.colcon_core.package_discovery:discover_packages(prefix_path) check parameters
[0.257s] Level 1:colcon.colcon_core.package_discovery:discover_packages(prefix_path) discover
[0.259s] DEBUG:colcon.colcon_installed_package_information.package_discovery:Found 4 installed packages in /home/bin1225/workspaces/ur_gz/install
[0.260s] DEBUG:colcon.colcon_installed_package_information.package_discovery:Found 408 installed packages in /opt/ros/jazzy
[0.261s] Level 1:colcon.colcon_core.package_discovery:discover_packages(prefix_path) using defaults
[0.296s] Level 5:colcon.colcon_core.verb:set package 'move_test_cpp' build argument 'cmake_args' from command line to 'None'
[0.296s] Level 5:colcon.colcon_core.verb:set package 'move_test_cpp' build argument 'cmake_target' from command line to 'None'
[0.296s] Level 5:colcon.colcon_core.verb:set package 'move_test_cpp' build argument 'cmake_target_skip_unavailable' from command line to 'False'
[0.296s] Level 5:colcon.colcon_core.verb:set package 'move_test_cpp' build argument 'cmake_clean_cache' from command line to 'False'
[0.296s] Level 5:colcon.colcon_core.verb:set package 'move_test_cpp' build argument 'cmake_clean_first' from command line to 'False'
[0.296s] Level 5:colcon.colcon_core.verb:set package 'move_test_cpp' build argument 'cmake_force_configure' from command line to 'False'
[0.296s] Level 5:colcon.colcon_core.verb:set package 'move_test_cpp' build argument 'ament_cmake_args' from command line to 'None'
[0.296s] Level 5:colcon.colcon_core.verb:set package 'move_test_cpp' build argument 'catkin_cmake_args' from command line to 'None'
[0.296s] Level 5:colcon.colcon_core.verb:set package 'move_test_cpp' build argument 'catkin_skip_building_tests' from command line to 'False'
[0.296s] DEBUG:colcon.colcon_core.verb:Building package 'move_test_cpp' with the following arguments: {'ament_cmake_args': None, 'build_base': '/home/bin1225/workspaces/ur_gz/build/move_test_cpp', 'catkin_cmake_args': None, 'catkin_skip_building_tests': False, 'cmake_args': None, 'cmake_clean_cache': False, 'cmake_clean_first': False, 'cmake_force_configure': False, 'cmake_target': None, 'cmake_target_skip_unavailable': False, 'install_base': '/home/bin1225/workspaces/ur_gz/install/move_test_cpp', 'merge_install': False, 'path': '/home/bin1225/workspaces/ur_gz/src/move_test_cpp', 'symlink_install': False, 'test_result_base': None}
[0.297s] Level 5:colcon.colcon_core.verb:set package 'pick_and_place_pkg' build argument 'cmake_args' from command line to 'None'
[0.297s] Level 5:colcon.colcon_core.verb:set package 'pick_and_place_pkg' build argument 'cmake_target' from command line to 'None'
[0.297s] Level 5:colcon.colcon_core.verb:set package 'pick_and_place_pkg' build argument 'cmake_target_skip_unavailable' from command line to 'False'
[0.297s] Level 5:colcon.colcon_core.verb:set package 'pick_and_place_pkg' build argument 'cmake_clean_cache' from command line to 'False'
[0.297s] Level 5:colcon.colcon_core.verb:set package 'pick_and_place_pkg' build argument 'cmake_clean_first' from command line to 'False'
[0.297s] Level 5:colcon.colcon_core.verb:set package 'pick_and_place_pkg' build argument 'cmake_force_configure' from command line to 'False'
[0.297s] Level 5:colcon.colcon_core.verb:set package 'pick_and_place_pkg' build argument 'ament_cmake_args' from command line to 'None'
[0.297s] Level 5:colcon.colcon_core.verb:set package 'pick_and_place_pkg' build argument 'catkin_cmake_args' from command line to 'None'
[0.297s] Level 5:colcon.colcon_core.verb:set package 'pick_and_place_pkg' build argument 'catkin_skip_building_tests' from command line to 'False'
[0.297s] DEBUG:colcon.colcon_core.verb:Building package 'pick_and_place_pkg' with the following arguments: {'ament_cmake_args': None, 'build_base': '/home/bin1225/workspaces/ur_gz/build/pick_and_place_pkg', 'catkin_cmake_args': None, 'catkin_skip_building_tests': False, 'cmake_args': None, 'cmake_clean_cache': False, 'cmake_clean_first': False, 'cmake_force_configure': False, 'cmake_target': None, 'cmake_target_skip_unavailable': False, 'install_base': '/home/bin1225/workspaces/ur_gz/install/pick_and_place_pkg', 'merge_install': False, 'path': '/home/bin1225/workspaces/ur_gz/src/pick_and_place_pkg', 'symlink_install': False, 'test_result_base': None}
[0.297s] Level 5:colcon.colcon_core.verb:set package 'ur_moveit_config' build argument 'cmake_args' from command line to 'None'
[0.297s] Level 5:colcon.colcon_core.verb:set package 'ur_moveit_config' build argument 'cmake_target' from command line to 'None'
[0.297s] Level 5:colcon.colcon_core.verb:set package 'ur_moveit_config' build argument 'cmake_target_skip_unavailable' from command line to 'False'
[0.297s] Level 5:colcon.colcon_core.verb:set package 'ur_moveit_config' build argument 'cmake_clean_cache' from command line to 'False'
[0.297s] Level 5:colcon.colcon_core.verb:set package 'ur_moveit_config' build argument 'cmake_clean_first' from command line to 'False'
[0.297s] Level 5:colcon.colcon_core.verb:set package 'ur_moveit_config' build argument 'cmake_force_configure' from command line to 'False'
[0.297s] Level 5:colcon.colcon_core.verb:set package 'ur_moveit_config' build argument 'ament_cmake_args' from command line to 'None'
[0.297s] Level 5:colcon.colcon_core.verb:set package 'ur_moveit_config' build argument 'catkin_cmake_args' from command line to 'None'
[0.297s] Level 5:colcon.colcon_core.verb:set package 'ur_moveit_config' build argument 'catkin_skip_building_tests' from command line to 'False'
[0.297s] DEBUG:colcon.colcon_core.verb:Building package 'ur_moveit_config' with the following arguments: {'ament_cmake_args': None, 'build_base': '/home/bin1225/workspaces/ur_gz/build/ur_moveit_config', 'catkin_cmake_args': None, 'catkin_skip_building_tests': False, 'cmake_args': None, 'cmake_clean_cache': False, 'cmake_clean_first': False, 'cmake_force_configure': False, 'cmake_target': None, 'cmake_target_skip_unavailable': False, 'install_base': '/home/bin1225/workspaces/ur_gz/install/ur_moveit_config', 'merge_install': False, 'path': '/home/bin1225/workspaces/ur_gz/src/ur_moveit_config', 'symlink_install': False, 'test_result_base': None}
[0.297s] Level 5:colcon.colcon_core.verb:set package 'ur_simulation_gz' build argument 'cmake_args' from command line to 'None'
[0.297s] Level 5:colcon.colcon_core.verb:set package 'ur_simulation_gz' build argument 'cmake_target' from command line to 'None'
[0.297s] Level 5:colcon.colcon_core.verb:set package 'ur_simulation_gz' build argument 'cmake_target_skip_unavailable' from command line to 'False'
[0.297s] Level 5:colcon.colcon_core.verb:set package 'ur_simulation_gz' build argument 'cmake_clean_cache' from command line to 'False'
[0.297s] Level 5:colcon.colcon_core.verb:set package 'ur_simulation_gz' build argument 'cmake_clean_first' from command line to 'False'
[0.297s] Level 5:colcon.colcon_core.verb:set package 'ur_simulation_gz' build argument 'cmake_force_configure' from command line to 'False'
[0.297s] Level 5:colcon.colcon_core.verb:set package 'ur_simulation_gz' build argument 'ament_cmake_args' from command line to 'None'
[0.297s] Level 5:colcon.colcon_core.verb:set package 'ur_simulation_gz' build argument 'catkin_cmake_args' from command line to 'None'
[0.297s] Level 5:colcon.colcon_core.verb:set package 'ur_simulation_gz' build argument 'catkin_skip_building_tests' from command line to 'False'
[0.297s] DEBUG:colcon.colcon_core.verb:Building package 'ur_simulation_gz' with the following arguments: {'ament_cmake_args': None, 'build_base': '/home/bin1225/workspaces/ur_gz/build/ur_simulation_gz', 'catkin_cmake_args': None, 'catkin_skip_building_tests': False, 'cmake_args': None, 'cmake_clean_cache': False, 'cmake_clean_first': False, 'cmake_force_configure': False, 'cmake_target': None, 'cmake_target_skip_unavailable': False, 'install_base': '/home/bin1225/workspaces/ur_gz/install/ur_simulation_gz', 'merge_install': False, 'path': '/home/bin1225/workspaces/ur_gz/src/ur_simulation_gz/ur_simulation_gz', 'symlink_install': False, 'test_result_base': None}
[0.298s] INFO:colcon.colcon_core.executor:Executing jobs using 'parallel' executor
[0.299s] DEBUG:colcon.colcon_parallel_executor.executor.parallel:run_until_complete
[0.299s] INFO:colcon.colcon_ros.task.ament_cmake.build:Building ROS package in '/home/bin1225/workspaces/ur_gz/src/ur_moveit_config' with build type 'ament_cmake'
[0.299s] INFO:colcon.colcon_cmake.task.cmake.build:Building CMake package in '/home/bin1225/workspaces/ur_gz/src/ur_moveit_config'
[0.302s] INFO:colcon.colcon_core.plugin_system:Skipping extension 'colcon_core.shell.bat': Not used on non-Windows systems
[0.302s] INFO:colcon.colcon_core.shell:Skip shell extension 'powershell' for command environment: Not usable outside of PowerShell
[0.302s] DEBUG:colcon.colcon_core.shell:Skip shell extension 'dsv' for command environment
[0.305s] INFO:colcon.colcon_ros.task.ament_cmake.build:Building ROS package in '/home/bin1225/workspaces/ur_gz/src/move_test_cpp' with build type 'ament_cmake'
[0.305s] INFO:colcon.colcon_cmake.task.cmake.build:Building CMake package in '/home/bin1225/workspaces/ur_gz/src/move_test_cpp'
[0.306s] INFO:colcon.colcon_core.shell:Skip shell extension 'powershell' for command environment: Not usable outside of PowerShell
[0.307s] DEBUG:colcon.colcon_core.shell:Skip shell extension 'dsv' for command environment
[0.312s] INFO:colcon.colcon_ros.task.ament_python.build:Building ROS package in '/home/bin1225/workspaces/ur_gz/src/pick_and_place_pkg' with build type 'ament_python'
[0.312s] Level 1:colcon.colcon_core.shell:create_environment_hook('pick_and_place_pkg', 'ament_prefix_path')
[0.313s] INFO:colcon.colcon_core.shell:Creating environment hook '/home/bin1225/workspaces/ur_gz/install/pick_and_place_pkg/share/pick_and_place_pkg/hook/ament_prefix_path.ps1'
[0.313s] INFO:colcon.colcon_core.shell:Creating environment descriptor '/home/bin1225/workspaces/ur_gz/install/pick_and_place_pkg/share/pick_and_place_pkg/hook/ament_prefix_path.dsv'
[0.314s] INFO:colcon.colcon_core.shell:Creating environment hook '/home/bin1225/workspaces/ur_gz/install/pick_and_place_pkg/share/pick_and_place_pkg/hook/ament_prefix_path.sh'
[0.314s] INFO:colcon.colcon_core.shell:Skip shell extension 'powershell' for command environment: Not usable outside of PowerShell
[0.315s] DEBUG:colcon.colcon_core.shell:Skip shell extension 'dsv' for command environment
[0.327s] DEBUG:colcon.colcon_core.event_handler.log_command:Invoking command in '/home/bin1225/workspaces/ur_gz/build/ur_moveit_config': CMAKE_PREFIX_PATH=${CMAKE_PREFIX_PATH}:/home/bin1225/workspaces/ur_gz/install/pick_and_place_pkg:/opt/ros/jazzy /usr/bin/cmake --build /home/bin1225/workspaces/ur_gz/build/ur_moveit_config -- -j22 -l22
[0.329s] DEBUG:colcon.colcon_core.event_handler.log_command:Invoking command in '/home/bin1225/workspaces/ur_gz/build/move_test_cpp': CMAKE_PREFIX_PATH=${CMAKE_PREFIX_PATH}:/home/bin1225/workspaces/ur_gz/install/pick_and_place_pkg:/opt/ros/jazzy /usr/bin/cmake --build /home/bin1225/workspaces/ur_gz/build/move_test_cpp -- -j22 -l22
[0.529s] INFO:colcon.colcon_core.task.python.build:Building Python package in '/home/bin1225/workspaces/ur_gz/src/pick_and_place_pkg'
[0.529s] INFO:colcon.colcon_core.shell:Skip shell extension 'powershell' for command environment: Not usable outside of PowerShell
[0.529s] DEBUG:colcon.colcon_core.shell:Skip shell extension 'dsv' for command environment
[0.536s] DEBUG:colcon.colcon_core.event_handler.log_command:Invoked command in '/home/bin1225/workspaces/ur_gz/build/move_test_cpp' returned '0': CMAKE_PREFIX_PATH=${CMAKE_PREFIX_PATH}:/home/bin1225/workspaces/ur_gz/install/pick_and_place_pkg:/opt/ros/jazzy /usr/bin/cmake --build /home/bin1225/workspaces/ur_gz/build/move_test_cpp -- -j22 -l22
[0.545s] DEBUG:colcon.colcon_core.event_handler.log_command:Invoking command in '/home/bin1225/workspaces/ur_gz/build/move_test_cpp': CMAKE_PREFIX_PATH=${CMAKE_PREFIX_PATH}:/home/bin1225/workspaces/ur_gz/install/pick_and_place_pkg:/opt/ros/jazzy /usr/bin/cmake --install /home/bin1225/workspaces/ur_gz/build/move_test_cpp
[0.545s] DEBUG:colcon.colcon_core.event_handler.log_command:Invoked command in '/home/bin1225/workspaces/ur_gz/build/ur_moveit_config' returned '0': CMAKE_PREFIX_PATH=${CMAKE_PREFIX_PATH}:/home/bin1225/workspaces/ur_gz/install/pick_and_place_pkg:/opt/ros/jazzy /usr/bin/cmake --build /home/bin1225/workspaces/ur_gz/build/ur_moveit_config -- -j22 -l22
[0.546s] DEBUG:colcon.colcon_core.event_handler.log_command:Invoking command in '/home/bin1225/workspaces/ur_gz/build/ur_moveit_config': CMAKE_PREFIX_PATH=${CMAKE_PREFIX_PATH}:/home/bin1225/workspaces/ur_gz/install/pick_and_place_pkg:/opt/ros/jazzy /usr/bin/cmake --install /home/bin1225/workspaces/ur_gz/build/ur_moveit_config
[0.555s] Level 1:colcon.colcon_core.environment:create_environment_scripts_only(move_test_cpp)
[0.556s] DEBUG:colcon.colcon_core.event_handler.log_command:Invoked command in '/home/bin1225/workspaces/ur_gz/build/move_test_cpp' returned '0': CMAKE_PREFIX_PATH=${CMAKE_PREFIX_PATH}:/home/bin1225/workspaces/ur_gz/install/pick_and_place_pkg:/opt/ros/jazzy /usr/bin/cmake --install /home/bin1225/workspaces/ur_gz/build/move_test_cpp
[0.558s] Level 1:colcon.colcon_core.environment:checking '/home/bin1225/workspaces/ur_gz/install/move_test_cpp' for CMake module files
[0.558s] Level 1:colcon.colcon_core.environment:checking '/home/bin1225/workspaces/ur_gz/install/move_test_cpp' for CMake config files
[0.558s] Level 1:colcon.colcon_core.shell:create_environment_hook('move_test_cpp', 'cmake_prefix_path')
[0.558s] INFO:colcon.colcon_core.shell:Creating environment hook '/home/bin1225/workspaces/ur_gz/install/move_test_cpp/share/move_test_cpp/hook/cmake_prefix_path.ps1'
[0.559s] INFO:colcon.colcon_core.shell:Creating environment descriptor '/home/bin1225/workspaces/ur_gz/install/move_test_cpp/share/move_test_cpp/hook/cmake_prefix_path.dsv'
[0.560s] INFO:colcon.colcon_core.shell:Creating environment hook '/home/bin1225/workspaces/ur_gz/install/move_test_cpp/share/move_test_cpp/hook/cmake_prefix_path.sh'
[0.561s] Level 1:colcon.colcon_core.environment:checking '/home/bin1225/workspaces/ur_gz/install/move_test_cpp/lib'
[0.561s] Level 1:colcon.colcon_core.environment:checking '/home/bin1225/workspaces/ur_gz/install/move_test_cpp/bin'
[0.561s] Level 1:colcon.colcon_core.environment:checking '/home/bin1225/workspaces/ur_gz/install/move_test_cpp/lib/pkgconfig/move_test_cpp.pc'
[0.562s] Level 1:colcon.colcon_core.environment:checking '/home/bin1225/workspaces/ur_gz/install/move_test_cpp/lib/python3.12/site-packages'
[0.562s] Level 1:colcon.colcon_core.environment:checking '/home/bin1225/workspaces/ur_gz/install/move_test_cpp/bin'
[0.562s] INFO:colcon.colcon_core.shell:Creating package script '/home/bin1225/workspaces/ur_gz/install/move_test_cpp/share/move_test_cpp/package.ps1'
[0.563s] INFO:colcon.colcon_core.shell:Creating package descriptor '/home/bin1225/workspaces/ur_gz/install/move_test_cpp/share/move_test_cpp/package.dsv'
[0.563s] INFO:colcon.colcon_core.shell:Creating package script '/home/bin1225/workspaces/ur_gz/install/move_test_cpp/share/move_test_cpp/package.sh'
[0.564s] INFO:colcon.colcon_core.shell:Creating package script '/home/bin1225/workspaces/ur_gz/install/move_test_cpp/share/move_test_cpp/package.bash'
[0.565s] INFO:colcon.colcon_core.shell:Creating package script '/home/bin1225/workspaces/ur_gz/install/move_test_cpp/share/move_test_cpp/package.zsh'
[0.565s] Level 1:colcon.colcon_core.environment:create_file_with_runtime_dependencies(/home/bin1225/workspaces/ur_gz/install/move_test_cpp/share/colcon-core/packages/move_test_cpp)
[0.566s] Level 1:colcon.colcon_core.environment:create_environment_scripts_only(move_test_cpp)
[0.566s] Level 1:colcon.colcon_core.environment:checking '/home/bin1225/workspaces/ur_gz/install/move_test_cpp' for CMake module files
[0.566s] Level 1:colcon.colcon_core.environment:checking '/home/bin1225/workspaces/ur_gz/install/move_test_cpp' for CMake config files
[0.566s] Level 1:colcon.colcon_core.shell:create_environment_hook('move_test_cpp', 'cmake_prefix_path')
[0.567s] INFO:colcon.colcon_core.shell:Creating environment hook '/home/bin1225/workspaces/ur_gz/install/move_test_cpp/share/move_test_cpp/hook/cmake_prefix_path.ps1'
[0.567s] INFO:colcon.colcon_core.shell:Creating environment descriptor '/home/bin1225/workspaces/ur_gz/install/move_test_cpp/share/move_test_cpp/hook/cmake_prefix_path.dsv'
[0.567s] INFO:colcon.colcon_core.shell:Creating environment hook '/home/bin1225/workspaces/ur_gz/install/move_test_cpp/share/move_test_cpp/hook/cmake_prefix_path.sh'
[0.568s] Level 1:colcon.colcon_core.environment:checking '/home/bin1225/workspaces/ur_gz/install/move_test_cpp/lib'
[0.568s] Level 1:colcon.colcon_core.environment:checking '/home/bin1225/workspaces/ur_gz/install/move_test_cpp/bin'
[0.568s] Level 1:colcon.colcon_core.environment:checking '/home/bin1225/workspaces/ur_gz/install/move_test_cpp/lib/pkgconfig/move_test_cpp.pc'
[0.568s] Level 1:colcon.colcon_core.environment:checking '/home/bin1225/workspaces/ur_gz/install/move_test_cpp/lib/python3.12/site-packages'
[0.568s] Level 1:colcon.colcon_core.environment:checking '/home/bin1225/workspaces/ur_gz/install/move_test_cpp/bin'
[0.568s] INFO:colcon.colcon_core.shell:Creating package script '/home/bin1225/workspaces/ur_gz/install/move_test_cpp/share/move_test_cpp/package.ps1'
[0.568s] INFO:colcon.colcon_core.shell:Creating package descriptor '/home/bin1225/workspaces/ur_gz/install/move_test_cpp/share/move_test_cpp/package.dsv'
[0.569s] INFO:colcon.colcon_core.shell:Creating package script '/home/bin1225/workspaces/ur_gz/install/move_test_cpp/share/move_test_cpp/package.sh'
[0.569s] INFO:colcon.colcon_core.shell:Creating package script '/home/bin1225/workspaces/ur_gz/install/move_test_cpp/share/move_test_cpp/package.bash'
[0.569s] INFO:colcon.colcon_core.shell:Creating package script '/home/bin1225/workspaces/ur_gz/install/move_test_cpp/share/move_test_cpp/package.zsh'
[0.570s] Level 1:colcon.colcon_core.environment:create_file_with_runtime_dependencies(/home/bin1225/workspaces/ur_gz/install/move_test_cpp/share/colcon-core/packages/move_test_cpp)
[0.570s] Level 1:colcon.colcon_core.environment:create_environment_scripts_only(ur_moveit_config)
[0.571s] Level 1:colcon.colcon_core.environment:checking '/home/bin1225/workspaces/ur_gz/install/ur_moveit_config' for CMake module files
[0.571s] DEBUG:colcon.colcon_core.event_handler.log_command:Invoked command in '/home/bin1225/workspaces/ur_gz/build/ur_moveit_config' returned '0': CMAKE_PREFIX_PATH=${CMAKE_PREFIX_PATH}:/home/bin1225/workspaces/ur_gz/install/pick_and_place_pkg:/opt/ros/jazzy /usr/bin/cmake --install /home/bin1225/workspaces/ur_gz/build/ur_moveit_config
[0.572s] Level 1:colcon.colcon_core.environment:checking '/home/bin1225/workspaces/ur_gz/install/ur_moveit_config' for CMake config files
[0.572s] Level 1:colcon.colcon_core.shell:create_environment_hook('ur_moveit_config', 'cmake_prefix_path')
[0.572s] INFO:colcon.colcon_core.shell:Creating environment hook '/home/bin1225/workspaces/ur_gz/install/ur_moveit_config/share/ur_moveit_config/hook/cmake_prefix_path.ps1'
[0.572s] INFO:colcon.colcon_core.shell:Creating environment descriptor '/home/bin1225/workspaces/ur_gz/install/ur_moveit_config/share/ur_moveit_config/hook/cmake_prefix_path.dsv'
[0.573s] INFO:colcon.colcon_core.shell:Creating environment hook '/home/bin1225/workspaces/ur_gz/install/ur_moveit_config/share/ur_moveit_config/hook/cmake_prefix_path.sh'
[0.573s] Level 1:colcon.colcon_core.environment:checking '/home/bin1225/workspaces/ur_gz/install/ur_moveit_config/bin'
[0.573s] Level 1:colcon.colcon_core.environment:checking '/home/bin1225/workspaces/ur_gz/install/ur_moveit_config/lib/pkgconfig/ur_moveit_config.pc'
[0.573s] Level 1:colcon.colcon_core.environment:checking '/home/bin1225/workspaces/ur_gz/install/ur_moveit_config/lib/python3.12/site-packages'
[0.573s] Level 1:colcon.colcon_core.environment:checking '/home/bin1225/workspaces/ur_gz/install/ur_moveit_config/bin'
[0.574s] INFO:colcon.colcon_core.shell:Creating package script '/home/bin1225/workspaces/ur_gz/install/ur_moveit_config/share/ur_moveit_config/package.ps1'
[0.574s] INFO:colcon.colcon_core.shell:Creating package descriptor '/home/bin1225/workspaces/ur_gz/install/ur_moveit_config/share/ur_moveit_config/package.dsv'
[0.574s] INFO:colcon.colcon_core.shell:Creating package script '/home/bin1225/workspaces/ur_gz/install/ur_moveit_config/share/ur_moveit_config/package.sh'
[0.574s] INFO:colcon.colcon_core.shell:Creating package script '/home/bin1225/workspaces/ur_gz/install/ur_moveit_config/share/ur_moveit_config/package.bash'
[0.575s] INFO:colcon.colcon_core.shell:Creating package script '/home/bin1225/workspaces/ur_gz/install/ur_moveit_config/share/ur_moveit_config/package.zsh'
[0.575s] Level 1:colcon.colcon_core.environment:create_file_with_runtime_dependencies(/home/bin1225/workspaces/ur_gz/install/ur_moveit_config/share/colcon-core/packages/ur_moveit_config)
[0.575s] Level 1:colcon.colcon_core.environment:create_environment_scripts_only(ur_moveit_config)
[0.575s] Level 1:colcon.colcon_core.environment:checking '/home/bin1225/workspaces/ur_gz/install/ur_moveit_config' for CMake module files
[0.576s] Level 1:colcon.colcon_core.environment:checking '/home/bin1225/workspaces/ur_gz/install/ur_moveit_config' for CMake config files
[0.576s] Level 1:colcon.colcon_core.shell:create_environment_hook('ur_moveit_config', 'cmake_prefix_path')
[0.576s] INFO:colcon.colcon_core.shell:Creating environment hook '/home/bin1225/workspaces/ur_gz/install/ur_moveit_config/share/ur_moveit_config/hook/cmake_prefix_path.ps1'
[0.576s] INFO:colcon.colcon_core.shell:Creating environment descriptor '/home/bin1225/workspaces/ur_gz/install/ur_moveit_config/share/ur_moveit_config/hook/cmake_prefix_path.dsv'
[0.577s] INFO:colcon.colcon_core.shell:Creating environment hook '/home/bin1225/workspaces/ur_gz/install/ur_moveit_config/share/ur_moveit_config/hook/cmake_prefix_path.sh'
[0.577s] Level 1:colcon.colcon_core.environment:checking '/home/bin1225/workspaces/ur_gz/install/ur_moveit_config/bin'
[0.577s] Level 1:colcon.colcon_core.environment:checking '/home/bin1225/workspaces/ur_gz/install/ur_moveit_config/lib/pkgconfig/ur_moveit_config.pc'
[0.577s] Level 1:colcon.colcon_core.environment:checking '/home/bin1225/workspaces/ur_gz/install/ur_moveit_config/lib/python3.12/site-packages'
[0.578s] Level 1:colcon.colcon_core.environment:checking '/home/bin1225/workspaces/ur_gz/install/ur_moveit_config/bin'
[0.578s] INFO:colcon.colcon_core.shell:Creating package script '/home/bin1225/workspaces/ur_gz/install/ur_moveit_config/share/ur_moveit_config/package.ps1'
[0.578s] INFO:colcon.colcon_core.shell:Creating package descriptor '/home/bin1225/workspaces/ur_gz/install/ur_moveit_config/share/ur_moveit_config/package.dsv'
[0.578s] INFO:colcon.colcon_core.shell:Creating package script '/home/bin1225/workspaces/ur_gz/install/ur_moveit_config/share/ur_moveit_config/package.sh'
[0.579s] INFO:colcon.colcon_core.shell:Creating package script '/home/bin1225/workspaces/ur_gz/install/ur_moveit_config/share/ur_moveit_config/package.bash'
[0.579s] INFO:colcon.colcon_core.shell:Creating package script '/home/bin1225/workspaces/ur_gz/install/ur_moveit_config/share/ur_moveit_config/package.zsh'
[0.580s] Level 1:colcon.colcon_core.environment:create_file_with_runtime_dependencies(/home/bin1225/workspaces/ur_gz/install/ur_moveit_config/share/colcon-core/packages/ur_moveit_config)
[0.580s] INFO:colcon.colcon_ros.task.ament_cmake.build:Building ROS package in '/home/bin1225/workspaces/ur_gz/src/ur_simulation_gz/ur_simulation_gz' with build type 'ament_cmake'
[0.581s] INFO:colcon.colcon_cmake.task.cmake.build:Building CMake package in '/home/bin1225/workspaces/ur_gz/src/ur_simulation_gz/ur_simulation_gz'
[0.581s] INFO:colcon.colcon_core.shell:Skip shell extension 'powershell' for command environment: Not usable outside of PowerShell
[0.581s] DEBUG:colcon.colcon_core.shell:Skip shell extension 'dsv' for command environment
[0.646s] DEBUG:colcon.colcon_core.event_handler.log_command:Invoking command in '/home/bin1225/workspaces/ur_gz/build/ur_simulation_gz': CMAKE_PREFIX_PATH=/home/bin1225/workspaces/ur_gz/install/ur_moveit_config:/home/bin1225/workspaces/ur_gz/install/ur_simulation_gz:/home/bin1225/workspaces/ur_gz/install/move_test_cpp:/opt/ros/jazzy/opt/gz_sim_vendor:/opt/ros/jazzy/opt/gz_sensors_vendor:/opt/ros/jazzy/opt/gz_physics_vendor:/opt/ros/jazzy/opt/sdformat_vendor:/opt/ros/jazzy/opt/gz_gui_vendor:/opt/ros/jazzy/opt/gz_transport_vendor:/opt/ros/jazzy/opt/gz_rendering_vendor:/opt/ros/jazzy/opt/gz_plugin_vendor:/opt/ros/jazzy/opt/gz_fuel_tools_vendor:/opt/ros/jazzy/opt/gz_msgs_vendor:/opt/ros/jazzy/opt/gz_common_vendor:/opt/ros/jazzy/opt/gz_math_vendor:/opt/ros/jazzy/opt/gz_utils_vendor:/opt/ros/jazzy/opt/gz_tools_vendor:/opt/ros/jazzy/opt/gz_ogre_next_vendor:/opt/ros/jazzy/opt/gz_dartsim_vendor:/opt/ros/jazzy/opt/gz_cmake_vendor:/home/bin1225/workspaces/ur_gz/install/pick_and_place_pkg:/opt/ros/jazzy /usr/bin/cmake --build /home/bin1225/workspaces/ur_gz/build/ur_simulation_gz -- -j22 -l22
[0.670s] DEBUG:colcon.colcon_core.event_handler.log_command:Invoked command in '/home/bin1225/workspaces/ur_gz/build/ur_simulation_gz' returned '0': CMAKE_PREFIX_PATH=/home/bin1225/workspaces/ur_gz/install/ur_moveit_config:/home/bin1225/workspaces/ur_gz/install/ur_simulation_gz:/home/bin1225/workspaces/ur_gz/install/move_test_cpp:/opt/ros/jazzy/opt/gz_sim_vendor:/opt/ros/jazzy/opt/gz_sensors_vendor:/opt/ros/jazzy/opt/gz_physics_vendor:/opt/ros/jazzy/opt/sdformat_vendor:/opt/ros/jazzy/opt/gz_gui_vendor:/opt/ros/jazzy/opt/gz_transport_vendor:/opt/ros/jazzy/opt/gz_rendering_vendor:/opt/ros/jazzy/opt/gz_plugin_vendor:/opt/ros/jazzy/opt/gz_fuel_tools_vendor:/opt/ros/jazzy/opt/gz_msgs_vendor:/opt/ros/jazzy/opt/gz_common_vendor:/opt/ros/jazzy/opt/gz_math_vendor:/opt/ros/jazzy/opt/gz_utils_vendor:/opt/ros/jazzy/opt/gz_tools_vendor:/opt/ros/jazzy/opt/gz_ogre_next_vendor:/opt/ros/jazzy/opt/gz_dartsim_vendor:/opt/ros/jazzy/opt/gz_cmake_vendor:/home/bin1225/workspaces/ur_gz/install/pick_and_place_pkg:/opt/ros/jazzy /usr/bin/cmake --build /home/bin1225/workspaces/ur_gz/build/ur_simulation_gz -- -j22 -l22
[0.671s] DEBUG:colcon.colcon_core.event_handler.log_command:Invoking command in '/home/bin1225/workspaces/ur_gz/build/ur_simulation_gz': CMAKE_PREFIX_PATH=/home/bin1225/workspaces/ur_gz/install/ur_moveit_config:/home/bin1225/workspaces/ur_gz/install/ur_simulation_gz:/home/bin1225/workspaces/ur_gz/install/move_test_cpp:/opt/ros/jazzy/opt/gz_sim_vendor:/opt/ros/jazzy/opt/gz_sensors_vendor:/opt/ros/jazzy/opt/gz_physics_vendor:/opt/ros/jazzy/opt/sdformat_vendor:/opt/ros/jazzy/opt/gz_gui_vendor:/opt/ros/jazzy/opt/gz_transport_vendor:/opt/ros/jazzy/opt/gz_rendering_vendor:/opt/ros/jazzy/opt/gz_plugin_vendor:/opt/ros/jazzy/opt/gz_fuel_tools_vendor:/opt/ros/jazzy/opt/gz_msgs_vendor:/opt/ros/jazzy/opt/gz_common_vendor:/opt/ros/jazzy/opt/gz_math_vendor:/opt/ros/jazzy/opt/gz_utils_vendor:/opt/ros/jazzy/opt/gz_tools_vendor:/opt/ros/jazzy/opt/gz_ogre_next_vendor:/opt/ros/jazzy/opt/gz_dartsim_vendor:/opt/ros/jazzy/opt/gz_cmake_vendor:/home/bin1225/workspaces/ur_gz/install/pick_and_place_pkg:/opt/ros/jazzy /usr/bin/cmake --install /home/bin1225/workspaces/ur_gz/build/ur_simulation_gz
[0.679s] Level 1:colcon.colcon_core.environment:create_environment_scripts_only(ur_simulation_gz)
[0.679s] Level 1:colcon.colcon_core.environment:checking '/home/bin1225/workspaces/ur_gz/install/ur_simulation_gz' for CMake module files
[0.681s] DEBUG:colcon.colcon_core.event_handler.log_command:Invoked command in '/home/bin1225/workspaces/ur_gz/build/ur_simulation_gz' returned '0': CMAKE_PREFIX_PATH=/home/bin1225/workspaces/ur_gz/install/ur_moveit_config:/home/bin1225/workspaces/ur_gz/install/ur_simulation_gz:/home/bin1225/workspaces/ur_gz/install/move_test_cpp:/opt/ros/jazzy/opt/gz_sim_vendor:/opt/ros/jazzy/opt/gz_sensors_vendor:/opt/ros/jazzy/opt/gz_physics_vendor:/opt/ros/jazzy/opt/sdformat_vendor:/opt/ros/jazzy/opt/gz_gui_vendor:/opt/ros/jazzy/opt/gz_transport_vendor:/opt/ros/jazzy/opt/gz_rendering_vendor:/opt/ros/jazzy/opt/gz_plugin_vendor:/opt/ros/jazzy/opt/gz_fuel_tools_vendor:/opt/ros/jazzy/opt/gz_msgs_vendor:/opt/ros/jazzy/opt/gz_common_vendor:/opt/ros/jazzy/opt/gz_math_vendor:/opt/ros/jazzy/opt/gz_utils_vendor:/opt/ros/jazzy/opt/gz_tools_vendor:/opt/ros/jazzy/opt/gz_ogre_next_vendor:/opt/ros/jazzy/opt/gz_dartsim_vendor:/opt/ros/jazzy/opt/gz_cmake_vendor:/home/bin1225/workspaces/ur_gz/install/pick_and_place_pkg:/opt/ros/jazzy /usr/bin/cmake --install /home/bin1225/workspaces/ur_gz/build/ur_simulation_gz
[0.682s] Level 1:colcon.colcon_core.environment:checking '/home/bin1225/workspaces/ur_gz/install/ur_simulation_gz' for CMake config files
[0.682s] Level 1:colcon.colcon_core.shell:create_environment_hook('ur_simulation_gz', 'cmake_prefix_path')
[0.682s] INFO:colcon.colcon_core.shell:Creating environment hook '/home/bin1225/workspaces/ur_gz/install/ur_simulation_gz/share/ur_simulation_gz/hook/cmake_prefix_path.ps1'
[0.683s] INFO:colcon.colcon_core.shell:Creating environment descriptor '/home/bin1225/workspaces/ur_gz/install/ur_simulation_gz/share/ur_simulation_gz/hook/cmake_prefix_path.dsv'
[0.683s] INFO:colcon.colcon_core.shell:Creating environment hook '/home/bin1225/workspaces/ur_gz/install/ur_simulation_gz/share/ur_simulation_gz/hook/cmake_prefix_path.sh'
[0.684s] Level 1:colcon.colcon_core.environment:checking '/home/bin1225/workspaces/ur_gz/install/ur_simulation_gz/bin'
[0.684s] Level 1:colcon.colcon_core.environment:checking '/home/bin1225/workspaces/ur_gz/install/ur_simulation_gz/lib/pkgconfig/ur_simulation_gz.pc'
[0.684s] Level 1:colcon.colcon_core.environment:checking '/home/bin1225/workspaces/ur_gz/install/ur_simulation_gz/lib/python3.12/site-packages'
[0.684s] Level 1:colcon.colcon_core.environment:checking '/home/bin1225/workspaces/ur_gz/install/ur_simulation_gz/bin'
[0.684s] INFO:colcon.colcon_core.shell:Creating package script '/home/bin1225/workspaces/ur_gz/install/ur_simulation_gz/share/ur_simulation_gz/package.ps1'
[0.684s] INFO:colcon.colcon_core.shell:Creating package descriptor '/home/bin1225/workspaces/ur_gz/install/ur_simulation_gz/share/ur_simulation_gz/package.dsv'
[0.685s] INFO:colcon.colcon_core.shell:Creating package script '/home/bin1225/workspaces/ur_gz/install/ur_simulation_gz/share/ur_simulation_gz/package.sh'
[0.685s] INFO:colcon.colcon_core.shell:Creating package script '/home/bin1225/workspaces/ur_gz/install/ur_simulation_gz/share/ur_simulation_gz/package.bash'
[0.685s] INFO:colcon.colcon_core.shell:Creating package script '/home/bin1225/workspaces/ur_gz/install/ur_simulation_gz/share/ur_simulation_gz/package.zsh'
[0.685s] Level 1:colcon.colcon_core.environment:create_file_with_runtime_dependencies(/home/bin1225/workspaces/ur_gz/install/ur_simulation_gz/share/colcon-core/packages/ur_simulation_gz)
[0.686s] Level 1:colcon.colcon_core.environment:create_environment_scripts_only(ur_simulation_gz)
[0.686s] Level 1:colcon.colcon_core.environment:checking '/home/bin1225/workspaces/ur_gz/install/ur_simulation_gz' for CMake module files
[0.686s] Level 1:colcon.colcon_core.environment:checking '/home/bin1225/workspaces/ur_gz/install/ur_simulation_gz' for CMake config files
[0.686s] Level 1:colcon.colcon_core.shell:create_environment_hook('ur_simulation_gz', 'cmake_prefix_path')
[0.686s] INFO:colcon.colcon_core.shell:Creating environment hook '/home/bin1225/workspaces/ur_gz/install/ur_simulation_gz/share/ur_simulation_gz/hook/cmake_prefix_path.ps1'
[0.687s] INFO:colcon.colcon_core.shell:Creating environment descriptor '/home/bin1225/workspaces/ur_gz/install/ur_simulation_gz/share/ur_simulation_gz/hook/cmake_prefix_path.dsv'
[0.687s] INFO:colcon.colcon_core.shell:Creating environment hook '/home/bin1225/workspaces/ur_gz/install/ur_simulation_gz/share/ur_simulation_gz/hook/cmake_prefix_path.sh'
[0.687s] Level 1:colcon.colcon_core.environment:checking '/home/bin1225/workspaces/ur_gz/install/ur_simulation_gz/bin'
[0.687s] Level 1:colcon.colcon_core.environment:checking '/home/bin1225/workspaces/ur_gz/install/ur_simulation_gz/lib/pkgconfig/ur_simulation_gz.pc'
[0.687s] Level 1:colcon.colcon_core.environment:checking '/home/bin1225/workspaces/ur_gz/install/ur_simulation_gz/lib/python3.12/site-packages'
[0.687s] Level 1:colcon.colcon_core.environment:checking '/home/bin1225/workspaces/ur_gz/install/ur_simulation_gz/bin'
[0.688s] INFO:colcon.colcon_core.shell:Creating package script '/home/bin1225/workspaces/ur_gz/install/ur_simulation_gz/share/ur_simulation_gz/package.ps1'
[0.688s] INFO:colcon.colcon_core.shell:Creating package descriptor '/home/bin1225/workspaces/ur_gz/install/ur_simulation_gz/share/ur_simulation_gz/package.dsv'
[0.688s] INFO:colcon.colcon_core.shell:Creating package script '/home/bin1225/workspaces/ur_gz/install/ur_simulation_gz/share/ur_simulation_gz/package.sh'
[0.688s] INFO:colcon.colcon_core.shell:Creating package script '/home/bin1225/workspaces/ur_gz/install/ur_simulation_gz/share/ur_simulation_gz/package.bash'
[0.689s] INFO:colcon.colcon_core.shell:Creating package script '/home/bin1225/workspaces/ur_gz/install/ur_simulation_gz/share/ur_simulation_gz/package.zsh'
[0.689s] Level 1:colcon.colcon_core.environment:create_file_with_runtime_dependencies(/home/bin1225/workspaces/ur_gz/install/ur_simulation_gz/share/colcon-core/packages/ur_simulation_gz)
[1.018s] DEBUG:colcon.colcon_core.event_handler.log_command:Invoking command in '/home/bin1225/workspaces/ur_gz/src/pick_and_place_pkg': PYTHONPATH=/home/bin1225/workspaces/ur_gz/build/pick_and_place_pkg/prefix_override:/usr/lib/python3/dist-packages/colcon_core/task/python/colcon_distutils_commands:/home/bin1225/workspaces/ur_gz/install/pick_and_place_pkg/lib/python3.12/site-packages:${PYTHONPATH} /usr/bin/python3 -W ignore:setup.py install is deprecated -W ignore:easy_install command is deprecated setup.py egg_info --egg-base ../../build/pick_and_place_pkg build --build-base /home/bin1225/workspaces/ur_gz/build/pick_and_place_pkg/build install --record /home/bin1225/workspaces/ur_gz/build/pick_and_place_pkg/install.log --single-version-externally-managed install_data
[1.445s] Level 1:colcon.colcon_core.environment:checking '/home/bin1225/workspaces/ur_gz/install/pick_and_place_pkg' for CMake module files
[1.446s] DEBUG:colcon.colcon_core.event_handler.log_command:Invoked command in '/home/bin1225/workspaces/ur_gz/src/pick_and_place_pkg' returned '0': PYTHONPATH=/home/bin1225/workspaces/ur_gz/build/pick_and_place_pkg/prefix_override:/usr/lib/python3/dist-packages/colcon_core/task/python/colcon_distutils_commands:/home/bin1225/workspaces/ur_gz/install/pick_and_place_pkg/lib/python3.12/site-packages:${PYTHONPATH} /usr/bin/python3 -W ignore:setup.py install is deprecated -W ignore:easy_install command is deprecated setup.py egg_info --egg-base ../../build/pick_and_place_pkg build --build-base /home/bin1225/workspaces/ur_gz/build/pick_and_place_pkg/build install --record /home/bin1225/workspaces/ur_gz/build/pick_and_place_pkg/install.log --single-version-externally-managed install_data
[1.447s] Level 1:colcon.colcon_core.environment:checking '/home/bin1225/workspaces/ur_gz/install/pick_and_place_pkg' for CMake config files
[1.447s] Level 1:colcon.colcon_core.environment:checking '/home/bin1225/workspaces/ur_gz/install/pick_and_place_pkg/lib'
[1.447s] Level 1:colcon.colcon_core.environment:checking '/home/bin1225/workspaces/ur_gz/install/pick_and_place_pkg/bin'
[1.447s] Level 1:colcon.colcon_core.environment:checking '/home/bin1225/workspaces/ur_gz/install/pick_and_place_pkg/lib/pkgconfig/pick_and_place_pkg.pc'
[1.447s] Level 1:colcon.colcon_core.environment:checking '/home/bin1225/workspaces/ur_gz/install/pick_and_place_pkg/lib/python3.12/site-packages'
[1.448s] Level 1:colcon.colcon_core.shell:create_environment_hook('pick_and_place_pkg', 'pythonpath')
[1.448s] INFO:colcon.colcon_core.shell:Creating environment hook '/home/bin1225/workspaces/ur_gz/install/pick_and_place_pkg/share/pick_and_place_pkg/hook/pythonpath.ps1'
[1.448s] INFO:colcon.colcon_core.shell:Creating environment descriptor '/home/bin1225/workspaces/ur_gz/install/pick_and_place_pkg/share/pick_and_place_pkg/hook/pythonpath.dsv'
[1.448s] INFO:colcon.colcon_core.shell:Creating environment hook '/home/bin1225/workspaces/ur_gz/install/pick_and_place_pkg/share/pick_and_place_pkg/hook/pythonpath.sh'
[1.449s] Level 1:colcon.colcon_core.environment:checking '/home/bin1225/workspaces/ur_gz/install/pick_and_place_pkg/bin'
[1.449s] Level 1:colcon.colcon_core.environment:create_environment_scripts_only(pick_and_place_pkg)
[1.449s] INFO:colcon.colcon_core.shell:Creating package script '/home/bin1225/workspaces/ur_gz/install/pick_and_place_pkg/share/pick_and_place_pkg/package.ps1'
[1.449s] INFO:colcon.colcon_core.shell:Creating package descriptor '/home/bin1225/workspaces/ur_gz/install/pick_and_place_pkg/share/pick_and_place_pkg/package.dsv'
[1.449s] INFO:colcon.colcon_core.shell:Creating package script '/home/bin1225/workspaces/ur_gz/install/pick_and_place_pkg/share/pick_and_place_pkg/package.sh'
[1.450s] INFO:colcon.colcon_core.shell:Creating package script '/home/bin1225/workspaces/ur_gz/install/pick_and_place_pkg/share/pick_and_place_pkg/package.bash'
[1.450s] INFO:colcon.colcon_core.shell:Creating package script '/home/bin1225/workspaces/ur_gz/install/pick_and_place_pkg/share/pick_and_place_pkg/package.zsh'
[1.450s] Level 1:colcon.colcon_core.environment:create_file_with_runtime_dependencies(/home/bin1225/workspaces/ur_gz/install/pick_and_place_pkg/share/colcon-core/packages/pick_and_place_pkg)
[1.450s] DEBUG:colcon.colcon_parallel_executor.executor.parallel:closing loop
[1.450s] DEBUG:colcon.colcon_parallel_executor.executor.parallel:loop closed
[1.450s] DEBUG:colcon.colcon_parallel_executor.executor.parallel:run_until_complete finished with '0'
[1.450s] DEBUG:colcon.colcon_core.event_reactor:joining thread
[1.545s] INFO:colcon.colcon_core.plugin_system:Skipping extension 'colcon_notification.desktop_notification.notify_send': Could not find 'notify-send'
[1.546s] INFO:colcon.colcon_core.plugin_system:Skipping extension 'colcon_notification.desktop_notification.terminal_notifier': Not used on non-Darwin systems
[1.546s] INFO:colcon.colcon_core.plugin_system:Skipping extension 'colcon_notification.desktop_notification.win32': Not used on non-Windows systems
[1.546s] INFO:colcon.colcon_notification.desktop_notification:Sending desktop notification using 'notify2'
[1.549s] DEBUG:colcon.colcon_notification.desktop_notification.notify2:Failed to initialize notify2: org.freedesktop.DBus.Error.ServiceUnknown: The name org.freedesktop.Notifications was not provided by any .service files
[1.549s] DEBUG:colcon.colcon_core.event_reactor:joined thread
[1.550s] INFO:colcon.colcon_core.shell:Creating prefix script '/home/bin1225/workspaces/ur_gz/install/local_setup.ps1'
[1.551s] INFO:colcon.colcon_core.shell:Creating prefix util module '/home/bin1225/workspaces/ur_gz/install/_local_setup_util_ps1.py'
[1.551s] INFO:colcon.colcon_core.shell:Creating prefix chain script '/home/bin1225/workspaces/ur_gz/install/setup.ps1'
[1.552s] INFO:colcon.colcon_core.shell:Creating prefix script '/home/bin1225/workspaces/ur_gz/install/local_setup.sh'
[1.553s] INFO:colcon.colcon_core.shell:Creating prefix util module '/home/bin1225/workspaces/ur_gz/install/_local_setup_util_sh.py'
[1.553s] INFO:colcon.colcon_core.shell:Creating prefix chain script '/home/bin1225/workspaces/ur_gz/install/setup.sh'
[1.554s] INFO:colcon.colcon_core.shell:Creating prefix script '/home/bin1225/workspaces/ur_gz/install/local_setup.bash'
[1.554s] INFO:colcon.colcon_core.shell:Creating prefix chain script '/home/bin1225/workspaces/ur_gz/install/setup.bash'
[1.555s] INFO:colcon.colcon_core.shell:Creating prefix script '/home/bin1225/workspaces/ur_gz/install/local_setup.zsh'
[1.555s] INFO:colcon.colcon_core.shell:Creating prefix chain script '/home/bin1225/workspaces/ur_gz/install/setup.zsh'
