[0.118s] DEBUG:colcon:Command line arguments: ['/usr/bin/colcon', 'build']
[0.118s] DEBUG:colcon:Parsed command line arguments: Namespace(log_base=None, log_level=None, verb_name='build', build_base='build', install_base='install', merge_install=False, symlink_install=False, test_result_base=None, continue_on_error=False, executor='parallel', parallel_workers=22, event_handlers=None, ignore_user_meta=False, metas=['./colcon.meta'], base_paths=['.'], packages_ignore=None, packages_ignore_regex=None, paths=None, packages_up_to=None, packages_up_to_regex=None, packages_above=None, packages_above_and_dependencies=None, packages_above_depth=None, packages_select_by_dep=None, packages_skip_by_dep=None, packages_skip_up_to=None, packages_select_build_failed=False, packages_skip_build_finished=False, packages_select_test_failures=False, packages_skip_test_passed=False, packages_select=None, packages_skip=None, packages_select_regex=None, packages_skip_regex=None, packages_start=None, packages_end=None, allow_overriding=[], cmake_args=None, cmake_target=None, cmake_target_skip_unavailable=False, cmake_clean_cache=False, cmake_clean_first=False, cmake_force_configure=False, ament_cmake_args=None, catkin_cmake_args=None, catkin_skip_building_tests=False, mixin_files=None, mixin=None, verb_parser=<colcon_mixin.mixin.mixin_argument.MixinArgumentDecorator object at 0x7f3df1591d30>, verb_extension=<colcon_core.verb.build.BuildVerb object at 0x7f3df15918e0>, main=<bound method BuildVerb.main of <colcon_core.verb.build.BuildVerb object at 0x7f3df15918e0>>, mixin_verb=('build',))
[0.146s] Level 1:colcon.colcon_core.package_discovery:discover_packages(colcon_meta) check parameters
[0.146s] Level 1:colcon.colcon_core.package_discovery:discover_packages(recursive) check parameters
[0.146s] Level 1:colcon.colcon_core.package_discovery:discover_packages(ignore) check parameters
[0.146s] Level 1:colcon.colcon_core.package_discovery:discover_packages(path) check parameters
[0.146s] Level 1:colcon.colcon_core.package_discovery:discover_packages(colcon_meta) discover
[0.146s] Level 1:colcon.colcon_core.package_discovery:discover_packages(recursive) discover
[0.146s] INFO:colcon.colcon_core.package_discovery:Crawling recursively for packages in '/home/bin1225/workspaces/ur_gz'
[0.146s] Level 1:colcon.colcon_core.package_identification:_identify(.) by extensions ['ignore', 'ignore_ament_install']
[0.146s] Level 1:colcon.colcon_core.package_identification:_identify(.) by extension 'ignore'
[0.147s] Level 1:colcon.colcon_core.package_identification:_identify(.) by extension 'ignore_ament_install'
[0.147s] Level 1:colcon.colcon_core.package_identification:_identify(.) by extensions ['colcon_pkg']
[0.147s] Level 1:colcon.colcon_core.package_identification:_identify(.) by extension 'colcon_pkg'
[0.147s] Level 1:colcon.colcon_core.package_identification:_identify(.) by extensions ['colcon_meta']
[0.147s] Level 1:colcon.colcon_core.package_identification:_identify(.) by extension 'colcon_meta'
[0.147s] Level 1:colcon.colcon_core.package_identification:_identify(.) by extensions ['ros']
[0.147s] Level 1:colcon.colcon_core.package_identification:_identify(.) by extension 'ros'
[0.167s] Level 1:colcon.colcon_core.package_identification:_identify(.) by extensions ['cmake', 'python']
[0.167s] Level 1:colcon.colcon_core.package_identification:_identify(.) by extension 'cmake'
[0.167s] Level 1:colcon.colcon_core.package_identification:_identify(.) by extension 'python'
[0.167s] Level 1:colcon.colcon_core.package_identification:_identify(.) by extensions ['python_setup_py']
[0.167s] Level 1:colcon.colcon_core.package_identification:_identify(.) by extension 'python_setup_py'
[0.167s] Level 1:colcon.colcon_core.package_identification:_identify(build) by extensions ['ignore', 'ignore_ament_install']
[0.167s] Level 1:colcon.colcon_core.package_identification:_identify(build) by extension 'ignore'
[0.167s] Level 1:colcon.colcon_core.package_identification:_identify(build) ignored
[0.167s] Level 1:colcon.colcon_core.package_identification:_identify(install) by extensions ['ignore', 'ignore_ament_install']
[0.167s] Level 1:colcon.colcon_core.package_identification:_identify(install) by extension 'ignore'
[0.167s] Level 1:colcon.colcon_core.package_identification:_identify(install) ignored
[0.167s] Level 1:colcon.colcon_core.package_identification:_identify(log) by extensions ['ignore', 'ignore_ament_install']
[0.168s] Level 1:colcon.colcon_core.package_identification:_identify(log) by extension 'ignore'
[0.168s] Level 1:colcon.colcon_core.package_identification:_identify(log) ignored
[0.168s] Level 1:colcon.colcon_core.package_identification:_identify(src) by extensions ['ignore', 'ignore_ament_install']
[0.168s] Level 1:colcon.colcon_core.package_identification:_identify(src) by extension 'ignore'
[0.168s] Level 1:colcon.colcon_core.package_identification:_identify(src) by extension 'ignore_ament_install'
[0.168s] Level 1:colcon.colcon_core.package_identification:_identify(src) by extensions ['colcon_pkg']
[0.168s] Level 1:colcon.colcon_core.package_identification:_identify(src) by extension 'colcon_pkg'
[0.168s] Level 1:colcon.colcon_core.package_identification:_identify(src) by extensions ['colcon_meta']
[0.168s] Level 1:colcon.colcon_core.package_identification:_identify(src) by extension 'colcon_meta'
[0.168s] Level 1:colcon.colcon_core.package_identification:_identify(src) by extensions ['ros']
[0.168s] Level 1:colcon.colcon_core.package_identification:_identify(src) by extension 'ros'
[0.168s] Level 1:colcon.colcon_core.package_identification:_identify(src) by extensions ['cmake', 'python']
[0.168s] Level 1:colcon.colcon_core.package_identification:_identify(src) by extension 'cmake'
[0.168s] Level 1:colcon.colcon_core.package_identification:_identify(src) by extension 'python'
[0.168s] Level 1:colcon.colcon_core.package_identification:_identify(src) by extensions ['python_setup_py']
[0.168s] Level 1:colcon.colcon_core.package_identification:_identify(src) by extension 'python_setup_py'
[0.168s] Level 1:colcon.colcon_core.package_identification:_identify(src/move_test_cpp) by extensions ['ignore', 'ignore_ament_install']
[0.168s] Level 1:colcon.colcon_core.package_identification:_identify(src/move_test_cpp) by extension 'ignore'
[0.168s] Level 1:colcon.colcon_core.package_identification:_identify(src/move_test_cpp) by extension 'ignore_ament_install'
[0.168s] Level 1:colcon.colcon_core.package_identification:_identify(src/move_test_cpp) by extensions ['colcon_pkg']
[0.168s] Level 1:colcon.colcon_core.package_identification:_identify(src/move_test_cpp) by extension 'colcon_pkg'
[0.168s] Level 1:colcon.colcon_core.package_identification:_identify(src/move_test_cpp) by extensions ['colcon_meta']
[0.168s] Level 1:colcon.colcon_core.package_identification:_identify(src/move_test_cpp) by extension 'colcon_meta'
[0.168s] Level 1:colcon.colcon_core.package_identification:_identify(src/move_test_cpp) by extensions ['ros']
[0.168s] Level 1:colcon.colcon_core.package_identification:_identify(src/move_test_cpp) by extension 'ros'
[0.170s] DEBUG:colcon.colcon_core.package_identification:Package 'src/move_test_cpp' with type 'ros.ament_cmake' and name 'move_test_cpp'
[0.170s] Level 1:colcon.colcon_core.package_identification:_identify(src/pick_and_place_pkg) by extensions ['ignore', 'ignore_ament_install']
[0.170s] Level 1:colcon.colcon_core.package_identification:_identify(src/pick_and_place_pkg) by extension 'ignore'
[0.170s] Level 1:colcon.colcon_core.package_identification:_identify(src/pick_and_place_pkg) by extension 'ignore_ament_install'
[0.170s] Level 1:colcon.colcon_core.package_identification:_identify(src/pick_and_place_pkg) by extensions ['colcon_pkg']
[0.170s] Level 1:colcon.colcon_core.package_identification:_identify(src/pick_and_place_pkg) by extension 'colcon_pkg'
[0.170s] Level 1:colcon.colcon_core.package_identification:_identify(src/pick_and_place_pkg) by extensions ['colcon_meta']
[0.170s] Level 1:colcon.colcon_core.package_identification:_identify(src/pick_and_place_pkg) by extension 'colcon_meta'
[0.170s] Level 1:colcon.colcon_core.package_identification:_identify(src/pick_and_place_pkg) by extensions ['ros']
[0.170s] Level 1:colcon.colcon_core.package_identification:_identify(src/pick_and_place_pkg) by extension 'ros'
[0.171s] DEBUG:colcon.colcon_core.package_identification:Package 'src/pick_and_place_pkg' with type 'ros.ament_python' and name 'pick_and_place_pkg'
[0.171s] Level 1:colcon.colcon_core.package_identification:_identify(src/ur_moveit_config) by extensions ['ignore', 'ignore_ament_install']
[0.171s] Level 1:colcon.colcon_core.package_identification:_identify(src/ur_moveit_config) by extension 'ignore'
[0.171s] Level 1:colcon.colcon_core.package_identification:_identify(src/ur_moveit_config) by extension 'ignore_ament_install'
[0.171s] Level 1:colcon.colcon_core.package_identification:_identify(src/ur_moveit_config) by extensions ['colcon_pkg']
[0.171s] Level 1:colcon.colcon_core.package_identification:_identify(src/ur_moveit_config) by extension 'colcon_pkg'
[0.171s] Level 1:colcon.colcon_core.package_identification:_identify(src/ur_moveit_config) by extensions ['colcon_meta']
[0.171s] Level 1:colcon.colcon_core.package_identification:_identify(src/ur_moveit_config) by extension 'colcon_meta'
[0.171s] Level 1:colcon.colcon_core.package_identification:_identify(src/ur_moveit_config) by extensions ['ros']
[0.171s] Level 1:colcon.colcon_core.package_identification:_identify(src/ur_moveit_config) by extension 'ros'
[0.172s] DEBUG:colcon.colcon_core.package_identification:Package 'src/ur_moveit_config' with type 'ros.ament_cmake' and name 'ur_moveit_config'
[0.172s] Level 1:colcon.colcon_core.package_identification:_identify(src/ur_simulation_gz) by extensions ['ignore', 'ignore_ament_install']
[0.172s] Level 1:colcon.colcon_core.package_identification:_identify(src/ur_simulation_gz) by extension 'ignore'
[0.172s] Level 1:colcon.colcon_core.package_identification:_identify(src/ur_simulation_gz) by extension 'ignore_ament_install'
[0.172s] Level 1:colcon.colcon_core.package_identification:_identify(src/ur_simulation_gz) by extensions ['colcon_pkg']
[0.172s] Level 1:colcon.colcon_core.package_identification:_identify(src/ur_simulation_gz) by extension 'colcon_pkg'
[0.172s] Level 1:colcon.colcon_core.package_identification:_identify(src/ur_simulation_gz) by extensions ['colcon_meta']
[0.172s] Level 1:colcon.colcon_core.package_identification:_identify(src/ur_simulation_gz) by extension 'colcon_meta'
[0.172s] Level 1:colcon.colcon_core.package_identification:_identify(src/ur_simulation_gz) by extensions ['ros']
[0.172s] Level 1:colcon.colcon_core.package_identification:_identify(src/ur_simulation_gz) by extension 'ros'
[0.172s] Level 1:colcon.colcon_core.package_identification:_identify(src/ur_simulation_gz) by extensions ['cmake', 'python']
[0.172s] Level 1:colcon.colcon_core.package_identification:_identify(src/ur_simulation_gz) by extension 'cmake'
[0.172s] Level 1:colcon.colcon_core.package_identification:_identify(src/ur_simulation_gz) by extension 'python'
[0.172s] Level 1:colcon.colcon_core.package_identification:_identify(src/ur_simulation_gz) by extensions ['python_setup_py']
[0.172s] Level 1:colcon.colcon_core.package_identification:_identify(src/ur_simulation_gz) by extension 'python_setup_py'
[0.172s] Level 1:colcon.colcon_core.package_identification:_identify(src/ur_simulation_gz/ur_simulation_gz) by extensions ['ignore', 'ignore_ament_install']
[0.172s] Level 1:colcon.colcon_core.package_identification:_identify(src/ur_simulation_gz/ur_simulation_gz) by extension 'ignore'
[0.172s] Level 1:colcon.colcon_core.package_identification:_identify(src/ur_simulation_gz/ur_simulation_gz) by extension 'ignore_ament_install'
[0.172s] Level 1:colcon.colcon_core.package_identification:_identify(src/ur_simulation_gz/ur_simulation_gz) by extensions ['colcon_pkg']
[0.172s] Level 1:colcon.colcon_core.package_identification:_identify(src/ur_simulation_gz/ur_simulation_gz) by extension 'colcon_pkg'
[0.172s] Level 1:colcon.colcon_core.package_identification:_identify(src/ur_simulation_gz/ur_simulation_gz) by extensions ['colcon_meta']
[0.172s] Level 1:colcon.colcon_core.package_identification:_identify(src/ur_simulation_gz/ur_simulation_gz) by extension 'colcon_meta'
[0.172s] Level 1:colcon.colcon_core.package_identification:_identify(src/ur_simulation_gz/ur_simulation_gz) by extensions ['ros']
[0.172s] Level 1:colcon.colcon_core.package_identification:_identify(src/ur_simulation_gz/ur_simulation_gz) by extension 'ros'
[0.173s] DEBUG:colcon.colcon_core.package_identification:Package 'src/ur_simulation_gz/ur_simulation_gz' with type 'ros.ament_cmake' and name 'ur_simulation_gz'
[0.173s] Level 1:colcon.colcon_core.package_discovery:discover_packages(recursive) using defaults
[0.173s] Level 1:colcon.colcon_core.package_discovery:discover_packages(ignore) discover
[0.173s] Level 1:colcon.colcon_core.package_discovery:discover_packages(ignore) using defaults
[0.173s] Level 1:colcon.colcon_core.package_discovery:discover_packages(path) discover
[0.173s] Level 1:colcon.colcon_core.package_discovery:discover_packages(path) using defaults
[0.186s] Level 1:colcon.colcon_core.package_discovery:discover_packages(prefix_path) check parameters
[0.186s] Level 1:colcon.colcon_core.package_discovery:discover_packages(prefix_path) discover
[0.186s] WARNING:colcon.colcon_core.prefix_path.colcon:The path '/home/bin1225/workspaces/ur_gz/src/install' in the environment variable COLCON_PREFIX_PATH doesn't exist
[0.186s] WARNING:colcon.colcon_ros.prefix_path.ament:The path '/home/bin1225/workspaces/ur_gz/src/install/ur_simulation_gz' in the environment variable AMENT_PREFIX_PATH doesn't exist
[0.187s] WARNING:colcon.colcon_ros.prefix_path.ament:The path '/home/bin1225/workspaces/ur_gz/src/install/ur_moveit_config' in the environment variable AMENT_PREFIX_PATH doesn't exist
[0.187s] WARNING:colcon.colcon_ros.prefix_path.ament:The path '/home/bin1225/workspaces/ur_gz/src/install/pick_and_place_pkg' in the environment variable AMENT_PREFIX_PATH doesn't exist
[0.187s] WARNING:colcon.colcon_ros.prefix_path.ament:The path '/home/bin1225/workspaces/ur_gz/src/install/move_test_cpp' in the environment variable AMENT_PREFIX_PATH doesn't exist
[0.187s] WARNING:colcon.colcon_ros.prefix_path.catkin:The path '/home/bin1225/workspaces/ur_gz/src/install/ur_simulation_gz' in the environment variable CMAKE_PREFIX_PATH doesn't exist
[0.187s] WARNING:colcon.colcon_ros.prefix_path.catkin:The path '/home/bin1225/workspaces/ur_gz/src/install/ur_moveit_config' in the environment variable CMAKE_PREFIX_PATH doesn't exist
[0.187s] WARNING:colcon.colcon_ros.prefix_path.catkin:The path '/home/bin1225/workspaces/ur_gz/src/install/move_test_cpp' in the environment variable CMAKE_PREFIX_PATH doesn't exist
[0.188s] DEBUG:colcon.colcon_installed_package_information.package_discovery:Found 4 installed packages in /home/bin1225/workspaces/ur_gz/install
[0.189s] DEBUG:colcon.colcon_installed_package_information.package_discovery:Found 408 installed packages in /opt/ros/jazzy
[0.190s] Level 1:colcon.colcon_core.package_discovery:discover_packages(prefix_path) using defaults
[0.222s] Level 5:colcon.colcon_core.verb:set package 'move_test_cpp' build argument 'cmake_args' from command line to 'None'
[0.222s] Level 5:colcon.colcon_core.verb:set package 'move_test_cpp' build argument 'cmake_target' from command line to 'None'
[0.222s] Level 5:colcon.colcon_core.verb:set package 'move_test_cpp' build argument 'cmake_target_skip_unavailable' from command line to 'False'
[0.222s] Level 5:colcon.colcon_core.verb:set package 'move_test_cpp' build argument 'cmake_clean_cache' from command line to 'False'
[0.222s] Level 5:colcon.colcon_core.verb:set package 'move_test_cpp' build argument 'cmake_clean_first' from command line to 'False'
[0.222s] Level 5:colcon.colcon_core.verb:set package 'move_test_cpp' build argument 'cmake_force_configure' from command line to 'False'
[0.222s] Level 5:colcon.colcon_core.verb:set package 'move_test_cpp' build argument 'ament_cmake_args' from command line to 'None'
[0.222s] Level 5:colcon.colcon_core.verb:set package 'move_test_cpp' build argument 'catkin_cmake_args' from command line to 'None'
[0.222s] Level 5:colcon.colcon_core.verb:set package 'move_test_cpp' build argument 'catkin_skip_building_tests' from command line to 'False'
[0.222s] DEBUG:colcon.colcon_core.verb:Building package 'move_test_cpp' with the following arguments: {'ament_cmake_args': None, 'build_base': '/home/bin1225/workspaces/ur_gz/build/move_test_cpp', 'catkin_cmake_args': None, 'catkin_skip_building_tests': False, 'cmake_args': None, 'cmake_clean_cache': False, 'cmake_clean_first': False, 'cmake_force_configure': False, 'cmake_target': None, 'cmake_target_skip_unavailable': False, 'install_base': '/home/bin1225/workspaces/ur_gz/install/move_test_cpp', 'merge_install': False, 'path': '/home/bin1225/workspaces/ur_gz/src/move_test_cpp', 'symlink_install': False, 'test_result_base': None}
[0.223s] Level 5:colcon.colcon_core.verb:set package 'pick_and_place_pkg' build argument 'cmake_args' from command line to 'None'
[0.223s] Level 5:colcon.colcon_core.verb:set package 'pick_and_place_pkg' build argument 'cmake_target' from command line to 'None'
[0.223s] Level 5:colcon.colcon_core.verb:set package 'pick_and_place_pkg' build argument 'cmake_target_skip_unavailable' from command line to 'False'
[0.223s] Level 5:colcon.colcon_core.verb:set package 'pick_and_place_pkg' build argument 'cmake_clean_cache' from command line to 'False'
[0.223s] Level 5:colcon.colcon_core.verb:set package 'pick_and_place_pkg' build argument 'cmake_clean_first' from command line to 'False'
[0.223s] Level 5:colcon.colcon_core.verb:set package 'pick_and_place_pkg' build argument 'cmake_force_configure' from command line to 'False'
[0.223s] Level 5:colcon.colcon_core.verb:set package 'pick_and_place_pkg' build argument 'ament_cmake_args' from command line to 'None'
[0.223s] Level 5:colcon.colcon_core.verb:set package 'pick_and_place_pkg' build argument 'catkin_cmake_args' from command line to 'None'
[0.223s] Level 5:colcon.colcon_core.verb:set package 'pick_and_place_pkg' build argument 'catkin_skip_building_tests' from command line to 'False'
[0.223s] DEBUG:colcon.colcon_core.verb:Building package 'pick_and_place_pkg' with the following arguments: {'ament_cmake_args': None, 'build_base': '/home/bin1225/workspaces/ur_gz/build/pick_and_place_pkg', 'catkin_cmake_args': None, 'catkin_skip_building_tests': False, 'cmake_args': None, 'cmake_clean_cache': False, 'cmake_clean_first': False, 'cmake_force_configure': False, 'cmake_target': None, 'cmake_target_skip_unavailable': False, 'install_base': '/home/bin1225/workspaces/ur_gz/install/pick_and_place_pkg', 'merge_install': False, 'path': '/home/bin1225/workspaces/ur_gz/src/pick_and_place_pkg', 'symlink_install': False, 'test_result_base': None}
[0.223s] Level 5:colcon.colcon_core.verb:set package 'ur_moveit_config' build argument 'cmake_args' from command line to 'None'
[0.223s] Level 5:colcon.colcon_core.verb:set package 'ur_moveit_config' build argument 'cmake_target' from command line to 'None'
[0.223s] Level 5:colcon.colcon_core.verb:set package 'ur_moveit_config' build argument 'cmake_target_skip_unavailable' from command line to 'False'
[0.223s] Level 5:colcon.colcon_core.verb:set package 'ur_moveit_config' build argument 'cmake_clean_cache' from command line to 'False'
[0.223s] Level 5:colcon.colcon_core.verb:set package 'ur_moveit_config' build argument 'cmake_clean_first' from command line to 'False'
[0.223s] Level 5:colcon.colcon_core.verb:set package 'ur_moveit_config' build argument 'cmake_force_configure' from command line to 'False'
[0.223s] Level 5:colcon.colcon_core.verb:set package 'ur_moveit_config' build argument 'ament_cmake_args' from command line to 'None'
[0.223s] Level 5:colcon.colcon_core.verb:set package 'ur_moveit_config' build argument 'catkin_cmake_args' from command line to 'None'
[0.223s] Level 5:colcon.colcon_core.verb:set package 'ur_moveit_config' build argument 'catkin_skip_building_tests' from command line to 'False'
[0.223s] DEBUG:colcon.colcon_core.verb:Building package 'ur_moveit_config' with the following arguments: {'ament_cmake_args': None, 'build_base': '/home/bin1225/workspaces/ur_gz/build/ur_moveit_config', 'catkin_cmake_args': None, 'catkin_skip_building_tests': False, 'cmake_args': None, 'cmake_clean_cache': False, 'cmake_clean_first': False, 'cmake_force_configure': False, 'cmake_target': None, 'cmake_target_skip_unavailable': False, 'install_base': '/home/bin1225/workspaces/ur_gz/install/ur_moveit_config', 'merge_install': False, 'path': '/home/bin1225/workspaces/ur_gz/src/ur_moveit_config', 'symlink_install': False, 'test_result_base': None}
[0.223s] Level 5:colcon.colcon_core.verb:set package 'ur_simulation_gz' build argument 'cmake_args' from command line to 'None'
[0.223s] Level 5:colcon.colcon_core.verb:set package 'ur_simulation_gz' build argument 'cmake_target' from command line to 'None'
[0.223s] Level 5:colcon.colcon_core.verb:set package 'ur_simulation_gz' build argument 'cmake_target_skip_unavailable' from command line to 'False'
[0.223s] Level 5:colcon.colcon_core.verb:set package 'ur_simulation_gz' build argument 'cmake_clean_cache' from command line to 'False'
[0.223s] Level 5:colcon.colcon_core.verb:set package 'ur_simulation_gz' build argument 'cmake_clean_first' from command line to 'False'
[0.223s] Level 5:colcon.colcon_core.verb:set package 'ur_simulation_gz' build argument 'cmake_force_configure' from command line to 'False'
[0.223s] Level 5:colcon.colcon_core.verb:set package 'ur_simulation_gz' build argument 'ament_cmake_args' from command line to 'None'
[0.223s] Level 5:colcon.colcon_core.verb:set package 'ur_simulation_gz' build argument 'catkin_cmake_args' from command line to 'None'
[0.223s] Level 5:colcon.colcon_core.verb:set package 'ur_simulation_gz' build argument 'catkin_skip_building_tests' from command line to 'False'
[0.223s] DEBUG:colcon.colcon_core.verb:Building package 'ur_simulation_gz' with the following arguments: {'ament_cmake_args': None, 'build_base': '/home/bin1225/workspaces/ur_gz/build/ur_simulation_gz', 'catkin_cmake_args': None, 'catkin_skip_building_tests': False, 'cmake_args': None, 'cmake_clean_cache': False, 'cmake_clean_first': False, 'cmake_force_configure': False, 'cmake_target': None, 'cmake_target_skip_unavailable': False, 'install_base': '/home/bin1225/workspaces/ur_gz/install/ur_simulation_gz', 'merge_install': False, 'path': '/home/bin1225/workspaces/ur_gz/src/ur_simulation_gz/ur_simulation_gz', 'symlink_install': False, 'test_result_base': None}
[0.223s] INFO:colcon.colcon_core.executor:Executing jobs using 'parallel' executor
[0.224s] DEBUG:colcon.colcon_parallel_executor.executor.parallel:run_until_complete
[0.225s] INFO:colcon.colcon_ros.task.ament_cmake.build:Building ROS package in '/home/bin1225/workspaces/ur_gz/src/ur_moveit_config' with build type 'ament_cmake'
[0.225s] INFO:colcon.colcon_cmake.task.cmake.build:Building CMake package in '/home/bin1225/workspaces/ur_gz/src/ur_moveit_config'
[0.226s] INFO:colcon.colcon_core.plugin_system:Skipping extension 'colcon_core.shell.bat': Not used on non-Windows systems
[0.226s] INFO:colcon.colcon_core.shell:Skip shell extension 'powershell' for command environment: Not usable outside of PowerShell
[0.226s] DEBUG:colcon.colcon_core.shell:Skip shell extension 'dsv' for command environment
[0.228s] INFO:colcon.colcon_ros.task.ament_cmake.build:Building ROS package in '/home/bin1225/workspaces/ur_gz/src/move_test_cpp' with build type 'ament_cmake'
[0.229s] INFO:colcon.colcon_cmake.task.cmake.build:Building CMake package in '/home/bin1225/workspaces/ur_gz/src/move_test_cpp'
[0.229s] INFO:colcon.colcon_core.shell:Skip shell extension 'powershell' for command environment: Not usable outside of PowerShell
[0.229s] DEBUG:colcon.colcon_core.shell:Skip shell extension 'dsv' for command environment
[0.231s] INFO:colcon.colcon_ros.task.ament_python.build:Building ROS package in '/home/bin1225/workspaces/ur_gz/src/pick_and_place_pkg' with build type 'ament_python'
[0.232s] Level 1:colcon.colcon_core.shell:create_environment_hook('pick_and_place_pkg', 'ament_prefix_path')
[0.232s] INFO:colcon.colcon_core.shell:Creating environment hook '/home/bin1225/workspaces/ur_gz/install/pick_and_place_pkg/share/pick_and_place_pkg/hook/ament_prefix_path.ps1'
[0.233s] INFO:colcon.colcon_core.shell:Creating environment descriptor '/home/bin1225/workspaces/ur_gz/install/pick_and_place_pkg/share/pick_and_place_pkg/hook/ament_prefix_path.dsv'
[0.233s] INFO:colcon.colcon_core.shell:Creating environment hook '/home/bin1225/workspaces/ur_gz/install/pick_and_place_pkg/share/pick_and_place_pkg/hook/ament_prefix_path.sh'
[0.233s] INFO:colcon.colcon_core.shell:Skip shell extension 'powershell' for command environment: Not usable outside of PowerShell
[0.233s] DEBUG:colcon.colcon_core.shell:Skip shell extension 'dsv' for command environment
[0.239s] DEBUG:colcon.colcon_core.event_handler.log_command:Invoking command in '/home/bin1225/workspaces/ur_gz/build/ur_moveit_config': CMAKE_PREFIX_PATH=${CMAKE_PREFIX_PATH}:/home/bin1225/workspaces/ur_gz/src/install/pick_and_place_pkg:/home/bin1225/workspaces/ur_gz/install/pick_and_place_pkg:/opt/ros/jazzy /usr/bin/cmake --build /home/bin1225/workspaces/ur_gz/build/ur_moveit_config -- -j22 -l22
[0.244s] DEBUG:colcon.colcon_core.event_handler.log_command:Invoking command in '/home/bin1225/workspaces/ur_gz/build/move_test_cpp': CMAKE_PREFIX_PATH=${CMAKE_PREFIX_PATH}:/home/bin1225/workspaces/ur_gz/src/install/pick_and_place_pkg:/home/bin1225/workspaces/ur_gz/install/pick_and_place_pkg:/opt/ros/jazzy /usr/bin/cmake --build /home/bin1225/workspaces/ur_gz/build/move_test_cpp -- -j22 -l22
[0.392s] INFO:colcon.colcon_core.task.python.build:Building Python package in '/home/bin1225/workspaces/ur_gz/src/pick_and_place_pkg'
[0.392s] INFO:colcon.colcon_core.shell:Skip shell extension 'powershell' for command environment: Not usable outside of PowerShell
[0.392s] DEBUG:colcon.colcon_core.shell:Skip shell extension 'dsv' for command environment
[0.397s] DEBUG:colcon.colcon_core.event_handler.log_command:Invoked command in '/home/bin1225/workspaces/ur_gz/build/ur_moveit_config' returned '0': CMAKE_PREFIX_PATH=${CMAKE_PREFIX_PATH}:/home/bin1225/workspaces/ur_gz/src/install/pick_and_place_pkg:/home/bin1225/workspaces/ur_gz/install/pick_and_place_pkg:/opt/ros/jazzy /usr/bin/cmake --build /home/bin1225/workspaces/ur_gz/build/ur_moveit_config -- -j22 -l22
[0.405s] DEBUG:colcon.colcon_core.event_handler.log_command:Invoking command in '/home/bin1225/workspaces/ur_gz/build/ur_moveit_config': CMAKE_PREFIX_PATH=${CMAKE_PREFIX_PATH}:/home/bin1225/workspaces/ur_gz/src/install/pick_and_place_pkg:/home/bin1225/workspaces/ur_gz/install/pick_and_place_pkg:/opt/ros/jazzy /usr/bin/cmake --install /home/bin1225/workspaces/ur_gz/build/ur_moveit_config
[0.412s] Level 1:colcon.colcon_core.environment:create_environment_scripts_only(ur_moveit_config)
[0.413s] DEBUG:colcon.colcon_core.event_handler.log_command:Invoked command in '/home/bin1225/workspaces/ur_gz/build/ur_moveit_config' returned '0': CMAKE_PREFIX_PATH=${CMAKE_PREFIX_PATH}:/home/bin1225/workspaces/ur_gz/src/install/pick_and_place_pkg:/home/bin1225/workspaces/ur_gz/install/pick_and_place_pkg:/opt/ros/jazzy /usr/bin/cmake --install /home/bin1225/workspaces/ur_gz/build/ur_moveit_config
[0.416s] Level 1:colcon.colcon_core.environment:checking '/home/bin1225/workspaces/ur_gz/install/ur_moveit_config' for CMake module files
[0.417s] Level 1:colcon.colcon_core.environment:checking '/home/bin1225/workspaces/ur_gz/install/ur_moveit_config' for CMake config files
[0.417s] Level 1:colcon.colcon_core.shell:create_environment_hook('ur_moveit_config', 'cmake_prefix_path')
[0.417s] INFO:colcon.colcon_core.shell:Creating environment hook '/home/bin1225/workspaces/ur_gz/install/ur_moveit_config/share/ur_moveit_config/hook/cmake_prefix_path.ps1'
[0.417s] INFO:colcon.colcon_core.shell:Creating environment descriptor '/home/bin1225/workspaces/ur_gz/install/ur_moveit_config/share/ur_moveit_config/hook/cmake_prefix_path.dsv'
[0.418s] INFO:colcon.colcon_core.shell:Creating environment hook '/home/bin1225/workspaces/ur_gz/install/ur_moveit_config/share/ur_moveit_config/hook/cmake_prefix_path.sh'
[0.418s] Level 1:colcon.colcon_core.environment:checking '/home/bin1225/workspaces/ur_gz/install/ur_moveit_config/bin'
[0.418s] Level 1:colcon.colcon_core.environment:checking '/home/bin1225/workspaces/ur_gz/install/ur_moveit_config/lib/pkgconfig/ur_moveit_config.pc'
[0.418s] Level 1:colcon.colcon_core.environment:checking '/home/bin1225/workspaces/ur_gz/install/ur_moveit_config/lib/python3.12/site-packages'
[0.419s] Level 1:colcon.colcon_core.environment:checking '/home/bin1225/workspaces/ur_gz/install/ur_moveit_config/bin'
[0.419s] INFO:colcon.colcon_core.shell:Creating package script '/home/bin1225/workspaces/ur_gz/install/ur_moveit_config/share/ur_moveit_config/package.ps1'
[0.419s] INFO:colcon.colcon_core.shell:Creating package descriptor '/home/bin1225/workspaces/ur_gz/install/ur_moveit_config/share/ur_moveit_config/package.dsv'
[0.419s] INFO:colcon.colcon_core.shell:Creating package script '/home/bin1225/workspaces/ur_gz/install/ur_moveit_config/share/ur_moveit_config/package.sh'
[0.420s] INFO:colcon.colcon_core.shell:Creating package script '/home/bin1225/workspaces/ur_gz/install/ur_moveit_config/share/ur_moveit_config/package.bash'
[0.420s] INFO:colcon.colcon_core.shell:Creating package script '/home/bin1225/workspaces/ur_gz/install/ur_moveit_config/share/ur_moveit_config/package.zsh'
[0.421s] Level 1:colcon.colcon_core.environment:create_file_with_runtime_dependencies(/home/bin1225/workspaces/ur_gz/install/ur_moveit_config/share/colcon-core/packages/ur_moveit_config)
[0.421s] Level 1:colcon.colcon_core.environment:create_environment_scripts_only(ur_moveit_config)
[0.421s] Level 1:colcon.colcon_core.environment:checking '/home/bin1225/workspaces/ur_gz/install/ur_moveit_config' for CMake module files
[0.421s] Level 1:colcon.colcon_core.environment:checking '/home/bin1225/workspaces/ur_gz/install/ur_moveit_config' for CMake config files
[0.421s] Level 1:colcon.colcon_core.shell:create_environment_hook('ur_moveit_config', 'cmake_prefix_path')
[0.421s] INFO:colcon.colcon_core.shell:Creating environment hook '/home/bin1225/workspaces/ur_gz/install/ur_moveit_config/share/ur_moveit_config/hook/cmake_prefix_path.ps1'
[0.422s] INFO:colcon.colcon_core.shell:Creating environment descriptor '/home/bin1225/workspaces/ur_gz/install/ur_moveit_config/share/ur_moveit_config/hook/cmake_prefix_path.dsv'
[0.422s] INFO:colcon.colcon_core.shell:Creating environment hook '/home/bin1225/workspaces/ur_gz/install/ur_moveit_config/share/ur_moveit_config/hook/cmake_prefix_path.sh'
[0.422s] Level 1:colcon.colcon_core.environment:checking '/home/bin1225/workspaces/ur_gz/install/ur_moveit_config/bin'
[0.423s] Level 1:colcon.colcon_core.environment:checking '/home/bin1225/workspaces/ur_gz/install/ur_moveit_config/lib/pkgconfig/ur_moveit_config.pc'
[0.423s] Level 1:colcon.colcon_core.environment:checking '/home/bin1225/workspaces/ur_gz/install/ur_moveit_config/lib/python3.12/site-packages'
[0.423s] Level 1:colcon.colcon_core.environment:checking '/home/bin1225/workspaces/ur_gz/install/ur_moveit_config/bin'
[0.423s] INFO:colcon.colcon_core.shell:Creating package script '/home/bin1225/workspaces/ur_gz/install/ur_moveit_config/share/ur_moveit_config/package.ps1'
[0.423s] INFO:colcon.colcon_core.shell:Creating package descriptor '/home/bin1225/workspaces/ur_gz/install/ur_moveit_config/share/ur_moveit_config/package.dsv'
[0.424s] INFO:colcon.colcon_core.shell:Creating package script '/home/bin1225/workspaces/ur_gz/install/ur_moveit_config/share/ur_moveit_config/package.sh'
[0.424s] INFO:colcon.colcon_core.shell:Creating package script '/home/bin1225/workspaces/ur_gz/install/ur_moveit_config/share/ur_moveit_config/package.bash'
[0.424s] INFO:colcon.colcon_core.shell:Creating package script '/home/bin1225/workspaces/ur_gz/install/ur_moveit_config/share/ur_moveit_config/package.zsh'
[0.424s] Level 1:colcon.colcon_core.environment:create_file_with_runtime_dependencies(/home/bin1225/workspaces/ur_gz/install/ur_moveit_config/share/colcon-core/packages/ur_moveit_config)
[0.425s] INFO:colcon.colcon_ros.task.ament_cmake.build:Building ROS package in '/home/bin1225/workspaces/ur_gz/src/ur_simulation_gz/ur_simulation_gz' with build type 'ament_cmake'
[0.425s] INFO:colcon.colcon_cmake.task.cmake.build:Building CMake package in '/home/bin1225/workspaces/ur_gz/src/ur_simulation_gz/ur_simulation_gz'
[0.425s] INFO:colcon.colcon_core.shell:Skip shell extension 'powershell' for command environment: Not usable outside of PowerShell
[0.426s] DEBUG:colcon.colcon_core.shell:Skip shell extension 'dsv' for command environment
[0.466s] DEBUG:colcon.colcon_core.event_handler.log_command:Invoking command in '/home/bin1225/workspaces/ur_gz/build/ur_simulation_gz': CMAKE_PREFIX_PATH=/home/bin1225/workspaces/ur_gz/install/ur_moveit_config:/home/bin1225/workspaces/ur_gz/src/install/ur_simulation_gz:/home/bin1225/workspaces/ur_gz/src/install/ur_moveit_config:/home/bin1225/workspaces/ur_gz/src/install/move_test_cpp:/home/bin1225/workspaces/ur_gz/install/ur_simulation_gz:/home/bin1225/workspaces/ur_gz/install/move_test_cpp:/opt/ros/jazzy/opt/gz_sim_vendor:/opt/ros/jazzy/opt/gz_sensors_vendor:/opt/ros/jazzy/opt/gz_physics_vendor:/opt/ros/jazzy/opt/sdformat_vendor:/opt/ros/jazzy/opt/gz_gui_vendor:/opt/ros/jazzy/opt/gz_transport_vendor:/opt/ros/jazzy/opt/gz_rendering_vendor:/opt/ros/jazzy/opt/gz_plugin_vendor:/opt/ros/jazzy/opt/gz_fuel_tools_vendor:/opt/ros/jazzy/opt/gz_msgs_vendor:/opt/ros/jazzy/opt/gz_common_vendor:/opt/ros/jazzy/opt/gz_math_vendor:/opt/ros/jazzy/opt/gz_utils_vendor:/opt/ros/jazzy/opt/gz_tools_vendor:/opt/ros/jazzy/opt/gz_ogre_next_vendor:/opt/ros/jazzy/opt/gz_dartsim_vendor:/opt/ros/jazzy/opt/gz_cmake_vendor:/home/bin1225/workspaces/ur_gz/src/install/pick_and_place_pkg:/home/bin1225/workspaces/ur_gz/install/pick_and_place_pkg:/opt/ros/jazzy /usr/bin/cmake --build /home/bin1225/workspaces/ur_gz/build/ur_simulation_gz -- -j22 -l22
[0.494s] DEBUG:colcon.colcon_core.event_handler.log_command:Invoked command in '/home/bin1225/workspaces/ur_gz/build/ur_simulation_gz' returned '0': CMAKE_PREFIX_PATH=/home/bin1225/workspaces/ur_gz/install/ur_moveit_config:/home/bin1225/workspaces/ur_gz/src/install/ur_simulation_gz:/home/bin1225/workspaces/ur_gz/src/install/ur_moveit_config:/home/bin1225/workspaces/ur_gz/src/install/move_test_cpp:/home/bin1225/workspaces/ur_gz/install/ur_simulation_gz:/home/bin1225/workspaces/ur_gz/install/move_test_cpp:/opt/ros/jazzy/opt/gz_sim_vendor:/opt/ros/jazzy/opt/gz_sensors_vendor:/opt/ros/jazzy/opt/gz_physics_vendor:/opt/ros/jazzy/opt/sdformat_vendor:/opt/ros/jazzy/opt/gz_gui_vendor:/opt/ros/jazzy/opt/gz_transport_vendor:/opt/ros/jazzy/opt/gz_rendering_vendor:/opt/ros/jazzy/opt/gz_plugin_vendor:/opt/ros/jazzy/opt/gz_fuel_tools_vendor:/opt/ros/jazzy/opt/gz_msgs_vendor:/opt/ros/jazzy/opt/gz_common_vendor:/opt/ros/jazzy/opt/gz_math_vendor:/opt/ros/jazzy/opt/gz_utils_vendor:/opt/ros/jazzy/opt/gz_tools_vendor:/opt/ros/jazzy/opt/gz_ogre_next_vendor:/opt/ros/jazzy/opt/gz_dartsim_vendor:/opt/ros/jazzy/opt/gz_cmake_vendor:/home/bin1225/workspaces/ur_gz/src/install/pick_and_place_pkg:/home/bin1225/workspaces/ur_gz/install/pick_and_place_pkg:/opt/ros/jazzy /usr/bin/cmake --build /home/bin1225/workspaces/ur_gz/build/ur_simulation_gz -- -j22 -l22
[0.494s] DEBUG:colcon.colcon_core.event_handler.log_command:Invoking command in '/home/bin1225/workspaces/ur_gz/build/ur_simulation_gz': CMAKE_PREFIX_PATH=/home/bin1225/workspaces/ur_gz/install/ur_moveit_config:/home/bin1225/workspaces/ur_gz/src/install/ur_simulation_gz:/home/bin1225/workspaces/ur_gz/src/install/ur_moveit_config:/home/bin1225/workspaces/ur_gz/src/install/move_test_cpp:/home/bin1225/workspaces/ur_gz/install/ur_simulation_gz:/home/bin1225/workspaces/ur_gz/install/move_test_cpp:/opt/ros/jazzy/opt/gz_sim_vendor:/opt/ros/jazzy/opt/gz_sensors_vendor:/opt/ros/jazzy/opt/gz_physics_vendor:/opt/ros/jazzy/opt/sdformat_vendor:/opt/ros/jazzy/opt/gz_gui_vendor:/opt/ros/jazzy/opt/gz_transport_vendor:/opt/ros/jazzy/opt/gz_rendering_vendor:/opt/ros/jazzy/opt/gz_plugin_vendor:/opt/ros/jazzy/opt/gz_fuel_tools_vendor:/opt/ros/jazzy/opt/gz_msgs_vendor:/opt/ros/jazzy/opt/gz_common_vendor:/opt/ros/jazzy/opt/gz_math_vendor:/opt/ros/jazzy/opt/gz_utils_vendor:/opt/ros/jazzy/opt/gz_tools_vendor:/opt/ros/jazzy/opt/gz_ogre_next_vendor:/opt/ros/jazzy/opt/gz_dartsim_vendor:/opt/ros/jazzy/opt/gz_cmake_vendor:/home/bin1225/workspaces/ur_gz/src/install/pick_and_place_pkg:/home/bin1225/workspaces/ur_gz/install/pick_and_place_pkg:/opt/ros/jazzy /usr/bin/cmake --install /home/bin1225/workspaces/ur_gz/build/ur_simulation_gz
[0.502s] Level 1:colcon.colcon_core.environment:create_environment_scripts_only(ur_simulation_gz)
[0.503s] Level 1:colcon.colcon_core.environment:checking '/home/bin1225/workspaces/ur_gz/install/ur_simulation_gz' for CMake module files
[0.504s] DEBUG:colcon.colcon_core.event_handler.log_command:Invoked command in '/home/bin1225/workspaces/ur_gz/build/ur_simulation_gz' returned '0': CMAKE_PREFIX_PATH=/home/bin1225/workspaces/ur_gz/install/ur_moveit_config:/home/bin1225/workspaces/ur_gz/src/install/ur_simulation_gz:/home/bin1225/workspaces/ur_gz/src/install/ur_moveit_config:/home/bin1225/workspaces/ur_gz/src/install/move_test_cpp:/home/bin1225/workspaces/ur_gz/install/ur_simulation_gz:/home/bin1225/workspaces/ur_gz/install/move_test_cpp:/opt/ros/jazzy/opt/gz_sim_vendor:/opt/ros/jazzy/opt/gz_sensors_vendor:/opt/ros/jazzy/opt/gz_physics_vendor:/opt/ros/jazzy/opt/sdformat_vendor:/opt/ros/jazzy/opt/gz_gui_vendor:/opt/ros/jazzy/opt/gz_transport_vendor:/opt/ros/jazzy/opt/gz_rendering_vendor:/opt/ros/jazzy/opt/gz_plugin_vendor:/opt/ros/jazzy/opt/gz_fuel_tools_vendor:/opt/ros/jazzy/opt/gz_msgs_vendor:/opt/ros/jazzy/opt/gz_common_vendor:/opt/ros/jazzy/opt/gz_math_vendor:/opt/ros/jazzy/opt/gz_utils_vendor:/opt/ros/jazzy/opt/gz_tools_vendor:/opt/ros/jazzy/opt/gz_ogre_next_vendor:/opt/ros/jazzy/opt/gz_dartsim_vendor:/opt/ros/jazzy/opt/gz_cmake_vendor:/home/bin1225/workspaces/ur_gz/src/install/pick_and_place_pkg:/home/bin1225/workspaces/ur_gz/install/pick_and_place_pkg:/opt/ros/jazzy /usr/bin/cmake --install /home/bin1225/workspaces/ur_gz/build/ur_simulation_gz
[0.504s] Level 1:colcon.colcon_core.environment:checking '/home/bin1225/workspaces/ur_gz/install/ur_simulation_gz' for CMake config files
[0.504s] Level 1:colcon.colcon_core.shell:create_environment_hook('ur_simulation_gz', 'cmake_prefix_path')
[0.504s] INFO:colcon.colcon_core.shell:Creating environment hook '/home/bin1225/workspaces/ur_gz/install/ur_simulation_gz/share/ur_simulation_gz/hook/cmake_prefix_path.ps1'
[0.504s] INFO:colcon.colcon_core.shell:Creating environment descriptor '/home/bin1225/workspaces/ur_gz/install/ur_simulation_gz/share/ur_simulation_gz/hook/cmake_prefix_path.dsv'
[0.505s] INFO:colcon.colcon_core.shell:Creating environment hook '/home/bin1225/workspaces/ur_gz/install/ur_simulation_gz/share/ur_simulation_gz/hook/cmake_prefix_path.sh'
[0.505s] Level 1:colcon.colcon_core.environment:checking '/home/bin1225/workspaces/ur_gz/install/ur_simulation_gz/bin'
[0.505s] Level 1:colcon.colcon_core.environment:checking '/home/bin1225/workspaces/ur_gz/install/ur_simulation_gz/lib/pkgconfig/ur_simulation_gz.pc'
[0.505s] Level 1:colcon.colcon_core.environment:checking '/home/bin1225/workspaces/ur_gz/install/ur_simulation_gz/lib/python3.12/site-packages'
[0.505s] Level 1:colcon.colcon_core.environment:checking '/home/bin1225/workspaces/ur_gz/install/ur_simulation_gz/bin'
[0.505s] INFO:colcon.colcon_core.shell:Creating package script '/home/bin1225/workspaces/ur_gz/install/ur_simulation_gz/share/ur_simulation_gz/package.ps1'
[0.506s] INFO:colcon.colcon_core.shell:Creating package descriptor '/home/bin1225/workspaces/ur_gz/install/ur_simulation_gz/share/ur_simulation_gz/package.dsv'
[0.506s] INFO:colcon.colcon_core.shell:Creating package script '/home/bin1225/workspaces/ur_gz/install/ur_simulation_gz/share/ur_simulation_gz/package.sh'
[0.506s] INFO:colcon.colcon_core.shell:Creating package script '/home/bin1225/workspaces/ur_gz/install/ur_simulation_gz/share/ur_simulation_gz/package.bash'
[0.506s] INFO:colcon.colcon_core.shell:Creating package script '/home/bin1225/workspaces/ur_gz/install/ur_simulation_gz/share/ur_simulation_gz/package.zsh'
[0.507s] Level 1:colcon.colcon_core.environment:create_file_with_runtime_dependencies(/home/bin1225/workspaces/ur_gz/install/ur_simulation_gz/share/colcon-core/packages/ur_simulation_gz)
[0.507s] Level 1:colcon.colcon_core.environment:create_environment_scripts_only(ur_simulation_gz)
[0.507s] Level 1:colcon.colcon_core.environment:checking '/home/bin1225/workspaces/ur_gz/install/ur_simulation_gz' for CMake module files
[0.507s] Level 1:colcon.colcon_core.environment:checking '/home/bin1225/workspaces/ur_gz/install/ur_simulation_gz' for CMake config files
[0.508s] Level 1:colcon.colcon_core.shell:create_environment_hook('ur_simulation_gz', 'cmake_prefix_path')
[0.508s] INFO:colcon.colcon_core.shell:Creating environment hook '/home/bin1225/workspaces/ur_gz/install/ur_simulation_gz/share/ur_simulation_gz/hook/cmake_prefix_path.ps1'
[0.508s] INFO:colcon.colcon_core.shell:Creating environment descriptor '/home/bin1225/workspaces/ur_gz/install/ur_simulation_gz/share/ur_simulation_gz/hook/cmake_prefix_path.dsv'
[0.508s] INFO:colcon.colcon_core.shell:Creating environment hook '/home/bin1225/workspaces/ur_gz/install/ur_simulation_gz/share/ur_simulation_gz/hook/cmake_prefix_path.sh'
[0.509s] Level 1:colcon.colcon_core.environment:checking '/home/bin1225/workspaces/ur_gz/install/ur_simulation_gz/bin'
[0.509s] Level 1:colcon.colcon_core.environment:checking '/home/bin1225/workspaces/ur_gz/install/ur_simulation_gz/lib/pkgconfig/ur_simulation_gz.pc'
[0.509s] Level 1:colcon.colcon_core.environment:checking '/home/bin1225/workspaces/ur_gz/install/ur_simulation_gz/lib/python3.12/site-packages'
[0.509s] Level 1:colcon.colcon_core.environment:checking '/home/bin1225/workspaces/ur_gz/install/ur_simulation_gz/bin'
[0.509s] INFO:colcon.colcon_core.shell:Creating package script '/home/bin1225/workspaces/ur_gz/install/ur_simulation_gz/share/ur_simulation_gz/package.ps1'
[0.509s] INFO:colcon.colcon_core.shell:Creating package descriptor '/home/bin1225/workspaces/ur_gz/install/ur_simulation_gz/share/ur_simulation_gz/package.dsv'
[0.510s] INFO:colcon.colcon_core.shell:Creating package script '/home/bin1225/workspaces/ur_gz/install/ur_simulation_gz/share/ur_simulation_gz/package.sh'
[0.510s] INFO:colcon.colcon_core.shell:Creating package script '/home/bin1225/workspaces/ur_gz/install/ur_simulation_gz/share/ur_simulation_gz/package.bash'
[0.510s] INFO:colcon.colcon_core.shell:Creating package script '/home/bin1225/workspaces/ur_gz/install/ur_simulation_gz/share/ur_simulation_gz/package.zsh'
[0.510s] Level 1:colcon.colcon_core.environment:create_file_with_runtime_dependencies(/home/bin1225/workspaces/ur_gz/install/ur_simulation_gz/share/colcon-core/packages/ur_simulation_gz)
[0.792s] DEBUG:colcon.colcon_core.event_handler.log_command:Invoking command in '/home/bin1225/workspaces/ur_gz/src/pick_and_place_pkg': PYTHONPATH=/home/bin1225/workspaces/ur_gz/build/pick_and_place_pkg/prefix_override:/usr/lib/python3/dist-packages/colcon_core/task/python/colcon_distutils_commands:/home/bin1225/workspaces/ur_gz/install/pick_and_place_pkg/lib/python3.12/site-packages:${PYTHONPATH} /usr/bin/python3 -W ignore:setup.py install is deprecated -W ignore:easy_install command is deprecated setup.py egg_info --egg-base ../../build/pick_and_place_pkg build --build-base /home/bin1225/workspaces/ur_gz/build/pick_and_place_pkg/build install --record /home/bin1225/workspaces/ur_gz/build/pick_and_place_pkg/install.log --single-version-externally-managed install_data
[1.169s] Level 1:colcon.colcon_core.environment:checking '/home/bin1225/workspaces/ur_gz/install/pick_and_place_pkg' for CMake module files
[1.169s] DEBUG:colcon.colcon_core.event_handler.log_command:Invoked command in '/home/bin1225/workspaces/ur_gz/src/pick_and_place_pkg' returned '0': PYTHONPATH=/home/bin1225/workspaces/ur_gz/build/pick_and_place_pkg/prefix_override:/usr/lib/python3/dist-packages/colcon_core/task/python/colcon_distutils_commands:/home/bin1225/workspaces/ur_gz/install/pick_and_place_pkg/lib/python3.12/site-packages:${PYTHONPATH} /usr/bin/python3 -W ignore:setup.py install is deprecated -W ignore:easy_install command is deprecated setup.py egg_info --egg-base ../../build/pick_and_place_pkg build --build-base /home/bin1225/workspaces/ur_gz/build/pick_and_place_pkg/build install --record /home/bin1225/workspaces/ur_gz/build/pick_and_place_pkg/install.log --single-version-externally-managed install_data
[1.169s] Level 1:colcon.colcon_core.environment:checking '/home/bin1225/workspaces/ur_gz/install/pick_and_place_pkg' for CMake config files
[1.170s] Level 1:colcon.colcon_core.environment:checking '/home/bin1225/workspaces/ur_gz/install/pick_and_place_pkg/lib'
[1.170s] Level 1:colcon.colcon_core.environment:checking '/home/bin1225/workspaces/ur_gz/install/pick_and_place_pkg/bin'
[1.170s] Level 1:colcon.colcon_core.environment:checking '/home/bin1225/workspaces/ur_gz/install/pick_and_place_pkg/lib/pkgconfig/pick_and_place_pkg.pc'
[1.170s] Level 1:colcon.colcon_core.environment:checking '/home/bin1225/workspaces/ur_gz/install/pick_and_place_pkg/lib/python3.12/site-packages'
[1.170s] Level 1:colcon.colcon_core.shell:create_environment_hook('pick_and_place_pkg', 'pythonpath')
[1.170s] INFO:colcon.colcon_core.shell:Creating environment hook '/home/bin1225/workspaces/ur_gz/install/pick_and_place_pkg/share/pick_and_place_pkg/hook/pythonpath.ps1'
[1.171s] INFO:colcon.colcon_core.shell:Creating environment descriptor '/home/bin1225/workspaces/ur_gz/install/pick_and_place_pkg/share/pick_and_place_pkg/hook/pythonpath.dsv'
[1.171s] INFO:colcon.colcon_core.shell:Creating environment hook '/home/bin1225/workspaces/ur_gz/install/pick_and_place_pkg/share/pick_and_place_pkg/hook/pythonpath.sh'
[1.171s] Level 1:colcon.colcon_core.environment:checking '/home/bin1225/workspaces/ur_gz/install/pick_and_place_pkg/bin'
[1.171s] Level 1:colcon.colcon_core.environment:create_environment_scripts_only(pick_and_place_pkg)
[1.171s] INFO:colcon.colcon_core.shell:Creating package script '/home/bin1225/workspaces/ur_gz/install/pick_and_place_pkg/share/pick_and_place_pkg/package.ps1'
[1.172s] INFO:colcon.colcon_core.shell:Creating package descriptor '/home/bin1225/workspaces/ur_gz/install/pick_and_place_pkg/share/pick_and_place_pkg/package.dsv'
[1.172s] INFO:colcon.colcon_core.shell:Creating package script '/home/bin1225/workspaces/ur_gz/install/pick_and_place_pkg/share/pick_and_place_pkg/package.sh'
[1.172s] INFO:colcon.colcon_core.shell:Creating package script '/home/bin1225/workspaces/ur_gz/install/pick_and_place_pkg/share/pick_and_place_pkg/package.bash'
[1.172s] INFO:colcon.colcon_core.shell:Creating package script '/home/bin1225/workspaces/ur_gz/install/pick_and_place_pkg/share/pick_and_place_pkg/package.zsh'
[1.173s] Level 1:colcon.colcon_core.environment:create_file_with_runtime_dependencies(/home/bin1225/workspaces/ur_gz/install/pick_and_place_pkg/share/colcon-core/packages/pick_and_place_pkg)
[6.731s] DEBUG:colcon.colcon_core.event_handler.log_command:Invoked command in '/home/bin1225/workspaces/ur_gz/build/move_test_cpp' returned '0': CMAKE_PREFIX_PATH=${CMAKE_PREFIX_PATH}:/home/bin1225/workspaces/ur_gz/src/install/pick_and_place_pkg:/home/bin1225/workspaces/ur_gz/install/pick_and_place_pkg:/opt/ros/jazzy /usr/bin/cmake --build /home/bin1225/workspaces/ur_gz/build/move_test_cpp -- -j22 -l22
[6.732s] DEBUG:colcon.colcon_core.event_handler.log_command:Invoking command in '/home/bin1225/workspaces/ur_gz/build/move_test_cpp': CMAKE_PREFIX_PATH=${CMAKE_PREFIX_PATH}:/home/bin1225/workspaces/ur_gz/src/install/pick_and_place_pkg:/home/bin1225/workspaces/ur_gz/install/pick_and_place_pkg:/opt/ros/jazzy /usr/bin/cmake --install /home/bin1225/workspaces/ur_gz/build/move_test_cpp
[6.740s] Level 1:colcon.colcon_core.environment:create_environment_scripts_only(move_test_cpp)
[6.740s] Level 1:colcon.colcon_core.environment:checking '/home/bin1225/workspaces/ur_gz/install/move_test_cpp' for CMake module files
[6.741s] DEBUG:colcon.colcon_core.event_handler.log_command:Invoked command in '/home/bin1225/workspaces/ur_gz/build/move_test_cpp' returned '0': CMAKE_PREFIX_PATH=${CMAKE_PREFIX_PATH}:/home/bin1225/workspaces/ur_gz/src/install/pick_and_place_pkg:/home/bin1225/workspaces/ur_gz/install/pick_and_place_pkg:/opt/ros/jazzy /usr/bin/cmake --install /home/bin1225/workspaces/ur_gz/build/move_test_cpp
[6.741s] Level 1:colcon.colcon_core.environment:checking '/home/bin1225/workspaces/ur_gz/install/move_test_cpp' for CMake config files
[6.741s] Level 1:colcon.colcon_core.shell:create_environment_hook('move_test_cpp', 'cmake_prefix_path')
[6.742s] INFO:colcon.colcon_core.shell:Creating environment hook '/home/bin1225/workspaces/ur_gz/install/move_test_cpp/share/move_test_cpp/hook/cmake_prefix_path.ps1'
[6.742s] INFO:colcon.colcon_core.shell:Creating environment descriptor '/home/bin1225/workspaces/ur_gz/install/move_test_cpp/share/move_test_cpp/hook/cmake_prefix_path.dsv'
[6.742s] INFO:colcon.colcon_core.shell:Creating environment hook '/home/bin1225/workspaces/ur_gz/install/move_test_cpp/share/move_test_cpp/hook/cmake_prefix_path.sh'
[6.743s] Level 1:colcon.colcon_core.environment:checking '/home/bin1225/workspaces/ur_gz/install/move_test_cpp/lib'
[6.743s] Level 1:colcon.colcon_core.environment:checking '/home/bin1225/workspaces/ur_gz/install/move_test_cpp/bin'
[6.743s] Level 1:colcon.colcon_core.environment:checking '/home/bin1225/workspaces/ur_gz/install/move_test_cpp/lib/pkgconfig/move_test_cpp.pc'
[6.743s] Level 1:colcon.colcon_core.environment:checking '/home/bin1225/workspaces/ur_gz/install/move_test_cpp/lib/python3.12/site-packages'
[6.743s] Level 1:colcon.colcon_core.environment:checking '/home/bin1225/workspaces/ur_gz/install/move_test_cpp/bin'
[6.743s] INFO:colcon.colcon_core.shell:Creating package script '/home/bin1225/workspaces/ur_gz/install/move_test_cpp/share/move_test_cpp/package.ps1'
[6.743s] INFO:colcon.colcon_core.shell:Creating package descriptor '/home/bin1225/workspaces/ur_gz/install/move_test_cpp/share/move_test_cpp/package.dsv'
[6.744s] INFO:colcon.colcon_core.shell:Creating package script '/home/bin1225/workspaces/ur_gz/install/move_test_cpp/share/move_test_cpp/package.sh'
[6.744s] INFO:colcon.colcon_core.shell:Creating package script '/home/bin1225/workspaces/ur_gz/install/move_test_cpp/share/move_test_cpp/package.bash'
[6.744s] INFO:colcon.colcon_core.shell:Creating package script '/home/bin1225/workspaces/ur_gz/install/move_test_cpp/share/move_test_cpp/package.zsh'
[6.744s] Level 1:colcon.colcon_core.environment:create_file_with_runtime_dependencies(/home/bin1225/workspaces/ur_gz/install/move_test_cpp/share/colcon-core/packages/move_test_cpp)
[6.745s] Level 1:colcon.colcon_core.environment:create_environment_scripts_only(move_test_cpp)
[6.745s] Level 1:colcon.colcon_core.environment:checking '/home/bin1225/workspaces/ur_gz/install/move_test_cpp' for CMake module files
[6.745s] Level 1:colcon.colcon_core.environment:checking '/home/bin1225/workspaces/ur_gz/install/move_test_cpp' for CMake config files
[6.745s] Level 1:colcon.colcon_core.shell:create_environment_hook('move_test_cpp', 'cmake_prefix_path')
[6.745s] INFO:colcon.colcon_core.shell:Creating environment hook '/home/bin1225/workspaces/ur_gz/install/move_test_cpp/share/move_test_cpp/hook/cmake_prefix_path.ps1'
[6.745s] INFO:colcon.colcon_core.shell:Creating environment descriptor '/home/bin1225/workspaces/ur_gz/install/move_test_cpp/share/move_test_cpp/hook/cmake_prefix_path.dsv'
[6.746s] INFO:colcon.colcon_core.shell:Creating environment hook '/home/bin1225/workspaces/ur_gz/install/move_test_cpp/share/move_test_cpp/hook/cmake_prefix_path.sh'
[6.746s] Level 1:colcon.colcon_core.environment:checking '/home/bin1225/workspaces/ur_gz/install/move_test_cpp/lib'
[6.746s] Level 1:colcon.colcon_core.environment:checking '/home/bin1225/workspaces/ur_gz/install/move_test_cpp/bin'
[6.746s] Level 1:colcon.colcon_core.environment:checking '/home/bin1225/workspaces/ur_gz/install/move_test_cpp/lib/pkgconfig/move_test_cpp.pc'
[6.746s] Level 1:colcon.colcon_core.environment:checking '/home/bin1225/workspaces/ur_gz/install/move_test_cpp/lib/python3.12/site-packages'
[6.746s] Level 1:colcon.colcon_core.environment:checking '/home/bin1225/workspaces/ur_gz/install/move_test_cpp/bin'
[6.746s] INFO:colcon.colcon_core.shell:Creating package script '/home/bin1225/workspaces/ur_gz/install/move_test_cpp/share/move_test_cpp/package.ps1'
[6.747s] INFO:colcon.colcon_core.shell:Creating package descriptor '/home/bin1225/workspaces/ur_gz/install/move_test_cpp/share/move_test_cpp/package.dsv'
[6.747s] INFO:colcon.colcon_core.shell:Creating package script '/home/bin1225/workspaces/ur_gz/install/move_test_cpp/share/move_test_cpp/package.sh'
[6.747s] INFO:colcon.colcon_core.shell:Creating package script '/home/bin1225/workspaces/ur_gz/install/move_test_cpp/share/move_test_cpp/package.bash'
[6.748s] INFO:colcon.colcon_core.shell:Creating package script '/home/bin1225/workspaces/ur_gz/install/move_test_cpp/share/move_test_cpp/package.zsh'
[6.748s] Level 1:colcon.colcon_core.environment:create_file_with_runtime_dependencies(/home/bin1225/workspaces/ur_gz/install/move_test_cpp/share/colcon-core/packages/move_test_cpp)
[6.748s] DEBUG:colcon.colcon_parallel_executor.executor.parallel:closing loop
[6.748s] DEBUG:colcon.colcon_parallel_executor.executor.parallel:loop closed
[6.748s] DEBUG:colcon.colcon_parallel_executor.executor.parallel:run_until_complete finished with '0'
[6.748s] DEBUG:colcon.colcon_core.event_reactor:joining thread
[6.768s] INFO:colcon.colcon_core.plugin_system:Skipping extension 'colcon_notification.desktop_notification.notify_send': Could not find 'notify-send'
[6.768s] INFO:colcon.colcon_core.plugin_system:Skipping extension 'colcon_notification.desktop_notification.terminal_notifier': Not used on non-Darwin systems
[6.768s] INFO:colcon.colcon_core.plugin_system:Skipping extension 'colcon_notification.desktop_notification.win32': Not used on non-Windows systems
[6.768s] INFO:colcon.colcon_notification.desktop_notification:Sending desktop notification using 'notify2'
[6.769s] DEBUG:colcon.colcon_notification.desktop_notification.notify2:Failed to initialize notify2: org.freedesktop.DBus.Error.ServiceUnknown: The name org.freedesktop.Notifications was not provided by any .service files
[6.769s] DEBUG:colcon.colcon_core.event_reactor:joined thread
[6.769s] INFO:colcon.colcon_core.shell:Creating prefix script '/home/bin1225/workspaces/ur_gz/install/local_setup.ps1'
[6.770s] INFO:colcon.colcon_core.shell:Creating prefix util module '/home/bin1225/workspaces/ur_gz/install/_local_setup_util_ps1.py'
[6.770s] INFO:colcon.colcon_core.shell:Creating prefix chain script '/home/bin1225/workspaces/ur_gz/install/setup.ps1'
[6.771s] INFO:colcon.colcon_core.shell:Creating prefix script '/home/bin1225/workspaces/ur_gz/install/local_setup.sh'
[6.771s] INFO:colcon.colcon_core.shell:Creating prefix util module '/home/bin1225/workspaces/ur_gz/install/_local_setup_util_sh.py'
[6.772s] INFO:colcon.colcon_core.shell:Creating prefix chain script '/home/bin1225/workspaces/ur_gz/install/setup.sh'
[6.773s] INFO:colcon.colcon_core.shell:Creating prefix script '/home/bin1225/workspaces/ur_gz/install/local_setup.bash'
[6.773s] INFO:colcon.colcon_core.shell:Creating prefix chain script '/home/bin1225/workspaces/ur_gz/install/setup.bash'
[6.774s] INFO:colcon.colcon_core.shell:Creating prefix script '/home/bin1225/workspaces/ur_gz/install/local_setup.zsh'
[6.774s] INFO:colcon.colcon_core.shell:Creating prefix chain script '/home/bin1225/workspaces/ur_gz/install/setup.zsh'
