[0.031s] Invoking command in '/home/bin1225/workspaces/ur_gz/build/ur_moveit_config': CMAKE_PREFIX_PATH=${CMAKE_PREFIX_PATH}:/home/bin1225/workspaces/ur_gz/install/pick_and_place_pkg:/opt/ros/jazzy /usr/bin/cmake /home/bin1225/workspaces/ur_gz/src/ur_moveit_config -DCMAKE_INSTALL_PREFIX=/home/bin1225/workspaces/ur_gz/install/ur_moveit_config
[0.059s] -- Found ament_cmake: 2.5.3 (/opt/ros/jazzy/share/ament_cmake/cmake)
[0.545s] -- Override CMake install command with custom implementation using symlinks instead of copying resources
[0.750s] -- Configuring done (0.7s)
[0.760s] -- Generating done (0.0s)
[0.763s] -- Build files have been written to: /home/bin1225/workspaces/ur_gz/build/ur_moveit_config
[0.772s] Invoked command in '/home/bin1225/workspaces/ur_gz/build/ur_moveit_config' returned '0': CMAKE_PREFIX_PATH=${CMAKE_PREFIX_PATH}:/home/bin1225/workspaces/ur_gz/install/pick_and_place_pkg:/opt/ros/jazzy /usr/bin/cmake /home/bin1225/workspaces/ur_gz/src/ur_moveit_config -DCMAKE_INSTALL_PREFIX=/home/bin1225/workspaces/ur_gz/install/ur_moveit_config
[0.775s] Invoking command in '/home/bin1225/workspaces/ur_gz/build/ur_moveit_config': CMAKE_PREFIX_PATH=${CMAKE_PREFIX_PATH}:/home/bin1225/workspaces/ur_gz/install/pick_and_place_pkg:/opt/ros/jazzy /usr/bin/cmake --build /home/bin1225/workspaces/ur_gz/build/ur_moveit_config -- -j22 -l22
[0.846s] Invoked command in '/home/bin1225/workspaces/ur_gz/build/ur_moveit_config' returned '0': CMAKE_PREFIX_PATH=${CMAKE_PREFIX_PATH}:/home/bin1225/workspaces/ur_gz/install/pick_and_place_pkg:/opt/ros/jazzy /usr/bin/cmake --build /home/bin1225/workspaces/ur_gz/build/ur_moveit_config -- -j22 -l22
[0.864s] Invoking command in '/home/bin1225/workspaces/ur_gz/build/ur_moveit_config': CMAKE_PREFIX_PATH=${CMAKE_PREFIX_PATH}:/home/bin1225/workspaces/ur_gz/install/pick_and_place_pkg:/opt/ros/jazzy /usr/bin/cmake --install /home/bin1225/workspaces/ur_gz/build/ur_moveit_config
[0.872s] -- Install configuration: ""
[0.873s] -- Execute custom install script
[0.873s] -- Up-to-date symlink: /home/bin1225/workspaces/ur_gz/install/ur_moveit_config/share/ament_index/resource_index/package_run_dependencies/ur_moveit_config
[0.873s] -- Up-to-date symlink: /home/bin1225/workspaces/ur_gz/install/ur_moveit_config/share/ament_index/resource_index/parent_prefix_path/ur_moveit_config
[0.873s] -- Up-to-date symlink: /home/bin1225/workspaces/ur_gz/install/ur_moveit_config/share/ur_moveit_config/environment/ament_prefix_path.sh
[0.874s] -- Up-to-date symlink: /home/bin1225/workspaces/ur_gz/install/ur_moveit_config/share/ur_moveit_config/environment/ament_prefix_path.dsv
[0.874s] -- Up-to-date symlink: /home/bin1225/workspaces/ur_gz/install/ur_moveit_config/share/ur_moveit_config/environment/path.sh
[0.874s] -- Up-to-date symlink: /home/bin1225/workspaces/ur_gz/install/ur_moveit_config/share/ur_moveit_config/environment/path.dsv
[0.875s] -- Up-to-date symlink: /home/bin1225/workspaces/ur_gz/install/ur_moveit_config/share/ur_moveit_config/local_setup.bash
[0.875s] -- Up-to-date symlink: /home/bin1225/workspaces/ur_gz/install/ur_moveit_config/share/ur_moveit_config/local_setup.sh
[0.876s] -- Up-to-date symlink: /home/bin1225/workspaces/ur_gz/install/ur_moveit_config/share/ur_moveit_config/local_setup.zsh
[0.876s] -- Up-to-date symlink: /home/bin1225/workspaces/ur_gz/install/ur_moveit_config/share/ur_moveit_config/local_setup.dsv
[0.876s] -- Symlinking: /home/bin1225/workspaces/ur_gz/install/ur_moveit_config/share/ur_moveit_config/package.dsv
[0.890s] -- Up-to-date symlink: /home/bin1225/workspaces/ur_gz/install/ur_moveit_config/share/ament_index/resource_index/packages/ur_moveit_config
[0.890s] -- Up-to-date symlink: /home/bin1225/workspaces/ur_gz/install/ur_moveit_config/share/ur_moveit_config/cmake/ur_moveit_configConfig.cmake
[0.890s] -- Up-to-date symlink: /home/bin1225/workspaces/ur_gz/install/ur_moveit_config/share/ur_moveit_config/cmake/ur_moveit_configConfig-version.cmake
[0.890s] -- Up-to-date symlink: /home/bin1225/workspaces/ur_gz/install/ur_moveit_config/share/ur_moveit_config/package.xml
[0.891s] -- Up-to-date symlink: /home/bin1225/workspaces/ur_gz/install/ur_moveit_config/share/ur_moveit_config/config/chomp_planning.yaml
[0.892s] -- Up-to-date symlink: /home/bin1225/workspaces/ur_gz/install/ur_moveit_config/share/ur_moveit_config/config/joint_limits.yaml
[0.892s] -- Up-to-date symlink: /home/bin1225/workspaces/ur_gz/install/ur_moveit_config/share/ur_moveit_config/config/kinematics.yaml
[0.892s] -- Up-to-date symlink: /home/bin1225/workspaces/ur_gz/install/ur_moveit_config/share/ur_moveit_config/config/moveit.rviz
[0.892s] -- Up-to-date symlink: /home/bin1225/workspaces/ur_gz/install/ur_moveit_config/share/ur_moveit_config/config/moveit_controllers.yaml
[0.893s] -- Up-to-date symlink: /home/bin1225/workspaces/ur_gz/install/ur_moveit_config/share/ur_moveit_config/config/ompl_planning.yaml
[0.893s] -- Up-to-date symlink: /home/bin1225/workspaces/ur_gz/install/ur_moveit_config/share/ur_moveit_config/config/pilz_cartesian_limits.yaml
[0.893s] -- Up-to-date symlink: /home/bin1225/workspaces/ur_gz/install/ur_moveit_config/share/ur_moveit_config/config/pilz_industrial_motion_planner_planning.yaml
[0.893s] -- Up-to-date symlink: /home/bin1225/workspaces/ur_gz/install/ur_moveit_config/share/ur_moveit_config/config/ur_servo.yaml
[0.894s] -- Up-to-date symlink: /home/bin1225/workspaces/ur_gz/install/ur_moveit_config/share/ur_moveit_config/launch/ur_moveit.launch.py
[0.894s] -- Up-to-date symlink: /home/bin1225/workspaces/ur_gz/install/ur_moveit_config/share/ur_moveit_config/srdf/ur.srdf.xacro
[0.894s] -- Up-to-date symlink: /home/bin1225/workspaces/ur_gz/install/ur_moveit_config/share/ur_moveit_config/srdf/ur_macro.srdf.xacro
[0.898s] Invoked command in '/home/bin1225/workspaces/ur_gz/build/ur_moveit_config' returned '0': CMAKE_PREFIX_PATH=${CMAKE_PREFIX_PATH}:/home/bin1225/workspaces/ur_gz/install/pick_and_place_pkg:/opt/ros/jazzy /usr/bin/cmake --install /home/bin1225/workspaces/ur_gz/build/ur_moveit_config
