[0.317s] DEBUG:colcon:Command line arguments: ['/usr/bin/colcon', 'build']
[0.318s] DEBUG:colcon:Parsed command line arguments: Namespace(log_base=None, log_level=None, verb_name='build', build_base='build', install_base='install', merge_install=False, symlink_install=False, test_result_base=None, continue_on_error=False, executor='parallel', parallel_workers=22, event_handlers=None, ignore_user_meta=False, metas=['./colcon.meta'], base_paths=['.'], packages_ignore=None, packages_ignore_regex=None, paths=None, packages_up_to=None, packages_up_to_regex=None, packages_above=None, packages_above_and_dependencies=None, packages_above_depth=None, packages_select_by_dep=None, packages_skip_by_dep=None, packages_skip_up_to=None, packages_select_build_failed=False, packages_skip_build_finished=False, packages_select_test_failures=False, packages_skip_test_passed=False, packages_select=None, packages_skip=None, packages_select_regex=None, packages_skip_regex=None, packages_start=None, packages_end=None, allow_overriding=[], cmake_args=None, cmake_target=None, cmake_target_skip_unavailable=False, cmake_clean_cache=False, cmake_clean_first=False, cmake_force_configure=False, ament_cmake_args=None, catkin_cmake_args=None, catkin_skip_building_tests=False, mixin_files=None, mixin=None, verb_parser=<colcon_mixin.mixin.mixin_argument.MixinArgumentDecorator object at 0x7f67f09e2060>, verb_extension=<colcon_core.verb.build.BuildVerb object at 0x7f67f09e1c10>, main=<bound method BuildVerb.main of <colcon_core.verb.build.BuildVerb object at 0x7f67f09e1c10>>, mixin_verb=('build',))
[0.364s] Level 1:colcon.colcon_core.package_discovery:discover_packages(colcon_meta) check parameters
[0.365s] Level 1:colcon.colcon_core.package_discovery:discover_packages(recursive) check parameters
[0.365s] Level 1:colcon.colcon_core.package_discovery:discover_packages(ignore) check parameters
[0.365s] Level 1:colcon.colcon_core.package_discovery:discover_packages(path) check parameters
[0.365s] Level 1:colcon.colcon_core.package_discovery:discover_packages(colcon_meta) discover
[0.365s] Level 1:colcon.colcon_core.package_discovery:discover_packages(recursive) discover
[0.365s] INFO:colcon.colcon_core.package_discovery:Crawling recursively for packages in '/home/bin1225/workspaces/ur_gz'
[0.365s] Level 1:colcon.colcon_core.package_identification:_identify(.) by extensions ['ignore', 'ignore_ament_install']
[0.365s] Level 1:colcon.colcon_core.package_identification:_identify(.) by extension 'ignore'
[0.366s] Level 1:colcon.colcon_core.package_identification:_identify(.) by extension 'ignore_ament_install'
[0.366s] Level 1:colcon.colcon_core.package_identification:_identify(.) by extensions ['colcon_pkg']
[0.366s] Level 1:colcon.colcon_core.package_identification:_identify(.) by extension 'colcon_pkg'
[0.366s] Level 1:colcon.colcon_core.package_identification:_identify(.) by extensions ['colcon_meta']
[0.366s] Level 1:colcon.colcon_core.package_identification:_identify(.) by extension 'colcon_meta'
[0.366s] Level 1:colcon.colcon_core.package_identification:_identify(.) by extensions ['ros']
[0.366s] Level 1:colcon.colcon_core.package_identification:_identify(.) by extension 'ros'
[0.399s] Level 1:colcon.colcon_core.package_identification:_identify(.) by extensions ['cmake', 'python']
[0.399s] Level 1:colcon.colcon_core.package_identification:_identify(.) by extension 'cmake'
[0.399s] Level 1:colcon.colcon_core.package_identification:_identify(.) by extension 'python'
[0.400s] Level 1:colcon.colcon_core.package_identification:_identify(.) by extensions ['python_setup_py']
[0.400s] Level 1:colcon.colcon_core.package_identification:_identify(.) by extension 'python_setup_py'
[0.400s] Level 1:colcon.colcon_core.package_identification:_identify(build) by extensions ['ignore', 'ignore_ament_install']
[0.400s] Level 1:colcon.colcon_core.package_identification:_identify(build) by extension 'ignore'
[0.400s] Level 1:colcon.colcon_core.package_identification:_identify(build) ignored
[0.400s] Level 1:colcon.colcon_core.package_identification:_identify(install) by extensions ['ignore', 'ignore_ament_install']
[0.400s] Level 1:colcon.colcon_core.package_identification:_identify(install) by extension 'ignore'
[0.400s] Level 1:colcon.colcon_core.package_identification:_identify(install) ignored
[0.401s] Level 1:colcon.colcon_core.package_identification:_identify(log) by extensions ['ignore', 'ignore_ament_install']
[0.402s] Level 1:colcon.colcon_core.package_identification:_identify(log) by extension 'ignore'
[0.402s] Level 1:colcon.colcon_core.package_identification:_identify(log) ignored
[0.403s] Level 1:colcon.colcon_core.package_identification:_identify(src) by extensions ['ignore', 'ignore_ament_install']
[0.403s] Level 1:colcon.colcon_core.package_identification:_identify(src) by extension 'ignore'
[0.403s] Level 1:colcon.colcon_core.package_identification:_identify(src) by extension 'ignore_ament_install'
[0.403s] Level 1:colcon.colcon_core.package_identification:_identify(src) by extensions ['colcon_pkg']
[0.403s] Level 1:colcon.colcon_core.package_identification:_identify(src) by extension 'colcon_pkg'
[0.403s] Level 1:colcon.colcon_core.package_identification:_identify(src) by extensions ['colcon_meta']
[0.403s] Level 1:colcon.colcon_core.package_identification:_identify(src) by extension 'colcon_meta'
[0.403s] Level 1:colcon.colcon_core.package_identification:_identify(src) by extensions ['ros']
[0.403s] Level 1:colcon.colcon_core.package_identification:_identify(src) by extension 'ros'
[0.403s] Level 1:colcon.colcon_core.package_identification:_identify(src) by extensions ['cmake', 'python']
[0.403s] Level 1:colcon.colcon_core.package_identification:_identify(src) by extension 'cmake'
[0.403s] Level 1:colcon.colcon_core.package_identification:_identify(src) by extension 'python'
[0.403s] Level 1:colcon.colcon_core.package_identification:_identify(src) by extensions ['python_setup_py']
[0.403s] Level 1:colcon.colcon_core.package_identification:_identify(src) by extension 'python_setup_py'
[0.403s] Level 1:colcon.colcon_core.package_identification:_identify(src/move_test_cpp) by extensions ['ignore', 'ignore_ament_install']
[0.403s] Level 1:colcon.colcon_core.package_identification:_identify(src/move_test_cpp) by extension 'ignore'
[0.404s] Level 1:colcon.colcon_core.package_identification:_identify(src/move_test_cpp) by extension 'ignore_ament_install'
[0.404s] Level 1:colcon.colcon_core.package_identification:_identify(src/move_test_cpp) by extensions ['colcon_pkg']
[0.404s] Level 1:colcon.colcon_core.package_identification:_identify(src/move_test_cpp) by extension 'colcon_pkg'
[0.404s] Level 1:colcon.colcon_core.package_identification:_identify(src/move_test_cpp) by extensions ['colcon_meta']
[0.404s] Level 1:colcon.colcon_core.package_identification:_identify(src/move_test_cpp) by extension 'colcon_meta'
[0.404s] Level 1:colcon.colcon_core.package_identification:_identify(src/move_test_cpp) by extensions ['ros']
[0.404s] Level 1:colcon.colcon_core.package_identification:_identify(src/move_test_cpp) by extension 'ros'
[0.409s] DEBUG:colcon.colcon_core.package_identification:Package 'src/move_test_cpp' with type 'ros.ament_cmake' and name 'move_test_cpp'
[0.409s] Level 1:colcon.colcon_core.package_identification:_identify(src/pick_and_place_pkg) by extensions ['ignore', 'ignore_ament_install']
[0.409s] Level 1:colcon.colcon_core.package_identification:_identify(src/pick_and_place_pkg) by extension 'ignore'
[0.409s] Level 1:colcon.colcon_core.package_identification:_identify(src/pick_and_place_pkg) by extension 'ignore_ament_install'
[0.410s] Level 1:colcon.colcon_core.package_identification:_identify(src/pick_and_place_pkg) by extensions ['colcon_pkg']
[0.410s] Level 1:colcon.colcon_core.package_identification:_identify(src/pick_and_place_pkg) by extension 'colcon_pkg'
[0.410s] Level 1:colcon.colcon_core.package_identification:_identify(src/pick_and_place_pkg) by extensions ['colcon_meta']
[0.410s] Level 1:colcon.colcon_core.package_identification:_identify(src/pick_and_place_pkg) by extension 'colcon_meta'
[0.410s] Level 1:colcon.colcon_core.package_identification:_identify(src/pick_and_place_pkg) by extensions ['ros']
[0.410s] Level 1:colcon.colcon_core.package_identification:_identify(src/pick_and_place_pkg) by extension 'ros'
[0.410s] DEBUG:colcon.colcon_core.package_identification:Package 'src/pick_and_place_pkg' with type 'ros.ament_python' and name 'pick_and_place_pkg'
[0.410s] Level 1:colcon.colcon_core.package_identification:_identify(src/ur_moveit_config) by extensions ['ignore', 'ignore_ament_install']
[0.411s] Level 1:colcon.colcon_core.package_identification:_identify(src/ur_moveit_config) by extension 'ignore'
[0.411s] Level 1:colcon.colcon_core.package_identification:_identify(src/ur_moveit_config) by extension 'ignore_ament_install'
[0.411s] Level 1:colcon.colcon_core.package_identification:_identify(src/ur_moveit_config) by extensions ['colcon_pkg']
[0.411s] Level 1:colcon.colcon_core.package_identification:_identify(src/ur_moveit_config) by extension 'colcon_pkg'
[0.411s] Level 1:colcon.colcon_core.package_identification:_identify(src/ur_moveit_config) by extensions ['colcon_meta']
[0.411s] Level 1:colcon.colcon_core.package_identification:_identify(src/ur_moveit_config) by extension 'colcon_meta'
[0.411s] Level 1:colcon.colcon_core.package_identification:_identify(src/ur_moveit_config) by extensions ['ros']
[0.411s] Level 1:colcon.colcon_core.package_identification:_identify(src/ur_moveit_config) by extension 'ros'
[0.411s] DEBUG:colcon.colcon_core.package_identification:Package 'src/ur_moveit_config' with type 'ros.ament_cmake' and name 'ur_moveit_config'
[0.412s] Level 1:colcon.colcon_core.package_identification:_identify(src/ur_simulation_gz) by extensions ['ignore', 'ignore_ament_install']
[0.412s] Level 1:colcon.colcon_core.package_identification:_identify(src/ur_simulation_gz) by extension 'ignore'
[0.412s] Level 1:colcon.colcon_core.package_identification:_identify(src/ur_simulation_gz) by extension 'ignore_ament_install'
[0.412s] Level 1:colcon.colcon_core.package_identification:_identify(src/ur_simulation_gz) by extensions ['colcon_pkg']
[0.412s] Level 1:colcon.colcon_core.package_identification:_identify(src/ur_simulation_gz) by extension 'colcon_pkg'
[0.412s] Level 1:colcon.colcon_core.package_identification:_identify(src/ur_simulation_gz) by extensions ['colcon_meta']
[0.412s] Level 1:colcon.colcon_core.package_identification:_identify(src/ur_simulation_gz) by extension 'colcon_meta'
[0.412s] Level 1:colcon.colcon_core.package_identification:_identify(src/ur_simulation_gz) by extensions ['ros']
[0.412s] Level 1:colcon.colcon_core.package_identification:_identify(src/ur_simulation_gz) by extension 'ros'
[0.412s] Level 1:colcon.colcon_core.package_identification:_identify(src/ur_simulation_gz) by extensions ['cmake', 'python']
[0.412s] Level 1:colcon.colcon_core.package_identification:_identify(src/ur_simulation_gz) by extension 'cmake'
[0.412s] Level 1:colcon.colcon_core.package_identification:_identify(src/ur_simulation_gz) by extension 'python'
[0.412s] Level 1:colcon.colcon_core.package_identification:_identify(src/ur_simulation_gz) by extensions ['python_setup_py']
[0.412s] Level 1:colcon.colcon_core.package_identification:_identify(src/ur_simulation_gz) by extension 'python_setup_py'
[0.412s] Level 1:colcon.colcon_core.package_identification:_identify(src/ur_simulation_gz/ur_simulation_gz) by extensions ['ignore', 'ignore_ament_install']
[0.412s] Level 1:colcon.colcon_core.package_identification:_identify(src/ur_simulation_gz/ur_simulation_gz) by extension 'ignore'
[0.412s] Level 1:colcon.colcon_core.package_identification:_identify(src/ur_simulation_gz/ur_simulation_gz) by extension 'ignore_ament_install'
[0.412s] Level 1:colcon.colcon_core.package_identification:_identify(src/ur_simulation_gz/ur_simulation_gz) by extensions ['colcon_pkg']
[0.412s] Level 1:colcon.colcon_core.package_identification:_identify(src/ur_simulation_gz/ur_simulation_gz) by extension 'colcon_pkg'
[0.412s] Level 1:colcon.colcon_core.package_identification:_identify(src/ur_simulation_gz/ur_simulation_gz) by extensions ['colcon_meta']
[0.413s] Level 1:colcon.colcon_core.package_identification:_identify(src/ur_simulation_gz/ur_simulation_gz) by extension 'colcon_meta'
[0.413s] Level 1:colcon.colcon_core.package_identification:_identify(src/ur_simulation_gz/ur_simulation_gz) by extensions ['ros']
[0.413s] Level 1:colcon.colcon_core.package_identification:_identify(src/ur_simulation_gz/ur_simulation_gz) by extension 'ros'
[0.413s] DEBUG:colcon.colcon_core.package_identification:Package 'src/ur_simulation_gz/ur_simulation_gz' with type 'ros.ament_cmake' and name 'ur_simulation_gz'
[0.413s] Level 1:colcon.colcon_core.package_discovery:discover_packages(recursive) using defaults
[0.413s] Level 1:colcon.colcon_core.package_discovery:discover_packages(ignore) discover
[0.413s] Level 1:colcon.colcon_core.package_discovery:discover_packages(ignore) using defaults
[0.413s] Level 1:colcon.colcon_core.package_discovery:discover_packages(path) discover
[0.413s] Level 1:colcon.colcon_core.package_discovery:discover_packages(path) using defaults
[0.438s] Level 1:colcon.colcon_core.package_discovery:discover_packages(prefix_path) check parameters
[0.439s] Level 1:colcon.colcon_core.package_discovery:discover_packages(prefix_path) discover
[0.442s] DEBUG:colcon.colcon_installed_package_information.package_discovery:Found 4 installed packages in /home/bin1225/workspaces/ur_gz/install
[0.444s] DEBUG:colcon.colcon_installed_package_information.package_discovery:Found 408 installed packages in /opt/ros/jazzy
[0.446s] Level 1:colcon.colcon_core.package_discovery:discover_packages(prefix_path) using defaults
[0.500s] Level 5:colcon.colcon_core.verb:set package 'move_test_cpp' build argument 'cmake_args' from command line to 'None'
[0.500s] Level 5:colcon.colcon_core.verb:set package 'move_test_cpp' build argument 'cmake_target' from command line to 'None'
[0.500s] Level 5:colcon.colcon_core.verb:set package 'move_test_cpp' build argument 'cmake_target_skip_unavailable' from command line to 'False'
[0.500s] Level 5:colcon.colcon_core.verb:set package 'move_test_cpp' build argument 'cmake_clean_cache' from command line to 'False'
[0.500s] Level 5:colcon.colcon_core.verb:set package 'move_test_cpp' build argument 'cmake_clean_first' from command line to 'False'
[0.500s] Level 5:colcon.colcon_core.verb:set package 'move_test_cpp' build argument 'cmake_force_configure' from command line to 'False'
[0.500s] Level 5:colcon.colcon_core.verb:set package 'move_test_cpp' build argument 'ament_cmake_args' from command line to 'None'
[0.500s] Level 5:colcon.colcon_core.verb:set package 'move_test_cpp' build argument 'catkin_cmake_args' from command line to 'None'
[0.500s] Level 5:colcon.colcon_core.verb:set package 'move_test_cpp' build argument 'catkin_skip_building_tests' from command line to 'False'
[0.500s] DEBUG:colcon.colcon_core.verb:Building package 'move_test_cpp' with the following arguments: {'ament_cmake_args': None, 'build_base': '/home/bin1225/workspaces/ur_gz/build/move_test_cpp', 'catkin_cmake_args': None, 'catkin_skip_building_tests': False, 'cmake_args': None, 'cmake_clean_cache': False, 'cmake_clean_first': False, 'cmake_force_configure': False, 'cmake_target': None, 'cmake_target_skip_unavailable': False, 'install_base': '/home/bin1225/workspaces/ur_gz/install/move_test_cpp', 'merge_install': False, 'path': '/home/bin1225/workspaces/ur_gz/src/move_test_cpp', 'symlink_install': False, 'test_result_base': None}
[0.500s] Level 5:colcon.colcon_core.verb:set package 'pick_and_place_pkg' build argument 'cmake_args' from command line to 'None'
[0.500s] Level 5:colcon.colcon_core.verb:set package 'pick_and_place_pkg' build argument 'cmake_target' from command line to 'None'
[0.500s] Level 5:colcon.colcon_core.verb:set package 'pick_and_place_pkg' build argument 'cmake_target_skip_unavailable' from command line to 'False'
[0.500s] Level 5:colcon.colcon_core.verb:set package 'pick_and_place_pkg' build argument 'cmake_clean_cache' from command line to 'False'
[0.500s] Level 5:colcon.colcon_core.verb:set package 'pick_and_place_pkg' build argument 'cmake_clean_first' from command line to 'False'
[0.500s] Level 5:colcon.colcon_core.verb:set package 'pick_and_place_pkg' build argument 'cmake_force_configure' from command line to 'False'
[0.501s] Level 5:colcon.colcon_core.verb:set package 'pick_and_place_pkg' build argument 'ament_cmake_args' from command line to 'None'
[0.501s] Level 5:colcon.colcon_core.verb:set package 'pick_and_place_pkg' build argument 'catkin_cmake_args' from command line to 'None'
[0.501s] Level 5:colcon.colcon_core.verb:set package 'pick_and_place_pkg' build argument 'catkin_skip_building_tests' from command line to 'False'
[0.501s] DEBUG:colcon.colcon_core.verb:Building package 'pick_and_place_pkg' with the following arguments: {'ament_cmake_args': None, 'build_base': '/home/bin1225/workspaces/ur_gz/build/pick_and_place_pkg', 'catkin_cmake_args': None, 'catkin_skip_building_tests': False, 'cmake_args': None, 'cmake_clean_cache': False, 'cmake_clean_first': False, 'cmake_force_configure': False, 'cmake_target': None, 'cmake_target_skip_unavailable': False, 'install_base': '/home/bin1225/workspaces/ur_gz/install/pick_and_place_pkg', 'merge_install': False, 'path': '/home/bin1225/workspaces/ur_gz/src/pick_and_place_pkg', 'symlink_install': False, 'test_result_base': None}
[0.501s] Level 5:colcon.colcon_core.verb:set package 'ur_moveit_config' build argument 'cmake_args' from command line to 'None'
[0.501s] Level 5:colcon.colcon_core.verb:set package 'ur_moveit_config' build argument 'cmake_target' from command line to 'None'
[0.501s] Level 5:colcon.colcon_core.verb:set package 'ur_moveit_config' build argument 'cmake_target_skip_unavailable' from command line to 'False'
[0.501s] Level 5:colcon.colcon_core.verb:set package 'ur_moveit_config' build argument 'cmake_clean_cache' from command line to 'False'
[0.501s] Level 5:colcon.colcon_core.verb:set package 'ur_moveit_config' build argument 'cmake_clean_first' from command line to 'False'
[0.501s] Level 5:colcon.colcon_core.verb:set package 'ur_moveit_config' build argument 'cmake_force_configure' from command line to 'False'
[0.501s] Level 5:colcon.colcon_core.verb:set package 'ur_moveit_config' build argument 'ament_cmake_args' from command line to 'None'
[0.501s] Level 5:colcon.colcon_core.verb:set package 'ur_moveit_config' build argument 'catkin_cmake_args' from command line to 'None'
[0.501s] Level 5:colcon.colcon_core.verb:set package 'ur_moveit_config' build argument 'catkin_skip_building_tests' from command line to 'False'
[0.501s] DEBUG:colcon.colcon_core.verb:Building package 'ur_moveit_config' with the following arguments: {'ament_cmake_args': None, 'build_base': '/home/bin1225/workspaces/ur_gz/build/ur_moveit_config', 'catkin_cmake_args': None, 'catkin_skip_building_tests': False, 'cmake_args': None, 'cmake_clean_cache': False, 'cmake_clean_first': False, 'cmake_force_configure': False, 'cmake_target': None, 'cmake_target_skip_unavailable': False, 'install_base': '/home/bin1225/workspaces/ur_gz/install/ur_moveit_config', 'merge_install': False, 'path': '/home/bin1225/workspaces/ur_gz/src/ur_moveit_config', 'symlink_install': False, 'test_result_base': None}
[0.501s] Level 5:colcon.colcon_core.verb:set package 'ur_simulation_gz' build argument 'cmake_args' from command line to 'None'
[0.501s] Level 5:colcon.colcon_core.verb:set package 'ur_simulation_gz' build argument 'cmake_target' from command line to 'None'
[0.501s] Level 5:colcon.colcon_core.verb:set package 'ur_simulation_gz' build argument 'cmake_target_skip_unavailable' from command line to 'False'
[0.501s] Level 5:colcon.colcon_core.verb:set package 'ur_simulation_gz' build argument 'cmake_clean_cache' from command line to 'False'
[0.501s] Level 5:colcon.colcon_core.verb:set package 'ur_simulation_gz' build argument 'cmake_clean_first' from command line to 'False'
[0.501s] Level 5:colcon.colcon_core.verb:set package 'ur_simulation_gz' build argument 'cmake_force_configure' from command line to 'False'
[0.501s] Level 5:colcon.colcon_core.verb:set package 'ur_simulation_gz' build argument 'ament_cmake_args' from command line to 'None'
[0.501s] Level 5:colcon.colcon_core.verb:set package 'ur_simulation_gz' build argument 'catkin_cmake_args' from command line to 'None'
[0.501s] Level 5:colcon.colcon_core.verb:set package 'ur_simulation_gz' build argument 'catkin_skip_building_tests' from command line to 'False'
[0.501s] DEBUG:colcon.colcon_core.verb:Building package 'ur_simulation_gz' with the following arguments: {'ament_cmake_args': None, 'build_base': '/home/bin1225/workspaces/ur_gz/build/ur_simulation_gz', 'catkin_cmake_args': None, 'catkin_skip_building_tests': False, 'cmake_args': None, 'cmake_clean_cache': False, 'cmake_clean_first': False, 'cmake_force_configure': False, 'cmake_target': None, 'cmake_target_skip_unavailable': False, 'install_base': '/home/bin1225/workspaces/ur_gz/install/ur_simulation_gz', 'merge_install': False, 'path': '/home/bin1225/workspaces/ur_gz/src/ur_simulation_gz/ur_simulation_gz', 'symlink_install': False, 'test_result_base': None}
[0.502s] INFO:colcon.colcon_core.executor:Executing jobs using 'parallel' executor
[0.504s] DEBUG:colcon.colcon_parallel_executor.executor.parallel:run_until_complete
[0.504s] INFO:colcon.colcon_ros.task.ament_cmake.build:Building ROS package in '/home/bin1225/workspaces/ur_gz/src/ur_moveit_config' with build type 'ament_cmake'
[0.504s] INFO:colcon.colcon_cmake.task.cmake.build:Building CMake package in '/home/bin1225/workspaces/ur_gz/src/ur_moveit_config'
[0.508s] INFO:colcon.colcon_core.plugin_system:Skipping extension 'colcon_core.shell.bat': Not used on non-Windows systems
[0.508s] INFO:colcon.colcon_core.shell:Skip shell extension 'powershell' for command environment: Not usable outside of PowerShell
[0.508s] DEBUG:colcon.colcon_core.shell:Skip shell extension 'dsv' for command environment
[0.516s] INFO:colcon.colcon_ros.task.ament_cmake.build:Building ROS package in '/home/bin1225/workspaces/ur_gz/src/move_test_cpp' with build type 'ament_cmake'
[0.517s] INFO:colcon.colcon_cmake.task.cmake.build:Building CMake package in '/home/bin1225/workspaces/ur_gz/src/move_test_cpp'
[0.517s] INFO:colcon.colcon_core.shell:Skip shell extension 'powershell' for command environment: Not usable outside of PowerShell
[0.518s] DEBUG:colcon.colcon_core.shell:Skip shell extension 'dsv' for command environment
[0.523s] INFO:colcon.colcon_ros.task.ament_python.build:Building ROS package in '/home/bin1225/workspaces/ur_gz/src/pick_and_place_pkg' with build type 'ament_python'
[0.523s] Level 1:colcon.colcon_core.shell:create_environment_hook('pick_and_place_pkg', 'ament_prefix_path')
[0.523s] INFO:colcon.colcon_core.shell:Creating environment hook '/home/bin1225/workspaces/ur_gz/install/pick_and_place_pkg/share/pick_and_place_pkg/hook/ament_prefix_path.ps1'
[0.524s] INFO:colcon.colcon_core.shell:Creating environment descriptor '/home/bin1225/workspaces/ur_gz/install/pick_and_place_pkg/share/pick_and_place_pkg/hook/ament_prefix_path.dsv'
[0.525s] INFO:colcon.colcon_core.shell:Creating environment hook '/home/bin1225/workspaces/ur_gz/install/pick_and_place_pkg/share/pick_and_place_pkg/hook/ament_prefix_path.sh'
[0.526s] INFO:colcon.colcon_core.shell:Skip shell extension 'powershell' for command environment: Not usable outside of PowerShell
[0.526s] DEBUG:colcon.colcon_core.shell:Skip shell extension 'dsv' for command environment
[0.538s] DEBUG:colcon.colcon_core.event_handler.log_command:Invoking command in '/home/bin1225/workspaces/ur_gz/build/ur_moveit_config': CMAKE_PREFIX_PATH=${CMAKE_PREFIX_PATH}:/home/bin1225/workspaces/ur_gz/install/pick_and_place_pkg:/opt/ros/jazzy /usr/bin/cmake --build /home/bin1225/workspaces/ur_gz/build/ur_moveit_config -- -j22 -l22
[0.543s] DEBUG:colcon.colcon_core.event_handler.log_command:Invoking command in '/home/bin1225/workspaces/ur_gz/build/move_test_cpp': CMAKE_PREFIX_PATH=${CMAKE_PREFIX_PATH}:/home/bin1225/workspaces/ur_gz/install/pick_and_place_pkg:/opt/ros/jazzy /usr/bin/cmake --build /home/bin1225/workspaces/ur_gz/build/move_test_cpp -- -j22 -l22
[0.832s] INFO:colcon.colcon_core.task.python.build:Building Python package in '/home/bin1225/workspaces/ur_gz/src/pick_and_place_pkg'
[0.833s] INFO:colcon.colcon_core.shell:Skip shell extension 'powershell' for command environment: Not usable outside of PowerShell
[0.833s] DEBUG:colcon.colcon_core.shell:Skip shell extension 'dsv' for command environment
[0.841s] DEBUG:colcon.colcon_core.event_handler.log_command:Invoked command in '/home/bin1225/workspaces/ur_gz/build/ur_moveit_config' returned '0': CMAKE_PREFIX_PATH=${CMAKE_PREFIX_PATH}:/home/bin1225/workspaces/ur_gz/install/pick_and_place_pkg:/opt/ros/jazzy /usr/bin/cmake --build /home/bin1225/workspaces/ur_gz/build/ur_moveit_config -- -j22 -l22
[0.854s] DEBUG:colcon.colcon_core.event_handler.log_command:Invoking command in '/home/bin1225/workspaces/ur_gz/build/ur_moveit_config': CMAKE_PREFIX_PATH=${CMAKE_PREFIX_PATH}:/home/bin1225/workspaces/ur_gz/install/pick_and_place_pkg:/opt/ros/jazzy /usr/bin/cmake --install /home/bin1225/workspaces/ur_gz/build/ur_moveit_config
[0.883s] Level 1:colcon.colcon_core.environment:create_environment_scripts_only(ur_moveit_config)
[0.884s] DEBUG:colcon.colcon_core.event_handler.log_command:Invoked command in '/home/bin1225/workspaces/ur_gz/build/ur_moveit_config' returned '0': CMAKE_PREFIX_PATH=${CMAKE_PREFIX_PATH}:/home/bin1225/workspaces/ur_gz/install/pick_and_place_pkg:/opt/ros/jazzy /usr/bin/cmake --install /home/bin1225/workspaces/ur_gz/build/ur_moveit_config
[0.886s] Level 1:colcon.colcon_core.environment:checking '/home/bin1225/workspaces/ur_gz/install/ur_moveit_config' for CMake module files
[0.887s] Level 1:colcon.colcon_core.environment:checking '/home/bin1225/workspaces/ur_gz/install/ur_moveit_config' for CMake config files
[0.887s] Level 1:colcon.colcon_core.shell:create_environment_hook('ur_moveit_config', 'cmake_prefix_path')
[0.887s] INFO:colcon.colcon_core.shell:Creating environment hook '/home/bin1225/workspaces/ur_gz/install/ur_moveit_config/share/ur_moveit_config/hook/cmake_prefix_path.ps1'
[0.888s] INFO:colcon.colcon_core.shell:Creating environment descriptor '/home/bin1225/workspaces/ur_gz/install/ur_moveit_config/share/ur_moveit_config/hook/cmake_prefix_path.dsv'
[0.888s] INFO:colcon.colcon_core.shell:Creating environment hook '/home/bin1225/workspaces/ur_gz/install/ur_moveit_config/share/ur_moveit_config/hook/cmake_prefix_path.sh'
[0.889s] Level 1:colcon.colcon_core.environment:checking '/home/bin1225/workspaces/ur_gz/install/ur_moveit_config/bin'
[0.889s] Level 1:colcon.colcon_core.environment:checking '/home/bin1225/workspaces/ur_gz/install/ur_moveit_config/lib/pkgconfig/ur_moveit_config.pc'
[0.890s] Level 1:colcon.colcon_core.environment:checking '/home/bin1225/workspaces/ur_gz/install/ur_moveit_config/lib/python3.12/site-packages'
[0.890s] Level 1:colcon.colcon_core.environment:checking '/home/bin1225/workspaces/ur_gz/install/ur_moveit_config/bin'
[0.890s] INFO:colcon.colcon_core.shell:Creating package script '/home/bin1225/workspaces/ur_gz/install/ur_moveit_config/share/ur_moveit_config/package.ps1'
[0.891s] INFO:colcon.colcon_core.shell:Creating package descriptor '/home/bin1225/workspaces/ur_gz/install/ur_moveit_config/share/ur_moveit_config/package.dsv'
[0.891s] INFO:colcon.colcon_core.shell:Creating package script '/home/bin1225/workspaces/ur_gz/install/ur_moveit_config/share/ur_moveit_config/package.sh'
[0.892s] INFO:colcon.colcon_core.shell:Creating package script '/home/bin1225/workspaces/ur_gz/install/ur_moveit_config/share/ur_moveit_config/package.bash'
[0.893s] INFO:colcon.colcon_core.shell:Creating package script '/home/bin1225/workspaces/ur_gz/install/ur_moveit_config/share/ur_moveit_config/package.zsh'
[0.894s] Level 1:colcon.colcon_core.environment:create_file_with_runtime_dependencies(/home/bin1225/workspaces/ur_gz/install/ur_moveit_config/share/colcon-core/packages/ur_moveit_config)
[0.895s] Level 1:colcon.colcon_core.environment:create_environment_scripts_only(ur_moveit_config)
[0.895s] Level 1:colcon.colcon_core.environment:checking '/home/bin1225/workspaces/ur_gz/install/ur_moveit_config' for CMake module files
[0.895s] Level 1:colcon.colcon_core.environment:checking '/home/bin1225/workspaces/ur_gz/install/ur_moveit_config' for CMake config files
[0.896s] Level 1:colcon.colcon_core.shell:create_environment_hook('ur_moveit_config', 'cmake_prefix_path')
[0.897s] INFO:colcon.colcon_core.shell:Creating environment hook '/home/bin1225/workspaces/ur_gz/install/ur_moveit_config/share/ur_moveit_config/hook/cmake_prefix_path.ps1'
[0.897s] INFO:colcon.colcon_core.shell:Creating environment descriptor '/home/bin1225/workspaces/ur_gz/install/ur_moveit_config/share/ur_moveit_config/hook/cmake_prefix_path.dsv'
[0.898s] INFO:colcon.colcon_core.shell:Creating environment hook '/home/bin1225/workspaces/ur_gz/install/ur_moveit_config/share/ur_moveit_config/hook/cmake_prefix_path.sh'
[0.898s] Level 1:colcon.colcon_core.environment:checking '/home/bin1225/workspaces/ur_gz/install/ur_moveit_config/bin'
[0.898s] Level 1:colcon.colcon_core.environment:checking '/home/bin1225/workspaces/ur_gz/install/ur_moveit_config/lib/pkgconfig/ur_moveit_config.pc'
[0.899s] Level 1:colcon.colcon_core.environment:checking '/home/bin1225/workspaces/ur_gz/install/ur_moveit_config/lib/python3.12/site-packages'
[0.899s] Level 1:colcon.colcon_core.environment:checking '/home/bin1225/workspaces/ur_gz/install/ur_moveit_config/bin'
[0.899s] INFO:colcon.colcon_core.shell:Creating package script '/home/bin1225/workspaces/ur_gz/install/ur_moveit_config/share/ur_moveit_config/package.ps1'
[0.900s] INFO:colcon.colcon_core.shell:Creating package descriptor '/home/bin1225/workspaces/ur_gz/install/ur_moveit_config/share/ur_moveit_config/package.dsv'
[0.900s] INFO:colcon.colcon_core.shell:Creating package script '/home/bin1225/workspaces/ur_gz/install/ur_moveit_config/share/ur_moveit_config/package.sh'
[0.901s] INFO:colcon.colcon_core.shell:Creating package script '/home/bin1225/workspaces/ur_gz/install/ur_moveit_config/share/ur_moveit_config/package.bash'
[0.902s] INFO:colcon.colcon_core.shell:Creating package script '/home/bin1225/workspaces/ur_gz/install/ur_moveit_config/share/ur_moveit_config/package.zsh'
[0.902s] Level 1:colcon.colcon_core.environment:create_file_with_runtime_dependencies(/home/bin1225/workspaces/ur_gz/install/ur_moveit_config/share/colcon-core/packages/ur_moveit_config)
[0.903s] INFO:colcon.colcon_ros.task.ament_cmake.build:Building ROS package in '/home/bin1225/workspaces/ur_gz/src/ur_simulation_gz/ur_simulation_gz' with build type 'ament_cmake'
[0.904s] INFO:colcon.colcon_cmake.task.cmake.build:Building CMake package in '/home/bin1225/workspaces/ur_gz/src/ur_simulation_gz/ur_simulation_gz'
[0.905s] INFO:colcon.colcon_core.shell:Skip shell extension 'powershell' for command environment: Not usable outside of PowerShell
[0.905s] DEBUG:colcon.colcon_core.shell:Skip shell extension 'dsv' for command environment
[0.957s] DEBUG:colcon.colcon_core.event_handler.log_command:Invoking command in '/home/bin1225/workspaces/ur_gz/build/ur_simulation_gz': CMAKE_PREFIX_PATH=/home/bin1225/workspaces/ur_gz/install/ur_moveit_config:/home/bin1225/workspaces/ur_gz/install/ur_simulation_gz:/opt/ros/jazzy/opt/gz_sim_vendor:/opt/ros/jazzy/opt/gz_sensors_vendor:/opt/ros/jazzy/opt/gz_physics_vendor:/opt/ros/jazzy/opt/sdformat_vendor:/opt/ros/jazzy/opt/gz_gui_vendor:/opt/ros/jazzy/opt/gz_transport_vendor:/opt/ros/jazzy/opt/gz_rendering_vendor:/opt/ros/jazzy/opt/gz_plugin_vendor:/opt/ros/jazzy/opt/gz_fuel_tools_vendor:/opt/ros/jazzy/opt/gz_msgs_vendor:/opt/ros/jazzy/opt/gz_common_vendor:/opt/ros/jazzy/opt/gz_math_vendor:/opt/ros/jazzy/opt/gz_utils_vendor:/opt/ros/jazzy/opt/gz_tools_vendor:/opt/ros/jazzy/opt/gz_ogre_next_vendor:/opt/ros/jazzy/opt/gz_dartsim_vendor:/opt/ros/jazzy/opt/gz_cmake_vendor:/home/bin1225/workspaces/ur_gz/install/pick_and_place_pkg:/opt/ros/jazzy /usr/bin/cmake --build /home/bin1225/workspaces/ur_gz/build/ur_simulation_gz -- -j22 -l22
[1.005s] DEBUG:colcon.colcon_core.event_handler.log_command:Invoked command in '/home/bin1225/workspaces/ur_gz/build/ur_simulation_gz' returned '0': CMAKE_PREFIX_PATH=/home/bin1225/workspaces/ur_gz/install/ur_moveit_config:/home/bin1225/workspaces/ur_gz/install/ur_simulation_gz:/opt/ros/jazzy/opt/gz_sim_vendor:/opt/ros/jazzy/opt/gz_sensors_vendor:/opt/ros/jazzy/opt/gz_physics_vendor:/opt/ros/jazzy/opt/sdformat_vendor:/opt/ros/jazzy/opt/gz_gui_vendor:/opt/ros/jazzy/opt/gz_transport_vendor:/opt/ros/jazzy/opt/gz_rendering_vendor:/opt/ros/jazzy/opt/gz_plugin_vendor:/opt/ros/jazzy/opt/gz_fuel_tools_vendor:/opt/ros/jazzy/opt/gz_msgs_vendor:/opt/ros/jazzy/opt/gz_common_vendor:/opt/ros/jazzy/opt/gz_math_vendor:/opt/ros/jazzy/opt/gz_utils_vendor:/opt/ros/jazzy/opt/gz_tools_vendor:/opt/ros/jazzy/opt/gz_ogre_next_vendor:/opt/ros/jazzy/opt/gz_dartsim_vendor:/opt/ros/jazzy/opt/gz_cmake_vendor:/home/bin1225/workspaces/ur_gz/install/pick_and_place_pkg:/opt/ros/jazzy /usr/bin/cmake --build /home/bin1225/workspaces/ur_gz/build/ur_simulation_gz -- -j22 -l22
[1.006s] DEBUG:colcon.colcon_core.event_handler.log_command:Invoking command in '/home/bin1225/workspaces/ur_gz/build/ur_simulation_gz': CMAKE_PREFIX_PATH=/home/bin1225/workspaces/ur_gz/install/ur_moveit_config:/home/bin1225/workspaces/ur_gz/install/ur_simulation_gz:/opt/ros/jazzy/opt/gz_sim_vendor:/opt/ros/jazzy/opt/gz_sensors_vendor:/opt/ros/jazzy/opt/gz_physics_vendor:/opt/ros/jazzy/opt/sdformat_vendor:/opt/ros/jazzy/opt/gz_gui_vendor:/opt/ros/jazzy/opt/gz_transport_vendor:/opt/ros/jazzy/opt/gz_rendering_vendor:/opt/ros/jazzy/opt/gz_plugin_vendor:/opt/ros/jazzy/opt/gz_fuel_tools_vendor:/opt/ros/jazzy/opt/gz_msgs_vendor:/opt/ros/jazzy/opt/gz_common_vendor:/opt/ros/jazzy/opt/gz_math_vendor:/opt/ros/jazzy/opt/gz_utils_vendor:/opt/ros/jazzy/opt/gz_tools_vendor:/opt/ros/jazzy/opt/gz_ogre_next_vendor:/opt/ros/jazzy/opt/gz_dartsim_vendor:/opt/ros/jazzy/opt/gz_cmake_vendor:/home/bin1225/workspaces/ur_gz/install/pick_and_place_pkg:/opt/ros/jazzy /usr/bin/cmake --install /home/bin1225/workspaces/ur_gz/build/ur_simulation_gz
[1.036s] Level 1:colcon.colcon_core.environment:create_environment_scripts_only(ur_simulation_gz)
[1.037s] Level 1:colcon.colcon_core.environment:checking '/home/bin1225/workspaces/ur_gz/install/ur_simulation_gz' for CMake module files
[1.037s] DEBUG:colcon.colcon_core.event_handler.log_command:Invoked command in '/home/bin1225/workspaces/ur_gz/build/ur_simulation_gz' returned '0': CMAKE_PREFIX_PATH=/home/bin1225/workspaces/ur_gz/install/ur_moveit_config:/home/bin1225/workspaces/ur_gz/install/ur_simulation_gz:/opt/ros/jazzy/opt/gz_sim_vendor:/opt/ros/jazzy/opt/gz_sensors_vendor:/opt/ros/jazzy/opt/gz_physics_vendor:/opt/ros/jazzy/opt/sdformat_vendor:/opt/ros/jazzy/opt/gz_gui_vendor:/opt/ros/jazzy/opt/gz_transport_vendor:/opt/ros/jazzy/opt/gz_rendering_vendor:/opt/ros/jazzy/opt/gz_plugin_vendor:/opt/ros/jazzy/opt/gz_fuel_tools_vendor:/opt/ros/jazzy/opt/gz_msgs_vendor:/opt/ros/jazzy/opt/gz_common_vendor:/opt/ros/jazzy/opt/gz_math_vendor:/opt/ros/jazzy/opt/gz_utils_vendor:/opt/ros/jazzy/opt/gz_tools_vendor:/opt/ros/jazzy/opt/gz_ogre_next_vendor:/opt/ros/jazzy/opt/gz_dartsim_vendor:/opt/ros/jazzy/opt/gz_cmake_vendor:/home/bin1225/workspaces/ur_gz/install/pick_and_place_pkg:/opt/ros/jazzy /usr/bin/cmake --install /home/bin1225/workspaces/ur_gz/build/ur_simulation_gz
[1.038s] Level 1:colcon.colcon_core.environment:checking '/home/bin1225/workspaces/ur_gz/install/ur_simulation_gz' for CMake config files
[1.038s] Level 1:colcon.colcon_core.shell:create_environment_hook('ur_simulation_gz', 'cmake_prefix_path')
[1.038s] INFO:colcon.colcon_core.shell:Creating environment hook '/home/bin1225/workspaces/ur_gz/install/ur_simulation_gz/share/ur_simulation_gz/hook/cmake_prefix_path.ps1'
[1.039s] INFO:colcon.colcon_core.shell:Creating environment descriptor '/home/bin1225/workspaces/ur_gz/install/ur_simulation_gz/share/ur_simulation_gz/hook/cmake_prefix_path.dsv'
[1.039s] INFO:colcon.colcon_core.shell:Creating environment hook '/home/bin1225/workspaces/ur_gz/install/ur_simulation_gz/share/ur_simulation_gz/hook/cmake_prefix_path.sh'
[1.040s] Level 1:colcon.colcon_core.environment:checking '/home/bin1225/workspaces/ur_gz/install/ur_simulation_gz/bin'
[1.040s] Level 1:colcon.colcon_core.environment:checking '/home/bin1225/workspaces/ur_gz/install/ur_simulation_gz/lib/pkgconfig/ur_simulation_gz.pc'
[1.040s] Level 1:colcon.colcon_core.environment:checking '/home/bin1225/workspaces/ur_gz/install/ur_simulation_gz/lib/python3.12/site-packages'
[1.041s] Level 1:colcon.colcon_core.environment:checking '/home/bin1225/workspaces/ur_gz/install/ur_simulation_gz/bin'
[1.041s] INFO:colcon.colcon_core.shell:Creating package script '/home/bin1225/workspaces/ur_gz/install/ur_simulation_gz/share/ur_simulation_gz/package.ps1'
[1.042s] INFO:colcon.colcon_core.shell:Creating package descriptor '/home/bin1225/workspaces/ur_gz/install/ur_simulation_gz/share/ur_simulation_gz/package.dsv'
[1.042s] INFO:colcon.colcon_core.shell:Creating package script '/home/bin1225/workspaces/ur_gz/install/ur_simulation_gz/share/ur_simulation_gz/package.sh'
[1.042s] INFO:colcon.colcon_core.shell:Creating package script '/home/bin1225/workspaces/ur_gz/install/ur_simulation_gz/share/ur_simulation_gz/package.bash'
[1.043s] INFO:colcon.colcon_core.shell:Creating package script '/home/bin1225/workspaces/ur_gz/install/ur_simulation_gz/share/ur_simulation_gz/package.zsh'
[1.043s] Level 1:colcon.colcon_core.environment:create_file_with_runtime_dependencies(/home/bin1225/workspaces/ur_gz/install/ur_simulation_gz/share/colcon-core/packages/ur_simulation_gz)
[1.044s] Level 1:colcon.colcon_core.environment:create_environment_scripts_only(ur_simulation_gz)
[1.044s] Level 1:colcon.colcon_core.environment:checking '/home/bin1225/workspaces/ur_gz/install/ur_simulation_gz' for CMake module files
[1.045s] Level 1:colcon.colcon_core.environment:checking '/home/bin1225/workspaces/ur_gz/install/ur_simulation_gz' for CMake config files
[1.045s] Level 1:colcon.colcon_core.shell:create_environment_hook('ur_simulation_gz', 'cmake_prefix_path')
[1.045s] INFO:colcon.colcon_core.shell:Creating environment hook '/home/bin1225/workspaces/ur_gz/install/ur_simulation_gz/share/ur_simulation_gz/hook/cmake_prefix_path.ps1'
[1.046s] INFO:colcon.colcon_core.shell:Creating environment descriptor '/home/bin1225/workspaces/ur_gz/install/ur_simulation_gz/share/ur_simulation_gz/hook/cmake_prefix_path.dsv'
[1.047s] INFO:colcon.colcon_core.shell:Creating environment hook '/home/bin1225/workspaces/ur_gz/install/ur_simulation_gz/share/ur_simulation_gz/hook/cmake_prefix_path.sh'
[1.048s] Level 1:colcon.colcon_core.environment:checking '/home/bin1225/workspaces/ur_gz/install/ur_simulation_gz/bin'
[1.048s] Level 1:colcon.colcon_core.environment:checking '/home/bin1225/workspaces/ur_gz/install/ur_simulation_gz/lib/pkgconfig/ur_simulation_gz.pc'
[1.048s] Level 1:colcon.colcon_core.environment:checking '/home/bin1225/workspaces/ur_gz/install/ur_simulation_gz/lib/python3.12/site-packages'
[1.048s] Level 1:colcon.colcon_core.environment:checking '/home/bin1225/workspaces/ur_gz/install/ur_simulation_gz/bin'
[1.048s] INFO:colcon.colcon_core.shell:Creating package script '/home/bin1225/workspaces/ur_gz/install/ur_simulation_gz/share/ur_simulation_gz/package.ps1'
[1.049s] INFO:colcon.colcon_core.shell:Creating package descriptor '/home/bin1225/workspaces/ur_gz/install/ur_simulation_gz/share/ur_simulation_gz/package.dsv'
[1.050s] INFO:colcon.colcon_core.shell:Creating package script '/home/bin1225/workspaces/ur_gz/install/ur_simulation_gz/share/ur_simulation_gz/package.sh'
[1.050s] INFO:colcon.colcon_core.shell:Creating package script '/home/bin1225/workspaces/ur_gz/install/ur_simulation_gz/share/ur_simulation_gz/package.bash'
[1.051s] INFO:colcon.colcon_core.shell:Creating package script '/home/bin1225/workspaces/ur_gz/install/ur_simulation_gz/share/ur_simulation_gz/package.zsh'
[1.051s] Level 1:colcon.colcon_core.environment:create_file_with_runtime_dependencies(/home/bin1225/workspaces/ur_gz/install/ur_simulation_gz/share/colcon-core/packages/ur_simulation_gz)
[1.569s] DEBUG:colcon.colcon_core.event_handler.log_command:Invoking command in '/home/bin1225/workspaces/ur_gz/src/pick_and_place_pkg': PYTHONPATH=/home/bin1225/workspaces/ur_gz/build/pick_and_place_pkg/prefix_override:/usr/lib/python3/dist-packages/colcon_core/task/python/colcon_distutils_commands:/home/bin1225/workspaces/ur_gz/install/pick_and_place_pkg/lib/python3.12/site-packages:${PYTHONPATH} /usr/bin/python3 -W ignore:setup.py install is deprecated -W ignore:easy_install command is deprecated setup.py egg_info --egg-base ../../build/pick_and_place_pkg build --build-base /home/bin1225/workspaces/ur_gz/build/pick_and_place_pkg/build install --record /home/bin1225/workspaces/ur_gz/build/pick_and_place_pkg/install.log --single-version-externally-managed install_data
[2.212s] Level 1:colcon.colcon_core.environment:checking '/home/bin1225/workspaces/ur_gz/install/pick_and_place_pkg' for CMake module files
[2.213s] DEBUG:colcon.colcon_core.event_handler.log_command:Invoked command in '/home/bin1225/workspaces/ur_gz/src/pick_and_place_pkg' returned '0': PYTHONPATH=/home/bin1225/workspaces/ur_gz/build/pick_and_place_pkg/prefix_override:/usr/lib/python3/dist-packages/colcon_core/task/python/colcon_distutils_commands:/home/bin1225/workspaces/ur_gz/install/pick_and_place_pkg/lib/python3.12/site-packages:${PYTHONPATH} /usr/bin/python3 -W ignore:setup.py install is deprecated -W ignore:easy_install command is deprecated setup.py egg_info --egg-base ../../build/pick_and_place_pkg build --build-base /home/bin1225/workspaces/ur_gz/build/pick_and_place_pkg/build install --record /home/bin1225/workspaces/ur_gz/build/pick_and_place_pkg/install.log --single-version-externally-managed install_data
[2.214s] Level 1:colcon.colcon_core.environment:checking '/home/bin1225/workspaces/ur_gz/install/pick_and_place_pkg' for CMake config files
[2.215s] Level 1:colcon.colcon_core.environment:checking '/home/bin1225/workspaces/ur_gz/install/pick_and_place_pkg/lib'
[2.215s] Level 1:colcon.colcon_core.environment:checking '/home/bin1225/workspaces/ur_gz/install/pick_and_place_pkg/bin'
[2.215s] Level 1:colcon.colcon_core.environment:checking '/home/bin1225/workspaces/ur_gz/install/pick_and_place_pkg/lib/pkgconfig/pick_and_place_pkg.pc'
[2.215s] Level 1:colcon.colcon_core.environment:checking '/home/bin1225/workspaces/ur_gz/install/pick_and_place_pkg/lib/python3.12/site-packages'
[2.216s] Level 1:colcon.colcon_core.shell:create_environment_hook('pick_and_place_pkg', 'pythonpath')
[2.216s] INFO:colcon.colcon_core.shell:Creating environment hook '/home/bin1225/workspaces/ur_gz/install/pick_and_place_pkg/share/pick_and_place_pkg/hook/pythonpath.ps1'
[2.216s] INFO:colcon.colcon_core.shell:Creating environment descriptor '/home/bin1225/workspaces/ur_gz/install/pick_and_place_pkg/share/pick_and_place_pkg/hook/pythonpath.dsv'
[2.217s] INFO:colcon.colcon_core.shell:Creating environment hook '/home/bin1225/workspaces/ur_gz/install/pick_and_place_pkg/share/pick_and_place_pkg/hook/pythonpath.sh'
[2.218s] Level 1:colcon.colcon_core.environment:checking '/home/bin1225/workspaces/ur_gz/install/pick_and_place_pkg/bin'
[2.218s] Level 1:colcon.colcon_core.environment:create_environment_scripts_only(pick_and_place_pkg)
[2.218s] INFO:colcon.colcon_core.shell:Creating package script '/home/bin1225/workspaces/ur_gz/install/pick_and_place_pkg/share/pick_and_place_pkg/package.ps1'
[2.219s] INFO:colcon.colcon_core.shell:Creating package descriptor '/home/bin1225/workspaces/ur_gz/install/pick_and_place_pkg/share/pick_and_place_pkg/package.dsv'
[2.219s] INFO:colcon.colcon_core.shell:Creating package script '/home/bin1225/workspaces/ur_gz/install/pick_and_place_pkg/share/pick_and_place_pkg/package.sh'
[2.219s] INFO:colcon.colcon_core.shell:Creating package script '/home/bin1225/workspaces/ur_gz/install/pick_and_place_pkg/share/pick_and_place_pkg/package.bash'
[2.220s] INFO:colcon.colcon_core.shell:Creating package script '/home/bin1225/workspaces/ur_gz/install/pick_and_place_pkg/share/pick_and_place_pkg/package.zsh'
[2.220s] Level 1:colcon.colcon_core.environment:create_file_with_runtime_dependencies(/home/bin1225/workspaces/ur_gz/install/pick_and_place_pkg/share/colcon-core/packages/pick_and_place_pkg)
[10.311s] Level 1:colcon.colcon_core.environment:create_environment_scripts_only(move_test_cpp)
[10.311s] Level 1:colcon.colcon_core.environment:checking '/home/bin1225/workspaces/ur_gz/install/move_test_cpp' for CMake module files
[10.312s] DEBUG:colcon.colcon_core.event_handler.log_command:Invoked command in '/home/bin1225/workspaces/ur_gz/build/move_test_cpp' returned '2': CMAKE_PREFIX_PATH=${CMAKE_PREFIX_PATH}:/home/bin1225/workspaces/ur_gz/install/pick_and_place_pkg:/opt/ros/jazzy /usr/bin/cmake --build /home/bin1225/workspaces/ur_gz/build/move_test_cpp -- -j22 -l22
[10.312s] Level 1:colcon.colcon_core.environment:checking '/home/bin1225/workspaces/ur_gz/install/move_test_cpp' for CMake config files
[10.313s] Level 1:colcon.colcon_core.environment:checking '/home/bin1225/workspaces/ur_gz/install/move_test_cpp/bin'
[10.313s] Level 1:colcon.colcon_core.environment:checking '/home/bin1225/workspaces/ur_gz/install/move_test_cpp/lib/pkgconfig/move_test_cpp.pc'
[10.313s] Level 1:colcon.colcon_core.environment:checking '/home/bin1225/workspaces/ur_gz/install/move_test_cpp/lib/python3.12/site-packages'
[10.313s] Level 1:colcon.colcon_core.environment:checking '/home/bin1225/workspaces/ur_gz/install/move_test_cpp/bin'
[10.313s] INFO:colcon.colcon_core.shell:Creating package script '/home/bin1225/workspaces/ur_gz/install/move_test_cpp/share/move_test_cpp/package.ps1'
[10.314s] INFO:colcon.colcon_core.shell:Creating package descriptor '/home/bin1225/workspaces/ur_gz/install/move_test_cpp/share/move_test_cpp/package.dsv'
[10.314s] INFO:colcon.colcon_core.shell:Creating package script '/home/bin1225/workspaces/ur_gz/install/move_test_cpp/share/move_test_cpp/package.sh'
[10.315s] INFO:colcon.colcon_core.shell:Creating package script '/home/bin1225/workspaces/ur_gz/install/move_test_cpp/share/move_test_cpp/package.bash'
[10.315s] INFO:colcon.colcon_core.shell:Creating package script '/home/bin1225/workspaces/ur_gz/install/move_test_cpp/share/move_test_cpp/package.zsh'
[10.316s] Level 1:colcon.colcon_core.environment:create_file_with_runtime_dependencies(/home/bin1225/workspaces/ur_gz/install/move_test_cpp/share/colcon-core/packages/move_test_cpp)
[10.326s] DEBUG:colcon.colcon_parallel_executor.executor.parallel:closing loop
[10.327s] DEBUG:colcon.colcon_parallel_executor.executor.parallel:loop closed
[10.327s] DEBUG:colcon.colcon_parallel_executor.executor.parallel:run_until_complete finished with '2'
[10.327s] DEBUG:colcon.colcon_core.event_reactor:joining thread
[10.416s] INFO:colcon.colcon_core.plugin_system:Skipping extension 'colcon_notification.desktop_notification.notify_send': Could not find 'notify-send'
[10.417s] INFO:colcon.colcon_core.plugin_system:Skipping extension 'colcon_notification.desktop_notification.terminal_notifier': Not used on non-Darwin systems
[10.417s] INFO:colcon.colcon_core.plugin_system:Skipping extension 'colcon_notification.desktop_notification.win32': Not used on non-Windows systems
[10.417s] INFO:colcon.colcon_notification.desktop_notification:Sending desktop notification using 'notify2'
[10.420s] DEBUG:colcon.colcon_notification.desktop_notification.notify2:Failed to initialize notify2: org.freedesktop.DBus.Error.ServiceUnknown: The name org.freedesktop.Notifications was not provided by any .service files
[10.421s] DEBUG:colcon.colcon_core.event_reactor:joined thread
[10.421s] INFO:colcon.colcon_core.shell:Creating prefix script '/home/bin1225/workspaces/ur_gz/install/local_setup.ps1'
[10.423s] INFO:colcon.colcon_core.shell:Creating prefix util module '/home/bin1225/workspaces/ur_gz/install/_local_setup_util_ps1.py'
[10.424s] INFO:colcon.colcon_core.shell:Creating prefix chain script '/home/bin1225/workspaces/ur_gz/install/setup.ps1'
[10.426s] INFO:colcon.colcon_core.shell:Creating prefix script '/home/bin1225/workspaces/ur_gz/install/local_setup.sh'
[10.427s] INFO:colcon.colcon_core.shell:Creating prefix util module '/home/bin1225/workspaces/ur_gz/install/_local_setup_util_sh.py'
[10.428s] INFO:colcon.colcon_core.shell:Creating prefix chain script '/home/bin1225/workspaces/ur_gz/install/setup.sh'
[10.430s] INFO:colcon.colcon_core.shell:Creating prefix script '/home/bin1225/workspaces/ur_gz/install/local_setup.bash'
[10.431s] INFO:colcon.colcon_core.shell:Creating prefix chain script '/home/bin1225/workspaces/ur_gz/install/setup.bash'
[10.434s] INFO:colcon.colcon_core.shell:Creating prefix script '/home/bin1225/workspaces/ur_gz/install/local_setup.zsh'
[10.436s] INFO:colcon.colcon_core.shell:Creating prefix chain script '/home/bin1225/workspaces/ur_gz/install/setup.zsh'
