[1.144s] Invoking command in '/home/bin1225/workspaces/ur_gz/src/pick_and_place_pkg': PYTHONPATH=/home/bin1225/workspaces/ur_gz/build/pick_and_place_pkg/prefix_override:/usr/lib/python3/dist-packages/colcon_core/task/python/colcon_distutils_commands:/home/bin1225/workspaces/ur_gz/install/pick_and_place_pkg/lib/python3.12/site-packages:${PYTHONPATH} /usr/bin/python3 -W ignore:setup.py install is deprecated -W ignore:easy_install command is deprecated setup.py egg_info --egg-base ../../build/pick_and_place_pkg build --build-base /home/bin1225/workspaces/ur_gz/build/pick_and_place_pkg/build install --record /home/bin1225/workspaces/ur_gz/build/pick_and_place_pkg/install.log --single-version-externally-managed install_data
[1.507s] running egg_info
[1.537s] writing ../../build/pick_and_place_pkg/pick_and_place_pkg.egg-info/PKG-INFO
[1.537s] writing dependency_links to ../../build/pick_and_place_pkg/pick_and_place_pkg.egg-info/dependency_links.txt
[1.537s] writing entry points to ../../build/pick_and_place_pkg/pick_and_place_pkg.egg-info/entry_points.txt
[1.538s] writing requirements to ../../build/pick_and_place_pkg/pick_and_place_pkg.egg-info/requires.txt
[1.538s] writing top-level names to ../../build/pick_and_place_pkg/pick_and_place_pkg.egg-info/top_level.txt
[1.583s] reading manifest file '../../build/pick_and_place_pkg/pick_and_place_pkg.egg-info/SOURCES.txt'
[1.585s] writing manifest file '../../build/pick_and_place_pkg/pick_and_place_pkg.egg-info/SOURCES.txt'
[1.587s] running build
[1.587s] running build_py
[1.587s] copying pick_and_place_pkg/move_test.py -> /home/bin1225/workspaces/ur_gz/build/pick_and_place_pkg/build/lib/pick_and_place_pkg
[1.587s] running install
[1.598s] running install_lib
[1.623s] copying /home/bin1225/workspaces/ur_gz/build/pick_and_place_pkg/build/lib/pick_and_place_pkg/move_test.py -> /home/bin1225/workspaces/ur_gz/install/pick_and_place_pkg/lib/python3.12/site-packages/pick_and_place_pkg
[1.624s] byte-compiling /home/bin1225/workspaces/ur_gz/install/pick_and_place_pkg/lib/python3.12/site-packages/pick_and_place_pkg/move_test.py to move_test.cpython-312.pyc
[1.629s] running install_data
[1.629s] running install_egg_info
[1.649s] removing '/home/bin1225/workspaces/ur_gz/install/pick_and_place_pkg/lib/python3.12/site-packages/pick_and_place_pkg-0.0.1-py3.12.egg-info' (and everything under it)
[1.650s] Copying ../../build/pick_and_place_pkg/pick_and_place_pkg.egg-info to /home/bin1225/workspaces/ur_gz/install/pick_and_place_pkg/lib/python3.12/site-packages/pick_and_place_pkg-0.0.1-py3.12.egg-info
[1.652s] running install_scripts
[1.834s] Installing move_test script to /home/bin1225/workspaces/ur_gz/install/pick_and_place_pkg/lib/pick_and_place_pkg
[1.835s] Installing pick_and_place script to /home/bin1225/workspaces/ur_gz/install/pick_and_place_pkg/lib/pick_and_place_pkg
[1.836s] writing list of installed files to '/home/bin1225/workspaces/ur_gz/build/pick_and_place_pkg/install.log'
[1.882s] Invoked command in '/home/bin1225/workspaces/ur_gz/src/pick_and_place_pkg' returned '0': PYTHONPATH=/home/bin1225/workspaces/ur_gz/build/pick_and_place_pkg/prefix_override:/usr/lib/python3/dist-packages/colcon_core/task/python/colcon_distutils_commands:/home/bin1225/workspaces/ur_gz/install/pick_and_place_pkg/lib/python3.12/site-packages:${PYTHONPATH} /usr/bin/python3 -W ignore:setup.py install is deprecated -W ignore:easy_install command is deprecated setup.py egg_info --egg-base ../../build/pick_and_place_pkg build --build-base /home/bin1225/workspaces/ur_gz/build/pick_and_place_pkg/build install --record /home/bin1225/workspaces/ur_gz/build/pick_and_place_pkg/install.log --single-version-externally-managed install_data
