[0.678s] Invoking command in '/home/bin1225/workspaces/ur_gz/src/pick_and_place_pkg': PYTHONPATH=/home/bin1225/workspaces/ur_gz/build/pick_and_place_pkg/prefix_override:/usr/lib/python3/dist-packages/colcon_core/task/python/colcon_distutils_commands:/home/bin1225/workspaces/ur_gz/install/pick_and_place_pkg/lib/python3.12/site-packages:${PYTHONPATH} /usr/bin/python3 -W ignore:setup.py install is deprecated -W ignore:easy_install command is deprecated setup.py egg_info --egg-base ../../build/pick_and_place_pkg build --build-base /home/bin1225/workspaces/ur_gz/build/pick_and_place_pkg/build install --record /home/bin1225/workspaces/ur_gz/build/pick_and_place_pkg/install.log --single-version-externally-managed install_data
[0.909s] running egg_info
[0.922s] writing ../../build/pick_and_place_pkg/pick_and_place_pkg.egg-info/PKG-INFO
[0.922s] writing dependency_links to ../../build/pick_and_place_pkg/pick_and_place_pkg.egg-info/dependency_links.txt
[0.923s] writing entry points to ../../build/pick_and_place_pkg/pick_and_place_pkg.egg-info/entry_points.txt
[0.923s] writing requirements to ../../build/pick_and_place_pkg/pick_and_place_pkg.egg-info/requires.txt
[0.923s] writing top-level names to ../../build/pick_and_place_pkg/pick_and_place_pkg.egg-info/top_level.txt
[0.954s] reading manifest file '../../build/pick_and_place_pkg/pick_and_place_pkg.egg-info/SOURCES.txt'
[0.954s] writing manifest file '../../build/pick_and_place_pkg/pick_and_place_pkg.egg-info/SOURCES.txt'
[0.955s] running build
[0.955s] running build_py
[0.955s] running install
[0.959s] running install_lib
[0.973s] running install_data
[0.973s] running install_egg_info
[0.988s] removing '/home/bin1225/workspaces/ur_gz/install/pick_and_place_pkg/lib/python3.12/site-packages/pick_and_place_pkg-0.0.1-py3.12.egg-info' (and everything under it)
[0.989s] Copying ../../build/pick_and_place_pkg/pick_and_place_pkg.egg-info to /home/bin1225/workspaces/ur_gz/install/pick_and_place_pkg/lib/python3.12/site-packages/pick_and_place_pkg-0.0.1-py3.12.egg-info
[0.990s] running install_scripts
[1.099s] Installing move_test script to /home/bin1225/workspaces/ur_gz/install/pick_and_place_pkg/lib/pick_and_place_pkg
[1.099s] Installing pick_and_place script to /home/bin1225/workspaces/ur_gz/install/pick_and_place_pkg/lib/pick_and_place_pkg
[1.099s] writing list of installed files to '/home/bin1225/workspaces/ur_gz/build/pick_and_place_pkg/install.log'
[1.126s] Invoked command in '/home/bin1225/workspaces/ur_gz/src/pick_and_place_pkg' returned '0': PYTHONPATH=/home/bin1225/workspaces/ur_gz/build/pick_and_place_pkg/prefix_override:/usr/lib/python3/dist-packages/colcon_core/task/python/colcon_distutils_commands:/home/bin1225/workspaces/ur_gz/install/pick_and_place_pkg/lib/python3.12/site-packages:${PYTHONPATH} /usr/bin/python3 -W ignore:setup.py install is deprecated -W ignore:easy_install command is deprecated setup.py egg_info --egg-base ../../build/pick_and_place_pkg build --build-base /home/bin1225/workspaces/ur_gz/build/pick_and_place_pkg/build install --record /home/bin1225/workspaces/ur_gz/build/pick_and_place_pkg/install.log --single-version-externally-managed install_data
