[0.188s] DEBUG:colcon:Command line arguments: ['/usr/bin/colcon', 'build']
[0.188s] DEBUG:colcon:Parsed command line arguments: Namespace(log_base=None, log_level=None, verb_name='build', build_base='build', install_base='install', merge_install=False, symlink_install=False, test_result_base=None, continue_on_error=False, executor='parallel', parallel_workers=22, event_handlers=None, ignore_user_meta=False, metas=['./colcon.meta'], base_paths=['.'], packages_ignore=None, packages_ignore_regex=None, paths=None, packages_up_to=None, packages_up_to_regex=None, packages_above=None, packages_above_and_dependencies=None, packages_above_depth=None, packages_select_by_dep=None, packages_skip_by_dep=None, packages_skip_up_to=None, packages_select_build_failed=False, packages_skip_build_finished=False, packages_select_test_failures=False, packages_skip_test_passed=False, packages_select=None, packages_skip=None, packages_select_regex=None, packages_skip_regex=None, packages_start=None, packages_end=None, allow_overriding=[], cmake_args=None, cmake_target=None, cmake_target_skip_unavailable=False, cmake_clean_cache=False, cmake_clean_first=False, cmake_force_configure=False, ament_cmake_args=None, catkin_cmake_args=None, catkin_skip_building_tests=False, mixin_files=None, mixin=None, verb_parser=<colcon_mixin.mixin.mixin_argument.MixinArgumentDecorator object at 0x7f24d60c1df0>, verb_extension=<colcon_core.verb.build.BuildVerb object at 0x7f24d60c1a00>, main=<bound method BuildVerb.main of <colcon_core.verb.build.BuildVerb object at 0x7f24d60c1a00>>, mixin_verb=('build',))
[0.229s] Level 1:colcon.colcon_core.package_discovery:discover_packages(colcon_meta) check parameters
[0.229s] Level 1:colcon.colcon_core.package_discovery:discover_packages(recursive) check parameters
[0.229s] Level 1:colcon.colcon_core.package_discovery:discover_packages(ignore) check parameters
[0.229s] Level 1:colcon.colcon_core.package_discovery:discover_packages(path) check parameters
[0.229s] Level 1:colcon.colcon_core.package_discovery:discover_packages(colcon_meta) discover
[0.229s] Level 1:colcon.colcon_core.package_discovery:discover_packages(recursive) discover
[0.229s] INFO:colcon.colcon_core.package_discovery:Crawling recursively for packages in '/home/bin1225/workspaces/ur_gz/src'
[0.229s] Level 1:colcon.colcon_core.package_identification:_identify(.) by extensions ['ignore', 'ignore_ament_install']
[0.230s] Level 1:colcon.colcon_core.package_identification:_identify(.) by extension 'ignore'
[0.230s] Level 1:colcon.colcon_core.package_identification:_identify(.) by extension 'ignore_ament_install'
[0.230s] Level 1:colcon.colcon_core.package_identification:_identify(.) by extensions ['colcon_pkg']
[0.230s] Level 1:colcon.colcon_core.package_identification:_identify(.) by extension 'colcon_pkg'
[0.230s] Level 1:colcon.colcon_core.package_identification:_identify(.) by extensions ['colcon_meta']
[0.230s] Level 1:colcon.colcon_core.package_identification:_identify(.) by extension 'colcon_meta'
[0.230s] Level 1:colcon.colcon_core.package_identification:_identify(.) by extensions ['ros']
[0.230s] Level 1:colcon.colcon_core.package_identification:_identify(.) by extension 'ros'
[0.252s] Level 1:colcon.colcon_core.package_identification:_identify(.) by extensions ['cmake', 'python']
[0.252s] Level 1:colcon.colcon_core.package_identification:_identify(.) by extension 'cmake'
[0.252s] Level 1:colcon.colcon_core.package_identification:_identify(.) by extension 'python'
[0.252s] Level 1:colcon.colcon_core.package_identification:_identify(.) by extensions ['python_setup_py']
[0.252s] Level 1:colcon.colcon_core.package_identification:_identify(.) by extension 'python_setup_py'
[0.252s] Level 1:colcon.colcon_core.package_identification:_identify(build) by extensions ['ignore', 'ignore_ament_install']
[0.252s] Level 1:colcon.colcon_core.package_identification:_identify(build) by extension 'ignore'
[0.252s] Level 1:colcon.colcon_core.package_identification:_identify(build) ignored
[0.253s] Level 1:colcon.colcon_core.package_identification:_identify(install) by extensions ['ignore', 'ignore_ament_install']
[0.253s] Level 1:colcon.colcon_core.package_identification:_identify(install) by extension 'ignore'
[0.253s] Level 1:colcon.colcon_core.package_identification:_identify(install) ignored
[0.253s] Level 1:colcon.colcon_core.package_identification:_identify(log) by extensions ['ignore', 'ignore_ament_install']
[0.253s] Level 1:colcon.colcon_core.package_identification:_identify(log) by extension 'ignore'
[0.253s] Level 1:colcon.colcon_core.package_identification:_identify(log) ignored
[0.253s] Level 1:colcon.colcon_core.package_identification:_identify(move_test_cpp) by extensions ['ignore', 'ignore_ament_install']
[0.253s] Level 1:colcon.colcon_core.package_identification:_identify(move_test_cpp) by extension 'ignore'
[0.253s] Level 1:colcon.colcon_core.package_identification:_identify(move_test_cpp) by extension 'ignore_ament_install'
[0.253s] Level 1:colcon.colcon_core.package_identification:_identify(move_test_cpp) by extensions ['colcon_pkg']
[0.253s] Level 1:colcon.colcon_core.package_identification:_identify(move_test_cpp) by extension 'colcon_pkg'
[0.253s] Level 1:colcon.colcon_core.package_identification:_identify(move_test_cpp) by extensions ['colcon_meta']
[0.253s] Level 1:colcon.colcon_core.package_identification:_identify(move_test_cpp) by extension 'colcon_meta'
[0.253s] Level 1:colcon.colcon_core.package_identification:_identify(move_test_cpp) by extensions ['ros']
[0.253s] Level 1:colcon.colcon_core.package_identification:_identify(move_test_cpp) by extension 'ros'
[0.255s] DEBUG:colcon.colcon_core.package_identification:Package 'move_test_cpp' with type 'ros.ament_cmake' and name 'move_test_cpp'
[0.255s] Level 1:colcon.colcon_core.package_identification:_identify(pick_and_place_pkg) by extensions ['ignore', 'ignore_ament_install']
[0.255s] Level 1:colcon.colcon_core.package_identification:_identify(pick_and_place_pkg) by extension 'ignore'
[0.255s] Level 1:colcon.colcon_core.package_identification:_identify(pick_and_place_pkg) by extension 'ignore_ament_install'
[0.255s] Level 1:colcon.colcon_core.package_identification:_identify(pick_and_place_pkg) by extensions ['colcon_pkg']
[0.255s] Level 1:colcon.colcon_core.package_identification:_identify(pick_and_place_pkg) by extension 'colcon_pkg'
[0.255s] Level 1:colcon.colcon_core.package_identification:_identify(pick_and_place_pkg) by extensions ['colcon_meta']
[0.255s] Level 1:colcon.colcon_core.package_identification:_identify(pick_and_place_pkg) by extension 'colcon_meta'
[0.255s] Level 1:colcon.colcon_core.package_identification:_identify(pick_and_place_pkg) by extensions ['ros']
[0.255s] Level 1:colcon.colcon_core.package_identification:_identify(pick_and_place_pkg) by extension 'ros'
[0.255s] DEBUG:colcon.colcon_core.package_identification:Package 'pick_and_place_pkg' with type 'ros.ament_python' and name 'pick_and_place_pkg'
[0.255s] Level 1:colcon.colcon_core.package_identification:_identify(ur_moveit_config) by extensions ['ignore', 'ignore_ament_install']
[0.256s] Level 1:colcon.colcon_core.package_identification:_identify(ur_moveit_config) by extension 'ignore'
[0.256s] Level 1:colcon.colcon_core.package_identification:_identify(ur_moveit_config) by extension 'ignore_ament_install'
[0.256s] Level 1:colcon.colcon_core.package_identification:_identify(ur_moveit_config) by extensions ['colcon_pkg']
[0.256s] Level 1:colcon.colcon_core.package_identification:_identify(ur_moveit_config) by extension 'colcon_pkg'
[0.256s] Level 1:colcon.colcon_core.package_identification:_identify(ur_moveit_config) by extensions ['colcon_meta']
[0.256s] Level 1:colcon.colcon_core.package_identification:_identify(ur_moveit_config) by extension 'colcon_meta'
[0.256s] Level 1:colcon.colcon_core.package_identification:_identify(ur_moveit_config) by extensions ['ros']
[0.256s] Level 1:colcon.colcon_core.package_identification:_identify(ur_moveit_config) by extension 'ros'
[0.256s] DEBUG:colcon.colcon_core.package_identification:Package 'ur_moveit_config' with type 'ros.ament_cmake' and name 'ur_moveit_config'
[0.256s] Level 1:colcon.colcon_core.package_identification:_identify(ur_simulation_gz) by extensions ['ignore', 'ignore_ament_install']
[0.256s] Level 1:colcon.colcon_core.package_identification:_identify(ur_simulation_gz) by extension 'ignore'
[0.256s] Level 1:colcon.colcon_core.package_identification:_identify(ur_simulation_gz) by extension 'ignore_ament_install'
[0.256s] Level 1:colcon.colcon_core.package_identification:_identify(ur_simulation_gz) by extensions ['colcon_pkg']
[0.256s] Level 1:colcon.colcon_core.package_identification:_identify(ur_simulation_gz) by extension 'colcon_pkg'
[0.256s] Level 1:colcon.colcon_core.package_identification:_identify(ur_simulation_gz) by extensions ['colcon_meta']
[0.257s] Level 1:colcon.colcon_core.package_identification:_identify(ur_simulation_gz) by extension 'colcon_meta'
[0.257s] Level 1:colcon.colcon_core.package_identification:_identify(ur_simulation_gz) by extensions ['ros']
[0.257s] Level 1:colcon.colcon_core.package_identification:_identify(ur_simulation_gz) by extension 'ros'
[0.257s] Level 1:colcon.colcon_core.package_identification:_identify(ur_simulation_gz) by extensions ['cmake', 'python']
[0.257s] Level 1:colcon.colcon_core.package_identification:_identify(ur_simulation_gz) by extension 'cmake'
[0.257s] Level 1:colcon.colcon_core.package_identification:_identify(ur_simulation_gz) by extension 'python'
[0.257s] Level 1:colcon.colcon_core.package_identification:_identify(ur_simulation_gz) by extensions ['python_setup_py']
[0.257s] Level 1:colcon.colcon_core.package_identification:_identify(ur_simulation_gz) by extension 'python_setup_py'
[0.258s] Level 1:colcon.colcon_core.package_identification:_identify(ur_simulation_gz/ur_simulation_gz) by extensions ['ignore', 'ignore_ament_install']
[0.258s] Level 1:colcon.colcon_core.package_identification:_identify(ur_simulation_gz/ur_simulation_gz) by extension 'ignore'
[0.258s] Level 1:colcon.colcon_core.package_identification:_identify(ur_simulation_gz/ur_simulation_gz) by extension 'ignore_ament_install'
[0.258s] Level 1:colcon.colcon_core.package_identification:_identify(ur_simulation_gz/ur_simulation_gz) by extensions ['colcon_pkg']
[0.258s] Level 1:colcon.colcon_core.package_identification:_identify(ur_simulation_gz/ur_simulation_gz) by extension 'colcon_pkg'
[0.258s] Level 1:colcon.colcon_core.package_identification:_identify(ur_simulation_gz/ur_simulation_gz) by extensions ['colcon_meta']
[0.258s] Level 1:colcon.colcon_core.package_identification:_identify(ur_simulation_gz/ur_simulation_gz) by extension 'colcon_meta'
[0.259s] Level 1:colcon.colcon_core.package_identification:_identify(ur_simulation_gz/ur_simulation_gz) by extensions ['ros']
[0.259s] Level 1:colcon.colcon_core.package_identification:_identify(ur_simulation_gz/ur_simulation_gz) by extension 'ros'
[0.260s] DEBUG:colcon.colcon_core.package_identification:Package 'ur_simulation_gz/ur_simulation_gz' with type 'ros.ament_cmake' and name 'ur_simulation_gz'
[0.260s] Level 1:colcon.colcon_core.package_discovery:discover_packages(recursive) using defaults
[0.261s] Level 1:colcon.colcon_core.package_discovery:discover_packages(ignore) discover
[0.261s] Level 1:colcon.colcon_core.package_discovery:discover_packages(ignore) using defaults
[0.261s] Level 1:colcon.colcon_core.package_discovery:discover_packages(path) discover
[0.261s] Level 1:colcon.colcon_core.package_discovery:discover_packages(path) using defaults
[0.276s] Level 1:colcon.colcon_core.package_discovery:discover_packages(prefix_path) check parameters
[0.276s] Level 1:colcon.colcon_core.package_discovery:discover_packages(prefix_path) discover
[0.278s] DEBUG:colcon.colcon_installed_package_information.package_discovery:Found 4 installed packages in /home/bin1225/workspaces/ur_gz/install
[0.280s] DEBUG:colcon.colcon_installed_package_information.package_discovery:Found 408 installed packages in /opt/ros/jazzy
[0.282s] Level 1:colcon.colcon_core.package_discovery:discover_packages(prefix_path) using defaults
[0.321s] Level 5:colcon.colcon_core.verb:set package 'move_test_cpp' build argument 'cmake_args' from command line to 'None'
[0.321s] Level 5:colcon.colcon_core.verb:set package 'move_test_cpp' build argument 'cmake_target' from command line to 'None'
[0.321s] Level 5:colcon.colcon_core.verb:set package 'move_test_cpp' build argument 'cmake_target_skip_unavailable' from command line to 'False'
[0.321s] Level 5:colcon.colcon_core.verb:set package 'move_test_cpp' build argument 'cmake_clean_cache' from command line to 'False'
[0.321s] Level 5:colcon.colcon_core.verb:set package 'move_test_cpp' build argument 'cmake_clean_first' from command line to 'False'
[0.321s] Level 5:colcon.colcon_core.verb:set package 'move_test_cpp' build argument 'cmake_force_configure' from command line to 'False'
[0.321s] Level 5:colcon.colcon_core.verb:set package 'move_test_cpp' build argument 'ament_cmake_args' from command line to 'None'
[0.321s] Level 5:colcon.colcon_core.verb:set package 'move_test_cpp' build argument 'catkin_cmake_args' from command line to 'None'
[0.321s] Level 5:colcon.colcon_core.verb:set package 'move_test_cpp' build argument 'catkin_skip_building_tests' from command line to 'False'
[0.321s] DEBUG:colcon.colcon_core.verb:Building package 'move_test_cpp' with the following arguments: {'ament_cmake_args': None, 'build_base': '/home/bin1225/workspaces/ur_gz/src/build/move_test_cpp', 'catkin_cmake_args': None, 'catkin_skip_building_tests': False, 'cmake_args': None, 'cmake_clean_cache': False, 'cmake_clean_first': False, 'cmake_force_configure': False, 'cmake_target': None, 'cmake_target_skip_unavailable': False, 'install_base': '/home/bin1225/workspaces/ur_gz/src/install/move_test_cpp', 'merge_install': False, 'path': '/home/bin1225/workspaces/ur_gz/src/move_test_cpp', 'symlink_install': False, 'test_result_base': None}
[0.321s] Level 5:colcon.colcon_core.verb:set package 'pick_and_place_pkg' build argument 'cmake_args' from command line to 'None'
[0.321s] Level 5:colcon.colcon_core.verb:set package 'pick_and_place_pkg' build argument 'cmake_target' from command line to 'None'
[0.321s] Level 5:colcon.colcon_core.verb:set package 'pick_and_place_pkg' build argument 'cmake_target_skip_unavailable' from command line to 'False'
[0.321s] Level 5:colcon.colcon_core.verb:set package 'pick_and_place_pkg' build argument 'cmake_clean_cache' from command line to 'False'
[0.321s] Level 5:colcon.colcon_core.verb:set package 'pick_and_place_pkg' build argument 'cmake_clean_first' from command line to 'False'
[0.321s] Level 5:colcon.colcon_core.verb:set package 'pick_and_place_pkg' build argument 'cmake_force_configure' from command line to 'False'
[0.321s] Level 5:colcon.colcon_core.verb:set package 'pick_and_place_pkg' build argument 'ament_cmake_args' from command line to 'None'
[0.321s] Level 5:colcon.colcon_core.verb:set package 'pick_and_place_pkg' build argument 'catkin_cmake_args' from command line to 'None'
[0.321s] Level 5:colcon.colcon_core.verb:set package 'pick_and_place_pkg' build argument 'catkin_skip_building_tests' from command line to 'False'
[0.321s] DEBUG:colcon.colcon_core.verb:Building package 'pick_and_place_pkg' with the following arguments: {'ament_cmake_args': None, 'build_base': '/home/bin1225/workspaces/ur_gz/src/build/pick_and_place_pkg', 'catkin_cmake_args': None, 'catkin_skip_building_tests': False, 'cmake_args': None, 'cmake_clean_cache': False, 'cmake_clean_first': False, 'cmake_force_configure': False, 'cmake_target': None, 'cmake_target_skip_unavailable': False, 'install_base': '/home/bin1225/workspaces/ur_gz/src/install/pick_and_place_pkg', 'merge_install': False, 'path': '/home/bin1225/workspaces/ur_gz/src/pick_and_place_pkg', 'symlink_install': False, 'test_result_base': None}
[0.321s] Level 5:colcon.colcon_core.verb:set package 'ur_moveit_config' build argument 'cmake_args' from command line to 'None'
[0.322s] Level 5:colcon.colcon_core.verb:set package 'ur_moveit_config' build argument 'cmake_target' from command line to 'None'
[0.322s] Level 5:colcon.colcon_core.verb:set package 'ur_moveit_config' build argument 'cmake_target_skip_unavailable' from command line to 'False'
[0.322s] Level 5:colcon.colcon_core.verb:set package 'ur_moveit_config' build argument 'cmake_clean_cache' from command line to 'False'
[0.322s] Level 5:colcon.colcon_core.verb:set package 'ur_moveit_config' build argument 'cmake_clean_first' from command line to 'False'
[0.322s] Level 5:colcon.colcon_core.verb:set package 'ur_moveit_config' build argument 'cmake_force_configure' from command line to 'False'
[0.322s] Level 5:colcon.colcon_core.verb:set package 'ur_moveit_config' build argument 'ament_cmake_args' from command line to 'None'
[0.322s] Level 5:colcon.colcon_core.verb:set package 'ur_moveit_config' build argument 'catkin_cmake_args' from command line to 'None'
[0.322s] Level 5:colcon.colcon_core.verb:set package 'ur_moveit_config' build argument 'catkin_skip_building_tests' from command line to 'False'
[0.322s] DEBUG:colcon.colcon_core.verb:Building package 'ur_moveit_config' with the following arguments: {'ament_cmake_args': None, 'build_base': '/home/bin1225/workspaces/ur_gz/src/build/ur_moveit_config', 'catkin_cmake_args': None, 'catkin_skip_building_tests': False, 'cmake_args': None, 'cmake_clean_cache': False, 'cmake_clean_first': False, 'cmake_force_configure': False, 'cmake_target': None, 'cmake_target_skip_unavailable': False, 'install_base': '/home/bin1225/workspaces/ur_gz/src/install/ur_moveit_config', 'merge_install': False, 'path': '/home/bin1225/workspaces/ur_gz/src/ur_moveit_config', 'symlink_install': False, 'test_result_base': None}
[0.322s] Level 5:colcon.colcon_core.verb:set package 'ur_simulation_gz' build argument 'cmake_args' from command line to 'None'
[0.322s] Level 5:colcon.colcon_core.verb:set package 'ur_simulation_gz' build argument 'cmake_target' from command line to 'None'
[0.322s] Level 5:colcon.colcon_core.verb:set package 'ur_simulation_gz' build argument 'cmake_target_skip_unavailable' from command line to 'False'
[0.322s] Level 5:colcon.colcon_core.verb:set package 'ur_simulation_gz' build argument 'cmake_clean_cache' from command line to 'False'
[0.322s] Level 5:colcon.colcon_core.verb:set package 'ur_simulation_gz' build argument 'cmake_clean_first' from command line to 'False'
[0.322s] Level 5:colcon.colcon_core.verb:set package 'ur_simulation_gz' build argument 'cmake_force_configure' from command line to 'False'
[0.322s] Level 5:colcon.colcon_core.verb:set package 'ur_simulation_gz' build argument 'ament_cmake_args' from command line to 'None'
[0.322s] Level 5:colcon.colcon_core.verb:set package 'ur_simulation_gz' build argument 'catkin_cmake_args' from command line to 'None'
[0.322s] Level 5:colcon.colcon_core.verb:set package 'ur_simulation_gz' build argument 'catkin_skip_building_tests' from command line to 'False'
[0.322s] DEBUG:colcon.colcon_core.verb:Building package 'ur_simulation_gz' with the following arguments: {'ament_cmake_args': None, 'build_base': '/home/bin1225/workspaces/ur_gz/src/build/ur_simulation_gz', 'catkin_cmake_args': None, 'catkin_skip_building_tests': False, 'cmake_args': None, 'cmake_clean_cache': False, 'cmake_clean_first': False, 'cmake_force_configure': False, 'cmake_target': None, 'cmake_target_skip_unavailable': False, 'install_base': '/home/bin1225/workspaces/ur_gz/src/install/ur_simulation_gz', 'merge_install': False, 'path': '/home/bin1225/workspaces/ur_gz/src/ur_simulation_gz/ur_simulation_gz', 'symlink_install': False, 'test_result_base': None}
[0.322s] INFO:colcon.colcon_core.executor:Executing jobs using 'parallel' executor
[0.324s] DEBUG:colcon.colcon_parallel_executor.executor.parallel:run_until_complete
[0.324s] INFO:colcon.colcon_ros.task.ament_cmake.build:Building ROS package in '/home/bin1225/workspaces/ur_gz/src/ur_moveit_config' with build type 'ament_cmake'
[0.324s] INFO:colcon.colcon_cmake.task.cmake.build:Building CMake package in '/home/bin1225/workspaces/ur_gz/src/ur_moveit_config'
[0.327s] INFO:colcon.colcon_core.plugin_system:Skipping extension 'colcon_core.shell.bat': Not used on non-Windows systems
[0.327s] INFO:colcon.colcon_core.shell:Skip shell extension 'powershell' for command environment: Not usable outside of PowerShell
[0.327s] DEBUG:colcon.colcon_core.shell:Skip shell extension 'dsv' for command environment
[0.330s] INFO:colcon.colcon_ros.task.ament_cmake.build:Building ROS package in '/home/bin1225/workspaces/ur_gz/src/move_test_cpp' with build type 'ament_cmake'
[0.330s] INFO:colcon.colcon_cmake.task.cmake.build:Building CMake package in '/home/bin1225/workspaces/ur_gz/src/move_test_cpp'
[0.330s] INFO:colcon.colcon_core.shell:Skip shell extension 'powershell' for command environment: Not usable outside of PowerShell
[0.330s] DEBUG:colcon.colcon_core.shell:Skip shell extension 'dsv' for command environment
[0.333s] INFO:colcon.colcon_ros.task.ament_python.build:Building ROS package in '/home/bin1225/workspaces/ur_gz/src/pick_and_place_pkg' with build type 'ament_python'
[0.333s] Level 1:colcon.colcon_core.shell:create_environment_hook('pick_and_place_pkg', 'ament_prefix_path')
[0.334s] INFO:colcon.colcon_core.shell:Creating environment hook '/home/bin1225/workspaces/ur_gz/src/install/pick_and_place_pkg/share/pick_and_place_pkg/hook/ament_prefix_path.ps1'
[0.335s] INFO:colcon.colcon_core.shell:Creating environment descriptor '/home/bin1225/workspaces/ur_gz/src/install/pick_and_place_pkg/share/pick_and_place_pkg/hook/ament_prefix_path.dsv'
[0.335s] INFO:colcon.colcon_core.shell:Creating environment hook '/home/bin1225/workspaces/ur_gz/src/install/pick_and_place_pkg/share/pick_and_place_pkg/hook/ament_prefix_path.sh'
[0.336s] INFO:colcon.colcon_core.shell:Skip shell extension 'powershell' for command environment: Not usable outside of PowerShell
[0.336s] DEBUG:colcon.colcon_core.shell:Skip shell extension 'dsv' for command environment
[0.343s] DEBUG:colcon.colcon_core.event_handler.log_command:Invoking command in '/home/bin1225/workspaces/ur_gz/src/build/ur_moveit_config': CMAKE_PREFIX_PATH=${CMAKE_PREFIX_PATH}:/home/bin1225/workspaces/ur_gz/install/pick_and_place_pkg:/opt/ros/jazzy /usr/bin/cmake --build /home/bin1225/workspaces/ur_gz/src/build/ur_moveit_config -- -j22 -l22
[0.348s] DEBUG:colcon.colcon_core.event_handler.log_command:Invoking command in '/home/bin1225/workspaces/ur_gz/src/build/move_test_cpp': CMAKE_PREFIX_PATH=${CMAKE_PREFIX_PATH}:/home/bin1225/workspaces/ur_gz/install/pick_and_place_pkg:/opt/ros/jazzy /usr/bin/cmake --build /home/bin1225/workspaces/ur_gz/src/build/move_test_cpp -- -j22 -l22
[0.547s] INFO:colcon.colcon_core.task.python.build:Building Python package in '/home/bin1225/workspaces/ur_gz/src/pick_and_place_pkg'
[0.548s] INFO:colcon.colcon_core.shell:Skip shell extension 'powershell' for command environment: Not usable outside of PowerShell
[0.548s] DEBUG:colcon.colcon_core.shell:Skip shell extension 'dsv' for command environment
[0.552s] DEBUG:colcon.colcon_core.event_handler.log_command:Invoked command in '/home/bin1225/workspaces/ur_gz/src/build/ur_moveit_config' returned '0': CMAKE_PREFIX_PATH=${CMAKE_PREFIX_PATH}:/home/bin1225/workspaces/ur_gz/install/pick_and_place_pkg:/opt/ros/jazzy /usr/bin/cmake --build /home/bin1225/workspaces/ur_gz/src/build/ur_moveit_config -- -j22 -l22
[0.559s] DEBUG:colcon.colcon_core.event_handler.log_command:Invoking command in '/home/bin1225/workspaces/ur_gz/src/build/ur_moveit_config': CMAKE_PREFIX_PATH=${CMAKE_PREFIX_PATH}:/home/bin1225/workspaces/ur_gz/install/pick_and_place_pkg:/opt/ros/jazzy /usr/bin/cmake --install /home/bin1225/workspaces/ur_gz/src/build/ur_moveit_config
[0.569s] Level 1:colcon.colcon_core.environment:create_environment_scripts_only(ur_moveit_config)
[0.569s] DEBUG:colcon.colcon_core.event_handler.log_command:Invoked command in '/home/bin1225/workspaces/ur_gz/src/build/ur_moveit_config' returned '0': CMAKE_PREFIX_PATH=${CMAKE_PREFIX_PATH}:/home/bin1225/workspaces/ur_gz/install/pick_and_place_pkg:/opt/ros/jazzy /usr/bin/cmake --install /home/bin1225/workspaces/ur_gz/src/build/ur_moveit_config
[0.571s] Level 1:colcon.colcon_core.environment:checking '/home/bin1225/workspaces/ur_gz/src/install/ur_moveit_config' for CMake module files
[0.571s] Level 1:colcon.colcon_core.environment:checking '/home/bin1225/workspaces/ur_gz/src/install/ur_moveit_config' for CMake config files
[0.571s] Level 1:colcon.colcon_core.shell:create_environment_hook('ur_moveit_config', 'cmake_prefix_path')
[0.571s] INFO:colcon.colcon_core.shell:Creating environment hook '/home/bin1225/workspaces/ur_gz/src/install/ur_moveit_config/share/ur_moveit_config/hook/cmake_prefix_path.ps1'
[0.572s] INFO:colcon.colcon_core.shell:Creating environment descriptor '/home/bin1225/workspaces/ur_gz/src/install/ur_moveit_config/share/ur_moveit_config/hook/cmake_prefix_path.dsv'
[0.572s] INFO:colcon.colcon_core.shell:Creating environment hook '/home/bin1225/workspaces/ur_gz/src/install/ur_moveit_config/share/ur_moveit_config/hook/cmake_prefix_path.sh'
[0.572s] Level 1:colcon.colcon_core.environment:checking '/home/bin1225/workspaces/ur_gz/src/install/ur_moveit_config/bin'
[0.573s] Level 1:colcon.colcon_core.environment:checking '/home/bin1225/workspaces/ur_gz/src/install/ur_moveit_config/lib/pkgconfig/ur_moveit_config.pc'
[0.573s] Level 1:colcon.colcon_core.environment:checking '/home/bin1225/workspaces/ur_gz/src/install/ur_moveit_config/lib/python3.12/site-packages'
[0.573s] Level 1:colcon.colcon_core.environment:checking '/home/bin1225/workspaces/ur_gz/src/install/ur_moveit_config/bin'
[0.573s] INFO:colcon.colcon_core.shell:Creating package script '/home/bin1225/workspaces/ur_gz/src/install/ur_moveit_config/share/ur_moveit_config/package.ps1'
[0.574s] INFO:colcon.colcon_core.shell:Creating package descriptor '/home/bin1225/workspaces/ur_gz/src/install/ur_moveit_config/share/ur_moveit_config/package.dsv'
[0.574s] INFO:colcon.colcon_core.shell:Creating package script '/home/bin1225/workspaces/ur_gz/src/install/ur_moveit_config/share/ur_moveit_config/package.sh'
[0.574s] INFO:colcon.colcon_core.shell:Creating package script '/home/bin1225/workspaces/ur_gz/src/install/ur_moveit_config/share/ur_moveit_config/package.bash'
[0.575s] INFO:colcon.colcon_core.shell:Creating package script '/home/bin1225/workspaces/ur_gz/src/install/ur_moveit_config/share/ur_moveit_config/package.zsh'
[0.576s] Level 1:colcon.colcon_core.environment:create_file_with_runtime_dependencies(/home/bin1225/workspaces/ur_gz/src/install/ur_moveit_config/share/colcon-core/packages/ur_moveit_config)
[0.578s] Level 1:colcon.colcon_core.environment:create_environment_scripts_only(ur_moveit_config)
[0.578s] Level 1:colcon.colcon_core.environment:checking '/home/bin1225/workspaces/ur_gz/src/install/ur_moveit_config' for CMake module files
[0.578s] Level 1:colcon.colcon_core.environment:checking '/home/bin1225/workspaces/ur_gz/src/install/ur_moveit_config' for CMake config files
[0.578s] Level 1:colcon.colcon_core.shell:create_environment_hook('ur_moveit_config', 'cmake_prefix_path')
[0.578s] INFO:colcon.colcon_core.shell:Creating environment hook '/home/bin1225/workspaces/ur_gz/src/install/ur_moveit_config/share/ur_moveit_config/hook/cmake_prefix_path.ps1'
[0.579s] INFO:colcon.colcon_core.shell:Creating environment descriptor '/home/bin1225/workspaces/ur_gz/src/install/ur_moveit_config/share/ur_moveit_config/hook/cmake_prefix_path.dsv'
[0.579s] INFO:colcon.colcon_core.shell:Creating environment hook '/home/bin1225/workspaces/ur_gz/src/install/ur_moveit_config/share/ur_moveit_config/hook/cmake_prefix_path.sh'
[0.580s] Level 1:colcon.colcon_core.environment:checking '/home/bin1225/workspaces/ur_gz/src/install/ur_moveit_config/bin'
[0.580s] Level 1:colcon.colcon_core.environment:checking '/home/bin1225/workspaces/ur_gz/src/install/ur_moveit_config/lib/pkgconfig/ur_moveit_config.pc'
[0.580s] Level 1:colcon.colcon_core.environment:checking '/home/bin1225/workspaces/ur_gz/src/install/ur_moveit_config/lib/python3.12/site-packages'
[0.581s] Level 1:colcon.colcon_core.environment:checking '/home/bin1225/workspaces/ur_gz/src/install/ur_moveit_config/bin'
[0.581s] INFO:colcon.colcon_core.shell:Creating package script '/home/bin1225/workspaces/ur_gz/src/install/ur_moveit_config/share/ur_moveit_config/package.ps1'
[0.581s] INFO:colcon.colcon_core.shell:Creating package descriptor '/home/bin1225/workspaces/ur_gz/src/install/ur_moveit_config/share/ur_moveit_config/package.dsv'
[0.581s] INFO:colcon.colcon_core.shell:Creating package script '/home/bin1225/workspaces/ur_gz/src/install/ur_moveit_config/share/ur_moveit_config/package.sh'
[0.582s] INFO:colcon.colcon_core.shell:Creating package script '/home/bin1225/workspaces/ur_gz/src/install/ur_moveit_config/share/ur_moveit_config/package.bash'
[0.582s] INFO:colcon.colcon_core.shell:Creating package script '/home/bin1225/workspaces/ur_gz/src/install/ur_moveit_config/share/ur_moveit_config/package.zsh'
[0.583s] Level 1:colcon.colcon_core.environment:create_file_with_runtime_dependencies(/home/bin1225/workspaces/ur_gz/src/install/ur_moveit_config/share/colcon-core/packages/ur_moveit_config)
[0.583s] INFO:colcon.colcon_ros.task.ament_cmake.build:Building ROS package in '/home/bin1225/workspaces/ur_gz/src/ur_simulation_gz/ur_simulation_gz' with build type 'ament_cmake'
[0.583s] INFO:colcon.colcon_cmake.task.cmake.build:Building CMake package in '/home/bin1225/workspaces/ur_gz/src/ur_simulation_gz/ur_simulation_gz'
[0.584s] INFO:colcon.colcon_core.shell:Skip shell extension 'powershell' for command environment: Not usable outside of PowerShell
[0.584s] DEBUG:colcon.colcon_core.shell:Skip shell extension 'dsv' for command environment
[0.619s] DEBUG:colcon.colcon_core.event_handler.log_command:Invoking command in '/home/bin1225/workspaces/ur_gz/src/build/ur_simulation_gz': AMENT_PREFIX_PATH=/home/bin1225/workspaces/ur_gz/src/install/ur_moveit_config:${AMENT_PREFIX_PATH} CMAKE_PREFIX_PATH=/home/bin1225/workspaces/ur_gz/src/install/ur_moveit_config:/home/bin1225/workspaces/ur_gz/install/ur_simulation_gz:/home/bin1225/workspaces/ur_gz/install/ur_moveit_config:/home/bin1225/workspaces/ur_gz/install/move_test_cpp:/opt/ros/jazzy/opt/gz_sim_vendor:/opt/ros/jazzy/opt/gz_sensors_vendor:/opt/ros/jazzy/opt/gz_physics_vendor:/opt/ros/jazzy/opt/sdformat_vendor:/opt/ros/jazzy/opt/gz_gui_vendor:/opt/ros/jazzy/opt/gz_transport_vendor:/opt/ros/jazzy/opt/gz_rendering_vendor:/opt/ros/jazzy/opt/gz_plugin_vendor:/opt/ros/jazzy/opt/gz_fuel_tools_vendor:/opt/ros/jazzy/opt/gz_msgs_vendor:/opt/ros/jazzy/opt/gz_common_vendor:/opt/ros/jazzy/opt/gz_math_vendor:/opt/ros/jazzy/opt/gz_utils_vendor:/opt/ros/jazzy/opt/gz_tools_vendor:/opt/ros/jazzy/opt/gz_ogre_next_vendor:/opt/ros/jazzy/opt/gz_dartsim_vendor:/opt/ros/jazzy/opt/gz_cmake_vendor:/home/bin1225/workspaces/ur_gz/install/pick_and_place_pkg:/opt/ros/jazzy /usr/bin/cmake --build /home/bin1225/workspaces/ur_gz/src/build/ur_simulation_gz -- -j22 -l22
[0.650s] DEBUG:colcon.colcon_core.event_handler.log_command:Invoked command in '/home/bin1225/workspaces/ur_gz/src/build/ur_simulation_gz' returned '0': AMENT_PREFIX_PATH=/home/bin1225/workspaces/ur_gz/src/install/ur_moveit_config:${AMENT_PREFIX_PATH} CMAKE_PREFIX_PATH=/home/bin1225/workspaces/ur_gz/src/install/ur_moveit_config:/home/bin1225/workspaces/ur_gz/install/ur_simulation_gz:/home/bin1225/workspaces/ur_gz/install/ur_moveit_config:/home/bin1225/workspaces/ur_gz/install/move_test_cpp:/opt/ros/jazzy/opt/gz_sim_vendor:/opt/ros/jazzy/opt/gz_sensors_vendor:/opt/ros/jazzy/opt/gz_physics_vendor:/opt/ros/jazzy/opt/sdformat_vendor:/opt/ros/jazzy/opt/gz_gui_vendor:/opt/ros/jazzy/opt/gz_transport_vendor:/opt/ros/jazzy/opt/gz_rendering_vendor:/opt/ros/jazzy/opt/gz_plugin_vendor:/opt/ros/jazzy/opt/gz_fuel_tools_vendor:/opt/ros/jazzy/opt/gz_msgs_vendor:/opt/ros/jazzy/opt/gz_common_vendor:/opt/ros/jazzy/opt/gz_math_vendor:/opt/ros/jazzy/opt/gz_utils_vendor:/opt/ros/jazzy/opt/gz_tools_vendor:/opt/ros/jazzy/opt/gz_ogre_next_vendor:/opt/ros/jazzy/opt/gz_dartsim_vendor:/opt/ros/jazzy/opt/gz_cmake_vendor:/home/bin1225/workspaces/ur_gz/install/pick_and_place_pkg:/opt/ros/jazzy /usr/bin/cmake --build /home/bin1225/workspaces/ur_gz/src/build/ur_simulation_gz -- -j22 -l22
[0.652s] DEBUG:colcon.colcon_core.event_handler.log_command:Invoking command in '/home/bin1225/workspaces/ur_gz/src/build/ur_simulation_gz': AMENT_PREFIX_PATH=/home/bin1225/workspaces/ur_gz/src/install/ur_moveit_config:${AMENT_PREFIX_PATH} CMAKE_PREFIX_PATH=/home/bin1225/workspaces/ur_gz/src/install/ur_moveit_config:/home/bin1225/workspaces/ur_gz/install/ur_simulation_gz:/home/bin1225/workspaces/ur_gz/install/ur_moveit_config:/home/bin1225/workspaces/ur_gz/install/move_test_cpp:/opt/ros/jazzy/opt/gz_sim_vendor:/opt/ros/jazzy/opt/gz_sensors_vendor:/opt/ros/jazzy/opt/gz_physics_vendor:/opt/ros/jazzy/opt/sdformat_vendor:/opt/ros/jazzy/opt/gz_gui_vendor:/opt/ros/jazzy/opt/gz_transport_vendor:/opt/ros/jazzy/opt/gz_rendering_vendor:/opt/ros/jazzy/opt/gz_plugin_vendor:/opt/ros/jazzy/opt/gz_fuel_tools_vendor:/opt/ros/jazzy/opt/gz_msgs_vendor:/opt/ros/jazzy/opt/gz_common_vendor:/opt/ros/jazzy/opt/gz_math_vendor:/opt/ros/jazzy/opt/gz_utils_vendor:/opt/ros/jazzy/opt/gz_tools_vendor:/opt/ros/jazzy/opt/gz_ogre_next_vendor:/opt/ros/jazzy/opt/gz_dartsim_vendor:/opt/ros/jazzy/opt/gz_cmake_vendor:/home/bin1225/workspaces/ur_gz/install/pick_and_place_pkg:/opt/ros/jazzy /usr/bin/cmake --install /home/bin1225/workspaces/ur_gz/src/build/ur_simulation_gz
[0.662s] Level 1:colcon.colcon_core.environment:create_environment_scripts_only(ur_simulation_gz)
[0.662s] Level 1:colcon.colcon_core.environment:checking '/home/bin1225/workspaces/ur_gz/src/install/ur_simulation_gz' for CMake module files
[0.663s] DEBUG:colcon.colcon_core.event_handler.log_command:Invoked command in '/home/bin1225/workspaces/ur_gz/src/build/ur_simulation_gz' returned '0': AMENT_PREFIX_PATH=/home/bin1225/workspaces/ur_gz/src/install/ur_moveit_config:${AMENT_PREFIX_PATH} CMAKE_PREFIX_PATH=/home/bin1225/workspaces/ur_gz/src/install/ur_moveit_config:/home/bin1225/workspaces/ur_gz/install/ur_simulation_gz:/home/bin1225/workspaces/ur_gz/install/ur_moveit_config:/home/bin1225/workspaces/ur_gz/install/move_test_cpp:/opt/ros/jazzy/opt/gz_sim_vendor:/opt/ros/jazzy/opt/gz_sensors_vendor:/opt/ros/jazzy/opt/gz_physics_vendor:/opt/ros/jazzy/opt/sdformat_vendor:/opt/ros/jazzy/opt/gz_gui_vendor:/opt/ros/jazzy/opt/gz_transport_vendor:/opt/ros/jazzy/opt/gz_rendering_vendor:/opt/ros/jazzy/opt/gz_plugin_vendor:/opt/ros/jazzy/opt/gz_fuel_tools_vendor:/opt/ros/jazzy/opt/gz_msgs_vendor:/opt/ros/jazzy/opt/gz_common_vendor:/opt/ros/jazzy/opt/gz_math_vendor:/opt/ros/jazzy/opt/gz_utils_vendor:/opt/ros/jazzy/opt/gz_tools_vendor:/opt/ros/jazzy/opt/gz_ogre_next_vendor:/opt/ros/jazzy/opt/gz_dartsim_vendor:/opt/ros/jazzy/opt/gz_cmake_vendor:/home/bin1225/workspaces/ur_gz/install/pick_and_place_pkg:/opt/ros/jazzy /usr/bin/cmake --install /home/bin1225/workspaces/ur_gz/src/build/ur_simulation_gz
[0.663s] Level 1:colcon.colcon_core.environment:checking '/home/bin1225/workspaces/ur_gz/src/install/ur_simulation_gz' for CMake config files
[0.663s] Level 1:colcon.colcon_core.shell:create_environment_hook('ur_simulation_gz', 'cmake_prefix_path')
[0.663s] INFO:colcon.colcon_core.shell:Creating environment hook '/home/bin1225/workspaces/ur_gz/src/install/ur_simulation_gz/share/ur_simulation_gz/hook/cmake_prefix_path.ps1'
[0.664s] INFO:colcon.colcon_core.shell:Creating environment descriptor '/home/bin1225/workspaces/ur_gz/src/install/ur_simulation_gz/share/ur_simulation_gz/hook/cmake_prefix_path.dsv'
[0.664s] INFO:colcon.colcon_core.shell:Creating environment hook '/home/bin1225/workspaces/ur_gz/src/install/ur_simulation_gz/share/ur_simulation_gz/hook/cmake_prefix_path.sh'
[0.665s] Level 1:colcon.colcon_core.environment:checking '/home/bin1225/workspaces/ur_gz/src/install/ur_simulation_gz/bin'
[0.665s] Level 1:colcon.colcon_core.environment:checking '/home/bin1225/workspaces/ur_gz/src/install/ur_simulation_gz/lib/pkgconfig/ur_simulation_gz.pc'
[0.665s] Level 1:colcon.colcon_core.environment:checking '/home/bin1225/workspaces/ur_gz/src/install/ur_simulation_gz/lib/python3.12/site-packages'
[0.665s] Level 1:colcon.colcon_core.environment:checking '/home/bin1225/workspaces/ur_gz/src/install/ur_simulation_gz/bin'
[0.665s] INFO:colcon.colcon_core.shell:Creating package script '/home/bin1225/workspaces/ur_gz/src/install/ur_simulation_gz/share/ur_simulation_gz/package.ps1'
[0.666s] INFO:colcon.colcon_core.shell:Creating package descriptor '/home/bin1225/workspaces/ur_gz/src/install/ur_simulation_gz/share/ur_simulation_gz/package.dsv'
[0.666s] INFO:colcon.colcon_core.shell:Creating package script '/home/bin1225/workspaces/ur_gz/src/install/ur_simulation_gz/share/ur_simulation_gz/package.sh'
[0.667s] INFO:colcon.colcon_core.shell:Creating package script '/home/bin1225/workspaces/ur_gz/src/install/ur_simulation_gz/share/ur_simulation_gz/package.bash'
[0.667s] INFO:colcon.colcon_core.shell:Creating package script '/home/bin1225/workspaces/ur_gz/src/install/ur_simulation_gz/share/ur_simulation_gz/package.zsh'
[0.667s] Level 1:colcon.colcon_core.environment:create_file_with_runtime_dependencies(/home/bin1225/workspaces/ur_gz/src/install/ur_simulation_gz/share/colcon-core/packages/ur_simulation_gz)
[0.668s] Level 1:colcon.colcon_core.environment:create_environment_scripts_only(ur_simulation_gz)
[0.668s] Level 1:colcon.colcon_core.environment:checking '/home/bin1225/workspaces/ur_gz/src/install/ur_simulation_gz' for CMake module files
[0.668s] Level 1:colcon.colcon_core.environment:checking '/home/bin1225/workspaces/ur_gz/src/install/ur_simulation_gz' for CMake config files
[0.668s] Level 1:colcon.colcon_core.shell:create_environment_hook('ur_simulation_gz', 'cmake_prefix_path')
[0.669s] INFO:colcon.colcon_core.shell:Creating environment hook '/home/bin1225/workspaces/ur_gz/src/install/ur_simulation_gz/share/ur_simulation_gz/hook/cmake_prefix_path.ps1'
[0.669s] INFO:colcon.colcon_core.shell:Creating environment descriptor '/home/bin1225/workspaces/ur_gz/src/install/ur_simulation_gz/share/ur_simulation_gz/hook/cmake_prefix_path.dsv'
[0.669s] INFO:colcon.colcon_core.shell:Creating environment hook '/home/bin1225/workspaces/ur_gz/src/install/ur_simulation_gz/share/ur_simulation_gz/hook/cmake_prefix_path.sh'
[0.670s] Level 1:colcon.colcon_core.environment:checking '/home/bin1225/workspaces/ur_gz/src/install/ur_simulation_gz/bin'
[0.670s] Level 1:colcon.colcon_core.environment:checking '/home/bin1225/workspaces/ur_gz/src/install/ur_simulation_gz/lib/pkgconfig/ur_simulation_gz.pc'
[0.670s] Level 1:colcon.colcon_core.environment:checking '/home/bin1225/workspaces/ur_gz/src/install/ur_simulation_gz/lib/python3.12/site-packages'
[0.671s] Level 1:colcon.colcon_core.environment:checking '/home/bin1225/workspaces/ur_gz/src/install/ur_simulation_gz/bin'
[0.671s] INFO:colcon.colcon_core.shell:Creating package script '/home/bin1225/workspaces/ur_gz/src/install/ur_simulation_gz/share/ur_simulation_gz/package.ps1'
[0.671s] INFO:colcon.colcon_core.shell:Creating package descriptor '/home/bin1225/workspaces/ur_gz/src/install/ur_simulation_gz/share/ur_simulation_gz/package.dsv'
[0.672s] INFO:colcon.colcon_core.shell:Creating package script '/home/bin1225/workspaces/ur_gz/src/install/ur_simulation_gz/share/ur_simulation_gz/package.sh'
[0.672s] INFO:colcon.colcon_core.shell:Creating package script '/home/bin1225/workspaces/ur_gz/src/install/ur_simulation_gz/share/ur_simulation_gz/package.bash'
[0.673s] INFO:colcon.colcon_core.shell:Creating package script '/home/bin1225/workspaces/ur_gz/src/install/ur_simulation_gz/share/ur_simulation_gz/package.zsh'
[0.673s] Level 1:colcon.colcon_core.environment:create_file_with_runtime_dependencies(/home/bin1225/workspaces/ur_gz/src/install/ur_simulation_gz/share/colcon-core/packages/ur_simulation_gz)
[1.088s] DEBUG:colcon.colcon_core.event_handler.log_command:Invoking command in '/home/bin1225/workspaces/ur_gz/src/pick_and_place_pkg': PYTHONPATH=/home/bin1225/workspaces/ur_gz/src/build/pick_and_place_pkg/prefix_override:/usr/lib/python3/dist-packages/colcon_core/task/python/colcon_distutils_commands:/home/bin1225/workspaces/ur_gz/src/install/pick_and_place_pkg/lib/python3.12/site-packages:${PYTHONPATH} /usr/bin/python3 -W ignore:setup.py install is deprecated -W ignore:easy_install command is deprecated setup.py egg_info --egg-base ../build/pick_and_place_pkg build --build-base /home/bin1225/workspaces/ur_gz/src/build/pick_and_place_pkg/build install --record /home/bin1225/workspaces/ur_gz/src/build/pick_and_place_pkg/install.log --single-version-externally-managed install_data
[1.584s] Level 1:colcon.colcon_core.environment:checking '/home/bin1225/workspaces/ur_gz/src/install/pick_and_place_pkg' for CMake module files
[1.585s] DEBUG:colcon.colcon_core.event_handler.log_command:Invoked command in '/home/bin1225/workspaces/ur_gz/src/pick_and_place_pkg' returned '0': PYTHONPATH=/home/bin1225/workspaces/ur_gz/src/build/pick_and_place_pkg/prefix_override:/usr/lib/python3/dist-packages/colcon_core/task/python/colcon_distutils_commands:/home/bin1225/workspaces/ur_gz/src/install/pick_and_place_pkg/lib/python3.12/site-packages:${PYTHONPATH} /usr/bin/python3 -W ignore:setup.py install is deprecated -W ignore:easy_install command is deprecated setup.py egg_info --egg-base ../build/pick_and_place_pkg build --build-base /home/bin1225/workspaces/ur_gz/src/build/pick_and_place_pkg/build install --record /home/bin1225/workspaces/ur_gz/src/build/pick_and_place_pkg/install.log --single-version-externally-managed install_data
[1.585s] Level 1:colcon.colcon_core.environment:checking '/home/bin1225/workspaces/ur_gz/src/install/pick_and_place_pkg' for CMake config files
[1.586s] Level 1:colcon.colcon_core.environment:checking '/home/bin1225/workspaces/ur_gz/src/install/pick_and_place_pkg/lib'
[1.586s] Level 1:colcon.colcon_core.environment:checking '/home/bin1225/workspaces/ur_gz/src/install/pick_and_place_pkg/bin'
[1.586s] Level 1:colcon.colcon_core.environment:checking '/home/bin1225/workspaces/ur_gz/src/install/pick_and_place_pkg/lib/pkgconfig/pick_and_place_pkg.pc'
[1.586s] Level 1:colcon.colcon_core.environment:checking '/home/bin1225/workspaces/ur_gz/src/install/pick_and_place_pkg/lib/python3.12/site-packages'
[1.587s] Level 1:colcon.colcon_core.shell:create_environment_hook('pick_and_place_pkg', 'pythonpath')
[1.587s] INFO:colcon.colcon_core.shell:Creating environment hook '/home/bin1225/workspaces/ur_gz/src/install/pick_and_place_pkg/share/pick_and_place_pkg/hook/pythonpath.ps1'
[1.587s] INFO:colcon.colcon_core.shell:Creating environment descriptor '/home/bin1225/workspaces/ur_gz/src/install/pick_and_place_pkg/share/pick_and_place_pkg/hook/pythonpath.dsv'
[1.588s] INFO:colcon.colcon_core.shell:Creating environment hook '/home/bin1225/workspaces/ur_gz/src/install/pick_and_place_pkg/share/pick_and_place_pkg/hook/pythonpath.sh'
[1.588s] Level 1:colcon.colcon_core.environment:checking '/home/bin1225/workspaces/ur_gz/src/install/pick_and_place_pkg/bin'
[1.588s] Level 1:colcon.colcon_core.environment:create_environment_scripts_only(pick_and_place_pkg)
[1.589s] INFO:colcon.colcon_core.shell:Creating package script '/home/bin1225/workspaces/ur_gz/src/install/pick_and_place_pkg/share/pick_and_place_pkg/package.ps1'
[1.589s] INFO:colcon.colcon_core.shell:Creating package descriptor '/home/bin1225/workspaces/ur_gz/src/install/pick_and_place_pkg/share/pick_and_place_pkg/package.dsv'
[1.590s] INFO:colcon.colcon_core.shell:Creating package script '/home/bin1225/workspaces/ur_gz/src/install/pick_and_place_pkg/share/pick_and_place_pkg/package.sh'
[1.590s] INFO:colcon.colcon_core.shell:Creating package script '/home/bin1225/workspaces/ur_gz/src/install/pick_and_place_pkg/share/pick_and_place_pkg/package.bash'
[1.591s] INFO:colcon.colcon_core.shell:Creating package script '/home/bin1225/workspaces/ur_gz/src/install/pick_and_place_pkg/share/pick_and_place_pkg/package.zsh'
[1.591s] Level 1:colcon.colcon_core.environment:create_file_with_runtime_dependencies(/home/bin1225/workspaces/ur_gz/src/install/pick_and_place_pkg/share/colcon-core/packages/pick_and_place_pkg)
[11.311s] DEBUG:colcon.colcon_core.event_handler.log_command:Invoked command in '/home/bin1225/workspaces/ur_gz/src/build/move_test_cpp' returned '0': CMAKE_PREFIX_PATH=${CMAKE_PREFIX_PATH}:/home/bin1225/workspaces/ur_gz/install/pick_and_place_pkg:/opt/ros/jazzy /usr/bin/cmake --build /home/bin1225/workspaces/ur_gz/src/build/move_test_cpp -- -j22 -l22
[11.311s] DEBUG:colcon.colcon_core.event_handler.log_command:Invoking command in '/home/bin1225/workspaces/ur_gz/src/build/move_test_cpp': CMAKE_PREFIX_PATH=${CMAKE_PREFIX_PATH}:/home/bin1225/workspaces/ur_gz/install/pick_and_place_pkg:/opt/ros/jazzy /usr/bin/cmake --install /home/bin1225/workspaces/ur_gz/src/build/move_test_cpp
[11.321s] Level 1:colcon.colcon_core.environment:create_environment_scripts_only(move_test_cpp)
[11.322s] Level 1:colcon.colcon_core.environment:checking '/home/bin1225/workspaces/ur_gz/src/install/move_test_cpp' for CMake module files
[11.322s] DEBUG:colcon.colcon_core.event_handler.log_command:Invoked command in '/home/bin1225/workspaces/ur_gz/src/build/move_test_cpp' returned '0': CMAKE_PREFIX_PATH=${CMAKE_PREFIX_PATH}:/home/bin1225/workspaces/ur_gz/install/pick_and_place_pkg:/opt/ros/jazzy /usr/bin/cmake --install /home/bin1225/workspaces/ur_gz/src/build/move_test_cpp
[11.323s] Level 1:colcon.colcon_core.environment:checking '/home/bin1225/workspaces/ur_gz/src/install/move_test_cpp' for CMake config files
[11.323s] Level 1:colcon.colcon_core.shell:create_environment_hook('move_test_cpp', 'cmake_prefix_path')
[11.323s] INFO:colcon.colcon_core.shell:Creating environment hook '/home/bin1225/workspaces/ur_gz/src/install/move_test_cpp/share/move_test_cpp/hook/cmake_prefix_path.ps1'
[11.324s] INFO:colcon.colcon_core.shell:Creating environment descriptor '/home/bin1225/workspaces/ur_gz/src/install/move_test_cpp/share/move_test_cpp/hook/cmake_prefix_path.dsv'
[11.324s] INFO:colcon.colcon_core.shell:Creating environment hook '/home/bin1225/workspaces/ur_gz/src/install/move_test_cpp/share/move_test_cpp/hook/cmake_prefix_path.sh'
[11.325s] Level 1:colcon.colcon_core.environment:checking '/home/bin1225/workspaces/ur_gz/src/install/move_test_cpp/lib'
[11.325s] Level 1:colcon.colcon_core.environment:checking '/home/bin1225/workspaces/ur_gz/src/install/move_test_cpp/bin'
[11.325s] Level 1:colcon.colcon_core.environment:checking '/home/bin1225/workspaces/ur_gz/src/install/move_test_cpp/lib/pkgconfig/move_test_cpp.pc'
[11.325s] Level 1:colcon.colcon_core.environment:checking '/home/bin1225/workspaces/ur_gz/src/install/move_test_cpp/lib/python3.12/site-packages'
[11.325s] Level 1:colcon.colcon_core.environment:checking '/home/bin1225/workspaces/ur_gz/src/install/move_test_cpp/bin'
[11.326s] INFO:colcon.colcon_core.shell:Creating package script '/home/bin1225/workspaces/ur_gz/src/install/move_test_cpp/share/move_test_cpp/package.ps1'
[11.326s] INFO:colcon.colcon_core.shell:Creating package descriptor '/home/bin1225/workspaces/ur_gz/src/install/move_test_cpp/share/move_test_cpp/package.dsv'
[11.327s] INFO:colcon.colcon_core.shell:Creating package script '/home/bin1225/workspaces/ur_gz/src/install/move_test_cpp/share/move_test_cpp/package.sh'
[11.327s] INFO:colcon.colcon_core.shell:Creating package script '/home/bin1225/workspaces/ur_gz/src/install/move_test_cpp/share/move_test_cpp/package.bash'
[11.328s] INFO:colcon.colcon_core.shell:Creating package script '/home/bin1225/workspaces/ur_gz/src/install/move_test_cpp/share/move_test_cpp/package.zsh'
[11.329s] Level 1:colcon.colcon_core.environment:create_file_with_runtime_dependencies(/home/bin1225/workspaces/ur_gz/src/install/move_test_cpp/share/colcon-core/packages/move_test_cpp)
[11.329s] Level 1:colcon.colcon_core.environment:create_environment_scripts_only(move_test_cpp)
[11.330s] Level 1:colcon.colcon_core.environment:checking '/home/bin1225/workspaces/ur_gz/src/install/move_test_cpp' for CMake module files
[11.331s] Level 1:colcon.colcon_core.environment:checking '/home/bin1225/workspaces/ur_gz/src/install/move_test_cpp' for CMake config files
[11.331s] Level 1:colcon.colcon_core.shell:create_environment_hook('move_test_cpp', 'cmake_prefix_path')
[11.331s] INFO:colcon.colcon_core.shell:Creating environment hook '/home/bin1225/workspaces/ur_gz/src/install/move_test_cpp/share/move_test_cpp/hook/cmake_prefix_path.ps1'
[11.332s] INFO:colcon.colcon_core.shell:Creating environment descriptor '/home/bin1225/workspaces/ur_gz/src/install/move_test_cpp/share/move_test_cpp/hook/cmake_prefix_path.dsv'
[11.332s] INFO:colcon.colcon_core.shell:Creating environment hook '/home/bin1225/workspaces/ur_gz/src/install/move_test_cpp/share/move_test_cpp/hook/cmake_prefix_path.sh'
[11.333s] Level 1:colcon.colcon_core.environment:checking '/home/bin1225/workspaces/ur_gz/src/install/move_test_cpp/lib'
[11.333s] Level 1:colcon.colcon_core.environment:checking '/home/bin1225/workspaces/ur_gz/src/install/move_test_cpp/bin'
[11.333s] Level 1:colcon.colcon_core.environment:checking '/home/bin1225/workspaces/ur_gz/src/install/move_test_cpp/lib/pkgconfig/move_test_cpp.pc'
[11.334s] Level 1:colcon.colcon_core.environment:checking '/home/bin1225/workspaces/ur_gz/src/install/move_test_cpp/lib/python3.12/site-packages'
[11.334s] Level 1:colcon.colcon_core.environment:checking '/home/bin1225/workspaces/ur_gz/src/install/move_test_cpp/bin'
[11.334s] INFO:colcon.colcon_core.shell:Creating package script '/home/bin1225/workspaces/ur_gz/src/install/move_test_cpp/share/move_test_cpp/package.ps1'
[11.335s] INFO:colcon.colcon_core.shell:Creating package descriptor '/home/bin1225/workspaces/ur_gz/src/install/move_test_cpp/share/move_test_cpp/package.dsv'
[11.335s] INFO:colcon.colcon_core.shell:Creating package script '/home/bin1225/workspaces/ur_gz/src/install/move_test_cpp/share/move_test_cpp/package.sh'
[11.336s] INFO:colcon.colcon_core.shell:Creating package script '/home/bin1225/workspaces/ur_gz/src/install/move_test_cpp/share/move_test_cpp/package.bash'
[11.337s] INFO:colcon.colcon_core.shell:Creating package script '/home/bin1225/workspaces/ur_gz/src/install/move_test_cpp/share/move_test_cpp/package.zsh'
[11.337s] Level 1:colcon.colcon_core.environment:create_file_with_runtime_dependencies(/home/bin1225/workspaces/ur_gz/src/install/move_test_cpp/share/colcon-core/packages/move_test_cpp)
[11.338s] DEBUG:colcon.colcon_parallel_executor.executor.parallel:closing loop
[11.338s] DEBUG:colcon.colcon_parallel_executor.executor.parallel:loop closed
[11.338s] DEBUG:colcon.colcon_parallel_executor.executor.parallel:run_until_complete finished with '0'
[11.339s] DEBUG:colcon.colcon_core.event_reactor:joining thread
[11.402s] INFO:colcon.colcon_core.plugin_system:Skipping extension 'colcon_notification.desktop_notification.notify_send': Could not find 'notify-send'
[11.402s] INFO:colcon.colcon_core.plugin_system:Skipping extension 'colcon_notification.desktop_notification.terminal_notifier': Not used on non-Darwin systems
[11.402s] INFO:colcon.colcon_core.plugin_system:Skipping extension 'colcon_notification.desktop_notification.win32': Not used on non-Windows systems
[11.402s] INFO:colcon.colcon_notification.desktop_notification:Sending desktop notification using 'notify2'
[11.405s] DEBUG:colcon.colcon_notification.desktop_notification.notify2:Failed to initialize notify2: org.freedesktop.DBus.Error.ServiceUnknown: The name org.freedesktop.Notifications was not provided by any .service files
[11.405s] DEBUG:colcon.colcon_core.event_reactor:joined thread
[11.406s] INFO:colcon.colcon_core.shell:Creating prefix script '/home/bin1225/workspaces/ur_gz/src/install/local_setup.ps1'
[11.408s] INFO:colcon.colcon_core.shell:Creating prefix util module '/home/bin1225/workspaces/ur_gz/src/install/_local_setup_util_ps1.py'
[11.409s] INFO:colcon.colcon_core.shell:Creating prefix chain script '/home/bin1225/workspaces/ur_gz/src/install/setup.ps1'
[11.411s] INFO:colcon.colcon_core.shell:Creating prefix script '/home/bin1225/workspaces/ur_gz/src/install/local_setup.sh'
[11.412s] INFO:colcon.colcon_core.shell:Creating prefix util module '/home/bin1225/workspaces/ur_gz/src/install/_local_setup_util_sh.py'
[11.413s] INFO:colcon.colcon_core.shell:Creating prefix chain script '/home/bin1225/workspaces/ur_gz/src/install/setup.sh'
[11.415s] INFO:colcon.colcon_core.shell:Creating prefix script '/home/bin1225/workspaces/ur_gz/src/install/local_setup.bash'
[11.416s] INFO:colcon.colcon_core.shell:Creating prefix chain script '/home/bin1225/workspaces/ur_gz/src/install/setup.bash'
[11.418s] INFO:colcon.colcon_core.shell:Creating prefix script '/home/bin1225/workspaces/ur_gz/src/install/local_setup.zsh'
[11.419s] INFO:colcon.colcon_core.shell:Creating prefix chain script '/home/bin1225/workspaces/ur_gz/src/install/setup.zsh'
