[0.072s] Invoking command in '/home/bin1225/workspaces/ur_gz/src/build/ur_simulation_gz': AMENT_PREFIX_PATH=/home/bin1225/workspaces/ur_gz/src/install/ur_moveit_config:${AMENT_PREFIX_PATH} CMAKE_PREFIX_PATH=/home/bin1225/workspaces/ur_gz/src/install/ur_moveit_config:/home/bin1225/workspaces/ur_gz/install/ur_simulation_gz:/home/bin1225/workspaces/ur_gz/install/ur_moveit_config:/home/bin1225/workspaces/ur_gz/install/move_test_cpp:/opt/ros/jazzy/opt/gz_sim_vendor:/opt/ros/jazzy/opt/gz_sensors_vendor:/opt/ros/jazzy/opt/gz_physics_vendor:/opt/ros/jazzy/opt/sdformat_vendor:/opt/ros/jazzy/opt/gz_gui_vendor:/opt/ros/jazzy/opt/gz_transport_vendor:/opt/ros/jazzy/opt/gz_rendering_vendor:/opt/ros/jazzy/opt/gz_plugin_vendor:/opt/ros/jazzy/opt/gz_fuel_tools_vendor:/opt/ros/jazzy/opt/gz_msgs_vendor:/opt/ros/jazzy/opt/gz_common_vendor:/opt/ros/jazzy/opt/gz_math_vendor:/opt/ros/jazzy/opt/gz_utils_vendor:/opt/ros/jazzy/opt/gz_tools_vendor:/opt/ros/jazzy/opt/gz_ogre_next_vendor:/opt/ros/jazzy/opt/gz_dartsim_vendor:/opt/ros/jazzy/opt/gz_cmake_vendor:/home/bin1225/workspaces/ur_gz/install/pick_and_place_pkg:/opt/ros/jazzy /usr/bin/cmake /home/bin1225/workspaces/ur_gz/src/ur_simulation_gz/ur_simulation_gz -DCMAKE_INSTALL_PREFIX=/home/bin1225/workspaces/ur_gz/src/install/ur_simulation_gz
[0.235s] -- The C compiler identification is GNU 13.3.0
[0.824s] -- The CXX compiler identification is GNU 13.3.0
[1.279s] -- Detecting C compiler ABI info
[1.441s] -- Detecting C compiler ABI info - done
[1.449s] -- Check for working C compiler: /usr/bin/cc - skipped
[1.450s] -- Detecting C compile features
[1.450s] -- Detecting C compile features - done
[1.506s] -- Detecting CXX compiler ABI info
[1.672s] -- Detecting CXX compiler ABI info - done
[1.679s] -- Check for working CXX compiler: /usr/bin/c++ - skipped
[1.679s] -- Detecting CXX compile features
[1.679s] -- Detecting CXX compile features - done
[1.682s] -- Found ament_cmake: 2.5.3 (/opt/ros/jazzy/share/ament_cmake/cmake)
[1.811s] -- Found Python3: /usr/bin/python3 (found version "3.12.3") found components: Interpreter 
[1.914s] -- Found launch_testing_ament_cmake: 3.4.4 (/opt/ros/jazzy/share/launch_testing_ament_cmake/cmake)
[1.916s] -- Found python_cmake_module: 0.11.1 (/opt/ros/jazzy/share/python_cmake_module/cmake)
[2.025s] -- Found PythonExtra: /usr/bin/python3  
[2.030s] -- Found ament_cmake_pytest: 2.5.3 (/opt/ros/jazzy/share/ament_cmake_pytest/cmake)
[2.505s] -- Configuring done (2.4s)
[2.511s] -- Generating done (0.0s)
[2.513s] -- Build files have been written to: /home/bin1225/workspaces/ur_gz/src/build/ur_simulation_gz
[2.517s] Invoked command in '/home/bin1225/workspaces/ur_gz/src/build/ur_simulation_gz' returned '0': AMENT_PREFIX_PATH=/home/bin1225/workspaces/ur_gz/src/install/ur_moveit_config:${AMENT_PREFIX_PATH} CMAKE_PREFIX_PATH=/home/bin1225/workspaces/ur_gz/src/install/ur_moveit_config:/home/bin1225/workspaces/ur_gz/install/ur_simulation_gz:/home/bin1225/workspaces/ur_gz/install/ur_moveit_config:/home/bin1225/workspaces/ur_gz/install/move_test_cpp:/opt/ros/jazzy/opt/gz_sim_vendor:/opt/ros/jazzy/opt/gz_sensors_vendor:/opt/ros/jazzy/opt/gz_physics_vendor:/opt/ros/jazzy/opt/sdformat_vendor:/opt/ros/jazzy/opt/gz_gui_vendor:/opt/ros/jazzy/opt/gz_transport_vendor:/opt/ros/jazzy/opt/gz_rendering_vendor:/opt/ros/jazzy/opt/gz_plugin_vendor:/opt/ros/jazzy/opt/gz_fuel_tools_vendor:/opt/ros/jazzy/opt/gz_msgs_vendor:/opt/ros/jazzy/opt/gz_common_vendor:/opt/ros/jazzy/opt/gz_math_vendor:/opt/ros/jazzy/opt/gz_utils_vendor:/opt/ros/jazzy/opt/gz_tools_vendor:/opt/ros/jazzy/opt/gz_ogre_next_vendor:/opt/ros/jazzy/opt/gz_dartsim_vendor:/opt/ros/jazzy/opt/gz_cmake_vendor:/home/bin1225/workspaces/ur_gz/install/pick_and_place_pkg:/opt/ros/jazzy /usr/bin/cmake /home/bin1225/workspaces/ur_gz/src/ur_simulation_gz/ur_simulation_gz -DCMAKE_INSTALL_PREFIX=/home/bin1225/workspaces/ur_gz/src/install/ur_simulation_gz
[2.518s] Invoking command in '/home/bin1225/workspaces/ur_gz/src/build/ur_simulation_gz': AMENT_PREFIX_PATH=/home/bin1225/workspaces/ur_gz/src/install/ur_moveit_config:${AMENT_PREFIX_PATH} CMAKE_PREFIX_PATH=/home/bin1225/workspaces/ur_gz/src/install/ur_moveit_config:/home/bin1225/workspaces/ur_gz/install/ur_simulation_gz:/home/bin1225/workspaces/ur_gz/install/ur_moveit_config:/home/bin1225/workspaces/ur_gz/install/move_test_cpp:/opt/ros/jazzy/opt/gz_sim_vendor:/opt/ros/jazzy/opt/gz_sensors_vendor:/opt/ros/jazzy/opt/gz_physics_vendor:/opt/ros/jazzy/opt/sdformat_vendor:/opt/ros/jazzy/opt/gz_gui_vendor:/opt/ros/jazzy/opt/gz_transport_vendor:/opt/ros/jazzy/opt/gz_rendering_vendor:/opt/ros/jazzy/opt/gz_plugin_vendor:/opt/ros/jazzy/opt/gz_fuel_tools_vendor:/opt/ros/jazzy/opt/gz_msgs_vendor:/opt/ros/jazzy/opt/gz_common_vendor:/opt/ros/jazzy/opt/gz_math_vendor:/opt/ros/jazzy/opt/gz_utils_vendor:/opt/ros/jazzy/opt/gz_tools_vendor:/opt/ros/jazzy/opt/gz_ogre_next_vendor:/opt/ros/jazzy/opt/gz_dartsim_vendor:/opt/ros/jazzy/opt/gz_cmake_vendor:/home/bin1225/workspaces/ur_gz/install/pick_and_place_pkg:/opt/ros/jazzy /usr/bin/cmake --build /home/bin1225/workspaces/ur_gz/src/build/ur_simulation_gz -- -j22 -l22
[2.549s] Invoked command in '/home/bin1225/workspaces/ur_gz/src/build/ur_simulation_gz' returned '0': AMENT_PREFIX_PATH=/home/bin1225/workspaces/ur_gz/src/install/ur_moveit_config:${AMENT_PREFIX_PATH} CMAKE_PREFIX_PATH=/home/bin1225/workspaces/ur_gz/src/install/ur_moveit_config:/home/bin1225/workspaces/ur_gz/install/ur_simulation_gz:/home/bin1225/workspaces/ur_gz/install/ur_moveit_config:/home/bin1225/workspaces/ur_gz/install/move_test_cpp:/opt/ros/jazzy/opt/gz_sim_vendor:/opt/ros/jazzy/opt/gz_sensors_vendor:/opt/ros/jazzy/opt/gz_physics_vendor:/opt/ros/jazzy/opt/sdformat_vendor:/opt/ros/jazzy/opt/gz_gui_vendor:/opt/ros/jazzy/opt/gz_transport_vendor:/opt/ros/jazzy/opt/gz_rendering_vendor:/opt/ros/jazzy/opt/gz_plugin_vendor:/opt/ros/jazzy/opt/gz_fuel_tools_vendor:/opt/ros/jazzy/opt/gz_msgs_vendor:/opt/ros/jazzy/opt/gz_common_vendor:/opt/ros/jazzy/opt/gz_math_vendor:/opt/ros/jazzy/opt/gz_utils_vendor:/opt/ros/jazzy/opt/gz_tools_vendor:/opt/ros/jazzy/opt/gz_ogre_next_vendor:/opt/ros/jazzy/opt/gz_dartsim_vendor:/opt/ros/jazzy/opt/gz_cmake_vendor:/home/bin1225/workspaces/ur_gz/install/pick_and_place_pkg:/opt/ros/jazzy /usr/bin/cmake --build /home/bin1225/workspaces/ur_gz/src/build/ur_simulation_gz -- -j22 -l22
[2.549s] Invoking command in '/home/bin1225/workspaces/ur_gz/src/build/ur_simulation_gz': AMENT_PREFIX_PATH=/home/bin1225/workspaces/ur_gz/src/install/ur_moveit_config:${AMENT_PREFIX_PATH} CMAKE_PREFIX_PATH=/home/bin1225/workspaces/ur_gz/src/install/ur_moveit_config:/home/bin1225/workspaces/ur_gz/install/ur_simulation_gz:/home/bin1225/workspaces/ur_gz/install/ur_moveit_config:/home/bin1225/workspaces/ur_gz/install/move_test_cpp:/opt/ros/jazzy/opt/gz_sim_vendor:/opt/ros/jazzy/opt/gz_sensors_vendor:/opt/ros/jazzy/opt/gz_physics_vendor:/opt/ros/jazzy/opt/sdformat_vendor:/opt/ros/jazzy/opt/gz_gui_vendor:/opt/ros/jazzy/opt/gz_transport_vendor:/opt/ros/jazzy/opt/gz_rendering_vendor:/opt/ros/jazzy/opt/gz_plugin_vendor:/opt/ros/jazzy/opt/gz_fuel_tools_vendor:/opt/ros/jazzy/opt/gz_msgs_vendor:/opt/ros/jazzy/opt/gz_common_vendor:/opt/ros/jazzy/opt/gz_math_vendor:/opt/ros/jazzy/opt/gz_utils_vendor:/opt/ros/jazzy/opt/gz_tools_vendor:/opt/ros/jazzy/opt/gz_ogre_next_vendor:/opt/ros/jazzy/opt/gz_dartsim_vendor:/opt/ros/jazzy/opt/gz_cmake_vendor:/home/bin1225/workspaces/ur_gz/install/pick_and_place_pkg:/opt/ros/jazzy /usr/bin/cmake --install /home/bin1225/workspaces/ur_gz/src/build/ur_simulation_gz
[2.555s] -- Install configuration: ""
[2.555s] -- Installing: /home/bin1225/workspaces/ur_gz/src/install/ur_simulation_gz/share/ur_simulation_gz/config
[2.555s] -- Installing: /home/bin1225/workspaces/ur_gz/src/install/ur_simulation_gz/share/ur_simulation_gz/config/ur_controllers.yaml
[2.555s] -- Installing: /home/bin1225/workspaces/ur_gz/src/install/ur_simulation_gz/share/ur_simulation_gz/launch
[2.556s] -- Installing: /home/bin1225/workspaces/ur_gz/src/install/ur_simulation_gz/share/ur_simulation_gz/launch/ur_sim_control.launch.py
[2.556s] -- Installing: /home/bin1225/workspaces/ur_gz/src/install/ur_simulation_gz/share/ur_simulation_gz/launch/ur_sim_moveit.launch.py
[2.556s] -- Installing: /home/bin1225/workspaces/ur_gz/src/install/ur_simulation_gz/share/ur_simulation_gz/urdf
[2.556s] -- Installing: /home/bin1225/workspaces/ur_gz/src/install/ur_simulation_gz/share/ur_simulation_gz/urdf/ur_gz.ros2_control.xacro
[2.556s] -- Installing: /home/bin1225/workspaces/ur_gz/src/install/ur_simulation_gz/share/ur_simulation_gz/urdf/ur_gz_setup_test.urdf.xacro
[2.556s] -- Installing: /home/bin1225/workspaces/ur_gz/src/install/ur_simulation_gz/share/ur_simulation_gz/urdf/ur_gz.urdf.xacro
[2.556s] -- Installing: /home/bin1225/workspaces/ur_gz/src/install/ur_simulation_gz/share/ament_index/resource_index/package_run_dependencies/ur_simulation_gz
[2.556s] -- Installing: /home/bin1225/workspaces/ur_gz/src/install/ur_simulation_gz/share/ament_index/resource_index/parent_prefix_path/ur_simulation_gz
[2.557s] -- Installing: /home/bin1225/workspaces/ur_gz/src/install/ur_simulation_gz/share/ur_simulation_gz/environment/ament_prefix_path.sh
[2.557s] -- Installing: /home/bin1225/workspaces/ur_gz/src/install/ur_simulation_gz/share/ur_simulation_gz/environment/ament_prefix_path.dsv
[2.557s] -- Installing: /home/bin1225/workspaces/ur_gz/src/install/ur_simulation_gz/share/ur_simulation_gz/environment/path.sh
[2.557s] -- Installing: /home/bin1225/workspaces/ur_gz/src/install/ur_simulation_gz/share/ur_simulation_gz/environment/path.dsv
[2.557s] -- Installing: /home/bin1225/workspaces/ur_gz/src/install/ur_simulation_gz/share/ur_simulation_gz/local_setup.bash
[2.557s] -- Installing: /home/bin1225/workspaces/ur_gz/src/install/ur_simulation_gz/share/ur_simulation_gz/local_setup.sh
[2.558s] -- Installing: /home/bin1225/workspaces/ur_gz/src/install/ur_simulation_gz/share/ur_simulation_gz/local_setup.zsh
[2.558s] -- Installing: /home/bin1225/workspaces/ur_gz/src/install/ur_simulation_gz/share/ur_simulation_gz/local_setup.dsv
[2.558s] -- Installing: /home/bin1225/workspaces/ur_gz/src/install/ur_simulation_gz/share/ur_simulation_gz/package.dsv
[2.558s] -- Installing: /home/bin1225/workspaces/ur_gz/src/install/ur_simulation_gz/share/ament_index/resource_index/packages/ur_simulation_gz
[2.558s] -- Installing: /home/bin1225/workspaces/ur_gz/src/install/ur_simulation_gz/share/ur_simulation_gz/cmake/ur_simulation_gzConfig.cmake
[2.558s] -- Installing: /home/bin1225/workspaces/ur_gz/src/install/ur_simulation_gz/share/ur_simulation_gz/cmake/ur_simulation_gzConfig-version.cmake
[2.558s] -- Installing: /home/bin1225/workspaces/ur_gz/src/install/ur_simulation_gz/share/ur_simulation_gz/package.xml
[2.559s] Invoked command in '/home/bin1225/workspaces/ur_gz/src/build/ur_simulation_gz' returned '0': AMENT_PREFIX_PATH=/home/bin1225/workspaces/ur_gz/src/install/ur_moveit_config:${AMENT_PREFIX_PATH} CMAKE_PREFIX_PATH=/home/bin1225/workspaces/ur_gz/src/install/ur_moveit_config:/home/bin1225/workspaces/ur_gz/install/ur_simulation_gz:/home/bin1225/workspaces/ur_gz/install/ur_moveit_config:/home/bin1225/workspaces/ur_gz/install/move_test_cpp:/opt/ros/jazzy/opt/gz_sim_vendor:/opt/ros/jazzy/opt/gz_sensors_vendor:/opt/ros/jazzy/opt/gz_physics_vendor:/opt/ros/jazzy/opt/sdformat_vendor:/opt/ros/jazzy/opt/gz_gui_vendor:/opt/ros/jazzy/opt/gz_transport_vendor:/opt/ros/jazzy/opt/gz_rendering_vendor:/opt/ros/jazzy/opt/gz_plugin_vendor:/opt/ros/jazzy/opt/gz_fuel_tools_vendor:/opt/ros/jazzy/opt/gz_msgs_vendor:/opt/ros/jazzy/opt/gz_common_vendor:/opt/ros/jazzy/opt/gz_math_vendor:/opt/ros/jazzy/opt/gz_utils_vendor:/opt/ros/jazzy/opt/gz_tools_vendor:/opt/ros/jazzy/opt/gz_ogre_next_vendor:/opt/ros/jazzy/opt/gz_dartsim_vendor:/opt/ros/jazzy/opt/gz_cmake_vendor:/home/bin1225/workspaces/ur_gz/install/pick_and_place_pkg:/opt/ros/jazzy /usr/bin/cmake --install /home/bin1225/workspaces/ur_gz/src/build/ur_simulation_gz
