[0.010s] Invoking command in '/home/bin1225/workspaces/ur_gz/build/ur_simulation_gz': CMAKE_PREFIX_PATH=${CMAKE_PREFIX_PATH}:/opt/ros/jazzy /usr/bin/cmake /home/bin1225/workspaces/ur_gz/src/ur_simulation_gz/ur_simulation_gz -DCMAKE_INSTALL_PREFIX=/home/bin1225/workspaces/ur_gz/install/ur_simulation_gz
[0.091s] -- The C compiler identification is GNU 13.3.0
[0.339s] -- The CXX compiler identification is GNU 13.3.0
[0.727s] -- Detecting C compiler ABI info
[0.911s] -- Detecting C compiler ABI info - done
[0.922s] -- Check for working C compiler: /usr/bin/cc - skipped
[0.922s] -- Detecting C compile features
[0.923s] -- Detecting C compile features - done
[0.967s] -- Detecting CXX compiler ABI info
[1.086s] -- Detecting CXX compiler ABI info - done
[1.092s] -- Check for working CXX compiler: /usr/bin/c++ - skipped
[1.092s] -- Detecting CXX compile features
[1.093s] -- Detecting CXX compile features - done
[1.098s] -- Found ament_cmake: 2.5.3 (/opt/ros/jazzy/share/ament_cmake/cmake)
[1.207s] -- Found Python3: /usr/bin/python3 (found version "3.12.3") found components: Interpreter 
[1.305s] -- Found launch_testing_ament_cmake: 3.4.4 (/opt/ros/jazzy/share/launch_testing_ament_cmake/cmake)
[1.307s] -- Found python_cmake_module: 0.11.1 (/opt/ros/jazzy/share/python_cmake_module/cmake)
[1.414s] -- Found PythonExtra: /usr/bin/python3  
[1.416s] -- Found ament_cmake_pytest: 2.5.3 (/opt/ros/jazzy/share/ament_cmake_pytest/cmake)
[1.771s] -- Configuring done (1.8s)
[1.773s] -- Generating done (0.0s)
[1.774s] -- Build files have been written to: /home/bin1225/workspaces/ur_gz/build/ur_simulation_gz
[1.778s] Invoked command in '/home/bin1225/workspaces/ur_gz/build/ur_simulation_gz' returned '0': CMAKE_PREFIX_PATH=${CMAKE_PREFIX_PATH}:/opt/ros/jazzy /usr/bin/cmake /home/bin1225/workspaces/ur_gz/src/ur_simulation_gz/ur_simulation_gz -DCMAKE_INSTALL_PREFIX=/home/bin1225/workspaces/ur_gz/install/ur_simulation_gz
[1.780s] Invoking command in '/home/bin1225/workspaces/ur_gz/build/ur_simulation_gz': CMAKE_PREFIX_PATH=${CMAKE_PREFIX_PATH}:/opt/ros/jazzy /usr/bin/cmake --build /home/bin1225/workspaces/ur_gz/build/ur_simulation_gz -- -j22 -l22
[1.803s] Invoked command in '/home/bin1225/workspaces/ur_gz/build/ur_simulation_gz' returned '0': CMAKE_PREFIX_PATH=${CMAKE_PREFIX_PATH}:/opt/ros/jazzy /usr/bin/cmake --build /home/bin1225/workspaces/ur_gz/build/ur_simulation_gz -- -j22 -l22
[1.810s] Invoking command in '/home/bin1225/workspaces/ur_gz/build/ur_simulation_gz': CMAKE_PREFIX_PATH=${CMAKE_PREFIX_PATH}:/opt/ros/jazzy /usr/bin/cmake --install /home/bin1225/workspaces/ur_gz/build/ur_simulation_gz
[1.815s] -- Install configuration: ""
[1.815s] -- Installing: /home/bin1225/workspaces/ur_gz/install/ur_simulation_gz/share/ur_simulation_gz/config
[1.815s] -- Installing: /home/bin1225/workspaces/ur_gz/install/ur_simulation_gz/share/ur_simulation_gz/config/ur_controllers.yaml
[1.815s] -- Installing: /home/bin1225/workspaces/ur_gz/install/ur_simulation_gz/share/ur_simulation_gz/launch
[1.816s] -- Installing: /home/bin1225/workspaces/ur_gz/install/ur_simulation_gz/share/ur_simulation_gz/launch/ur_sim_control.launch.py
[1.816s] -- Installing: /home/bin1225/workspaces/ur_gz/install/ur_simulation_gz/share/ur_simulation_gz/launch/ur_sim_moveit.launch.py
[1.816s] -- Installing: /home/bin1225/workspaces/ur_gz/install/ur_simulation_gz/share/ur_simulation_gz/urdf
[1.816s] -- Installing: /home/bin1225/workspaces/ur_gz/install/ur_simulation_gz/share/ur_simulation_gz/urdf/ur_gz.ros2_control.xacro
[1.816s] -- Installing: /home/bin1225/workspaces/ur_gz/install/ur_simulation_gz/share/ur_simulation_gz/urdf/ur_gz.urdf.xacro
[1.816s] -- Installing: /home/bin1225/workspaces/ur_gz/install/ur_simulation_gz/share/ament_index/resource_index/package_run_dependencies/ur_simulation_gz
[1.816s] -- Installing: /home/bin1225/workspaces/ur_gz/install/ur_simulation_gz/share/ament_index/resource_index/parent_prefix_path/ur_simulation_gz
[1.816s] -- Installing: /home/bin1225/workspaces/ur_gz/install/ur_simulation_gz/share/ur_simulation_gz/environment/ament_prefix_path.sh
[1.816s] -- Installing: /home/bin1225/workspaces/ur_gz/install/ur_simulation_gz/share/ur_simulation_gz/environment/ament_prefix_path.dsv
[1.817s] -- Installing: /home/bin1225/workspaces/ur_gz/install/ur_simulation_gz/share/ur_simulation_gz/environment/path.sh
[1.817s] -- Installing: /home/bin1225/workspaces/ur_gz/install/ur_simulation_gz/share/ur_simulation_gz/environment/path.dsv
[1.817s] -- Installing: /home/bin1225/workspaces/ur_gz/install/ur_simulation_gz/share/ur_simulation_gz/local_setup.bash
[1.817s] -- Installing: /home/bin1225/workspaces/ur_gz/install/ur_simulation_gz/share/ur_simulation_gz/local_setup.sh
[1.817s] -- Installing: /home/bin1225/workspaces/ur_gz/install/ur_simulation_gz/share/ur_simulation_gz/local_setup.zsh
[1.817s] -- Installing: /home/bin1225/workspaces/ur_gz/install/ur_simulation_gz/share/ur_simulation_gz/local_setup.dsv
[1.817s] -- Installing: /home/bin1225/workspaces/ur_gz/install/ur_simulation_gz/share/ur_simulation_gz/package.dsv
[1.817s] -- Installing: /home/bin1225/workspaces/ur_gz/install/ur_simulation_gz/share/ament_index/resource_index/packages/ur_simulation_gz
[1.817s] -- Installing: /home/bin1225/workspaces/ur_gz/install/ur_simulation_gz/share/ur_simulation_gz/cmake/ur_simulation_gzConfig.cmake
[1.818s] -- Installing: /home/bin1225/workspaces/ur_gz/install/ur_simulation_gz/share/ur_simulation_gz/cmake/ur_simulation_gzConfig-version.cmake
[1.818s] -- Installing: /home/bin1225/workspaces/ur_gz/install/ur_simulation_gz/share/ur_simulation_gz/package.xml
[1.819s] Invoked command in '/home/bin1225/workspaces/ur_gz/build/ur_simulation_gz' returned '0': CMAKE_PREFIX_PATH=${CMAKE_PREFIX_PATH}:/opt/ros/jazzy /usr/bin/cmake --install /home/bin1225/workspaces/ur_gz/build/ur_simulation_gz
