[0.025s] Invoking command in '/home/bin1225/workspaces/ur_gz/src/build/ur_moveit_config': CMAKE_PREFIX_PATH=${CMAKE_PREFIX_PATH}:/home/bin1225/workspaces/ur_gz/install/pick_and_place_pkg:/opt/ros/jazzy /usr/bin/cmake /home/bin1225/workspaces/ur_gz/src/ur_moveit_config -DCMAKE_INSTALL_PREFIX=/home/bin1225/workspaces/ur_gz/src/install/ur_moveit_config
[0.321s] -- The C compiler identification is GNU 13.3.0
[0.760s] -- The CXX compiler identification is GNU 13.3.0
[1.023s] -- Detecting C compiler ABI info
[1.191s] -- Detecting C compiler ABI info - done
[1.197s] -- Check for working C compiler: /usr/bin/cc - skipped
[1.198s] -- Detecting C compile features
[1.199s] -- Detecting C compile features - done
[1.255s] -- Detecting CXX compiler ABI info
[1.392s] -- Detecting CXX compiler ABI info - done
[1.398s] -- Check for working CXX compiler: /usr/bin/c++ - skipped
[1.399s] -- Detecting CXX compile features
[1.399s] -- Detecting CXX compile features - done
[1.416s] -- Found ament_cmake: 2.5.3 (/opt/ros/jazzy/share/ament_cmake/cmake)
[1.548s] -- Found Python3: /usr/bin/python3 (found version "3.12.3") found components: Interpreter 
[1.758s] -- Configuring done (1.7s)
[1.762s] -- Generating done (0.0s)
[1.763s] -- Build files have been written to: /home/bin1225/workspaces/ur_gz/src/build/ur_moveit_config
[1.767s] Invoked command in '/home/bin1225/workspaces/ur_gz/src/build/ur_moveit_config' returned '0': CMAKE_PREFIX_PATH=${CMAKE_PREFIX_PATH}:/home/bin1225/workspaces/ur_gz/install/pick_and_place_pkg:/opt/ros/jazzy /usr/bin/cmake /home/bin1225/workspaces/ur_gz/src/ur_moveit_config -DCMAKE_INSTALL_PREFIX=/home/bin1225/workspaces/ur_gz/src/install/ur_moveit_config
[1.768s] Invoking command in '/home/bin1225/workspaces/ur_gz/src/build/ur_moveit_config': CMAKE_PREFIX_PATH=${CMAKE_PREFIX_PATH}:/home/bin1225/workspaces/ur_gz/install/pick_and_place_pkg:/opt/ros/jazzy /usr/bin/cmake --build /home/bin1225/workspaces/ur_gz/src/build/ur_moveit_config -- -j22 -l22
[1.795s] Invoked command in '/home/bin1225/workspaces/ur_gz/src/build/ur_moveit_config' returned '0': CMAKE_PREFIX_PATH=${CMAKE_PREFIX_PATH}:/home/bin1225/workspaces/ur_gz/install/pick_and_place_pkg:/opt/ros/jazzy /usr/bin/cmake --build /home/bin1225/workspaces/ur_gz/src/build/ur_moveit_config -- -j22 -l22
[1.803s] Invoking command in '/home/bin1225/workspaces/ur_gz/src/build/ur_moveit_config': CMAKE_PREFIX_PATH=${CMAKE_PREFIX_PATH}:/home/bin1225/workspaces/ur_gz/install/pick_and_place_pkg:/opt/ros/jazzy /usr/bin/cmake --install /home/bin1225/workspaces/ur_gz/src/build/ur_moveit_config
[1.811s] -- Install configuration: ""
[1.813s] -- Installing: /home/bin1225/workspaces/ur_gz/src/install/ur_moveit_config/share/ament_index/resource_index/package_run_dependencies/ur_moveit_config
[1.813s] -- Installing: /home/bin1225/workspaces/ur_gz/src/install/ur_moveit_config/share/ament_index/resource_index/parent_prefix_path/ur_moveit_config
[1.814s] -- Installing: /home/bin1225/workspaces/ur_gz/src/install/ur_moveit_config/share/ur_moveit_config/environment/ament_prefix_path.sh
[1.814s] -- Installing: /home/bin1225/workspaces/ur_gz/src/install/ur_moveit_config/share/ur_moveit_config/environment/ament_prefix_path.dsv
[1.814s] -- Installing: /home/bin1225/workspaces/ur_gz/src/install/ur_moveit_config/share/ur_moveit_config/environment/path.sh
[1.814s] -- Installing: /home/bin1225/workspaces/ur_gz/src/install/ur_moveit_config/share/ur_moveit_config/environment/path.dsv
[1.815s] -- Installing: /home/bin1225/workspaces/ur_gz/src/install/ur_moveit_config/share/ur_moveit_config/local_setup.bash
[1.815s] -- Installing: /home/bin1225/workspaces/ur_gz/src/install/ur_moveit_config/share/ur_moveit_config/local_setup.sh
[1.815s] -- Installing: /home/bin1225/workspaces/ur_gz/src/install/ur_moveit_config/share/ur_moveit_config/local_setup.zsh
[1.815s] -- Installing: /home/bin1225/workspaces/ur_gz/src/install/ur_moveit_config/share/ur_moveit_config/local_setup.dsv
[1.816s] -- Installing: /home/bin1225/workspaces/ur_gz/src/install/ur_moveit_config/share/ur_moveit_config/package.dsv
[1.816s] -- Installing: /home/bin1225/workspaces/ur_gz/src/install/ur_moveit_config/share/ament_index/resource_index/packages/ur_moveit_config
[1.816s] -- Installing: /home/bin1225/workspaces/ur_gz/src/install/ur_moveit_config/share/ur_moveit_config/cmake/ur_moveit_configConfig.cmake
[1.816s] -- Installing: /home/bin1225/workspaces/ur_gz/src/install/ur_moveit_config/share/ur_moveit_config/cmake/ur_moveit_configConfig-version.cmake
[1.816s] -- Installing: /home/bin1225/workspaces/ur_gz/src/install/ur_moveit_config/share/ur_moveit_config/package.xml
[1.816s] -- Installing: /home/bin1225/workspaces/ur_gz/src/install/ur_moveit_config/share/ur_moveit_config/config
[1.816s] -- Installing: /home/bin1225/workspaces/ur_gz/src/install/ur_moveit_config/share/ur_moveit_config/config/chomp_planning.yaml
[1.816s] -- Installing: /home/bin1225/workspaces/ur_gz/src/install/ur_moveit_config/share/ur_moveit_config/config/ompl_planning.yaml
[1.816s] -- Installing: /home/bin1225/workspaces/ur_gz/src/install/ur_moveit_config/share/ur_moveit_config/config/moveit.rviz
[1.816s] -- Installing: /home/bin1225/workspaces/ur_gz/src/install/ur_moveit_config/share/ur_moveit_config/config/moveit_controllers.yaml
[1.816s] -- Installing: /home/bin1225/workspaces/ur_gz/src/install/ur_moveit_config/share/ur_moveit_config/config/pilz_industrial_motion_planner_planning.yaml
[1.817s] -- Installing: /home/bin1225/workspaces/ur_gz/src/install/ur_moveit_config/share/ur_moveit_config/config/pilz_cartesian_limits.yaml
[1.817s] -- Installing: /home/bin1225/workspaces/ur_gz/src/install/ur_moveit_config/share/ur_moveit_config/config/kinematics.yaml
[1.817s] -- Installing: /home/bin1225/workspaces/ur_gz/src/install/ur_moveit_config/share/ur_moveit_config/config/joint_limits.yaml
[1.817s] -- Installing: /home/bin1225/workspaces/ur_gz/src/install/ur_moveit_config/share/ur_moveit_config/config/ur_servo.yaml
[1.817s] -- Installing: /home/bin1225/workspaces/ur_gz/src/install/ur_moveit_config/share/ur_moveit_config/launch
[1.817s] -- Installing: /home/bin1225/workspaces/ur_gz/src/install/ur_moveit_config/share/ur_moveit_config/launch/ur_moveit.launch.py
[1.818s] -- Installing: /home/bin1225/workspaces/ur_gz/src/install/ur_moveit_config/share/ur_moveit_config/srdf
[1.818s] -- Installing: /home/bin1225/workspaces/ur_gz/src/install/ur_moveit_config/share/ur_moveit_config/srdf/ur_macro.srdf.xacro
[1.818s] -- Installing: /home/bin1225/workspaces/ur_gz/src/install/ur_moveit_config/share/ur_moveit_config/srdf/ur.srdf.xacro
[1.820s] Invoked command in '/home/bin1225/workspaces/ur_gz/src/build/ur_moveit_config' returned '0': CMAKE_PREFIX_PATH=${CMAKE_PREFIX_PATH}:/home/bin1225/workspaces/ur_gz/install/pick_and_place_pkg:/opt/ros/jazzy /usr/bin/cmake --install /home/bin1225/workspaces/ur_gz/src/build/ur_moveit_config
