[0.037s] Invoking command in '/home/bin1225/workspaces/ur_gz/build/ur_simulation_gz': CMAKE_PREFIX_PATH=/home/bin1225/workspaces/ur_gz/install/ur_moveit_config:/home/bin1225/workspaces/ur_gz/install/ur_simulation_gz:/opt/ros/jazzy/opt/gz_sim_vendor:/opt/ros/jazzy/opt/gz_sensors_vendor:/opt/ros/jazzy/opt/gz_physics_vendor:/opt/ros/jazzy/opt/sdformat_vendor:/opt/ros/jazzy/opt/gz_gui_vendor:/opt/ros/jazzy/opt/gz_transport_vendor:/opt/ros/jazzy/opt/gz_rendering_vendor:/opt/ros/jazzy/opt/gz_plugin_vendor:/opt/ros/jazzy/opt/gz_fuel_tools_vendor:/opt/ros/jazzy/opt/gz_msgs_vendor:/opt/ros/jazzy/opt/gz_common_vendor:/opt/ros/jazzy/opt/gz_math_vendor:/opt/ros/jazzy/opt/gz_utils_vendor:/opt/ros/jazzy/opt/gz_tools_vendor:/opt/ros/jazzy/opt/gz_ogre_next_vendor:/opt/ros/jazzy/opt/gz_dartsim_vendor:/opt/ros/jazzy/opt/gz_cmake_vendor:/home/bin1225/workspaces/ur_gz/install/pick_and_place_pkg:/opt/ros/jazzy /usr/bin/cmake /home/bin1225/workspaces/ur_gz/src/ur_simulation_gz/ur_simulation_gz -DAMENT_CMAKE_SYMLINK_INSTALL=1 -DCMAKE_INSTALL_PREFIX=/home/bin1225/workspaces/ur_gz/install/ur_simulation_gz
[0.165s] -- The C compiler identification is GNU 13.3.0
[1.047s] -- The CXX compiler identification is GNU 13.3.0
[1.632s] -- Detecting C compiler ABI info
[1.934s] -- Detecting C compiler ABI info - done
[1.947s] -- Check for working C compiler: /usr/bin/cc - skipped
[1.948s] -- Detecting C compile features
[1.949s] -- Detecting C compile features - done
[2.128s] -- Detecting CXX compiler ABI info
[2.650s] -- Detecting CXX compiler ABI info - done
[2.658s] -- Check for working CXX compiler: /usr/bin/c++ - skipped
[2.658s] -- Detecting CXX compile features
[2.659s] -- Detecting CXX compile features - done
[2.665s] -- Found ament_cmake: 2.5.3 (/opt/ros/jazzy/share/ament_cmake/cmake)
[2.869s] -- Found Python3: /usr/bin/python3 (found version "3.12.3") found components: Interpreter 
[2.973s] -- Override CMake install command with custom implementation using symlinks instead of copying resources
[3.033s] -- Found launch_testing_ament_cmake: 3.4.4 (/opt/ros/jazzy/share/launch_testing_ament_cmake/cmake)
[3.035s] -- Found python_cmake_module: 0.11.1 (/opt/ros/jazzy/share/python_cmake_module/cmake)
[3.211s] -- Found PythonExtra: /usr/bin/python3  
[3.215s] -- Found ament_cmake_pytest: 2.5.3 (/opt/ros/jazzy/share/ament_cmake_pytest/cmake)
[3.833s] -- Configuring done (3.8s)
[3.843s] -- Generating done (0.0s)
[3.843s] -- Build files have been written to: /home/bin1225/workspaces/ur_gz/build/ur_simulation_gz
[3.847s] Invoked command in '/home/bin1225/workspaces/ur_gz/build/ur_simulation_gz' returned '0': CMAKE_PREFIX_PATH=/home/bin1225/workspaces/ur_gz/install/ur_moveit_config:/home/bin1225/workspaces/ur_gz/install/ur_simulation_gz:/opt/ros/jazzy/opt/gz_sim_vendor:/opt/ros/jazzy/opt/gz_sensors_vendor:/opt/ros/jazzy/opt/gz_physics_vendor:/opt/ros/jazzy/opt/sdformat_vendor:/opt/ros/jazzy/opt/gz_gui_vendor:/opt/ros/jazzy/opt/gz_transport_vendor:/opt/ros/jazzy/opt/gz_rendering_vendor:/opt/ros/jazzy/opt/gz_plugin_vendor:/opt/ros/jazzy/opt/gz_fuel_tools_vendor:/opt/ros/jazzy/opt/gz_msgs_vendor:/opt/ros/jazzy/opt/gz_common_vendor:/opt/ros/jazzy/opt/gz_math_vendor:/opt/ros/jazzy/opt/gz_utils_vendor:/opt/ros/jazzy/opt/gz_tools_vendor:/opt/ros/jazzy/opt/gz_ogre_next_vendor:/opt/ros/jazzy/opt/gz_dartsim_vendor:/opt/ros/jazzy/opt/gz_cmake_vendor:/home/bin1225/workspaces/ur_gz/install/pick_and_place_pkg:/opt/ros/jazzy /usr/bin/cmake /home/bin1225/workspaces/ur_gz/src/ur_simulation_gz/ur_simulation_gz -DAMENT_CMAKE_SYMLINK_INSTALL=1 -DCMAKE_INSTALL_PREFIX=/home/bin1225/workspaces/ur_gz/install/ur_simulation_gz
[3.848s] Invoking command in '/home/bin1225/workspaces/ur_gz/build/ur_simulation_gz': CMAKE_PREFIX_PATH=/home/bin1225/workspaces/ur_gz/install/ur_moveit_config:/home/bin1225/workspaces/ur_gz/install/ur_simulation_gz:/opt/ros/jazzy/opt/gz_sim_vendor:/opt/ros/jazzy/opt/gz_sensors_vendor:/opt/ros/jazzy/opt/gz_physics_vendor:/opt/ros/jazzy/opt/sdformat_vendor:/opt/ros/jazzy/opt/gz_gui_vendor:/opt/ros/jazzy/opt/gz_transport_vendor:/opt/ros/jazzy/opt/gz_rendering_vendor:/opt/ros/jazzy/opt/gz_plugin_vendor:/opt/ros/jazzy/opt/gz_fuel_tools_vendor:/opt/ros/jazzy/opt/gz_msgs_vendor:/opt/ros/jazzy/opt/gz_common_vendor:/opt/ros/jazzy/opt/gz_math_vendor:/opt/ros/jazzy/opt/gz_utils_vendor:/opt/ros/jazzy/opt/gz_tools_vendor:/opt/ros/jazzy/opt/gz_ogre_next_vendor:/opt/ros/jazzy/opt/gz_dartsim_vendor:/opt/ros/jazzy/opt/gz_cmake_vendor:/home/bin1225/workspaces/ur_gz/install/pick_and_place_pkg:/opt/ros/jazzy /usr/bin/cmake --build /home/bin1225/workspaces/ur_gz/build/ur_simulation_gz -- -j22 -l22
[3.900s] Invoked command in '/home/bin1225/workspaces/ur_gz/build/ur_simulation_gz' returned '0': CMAKE_PREFIX_PATH=/home/bin1225/workspaces/ur_gz/install/ur_moveit_config:/home/bin1225/workspaces/ur_gz/install/ur_simulation_gz:/opt/ros/jazzy/opt/gz_sim_vendor:/opt/ros/jazzy/opt/gz_sensors_vendor:/opt/ros/jazzy/opt/gz_physics_vendor:/opt/ros/jazzy/opt/sdformat_vendor:/opt/ros/jazzy/opt/gz_gui_vendor:/opt/ros/jazzy/opt/gz_transport_vendor:/opt/ros/jazzy/opt/gz_rendering_vendor:/opt/ros/jazzy/opt/gz_plugin_vendor:/opt/ros/jazzy/opt/gz_fuel_tools_vendor:/opt/ros/jazzy/opt/gz_msgs_vendor:/opt/ros/jazzy/opt/gz_common_vendor:/opt/ros/jazzy/opt/gz_math_vendor:/opt/ros/jazzy/opt/gz_utils_vendor:/opt/ros/jazzy/opt/gz_tools_vendor:/opt/ros/jazzy/opt/gz_ogre_next_vendor:/opt/ros/jazzy/opt/gz_dartsim_vendor:/opt/ros/jazzy/opt/gz_cmake_vendor:/home/bin1225/workspaces/ur_gz/install/pick_and_place_pkg:/opt/ros/jazzy /usr/bin/cmake --build /home/bin1225/workspaces/ur_gz/build/ur_simulation_gz -- -j22 -l22
[3.901s] Invoking command in '/home/bin1225/workspaces/ur_gz/build/ur_simulation_gz': CMAKE_PREFIX_PATH=/home/bin1225/workspaces/ur_gz/install/ur_moveit_config:/home/bin1225/workspaces/ur_gz/install/ur_simulation_gz:/opt/ros/jazzy/opt/gz_sim_vendor:/opt/ros/jazzy/opt/gz_sensors_vendor:/opt/ros/jazzy/opt/gz_physics_vendor:/opt/ros/jazzy/opt/sdformat_vendor:/opt/ros/jazzy/opt/gz_gui_vendor:/opt/ros/jazzy/opt/gz_transport_vendor:/opt/ros/jazzy/opt/gz_rendering_vendor:/opt/ros/jazzy/opt/gz_plugin_vendor:/opt/ros/jazzy/opt/gz_fuel_tools_vendor:/opt/ros/jazzy/opt/gz_msgs_vendor:/opt/ros/jazzy/opt/gz_common_vendor:/opt/ros/jazzy/opt/gz_math_vendor:/opt/ros/jazzy/opt/gz_utils_vendor:/opt/ros/jazzy/opt/gz_tools_vendor:/opt/ros/jazzy/opt/gz_ogre_next_vendor:/opt/ros/jazzy/opt/gz_dartsim_vendor:/opt/ros/jazzy/opt/gz_cmake_vendor:/home/bin1225/workspaces/ur_gz/install/pick_and_place_pkg:/opt/ros/jazzy /usr/bin/cmake --install /home/bin1225/workspaces/ur_gz/build/ur_simulation_gz
[3.910s] -- Install configuration: ""
[3.911s] -- Execute custom install script
[3.912s] -- Symlinking: /home/bin1225/workspaces/ur_gz/install/ur_simulation_gz/share/ur_simulation_gz/config/ur_controllers.yaml
[3.923s] -- Symlinking: /home/bin1225/workspaces/ur_gz/install/ur_simulation_gz/share/ur_simulation_gz/launch/ur_sim_control.launch.py
[3.935s] -- Symlinking: /home/bin1225/workspaces/ur_gz/install/ur_simulation_gz/share/ur_simulation_gz/launch/ur_sim_moveit.launch.py
[3.945s] -- Symlinking: /home/bin1225/workspaces/ur_gz/install/ur_simulation_gz/share/ur_simulation_gz/urdf/ur_gz.ros2_control.xacro
[3.954s] -- Symlinking: /home/bin1225/workspaces/ur_gz/install/ur_simulation_gz/share/ur_simulation_gz/urdf/ur_gz.urdf.xacro
[3.964s] -- Symlinking: /home/bin1225/workspaces/ur_gz/install/ur_simulation_gz/share/ur_simulation_gz/urdf/ur_gz_setup_test.urdf.xacro
[3.974s] -- Symlinking: /home/bin1225/workspaces/ur_gz/install/ur_simulation_gz/share/ament_index/resource_index/package_run_dependencies/ur_simulation_gz
[3.986s] -- Symlinking: /home/bin1225/workspaces/ur_gz/install/ur_simulation_gz/share/ament_index/resource_index/parent_prefix_path/ur_simulation_gz
[4.003s] -- Symlinking: /home/bin1225/workspaces/ur_gz/install/ur_simulation_gz/share/ur_simulation_gz/environment/ament_prefix_path.sh
[4.012s] -- Symlinking: /home/bin1225/workspaces/ur_gz/install/ur_simulation_gz/share/ur_simulation_gz/environment/ament_prefix_path.dsv
[4.022s] -- Symlinking: /home/bin1225/workspaces/ur_gz/install/ur_simulation_gz/share/ur_simulation_gz/environment/path.sh
[4.032s] -- Symlinking: /home/bin1225/workspaces/ur_gz/install/ur_simulation_gz/share/ur_simulation_gz/environment/path.dsv
[4.041s] -- Symlinking: /home/bin1225/workspaces/ur_gz/install/ur_simulation_gz/share/ur_simulation_gz/local_setup.bash
[4.050s] -- Symlinking: /home/bin1225/workspaces/ur_gz/install/ur_simulation_gz/share/ur_simulation_gz/local_setup.sh
[4.060s] -- Symlinking: /home/bin1225/workspaces/ur_gz/install/ur_simulation_gz/share/ur_simulation_gz/local_setup.zsh
[4.070s] -- Symlinking: /home/bin1225/workspaces/ur_gz/install/ur_simulation_gz/share/ur_simulation_gz/local_setup.dsv
[4.079s] -- Symlinking: /home/bin1225/workspaces/ur_gz/install/ur_simulation_gz/share/ur_simulation_gz/package.dsv
[4.088s] -- Symlinking: /home/bin1225/workspaces/ur_gz/install/ur_simulation_gz/share/ament_index/resource_index/packages/ur_simulation_gz
[4.097s] -- Symlinking: /home/bin1225/workspaces/ur_gz/install/ur_simulation_gz/share/ur_simulation_gz/cmake/ur_simulation_gzConfig.cmake
[4.108s] -- Symlinking: /home/bin1225/workspaces/ur_gz/install/ur_simulation_gz/share/ur_simulation_gz/cmake/ur_simulation_gzConfig-version.cmake
[4.118s] -- Symlinking: /home/bin1225/workspaces/ur_gz/install/ur_simulation_gz/share/ur_simulation_gz/package.xml
[4.132s] Invoked command in '/home/bin1225/workspaces/ur_gz/build/ur_simulation_gz' returned '0': CMAKE_PREFIX_PATH=/home/bin1225/workspaces/ur_gz/install/ur_moveit_config:/home/bin1225/workspaces/ur_gz/install/ur_simulation_gz:/opt/ros/jazzy/opt/gz_sim_vendor:/opt/ros/jazzy/opt/gz_sensors_vendor:/opt/ros/jazzy/opt/gz_physics_vendor:/opt/ros/jazzy/opt/sdformat_vendor:/opt/ros/jazzy/opt/gz_gui_vendor:/opt/ros/jazzy/opt/gz_transport_vendor:/opt/ros/jazzy/opt/gz_rendering_vendor:/opt/ros/jazzy/opt/gz_plugin_vendor:/opt/ros/jazzy/opt/gz_fuel_tools_vendor:/opt/ros/jazzy/opt/gz_msgs_vendor:/opt/ros/jazzy/opt/gz_common_vendor:/opt/ros/jazzy/opt/gz_math_vendor:/opt/ros/jazzy/opt/gz_utils_vendor:/opt/ros/jazzy/opt/gz_tools_vendor:/opt/ros/jazzy/opt/gz_ogre_next_vendor:/opt/ros/jazzy/opt/gz_dartsim_vendor:/opt/ros/jazzy/opt/gz_cmake_vendor:/home/bin1225/workspaces/ur_gz/install/pick_and_place_pkg:/opt/ros/jazzy /usr/bin/cmake --install /home/bin1225/workspaces/ur_gz/build/ur_simulation_gz
