[0.556s] Invoking command in '/home/bin1225/workspaces/ur_gz/src/pick_and_place_pkg': PYTHONPATH=/home/bin1225/workspaces/ur_gz/src/build/pick_and_place_pkg/prefix_override:/usr/lib/python3/dist-packages/colcon_core/task/python/colcon_distutils_commands:/home/bin1225/workspaces/ur_gz/src/install/pick_and_place_pkg/lib/python3.12/site-packages:${PYTHONPATH} /usr/bin/python3 -W ignore:setup.py install is deprecated -W ignore:easy_install command is deprecated setup.py egg_info --egg-base ../build/pick_and_place_pkg build --build-base /home/bin1225/workspaces/ur_gz/src/build/pick_and_place_pkg/build install --record /home/bin1225/workspaces/ur_gz/src/build/pick_and_place_pkg/install.log --single-version-externally-managed install_data
[0.722s] running egg_info
[0.734s] writing ../build/pick_and_place_pkg/pick_and_place_pkg.egg-info/PKG-INFO
[0.735s] writing dependency_links to ../build/pick_and_place_pkg/pick_and_place_pkg.egg-info/dependency_links.txt
[0.735s] writing entry points to ../build/pick_and_place_pkg/pick_and_place_pkg.egg-info/entry_points.txt
[0.735s] writing requirements to ../build/pick_and_place_pkg/pick_and_place_pkg.egg-info/requires.txt
[0.735s] writing top-level names to ../build/pick_and_place_pkg/pick_and_place_pkg.egg-info/top_level.txt
[0.758s] reading manifest file '../build/pick_and_place_pkg/pick_and_place_pkg.egg-info/SOURCES.txt'
[0.758s] writing manifest file '../build/pick_and_place_pkg/pick_and_place_pkg.egg-info/SOURCES.txt'
[0.759s] running build
[0.759s] running build_py
[0.759s] running install
[0.763s] running install_lib
[0.777s] running install_data
[0.777s] running install_egg_info
[0.791s] removing '/home/bin1225/workspaces/ur_gz/src/install/pick_and_place_pkg/lib/python3.12/site-packages/pick_and_place_pkg-0.0.1-py3.12.egg-info' (and everything under it)
[0.791s] Copying ../build/pick_and_place_pkg/pick_and_place_pkg.egg-info to /home/bin1225/workspaces/ur_gz/src/install/pick_and_place_pkg/lib/python3.12/site-packages/pick_and_place_pkg-0.0.1-py3.12.egg-info
[0.791s] running install_scripts
[0.873s] Installing move_test script to /home/bin1225/workspaces/ur_gz/src/install/pick_and_place_pkg/lib/pick_and_place_pkg
[0.874s] Installing pick_and_place script to /home/bin1225/workspaces/ur_gz/src/install/pick_and_place_pkg/lib/pick_and_place_pkg
[0.874s] writing list of installed files to '/home/bin1225/workspaces/ur_gz/src/build/pick_and_place_pkg/install.log'
[0.895s] Invoked command in '/home/bin1225/workspaces/ur_gz/src/pick_and_place_pkg' returned '0': PYTHONPATH=/home/bin1225/workspaces/ur_gz/src/build/pick_and_place_pkg/prefix_override:/usr/lib/python3/dist-packages/colcon_core/task/python/colcon_distutils_commands:/home/bin1225/workspaces/ur_gz/src/install/pick_and_place_pkg/lib/python3.12/site-packages:${PYTHONPATH} /usr/bin/python3 -W ignore:setup.py install is deprecated -W ignore:easy_install command is deprecated setup.py egg_info --egg-base ../build/pick_and_place_pkg build --build-base /home/bin1225/workspaces/ur_gz/src/build/pick_and_place_pkg/build install --record /home/bin1225/workspaces/ur_gz/src/build/pick_and_place_pkg/install.log --single-version-externally-managed install_data
