[0.330s] DEBUG:colcon:Command line arguments: ['/usr/bin/colcon', 'build', '--packages-select', 'move_test_cpp']
[0.331s] DEBUG:colcon:Parsed command line arguments: Namespace(log_base=None, log_level=None, verb_name='build', build_base='build', install_base='install', merge_install=False, symlink_install=False, test_result_base=None, continue_on_error=False, executor='parallel', parallel_workers=22, event_handlers=None, ignore_user_meta=False, metas=['./colcon.meta'], base_paths=['.'], packages_ignore=None, packages_ignore_regex=None, paths=None, packages_up_to=None, packages_up_to_regex=None, packages_above=None, packages_above_and_dependencies=None, packages_above_depth=None, packages_select_by_dep=None, packages_skip_by_dep=None, packages_skip_up_to=None, packages_select_build_failed=False, packages_skip_build_finished=False, packages_select_test_failures=False, packages_skip_test_passed=False, packages_select=['move_test_cpp'], packages_skip=None, packages_select_regex=None, packages_skip_regex=None, packages_start=None, packages_end=None, allow_overriding=[], cmake_args=None, cmake_target=None, cmake_target_skip_unavailable=False, cmake_clean_cache=False, cmake_clean_first=False, cmake_force_configure=False, ament_cmake_args=None, catkin_cmake_args=None, catkin_skip_building_tests=False, mixin_files=None, mixin=None, verb_parser=<colcon_mixin.mixin.mixin_argument.MixinArgumentDecorator object at 0x7ffa927be000>, verb_extension=<colcon_core.verb.build.BuildVerb object at 0x7ffa927bdb50>, main=<bound method BuildVerb.main of <colcon_core.verb.build.BuildVerb object at 0x7ffa927bdb50>>, mixin_verb=('build',))
[0.386s] Level 1:colcon.colcon_core.package_discovery:discover_packages(colcon_meta) check parameters
[0.386s] Level 1:colcon.colcon_core.package_discovery:discover_packages(recursive) check parameters
[0.386s] Level 1:colcon.colcon_core.package_discovery:discover_packages(ignore) check parameters
[0.386s] Level 1:colcon.colcon_core.package_discovery:discover_packages(path) check parameters
[0.386s] Level 1:colcon.colcon_core.package_discovery:discover_packages(colcon_meta) discover
[0.387s] Level 1:colcon.colcon_core.package_discovery:discover_packages(recursive) discover
[0.387s] INFO:colcon.colcon_core.package_discovery:Crawling recursively for packages in '/home/bin1225/workspaces/ur_gz'
[0.387s] Level 1:colcon.colcon_core.package_identification:_identify(.) by extensions ['ignore', 'ignore_ament_install']
[0.388s] Level 1:colcon.colcon_core.package_identification:_identify(.) by extension 'ignore'
[0.388s] Level 1:colcon.colcon_core.package_identification:_identify(.) by extension 'ignore_ament_install'
[0.388s] Level 1:colcon.colcon_core.package_identification:_identify(.) by extensions ['colcon_pkg']
[0.388s] Level 1:colcon.colcon_core.package_identification:_identify(.) by extension 'colcon_pkg'
[0.388s] Level 1:colcon.colcon_core.package_identification:_identify(.) by extensions ['colcon_meta']
[0.388s] Level 1:colcon.colcon_core.package_identification:_identify(.) by extension 'colcon_meta'
[0.388s] Level 1:colcon.colcon_core.package_identification:_identify(.) by extensions ['ros']
[0.388s] Level 1:colcon.colcon_core.package_identification:_identify(.) by extension 'ros'
[0.442s] Level 1:colcon.colcon_core.package_identification:_identify(.) by extensions ['cmake', 'python']
[0.443s] Level 1:colcon.colcon_core.package_identification:_identify(.) by extension 'cmake'
[0.443s] Level 1:colcon.colcon_core.package_identification:_identify(.) by extension 'python'
[0.443s] Level 1:colcon.colcon_core.package_identification:_identify(.) by extensions ['python_setup_py']
[0.443s] Level 1:colcon.colcon_core.package_identification:_identify(.) by extension 'python_setup_py'
[0.443s] Level 1:colcon.colcon_core.package_identification:_identify(build) by extensions ['ignore', 'ignore_ament_install']
[0.443s] Level 1:colcon.colcon_core.package_identification:_identify(build) by extension 'ignore'
[0.443s] Level 1:colcon.colcon_core.package_identification:_identify(build) ignored
[0.443s] Level 1:colcon.colcon_core.package_identification:_identify(install) by extensions ['ignore', 'ignore_ament_install']
[0.443s] Level 1:colcon.colcon_core.package_identification:_identify(install) by extension 'ignore'
[0.444s] Level 1:colcon.colcon_core.package_identification:_identify(install) ignored
[0.444s] Level 1:colcon.colcon_core.package_identification:_identify(log) by extensions ['ignore', 'ignore_ament_install']
[0.444s] Level 1:colcon.colcon_core.package_identification:_identify(log) by extension 'ignore'
[0.444s] Level 1:colcon.colcon_core.package_identification:_identify(log) ignored
[0.444s] Level 1:colcon.colcon_core.package_identification:_identify(src) by extensions ['ignore', 'ignore_ament_install']
[0.444s] Level 1:colcon.colcon_core.package_identification:_identify(src) by extension 'ignore'
[0.444s] Level 1:colcon.colcon_core.package_identification:_identify(src) by extension 'ignore_ament_install'
[0.444s] Level 1:colcon.colcon_core.package_identification:_identify(src) by extensions ['colcon_pkg']
[0.444s] Level 1:colcon.colcon_core.package_identification:_identify(src) by extension 'colcon_pkg'
[0.444s] Level 1:colcon.colcon_core.package_identification:_identify(src) by extensions ['colcon_meta']
[0.444s] Level 1:colcon.colcon_core.package_identification:_identify(src) by extension 'colcon_meta'
[0.444s] Level 1:colcon.colcon_core.package_identification:_identify(src) by extensions ['ros']
[0.444s] Level 1:colcon.colcon_core.package_identification:_identify(src) by extension 'ros'
[0.444s] Level 1:colcon.colcon_core.package_identification:_identify(src) by extensions ['cmake', 'python']
[0.444s] Level 1:colcon.colcon_core.package_identification:_identify(src) by extension 'cmake'
[0.445s] Level 1:colcon.colcon_core.package_identification:_identify(src) by extension 'python'
[0.446s] Level 1:colcon.colcon_core.package_identification:_identify(src) by extensions ['python_setup_py']
[0.446s] Level 1:colcon.colcon_core.package_identification:_identify(src) by extension 'python_setup_py'
[0.446s] Level 1:colcon.colcon_core.package_identification:_identify(src/move_test_cpp) by extensions ['ignore', 'ignore_ament_install']
[0.447s] Level 1:colcon.colcon_core.package_identification:_identify(src/move_test_cpp) by extension 'ignore'
[0.447s] Level 1:colcon.colcon_core.package_identification:_identify(src/move_test_cpp) by extension 'ignore_ament_install'
[0.447s] Level 1:colcon.colcon_core.package_identification:_identify(src/move_test_cpp) by extensions ['colcon_pkg']
[0.447s] Level 1:colcon.colcon_core.package_identification:_identify(src/move_test_cpp) by extension 'colcon_pkg'
[0.447s] Level 1:colcon.colcon_core.package_identification:_identify(src/move_test_cpp) by extensions ['colcon_meta']
[0.447s] Level 1:colcon.colcon_core.package_identification:_identify(src/move_test_cpp) by extension 'colcon_meta'
[0.447s] Level 1:colcon.colcon_core.package_identification:_identify(src/move_test_cpp) by extensions ['ros']
[0.447s] Level 1:colcon.colcon_core.package_identification:_identify(src/move_test_cpp) by extension 'ros'
[0.450s] DEBUG:colcon.colcon_core.package_identification:Package 'src/move_test_cpp' with type 'ros.ament_cmake' and name 'move_test_cpp'
[0.450s] Level 1:colcon.colcon_core.package_identification:_identify(src/pick_and_place_pkg) by extensions ['ignore', 'ignore_ament_install']
[0.450s] Level 1:colcon.colcon_core.package_identification:_identify(src/pick_and_place_pkg) by extension 'ignore'
[0.451s] Level 1:colcon.colcon_core.package_identification:_identify(src/pick_and_place_pkg) by extension 'ignore_ament_install'
[0.451s] Level 1:colcon.colcon_core.package_identification:_identify(src/pick_and_place_pkg) by extensions ['colcon_pkg']
[0.451s] Level 1:colcon.colcon_core.package_identification:_identify(src/pick_and_place_pkg) by extension 'colcon_pkg'
[0.451s] Level 1:colcon.colcon_core.package_identification:_identify(src/pick_and_place_pkg) by extensions ['colcon_meta']
[0.451s] Level 1:colcon.colcon_core.package_identification:_identify(src/pick_and_place_pkg) by extension 'colcon_meta'
[0.451s] Level 1:colcon.colcon_core.package_identification:_identify(src/pick_and_place_pkg) by extensions ['ros']
[0.451s] Level 1:colcon.colcon_core.package_identification:_identify(src/pick_and_place_pkg) by extension 'ros'
[0.452s] DEBUG:colcon.colcon_core.package_identification:Package 'src/pick_and_place_pkg' with type 'ros.ament_python' and name 'pick_and_place_pkg'
[0.452s] Level 1:colcon.colcon_core.package_identification:_identify(src/ur_moveit_config) by extensions ['ignore', 'ignore_ament_install']
[0.452s] Level 1:colcon.colcon_core.package_identification:_identify(src/ur_moveit_config) by extension 'ignore'
[0.452s] Level 1:colcon.colcon_core.package_identification:_identify(src/ur_moveit_config) by extension 'ignore_ament_install'
[0.453s] Level 1:colcon.colcon_core.package_identification:_identify(src/ur_moveit_config) by extensions ['colcon_pkg']
[0.453s] Level 1:colcon.colcon_core.package_identification:_identify(src/ur_moveit_config) by extension 'colcon_pkg'
[0.453s] Level 1:colcon.colcon_core.package_identification:_identify(src/ur_moveit_config) by extensions ['colcon_meta']
[0.453s] Level 1:colcon.colcon_core.package_identification:_identify(src/ur_moveit_config) by extension 'colcon_meta'
[0.453s] Level 1:colcon.colcon_core.package_identification:_identify(src/ur_moveit_config) by extensions ['ros']
[0.453s] Level 1:colcon.colcon_core.package_identification:_identify(src/ur_moveit_config) by extension 'ros'
[0.453s] DEBUG:colcon.colcon_core.package_identification:Package 'src/ur_moveit_config' with type 'ros.ament_cmake' and name 'ur_moveit_config'
[0.454s] Level 1:colcon.colcon_core.package_identification:_identify(src/ur_simulation_gz) by extensions ['ignore', 'ignore_ament_install']
[0.454s] Level 1:colcon.colcon_core.package_identification:_identify(src/ur_simulation_gz) by extension 'ignore'
[0.454s] Level 1:colcon.colcon_core.package_identification:_identify(src/ur_simulation_gz) by extension 'ignore_ament_install'
[0.454s] Level 1:colcon.colcon_core.package_identification:_identify(src/ur_simulation_gz) by extensions ['colcon_pkg']
[0.454s] Level 1:colcon.colcon_core.package_identification:_identify(src/ur_simulation_gz) by extension 'colcon_pkg'
[0.454s] Level 1:colcon.colcon_core.package_identification:_identify(src/ur_simulation_gz) by extensions ['colcon_meta']
[0.454s] Level 1:colcon.colcon_core.package_identification:_identify(src/ur_simulation_gz) by extension 'colcon_meta'
[0.454s] Level 1:colcon.colcon_core.package_identification:_identify(src/ur_simulation_gz) by extensions ['ros']
[0.454s] Level 1:colcon.colcon_core.package_identification:_identify(src/ur_simulation_gz) by extension 'ros'
[0.454s] Level 1:colcon.colcon_core.package_identification:_identify(src/ur_simulation_gz) by extensions ['cmake', 'python']
[0.455s] Level 1:colcon.colcon_core.package_identification:_identify(src/ur_simulation_gz) by extension 'cmake'
[0.455s] Level 1:colcon.colcon_core.package_identification:_identify(src/ur_simulation_gz) by extension 'python'
[0.455s] Level 1:colcon.colcon_core.package_identification:_identify(src/ur_simulation_gz) by extensions ['python_setup_py']
[0.455s] Level 1:colcon.colcon_core.package_identification:_identify(src/ur_simulation_gz) by extension 'python_setup_py'
[0.455s] Level 1:colcon.colcon_core.package_identification:_identify(src/ur_simulation_gz/ur_simulation_gz) by extensions ['ignore', 'ignore_ament_install']
[0.455s] Level 1:colcon.colcon_core.package_identification:_identify(src/ur_simulation_gz/ur_simulation_gz) by extension 'ignore'
[0.455s] Level 1:colcon.colcon_core.package_identification:_identify(src/ur_simulation_gz/ur_simulation_gz) by extension 'ignore_ament_install'
[0.456s] Level 1:colcon.colcon_core.package_identification:_identify(src/ur_simulation_gz/ur_simulation_gz) by extensions ['colcon_pkg']
[0.456s] Level 1:colcon.colcon_core.package_identification:_identify(src/ur_simulation_gz/ur_simulation_gz) by extension 'colcon_pkg'
[0.456s] Level 1:colcon.colcon_core.package_identification:_identify(src/ur_simulation_gz/ur_simulation_gz) by extensions ['colcon_meta']
[0.456s] Level 1:colcon.colcon_core.package_identification:_identify(src/ur_simulation_gz/ur_simulation_gz) by extension 'colcon_meta'
[0.456s] Level 1:colcon.colcon_core.package_identification:_identify(src/ur_simulation_gz/ur_simulation_gz) by extensions ['ros']
[0.456s] Level 1:colcon.colcon_core.package_identification:_identify(src/ur_simulation_gz/ur_simulation_gz) by extension 'ros'
[0.456s] DEBUG:colcon.colcon_core.package_identification:Package 'src/ur_simulation_gz/ur_simulation_gz' with type 'ros.ament_cmake' and name 'ur_simulation_gz'
[0.456s] Level 1:colcon.colcon_core.package_discovery:discover_packages(recursive) using defaults
[0.457s] Level 1:colcon.colcon_core.package_discovery:discover_packages(ignore) discover
[0.457s] Level 1:colcon.colcon_core.package_discovery:discover_packages(ignore) using defaults
[0.457s] Level 1:colcon.colcon_core.package_discovery:discover_packages(path) discover
[0.457s] Level 1:colcon.colcon_core.package_discovery:discover_packages(path) using defaults
[0.479s] INFO:colcon.colcon_core.package_selection:Skipping not selected package 'pick_and_place_pkg' in 'src/pick_and_place_pkg'
[0.479s] INFO:colcon.colcon_core.package_selection:Skipping not selected package 'ur_moveit_config' in 'src/ur_moveit_config'
[0.479s] INFO:colcon.colcon_core.package_selection:Skipping not selected package 'ur_simulation_gz' in 'src/ur_simulation_gz/ur_simulation_gz'
[0.479s] Level 1:colcon.colcon_core.package_discovery:discover_packages(prefix_path) check parameters
[0.479s] Level 1:colcon.colcon_core.package_discovery:discover_packages(prefix_path) discover
[0.481s] DEBUG:colcon.colcon_installed_package_information.package_discovery:Found 4 installed packages in /home/bin1225/workspaces/ur_gz/install
[0.483s] DEBUG:colcon.colcon_installed_package_information.package_discovery:Found 408 installed packages in /opt/ros/jazzy
[0.485s] Level 1:colcon.colcon_core.package_discovery:discover_packages(prefix_path) using defaults
[0.548s] Level 5:colcon.colcon_core.verb:set package 'move_test_cpp' build argument 'cmake_args' from command line to 'None'
[0.548s] Level 5:colcon.colcon_core.verb:set package 'move_test_cpp' build argument 'cmake_target' from command line to 'None'
[0.548s] Level 5:colcon.colcon_core.verb:set package 'move_test_cpp' build argument 'cmake_target_skip_unavailable' from command line to 'False'
[0.548s] Level 5:colcon.colcon_core.verb:set package 'move_test_cpp' build argument 'cmake_clean_cache' from command line to 'False'
[0.548s] Level 5:colcon.colcon_core.verb:set package 'move_test_cpp' build argument 'cmake_clean_first' from command line to 'False'
[0.548s] Level 5:colcon.colcon_core.verb:set package 'move_test_cpp' build argument 'cmake_force_configure' from command line to 'False'
[0.548s] Level 5:colcon.colcon_core.verb:set package 'move_test_cpp' build argument 'ament_cmake_args' from command line to 'None'
[0.548s] Level 5:colcon.colcon_core.verb:set package 'move_test_cpp' build argument 'catkin_cmake_args' from command line to 'None'
[0.548s] Level 5:colcon.colcon_core.verb:set package 'move_test_cpp' build argument 'catkin_skip_building_tests' from command line to 'False'
[0.548s] DEBUG:colcon.colcon_core.verb:Building package 'move_test_cpp' with the following arguments: {'ament_cmake_args': None, 'build_base': '/home/bin1225/workspaces/ur_gz/build/move_test_cpp', 'catkin_cmake_args': None, 'catkin_skip_building_tests': False, 'cmake_args': None, 'cmake_clean_cache': False, 'cmake_clean_first': False, 'cmake_force_configure': False, 'cmake_target': None, 'cmake_target_skip_unavailable': False, 'install_base': '/home/bin1225/workspaces/ur_gz/install/move_test_cpp', 'merge_install': False, 'path': '/home/bin1225/workspaces/ur_gz/src/move_test_cpp', 'symlink_install': False, 'test_result_base': None}
[0.549s] INFO:colcon.colcon_core.executor:Executing jobs using 'parallel' executor
[0.550s] DEBUG:colcon.colcon_parallel_executor.executor.parallel:run_until_complete
[0.551s] INFO:colcon.colcon_ros.task.ament_cmake.build:Building ROS package in '/home/bin1225/workspaces/ur_gz/src/move_test_cpp' with build type 'ament_cmake'
[0.551s] INFO:colcon.colcon_cmake.task.cmake.build:Building CMake package in '/home/bin1225/workspaces/ur_gz/src/move_test_cpp'
[0.554s] INFO:colcon.colcon_core.plugin_system:Skipping extension 'colcon_core.shell.bat': Not used on non-Windows systems
[0.555s] INFO:colcon.colcon_core.shell:Skip shell extension 'powershell' for command environment: Not usable outside of PowerShell
[0.555s] DEBUG:colcon.colcon_core.shell:Skip shell extension 'dsv' for command environment
[0.565s] DEBUG:colcon.colcon_core.event_handler.log_command:Invoking command in '/home/bin1225/workspaces/ur_gz/build/move_test_cpp': CMAKE_PREFIX_PATH=${CMAKE_PREFIX_PATH}:/home/bin1225/workspaces/ur_gz/install/pick_and_place_pkg:/opt/ros/jazzy /usr/bin/cmake /home/bin1225/workspaces/ur_gz/src/move_test_cpp -DCMAKE_INSTALL_PREFIX=/home/bin1225/workspaces/ur_gz/install/move_test_cpp
[0.960s] DEBUG:colcon.colcon_parallel_executor.executor.parallel:run_until_complete was interrupted
[0.960s] DEBUG:colcon.colcon_parallel_executor.executor.parallel:run_until_complete again
[0.967s] Level 1:colcon.colcon_core.environment:create_environment_scripts_only(move_test_cpp)
[0.968s] DEBUG:colcon.colcon_core.event_handler.log_command:Invoked command in '/home/bin1225/workspaces/ur_gz/build/move_test_cpp' returned '-2': CMAKE_PREFIX_PATH=${CMAKE_PREFIX_PATH}:/home/bin1225/workspaces/ur_gz/install/pick_and_place_pkg:/opt/ros/jazzy /usr/bin/cmake /home/bin1225/workspaces/ur_gz/src/move_test_cpp -DCMAKE_INSTALL_PREFIX=/home/bin1225/workspaces/ur_gz/install/move_test_cpp
[0.971s] Level 1:colcon.colcon_core.environment:checking '/home/bin1225/workspaces/ur_gz/install/move_test_cpp' for CMake module files
[0.972s] Level 1:colcon.colcon_core.environment:checking '/home/bin1225/workspaces/ur_gz/install/move_test_cpp' for CMake config files
[0.972s] Level 1:colcon.colcon_core.environment:checking '/home/bin1225/workspaces/ur_gz/install/move_test_cpp/bin'
[0.972s] Level 1:colcon.colcon_core.environment:checking '/home/bin1225/workspaces/ur_gz/install/move_test_cpp/lib/pkgconfig/move_test_cpp.pc'
[0.973s] Level 1:colcon.colcon_core.environment:checking '/home/bin1225/workspaces/ur_gz/install/move_test_cpp/lib/python3.12/site-packages'
[0.973s] Level 1:colcon.colcon_core.environment:checking '/home/bin1225/workspaces/ur_gz/install/move_test_cpp/bin'
[0.973s] INFO:colcon.colcon_core.shell:Creating package script '/home/bin1225/workspaces/ur_gz/install/move_test_cpp/share/move_test_cpp/package.ps1'
[0.974s] INFO:colcon.colcon_core.shell:Creating package descriptor '/home/bin1225/workspaces/ur_gz/install/move_test_cpp/share/move_test_cpp/package.dsv'
[0.975s] INFO:colcon.colcon_core.shell:Creating package script '/home/bin1225/workspaces/ur_gz/install/move_test_cpp/share/move_test_cpp/package.sh'
[0.975s] INFO:colcon.colcon_core.shell:Creating package script '/home/bin1225/workspaces/ur_gz/install/move_test_cpp/share/move_test_cpp/package.bash'
[0.976s] INFO:colcon.colcon_core.shell:Creating package script '/home/bin1225/workspaces/ur_gz/install/move_test_cpp/share/move_test_cpp/package.zsh'
[0.979s] Level 1:colcon.colcon_core.environment:create_file_with_runtime_dependencies(/home/bin1225/workspaces/ur_gz/install/move_test_cpp/share/colcon-core/packages/move_test_cpp)
[0.981s] DEBUG:colcon.colcon_parallel_executor.executor.parallel:run_until_complete finished
[0.981s] DEBUG:colcon.colcon_parallel_executor.executor.parallel:closing loop
[0.981s] DEBUG:colcon.colcon_parallel_executor.executor.parallel:loop closed
[0.981s] DEBUG:colcon.colcon_core.event_reactor:joining thread
[1.069s] INFO:colcon.colcon_core.plugin_system:Skipping extension 'colcon_notification.desktop_notification.notify_send': Could not find 'notify-send'
[1.069s] INFO:colcon.colcon_core.plugin_system:Skipping extension 'colcon_notification.desktop_notification.terminal_notifier': Not used on non-Darwin systems
[1.070s] INFO:colcon.colcon_core.plugin_system:Skipping extension 'colcon_notification.desktop_notification.win32': Not used on non-Windows systems
[1.070s] INFO:colcon.colcon_notification.desktop_notification:Sending desktop notification using 'notify2'
[1.072s] DEBUG:colcon.colcon_notification.desktop_notification.notify2:Failed to initialize notify2: org.freedesktop.DBus.Error.ServiceUnknown: The name org.freedesktop.Notifications was not provided by any .service files
[1.072s] DEBUG:colcon.colcon_core.event_reactor:joined thread
[1.073s] INFO:colcon.colcon_core.shell:Creating prefix script '/home/bin1225/workspaces/ur_gz/install/local_setup.ps1'
[1.075s] INFO:colcon.colcon_core.shell:Creating prefix util module '/home/bin1225/workspaces/ur_gz/install/_local_setup_util_ps1.py'
[1.076s] INFO:colcon.colcon_core.shell:Creating prefix chain script '/home/bin1225/workspaces/ur_gz/install/setup.ps1'
[1.078s] INFO:colcon.colcon_core.shell:Creating prefix script '/home/bin1225/workspaces/ur_gz/install/local_setup.sh'
[1.079s] INFO:colcon.colcon_core.shell:Creating prefix util module '/home/bin1225/workspaces/ur_gz/install/_local_setup_util_sh.py'
[1.080s] INFO:colcon.colcon_core.shell:Creating prefix chain script '/home/bin1225/workspaces/ur_gz/install/setup.sh'
[1.081s] INFO:colcon.colcon_core.shell:Creating prefix script '/home/bin1225/workspaces/ur_gz/install/local_setup.bash'
[1.082s] INFO:colcon.colcon_core.shell:Creating prefix chain script '/home/bin1225/workspaces/ur_gz/install/setup.bash'
[1.084s] INFO:colcon.colcon_core.shell:Creating prefix script '/home/bin1225/workspaces/ur_gz/install/local_setup.zsh'
[1.085s] INFO:colcon.colcon_core.shell:Creating prefix chain script '/home/bin1225/workspaces/ur_gz/install/setup.zsh'
