running egg_info
creating ../../build/pick_and_place_pkg/pick_and_place_pkg.egg-info
writing ../../build/pick_and_place_pkg/pick_and_place_pkg.egg-info/PKG-INFO
writing dependency_links to ../../build/pick_and_place_pkg/pick_and_place_pkg.egg-info/dependency_links.txt
writing entry points to ../../build/pick_and_place_pkg/pick_and_place_pkg.egg-info/entry_points.txt
writing requirements to ../../build/pick_and_place_pkg/pick_and_place_pkg.egg-info/requires.txt
writing top-level names to ../../build/pick_and_place_pkg/pick_and_place_pkg.egg-info/top_level.txt
writing manifest file '../../build/pick_and_place_pkg/pick_and_place_pkg.egg-info/SOURCES.txt'
reading manifest file '../../build/pick_and_place_pkg/pick_and_place_pkg.egg-info/SOURCES.txt'
writing manifest file '../../build/pick_and_place_pkg/pick_and_place_pkg.egg-info/SOURCES.txt'
running build
running build_py
creating /home/bin1225/workspaces/ur_gz/build/pick_and_place_pkg/build
creating /home/bin1225/workspaces/ur_gz/build/pick_and_place_pkg/build/lib
creating /home/bin1225/workspaces/ur_gz/build/pick_and_place_pkg/build/lib/pick_and_place_pkg
copying pick_and_place_pkg/move_test.py -> /home/bin1225/workspaces/ur_gz/build/pick_and_place_pkg/build/lib/pick_and_place_pkg
copying pick_and_place_pkg/pick_and_place.py -> /home/bin1225/workspaces/ur_gz/build/pick_and_place_pkg/build/lib/pick_and_place_pkg
copying pick_and_place_pkg/__init__.py -> /home/bin1225/workspaces/ur_gz/build/pick_and_place_pkg/build/lib/pick_and_place_pkg
running install
running install_lib
creating /home/bin1225/workspaces/ur_gz/install/pick_and_place_pkg/lib/python3.12/site-packages/pick_and_place_pkg
copying /home/bin1225/workspaces/ur_gz/build/pick_and_place_pkg/build/lib/pick_and_place_pkg/move_test.py -> /home/bin1225/workspaces/ur_gz/install/pick_and_place_pkg/lib/python3.12/site-packages/pick_and_place_pkg
copying /home/bin1225/workspaces/ur_gz/build/pick_and_place_pkg/build/lib/pick_and_place_pkg/pick_and_place.py -> /home/bin1225/workspaces/ur_gz/install/pick_and_place_pkg/lib/python3.12/site-packages/pick_and_place_pkg
copying /home/bin1225/workspaces/ur_gz/build/pick_and_place_pkg/build/lib/pick_and_place_pkg/__init__.py -> /home/bin1225/workspaces/ur_gz/install/pick_and_place_pkg/lib/python3.12/site-packages/pick_and_place_pkg
byte-compiling /home/bin1225/workspaces/ur_gz/install/pick_and_place_pkg/lib/python3.12/site-packages/pick_and_place_pkg/move_test.py to move_test.cpython-312.pyc
byte-compiling /home/bin1225/workspaces/ur_gz/install/pick_and_place_pkg/lib/python3.12/site-packages/pick_and_place_pkg/pick_and_place.py to pick_and_place.cpython-312.pyc
byte-compiling /home/bin1225/workspaces/ur_gz/install/pick_and_place_pkg/lib/python3.12/site-packages/pick_and_place_pkg/__init__.py to __init__.cpython-312.pyc
running install_data
copying package.xml -> /home/bin1225/workspaces/ur_gz/install/pick_and_place_pkg/share/pick_and_place_pkg
creating /home/bin1225/workspaces/ur_gz/install/pick_and_place_pkg/share/ament_index
creating /home/bin1225/workspaces/ur_gz/install/pick_and_place_pkg/share/ament_index/resource_index
creating /home/bin1225/workspaces/ur_gz/install/pick_and_place_pkg/share/ament_index/resource_index/packages
copying resource/pick_and_place_pkg -> /home/bin1225/workspaces/ur_gz/install/pick_and_place_pkg/share/ament_index/resource_index/packages
running install_egg_info
Copying ../../build/pick_and_place_pkg/pick_and_place_pkg.egg-info to /home/bin1225/workspaces/ur_gz/install/pick_and_place_pkg/lib/python3.12/site-packages/pick_and_place_pkg-0.0.1-py3.12.egg-info
running install_scripts
Installing move_test script to /home/bin1225/workspaces/ur_gz/install/pick_and_place_pkg/lib/pick_and_place_pkg
Installing pick_and_place script to /home/bin1225/workspaces/ur_gz/install/pick_and_place_pkg/lib/pick_and_place_pkg
writing list of installed files to '/home/bin1225/workspaces/ur_gz/build/pick_and_place_pkg/install.log'
