-- Found ament_cmake: 2.5.3 (/opt/ros/jazzy/share/ament_cmake/cmake)
-- Override CMake install command with custom implementation using symlinks instead of copying resources
-- Found launch_testing_ament_cmake: 3.4.4 (/opt/ros/jazzy/share/launch_testing_ament_cmake/cmake)
-- Found python_cmake_module: 0.11.1 (/opt/ros/jazzy/share/python_cmake_module/cmake)
-- Found ament_cmake_pytest: 2.5.3 (/opt/ros/jazzy/share/ament_cmake_pytest/cmake)
-- Found gz_cmake_vendor: 0.0.9 (/opt/ros/jazzy/share/gz_cmake_vendor/cmake)
[31mCMake Error at /opt/ros/jazzy/opt/gz_cmake_vendor/extra_cmake/lib/cmake/gz-cmake/gz-cmake-config.cmake:6 (add_library):
  add_library cannot create ALIAS target "gz-cmake::gz-cmake" because target
  "gz-cmake3::gz-cmake3" does not already exist.
Call Stack (most recent call first):
  CMakeLists.txt:31 (find_package)

[0m
[31mCMake Error at /opt/ros/jazzy/opt/gz_cmake_vendor/extra_cmake/lib/cmake/gz-cmake/gz-cmake-config.cmake:7 (add_library):
  add_library cannot create ALIAS target "gz-cmake::core" because target
  "gz-cmake3::gz-cmake3" does not already exist.
Call Stack (most recent call first):
  CMakeLists.txt:31 (find_package)

[0m
[31mCMake Error at /opt/ros/jazzy/opt/gz_cmake_vendor/extra_cmake/lib/cmake/gz-cmake/gz-cmake-config.cmake:10 (get_target_property):
  get_target_property() called with non-existent target
  "gz-cmake3::requested".
Call Stack (most recent call first):
  CMakeLists.txt:31 (find_package)

[0m
[31mCMake Error at /opt/ros/jazzy/opt/gz_cmake_vendor/extra_cmake/lib/cmake/gz-cmake/gz-cmake-config.cmake:24 (add_library):
  add_library cannot create ALIAS target "gz-cmake" because target
  "gz-cmake3::gz-cmake3" does not already exist.
Call Stack (most recent call first):
  CMakeLists.txt:31 (find_package)

[0m
-- Found gz_utils_vendor: 0.0.5 (/opt/ros/jazzy/share/gz_utils_vendor/cmake)
-- Looking for gz-utils2 -- found version 2.2.1
-- Searching for dependencies of gz-utils2
-- Found gz_math_vendor: 0.0.8 (/opt/ros/jazzy/share/gz_math_vendor/cmake)
-- Looking for gz-math7 -- found version 7.5.2
-- Searching for dependencies of gz-math7
-- Looking for gz-utils2 -- found version 2.2.1
-- Configuring incomplete, errors occurred!
gmake: *** [Makefile:226: cmake_check_build_system] Error 1
