[0.040s] Invoking command in '/home/bin1225/workspaces/ur_gz/build/ur_simulation_gz': CMAKE_PREFIX_PATH=/home/bin1225/workspaces/ur_gz/install/ur_moveit_config:/home/bin1225/workspaces/ur_gz/src/install/ur_simulation_gz:/home/bin1225/workspaces/ur_gz/src/install/ur_moveit_config:/home/bin1225/workspaces/ur_gz/src/install/move_test_cpp:/home/bin1225/workspaces/ur_gz/install/ur_simulation_gz:/home/bin1225/workspaces/ur_gz/install/move_test_cpp:/opt/ros/jazzy/opt/gz_sim_vendor:/opt/ros/jazzy/opt/gz_sensors_vendor:/opt/ros/jazzy/opt/gz_physics_vendor:/opt/ros/jazzy/opt/sdformat_vendor:/opt/ros/jazzy/opt/gz_gui_vendor:/opt/ros/jazzy/opt/gz_transport_vendor:/opt/ros/jazzy/opt/gz_rendering_vendor:/opt/ros/jazzy/opt/gz_plugin_vendor:/opt/ros/jazzy/opt/gz_fuel_tools_vendor:/opt/ros/jazzy/opt/gz_msgs_vendor:/opt/ros/jazzy/opt/gz_common_vendor:/opt/ros/jazzy/opt/gz_math_vendor:/opt/ros/jazzy/opt/gz_utils_vendor:/opt/ros/jazzy/opt/gz_tools_vendor:/opt/ros/jazzy/opt/gz_ogre_next_vendor:/opt/ros/jazzy/opt/gz_dartsim_vendor:/opt/ros/jazzy/opt/gz_cmake_vendor:/home/bin1225/workspaces/ur_gz/src/install/pick_and_place_pkg:/home/bin1225/workspaces/ur_gz/install/pick_and_place_pkg:/opt/ros/jazzy /usr/bin/cmake /home/bin1225/workspaces/ur_gz/src/ur_simulation_gz/ur_simulation_gz -DCMAKE_INSTALL_PREFIX=/home/bin1225/workspaces/ur_gz/install/ur_simulation_gz
[0.130s] -- The C compiler identification is GNU 13.3.0
[0.519s] -- The CXX compiler identification is GNU 13.3.0
[0.890s] -- Detecting C compiler ABI info
[1.067s] -- Detecting C compiler ABI info - done
[1.074s] -- Check for working C compiler: /usr/bin/cc - skipped
[1.074s] -- Detecting C compile features
[1.074s] -- Detecting C compile features - done
[1.120s] -- Detecting CXX compiler ABI info
[1.254s] -- Detecting CXX compiler ABI info - done
[1.260s] -- Check for working CXX compiler: /usr/bin/c++ - skipped
[1.260s] -- Detecting CXX compile features
[1.261s] -- Detecting CXX compile features - done
[1.263s] -- Found ament_cmake: 2.5.3 (/opt/ros/jazzy/share/ament_cmake/cmake)
[1.365s] -- Found Python3: /usr/bin/python3 (found version "3.12.3") found components: Interpreter 
[1.449s] -- Found launch_testing_ament_cmake: 3.4.4 (/opt/ros/jazzy/share/launch_testing_ament_cmake/cmake)
[1.451s] -- Found python_cmake_module: 0.11.1 (/opt/ros/jazzy/share/python_cmake_module/cmake)
[1.545s] -- Found PythonExtra: /usr/bin/python3  
[1.547s] -- Found ament_cmake_pytest: 2.5.3 (/opt/ros/jazzy/share/ament_cmake_pytest/cmake)
[1.878s] -- Configuring done (1.8s)
[1.880s] -- Generating done (0.0s)
[1.882s] -- Build files have been written to: /home/bin1225/workspaces/ur_gz/build/ur_simulation_gz
[1.886s] Invoked command in '/home/bin1225/workspaces/ur_gz/build/ur_simulation_gz' returned '0': CMAKE_PREFIX_PATH=/home/bin1225/workspaces/ur_gz/install/ur_moveit_config:/home/bin1225/workspaces/ur_gz/src/install/ur_simulation_gz:/home/bin1225/workspaces/ur_gz/src/install/ur_moveit_config:/home/bin1225/workspaces/ur_gz/src/install/move_test_cpp:/home/bin1225/workspaces/ur_gz/install/ur_simulation_gz:/home/bin1225/workspaces/ur_gz/install/move_test_cpp:/opt/ros/jazzy/opt/gz_sim_vendor:/opt/ros/jazzy/opt/gz_sensors_vendor:/opt/ros/jazzy/opt/gz_physics_vendor:/opt/ros/jazzy/opt/sdformat_vendor:/opt/ros/jazzy/opt/gz_gui_vendor:/opt/ros/jazzy/opt/gz_transport_vendor:/opt/ros/jazzy/opt/gz_rendering_vendor:/opt/ros/jazzy/opt/gz_plugin_vendor:/opt/ros/jazzy/opt/gz_fuel_tools_vendor:/opt/ros/jazzy/opt/gz_msgs_vendor:/opt/ros/jazzy/opt/gz_common_vendor:/opt/ros/jazzy/opt/gz_math_vendor:/opt/ros/jazzy/opt/gz_utils_vendor:/opt/ros/jazzy/opt/gz_tools_vendor:/opt/ros/jazzy/opt/gz_ogre_next_vendor:/opt/ros/jazzy/opt/gz_dartsim_vendor:/opt/ros/jazzy/opt/gz_cmake_vendor:/home/bin1225/workspaces/ur_gz/src/install/pick_and_place_pkg:/home/bin1225/workspaces/ur_gz/install/pick_and_place_pkg:/opt/ros/jazzy /usr/bin/cmake /home/bin1225/workspaces/ur_gz/src/ur_simulation_gz/ur_simulation_gz -DCMAKE_INSTALL_PREFIX=/home/bin1225/workspaces/ur_gz/install/ur_simulation_gz
[1.887s] Invoking command in '/home/bin1225/workspaces/ur_gz/build/ur_simulation_gz': CMAKE_PREFIX_PATH=/home/bin1225/workspaces/ur_gz/install/ur_moveit_config:/home/bin1225/workspaces/ur_gz/src/install/ur_simulation_gz:/home/bin1225/workspaces/ur_gz/src/install/ur_moveit_config:/home/bin1225/workspaces/ur_gz/src/install/move_test_cpp:/home/bin1225/workspaces/ur_gz/install/ur_simulation_gz:/home/bin1225/workspaces/ur_gz/install/move_test_cpp:/opt/ros/jazzy/opt/gz_sim_vendor:/opt/ros/jazzy/opt/gz_sensors_vendor:/opt/ros/jazzy/opt/gz_physics_vendor:/opt/ros/jazzy/opt/sdformat_vendor:/opt/ros/jazzy/opt/gz_gui_vendor:/opt/ros/jazzy/opt/gz_transport_vendor:/opt/ros/jazzy/opt/gz_rendering_vendor:/opt/ros/jazzy/opt/gz_plugin_vendor:/opt/ros/jazzy/opt/gz_fuel_tools_vendor:/opt/ros/jazzy/opt/gz_msgs_vendor:/opt/ros/jazzy/opt/gz_common_vendor:/opt/ros/jazzy/opt/gz_math_vendor:/opt/ros/jazzy/opt/gz_utils_vendor:/opt/ros/jazzy/opt/gz_tools_vendor:/opt/ros/jazzy/opt/gz_ogre_next_vendor:/opt/ros/jazzy/opt/gz_dartsim_vendor:/opt/ros/jazzy/opt/gz_cmake_vendor:/home/bin1225/workspaces/ur_gz/src/install/pick_and_place_pkg:/home/bin1225/workspaces/ur_gz/install/pick_and_place_pkg:/opt/ros/jazzy /usr/bin/cmake --build /home/bin1225/workspaces/ur_gz/build/ur_simulation_gz -- -j22 -l22
[1.911s] Invoked command in '/home/bin1225/workspaces/ur_gz/build/ur_simulation_gz' returned '0': CMAKE_PREFIX_PATH=/home/bin1225/workspaces/ur_gz/install/ur_moveit_config:/home/bin1225/workspaces/ur_gz/src/install/ur_simulation_gz:/home/bin1225/workspaces/ur_gz/src/install/ur_moveit_config:/home/bin1225/workspaces/ur_gz/src/install/move_test_cpp:/home/bin1225/workspaces/ur_gz/install/ur_simulation_gz:/home/bin1225/workspaces/ur_gz/install/move_test_cpp:/opt/ros/jazzy/opt/gz_sim_vendor:/opt/ros/jazzy/opt/gz_sensors_vendor:/opt/ros/jazzy/opt/gz_physics_vendor:/opt/ros/jazzy/opt/sdformat_vendor:/opt/ros/jazzy/opt/gz_gui_vendor:/opt/ros/jazzy/opt/gz_transport_vendor:/opt/ros/jazzy/opt/gz_rendering_vendor:/opt/ros/jazzy/opt/gz_plugin_vendor:/opt/ros/jazzy/opt/gz_fuel_tools_vendor:/opt/ros/jazzy/opt/gz_msgs_vendor:/opt/ros/jazzy/opt/gz_common_vendor:/opt/ros/jazzy/opt/gz_math_vendor:/opt/ros/jazzy/opt/gz_utils_vendor:/opt/ros/jazzy/opt/gz_tools_vendor:/opt/ros/jazzy/opt/gz_ogre_next_vendor:/opt/ros/jazzy/opt/gz_dartsim_vendor:/opt/ros/jazzy/opt/gz_cmake_vendor:/home/bin1225/workspaces/ur_gz/src/install/pick_and_place_pkg:/home/bin1225/workspaces/ur_gz/install/pick_and_place_pkg:/opt/ros/jazzy /usr/bin/cmake --build /home/bin1225/workspaces/ur_gz/build/ur_simulation_gz -- -j22 -l22
[1.912s] Invoking command in '/home/bin1225/workspaces/ur_gz/build/ur_simulation_gz': CMAKE_PREFIX_PATH=/home/bin1225/workspaces/ur_gz/install/ur_moveit_config:/home/bin1225/workspaces/ur_gz/src/install/ur_simulation_gz:/home/bin1225/workspaces/ur_gz/src/install/ur_moveit_config:/home/bin1225/workspaces/ur_gz/src/install/move_test_cpp:/home/bin1225/workspaces/ur_gz/install/ur_simulation_gz:/home/bin1225/workspaces/ur_gz/install/move_test_cpp:/opt/ros/jazzy/opt/gz_sim_vendor:/opt/ros/jazzy/opt/gz_sensors_vendor:/opt/ros/jazzy/opt/gz_physics_vendor:/opt/ros/jazzy/opt/sdformat_vendor:/opt/ros/jazzy/opt/gz_gui_vendor:/opt/ros/jazzy/opt/gz_transport_vendor:/opt/ros/jazzy/opt/gz_rendering_vendor:/opt/ros/jazzy/opt/gz_plugin_vendor:/opt/ros/jazzy/opt/gz_fuel_tools_vendor:/opt/ros/jazzy/opt/gz_msgs_vendor:/opt/ros/jazzy/opt/gz_common_vendor:/opt/ros/jazzy/opt/gz_math_vendor:/opt/ros/jazzy/opt/gz_utils_vendor:/opt/ros/jazzy/opt/gz_tools_vendor:/opt/ros/jazzy/opt/gz_ogre_next_vendor:/opt/ros/jazzy/opt/gz_dartsim_vendor:/opt/ros/jazzy/opt/gz_cmake_vendor:/home/bin1225/workspaces/ur_gz/src/install/pick_and_place_pkg:/home/bin1225/workspaces/ur_gz/install/pick_and_place_pkg:/opt/ros/jazzy /usr/bin/cmake --install /home/bin1225/workspaces/ur_gz/build/ur_simulation_gz
[1.917s] -- Install configuration: ""
[1.917s] -- Installing: /home/bin1225/workspaces/ur_gz/install/ur_simulation_gz/share/ur_simulation_gz/config
[1.918s] -- Installing: /home/bin1225/workspaces/ur_gz/install/ur_simulation_gz/share/ur_simulation_gz/config/ur_controllers.yaml
[1.918s] -- Installing: /home/bin1225/workspaces/ur_gz/install/ur_simulation_gz/share/ur_simulation_gz/launch
[1.918s] -- Installing: /home/bin1225/workspaces/ur_gz/install/ur_simulation_gz/share/ur_simulation_gz/launch/ur_sim_control.launch.py
[1.918s] -- Installing: /home/bin1225/workspaces/ur_gz/install/ur_simulation_gz/share/ur_simulation_gz/launch/ur_sim_moveit.launch.py
[1.918s] -- Installing: /home/bin1225/workspaces/ur_gz/install/ur_simulation_gz/share/ur_simulation_gz/urdf
[1.918s] -- Installing: /home/bin1225/workspaces/ur_gz/install/ur_simulation_gz/share/ur_simulation_gz/urdf/ur_gz.ros2_control.xacro
[1.918s] -- Installing: /home/bin1225/workspaces/ur_gz/install/ur_simulation_gz/share/ur_simulation_gz/urdf/ur_gz_setup_test.urdf.xacro
[1.919s] -- Installing: /home/bin1225/workspaces/ur_gz/install/ur_simulation_gz/share/ur_simulation_gz/urdf/ur_gz.urdf.xacro
[1.919s] -- Installing: /home/bin1225/workspaces/ur_gz/install/ur_simulation_gz/share/ament_index/resource_index/package_run_dependencies/ur_simulation_gz
[1.919s] -- Installing: /home/bin1225/workspaces/ur_gz/install/ur_simulation_gz/share/ament_index/resource_index/parent_prefix_path/ur_simulation_gz
[1.919s] -- Installing: /home/bin1225/workspaces/ur_gz/install/ur_simulation_gz/share/ur_simulation_gz/environment/ament_prefix_path.sh
[1.919s] -- Installing: /home/bin1225/workspaces/ur_gz/install/ur_simulation_gz/share/ur_simulation_gz/environment/ament_prefix_path.dsv
[1.919s] -- Installing: /home/bin1225/workspaces/ur_gz/install/ur_simulation_gz/share/ur_simulation_gz/environment/path.sh
[1.919s] -- Installing: /home/bin1225/workspaces/ur_gz/install/ur_simulation_gz/share/ur_simulation_gz/environment/path.dsv
[1.919s] -- Installing: /home/bin1225/workspaces/ur_gz/install/ur_simulation_gz/share/ur_simulation_gz/local_setup.bash
[1.920s] -- Installing: /home/bin1225/workspaces/ur_gz/install/ur_simulation_gz/share/ur_simulation_gz/local_setup.sh
[1.920s] -- Installing: /home/bin1225/workspaces/ur_gz/install/ur_simulation_gz/share/ur_simulation_gz/local_setup.zsh
[1.920s] -- Installing: /home/bin1225/workspaces/ur_gz/install/ur_simulation_gz/share/ur_simulation_gz/local_setup.dsv
[1.920s] -- Installing: /home/bin1225/workspaces/ur_gz/install/ur_simulation_gz/share/ur_simulation_gz/package.dsv
[1.920s] -- Installing: /home/bin1225/workspaces/ur_gz/install/ur_simulation_gz/share/ament_index/resource_index/packages/ur_simulation_gz
[1.920s] -- Installing: /home/bin1225/workspaces/ur_gz/install/ur_simulation_gz/share/ur_simulation_gz/cmake/ur_simulation_gzConfig.cmake
[1.920s] -- Installing: /home/bin1225/workspaces/ur_gz/install/ur_simulation_gz/share/ur_simulation_gz/cmake/ur_simulation_gzConfig-version.cmake
[1.920s] -- Installing: /home/bin1225/workspaces/ur_gz/install/ur_simulation_gz/share/ur_simulation_gz/package.xml
[1.921s] Invoked command in '/home/bin1225/workspaces/ur_gz/build/ur_simulation_gz' returned '0': CMAKE_PREFIX_PATH=/home/bin1225/workspaces/ur_gz/install/ur_moveit_config:/home/bin1225/workspaces/ur_gz/src/install/ur_simulation_gz:/home/bin1225/workspaces/ur_gz/src/install/ur_moveit_config:/home/bin1225/workspaces/ur_gz/src/install/move_test_cpp:/home/bin1225/workspaces/ur_gz/install/ur_simulation_gz:/home/bin1225/workspaces/ur_gz/install/move_test_cpp:/opt/ros/jazzy/opt/gz_sim_vendor:/opt/ros/jazzy/opt/gz_sensors_vendor:/opt/ros/jazzy/opt/gz_physics_vendor:/opt/ros/jazzy/opt/sdformat_vendor:/opt/ros/jazzy/opt/gz_gui_vendor:/opt/ros/jazzy/opt/gz_transport_vendor:/opt/ros/jazzy/opt/gz_rendering_vendor:/opt/ros/jazzy/opt/gz_plugin_vendor:/opt/ros/jazzy/opt/gz_fuel_tools_vendor:/opt/ros/jazzy/opt/gz_msgs_vendor:/opt/ros/jazzy/opt/gz_common_vendor:/opt/ros/jazzy/opt/gz_math_vendor:/opt/ros/jazzy/opt/gz_utils_vendor:/opt/ros/jazzy/opt/gz_tools_vendor:/opt/ros/jazzy/opt/gz_ogre_next_vendor:/opt/ros/jazzy/opt/gz_dartsim_vendor:/opt/ros/jazzy/opt/gz_cmake_vendor:/home/bin1225/workspaces/ur_gz/src/install/pick_and_place_pkg:/home/bin1225/workspaces/ur_gz/install/pick_and_place_pkg:/opt/ros/jazzy /usr/bin/cmake --install /home/bin1225/workspaces/ur_gz/build/ur_simulation_gz
