[0.046s] Invoking command in '/home/bin1225/workspaces/ur_gz/build/ur_moveit_config': CMAKE_PREFIX_PATH=${CMAKE_PREFIX_PATH}:/home/bin1225/workspaces/ur_gz/install/pick_and_place_pkg:/opt/ros/jazzy /usr/bin/cmake --build /home/bin1225/workspaces/ur_gz/build/ur_moveit_config -- -j22 -l22
[0.515s] Invoked command in '/home/bin1225/workspaces/ur_gz/build/ur_moveit_config' returned '0': CMAKE_PREFIX_PATH=${CMAKE_PREFIX_PATH}:/home/bin1225/workspaces/ur_gz/install/pick_and_place_pkg:/opt/ros/jazzy /usr/bin/cmake --build /home/bin1225/workspaces/ur_gz/build/ur_moveit_config -- -j22 -l22
[0.532s] Invoking command in '/home/bin1225/workspaces/ur_gz/build/ur_moveit_config': CMAKE_PREFIX_PATH=${CMAKE_PREFIX_PATH}:/home/bin1225/workspaces/ur_gz/install/pick_and_place_pkg:/opt/ros/jazzy /usr/bin/cmake --install /home/bin1225/workspaces/ur_gz/build/ur_moveit_config
[0.546s] -- Install configuration: ""
[0.547s] -- Up-to-date: /home/bin1225/workspaces/ur_gz/install/ur_moveit_config/share/ament_index/resource_index/package_run_dependencies/ur_moveit_config
[0.548s] -- Up-to-date: /home/bin1225/workspaces/ur_gz/install/ur_moveit_config/share/ament_index/resource_index/parent_prefix_path/ur_moveit_config
[0.548s] -- Up-to-date: /home/bin1225/workspaces/ur_gz/install/ur_moveit_config/share/ur_moveit_config/environment/ament_prefix_path.sh
[0.548s] -- Up-to-date: /home/bin1225/workspaces/ur_gz/install/ur_moveit_config/share/ur_moveit_config/environment/ament_prefix_path.dsv
[0.548s] -- Up-to-date: /home/bin1225/workspaces/ur_gz/install/ur_moveit_config/share/ur_moveit_config/environment/path.sh
[0.549s] -- Up-to-date: /home/bin1225/workspaces/ur_gz/install/ur_moveit_config/share/ur_moveit_config/environment/path.dsv
[0.549s] -- Up-to-date: /home/bin1225/workspaces/ur_gz/install/ur_moveit_config/share/ur_moveit_config/local_setup.bash
[0.549s] -- Up-to-date: /home/bin1225/workspaces/ur_gz/install/ur_moveit_config/share/ur_moveit_config/local_setup.sh
[0.549s] -- Up-to-date: /home/bin1225/workspaces/ur_gz/install/ur_moveit_config/share/ur_moveit_config/local_setup.zsh
[0.549s] -- Up-to-date: /home/bin1225/workspaces/ur_gz/install/ur_moveit_config/share/ur_moveit_config/local_setup.dsv
[0.549s] -- Installing: /home/bin1225/workspaces/ur_gz/install/ur_moveit_config/share/ur_moveit_config/package.dsv
[0.549s] -- Up-to-date: /home/bin1225/workspaces/ur_gz/install/ur_moveit_config/share/ament_index/resource_index/packages/ur_moveit_config
[0.549s] -- Up-to-date: /home/bin1225/workspaces/ur_gz/install/ur_moveit_config/share/ur_moveit_config/cmake/ur_moveit_configConfig.cmake
[0.549s] -- Up-to-date: /home/bin1225/workspaces/ur_gz/install/ur_moveit_config/share/ur_moveit_config/cmake/ur_moveit_configConfig-version.cmake
[0.550s] -- Up-to-date: /home/bin1225/workspaces/ur_gz/install/ur_moveit_config/share/ur_moveit_config/package.xml
[0.550s] -- Up-to-date: /home/bin1225/workspaces/ur_gz/install/ur_moveit_config/share/ur_moveit_config/config
[0.552s] -- Up-to-date: /home/bin1225/workspaces/ur_gz/install/ur_moveit_config/share/ur_moveit_config/config/chomp_planning.yaml
[0.552s] -- Up-to-date: /home/bin1225/workspaces/ur_gz/install/ur_moveit_config/share/ur_moveit_config/config/ompl_planning.yaml
[0.552s] -- Up-to-date: /home/bin1225/workspaces/ur_gz/install/ur_moveit_config/share/ur_moveit_config/config/moveit.rviz
[0.553s] -- Up-to-date: /home/bin1225/workspaces/ur_gz/install/ur_moveit_config/share/ur_moveit_config/config/moveit_controllers.yaml
[0.553s] -- Up-to-date: /home/bin1225/workspaces/ur_gz/install/ur_moveit_config/share/ur_moveit_config/config/pilz_industrial_motion_planner_planning.yaml
[0.554s] -- Up-to-date: /home/bin1225/workspaces/ur_gz/install/ur_moveit_config/share/ur_moveit_config/config/pilz_cartesian_limits.yaml
[0.554s] -- Up-to-date: /home/bin1225/workspaces/ur_gz/install/ur_moveit_config/share/ur_moveit_config/config/kinematics.yaml
[0.555s] -- Up-to-date: /home/bin1225/workspaces/ur_gz/install/ur_moveit_config/share/ur_moveit_config/config/joint_limits.yaml
[0.555s] -- Up-to-date: /home/bin1225/workspaces/ur_gz/install/ur_moveit_config/share/ur_moveit_config/config/ur_servo.yaml
[0.556s] -- Up-to-date: /home/bin1225/workspaces/ur_gz/install/ur_moveit_config/share/ur_moveit_config/launch
[0.556s] -- Up-to-date: /home/bin1225/workspaces/ur_gz/install/ur_moveit_config/share/ur_moveit_config/launch/ur_moveit.launch.py
[0.556s] -- Up-to-date: /home/bin1225/workspaces/ur_gz/install/ur_moveit_config/share/ur_moveit_config/srdf
[0.557s] -- Up-to-date: /home/bin1225/workspaces/ur_gz/install/ur_moveit_config/share/ur_moveit_config/srdf/ur_macro.srdf.xacro
[0.557s] -- Up-to-date: /home/bin1225/workspaces/ur_gz/install/ur_moveit_config/share/ur_moveit_config/srdf/ur.srdf.xacro
[0.560s] Invoked command in '/home/bin1225/workspaces/ur_gz/build/ur_moveit_config' returned '0': CMAKE_PREFIX_PATH=${CMAKE_PREFIX_PATH}:/home/bin1225/workspaces/ur_gz/install/pick_and_place_pkg:/opt/ros/jazzy /usr/bin/cmake --install /home/bin1225/workspaces/ur_gz/build/ur_moveit_config
