running develop
running egg_info
creating pick_and_place_pkg.egg-info
writing pick_and_place_pkg.egg-info/PKG-INFO
writing dependency_links to pick_and_place_pkg.egg-info/dependency_links.txt
writing entry points to pick_and_place_pkg.egg-info/entry_points.txt
writing requirements to pick_and_place_pkg.egg-info/requires.txt
writing top-level names to pick_and_place_pkg.egg-info/top_level.txt
writing manifest file 'pick_and_place_pkg.egg-info/SOURCES.txt'
reading manifest file 'pick_and_place_pkg.egg-info/SOURCES.txt'
writing manifest file 'pick_and_place_pkg.egg-info/SOURCES.txt'
running build_ext
Creating /home/bin1225/workspaces/ur_gz/install/pick_and_place_pkg/lib/python3.12/site-packages/pick-and-place-pkg.egg-link (link to .)
Installing move_test script to /home/bin1225/workspaces/ur_gz/install/pick_and_place_pkg/lib/pick_and_place_pkg
Installing pick_and_place script to /home/bin1225/workspaces/ur_gz/install/pick_and_place_pkg/lib/pick_and_place_pkg

Installed /home/bin1225/workspaces/ur_gz/build/pick_and_place_pkg
running symlink_data
symbolically linking /home/bin1225/workspaces/ur_gz/build/pick_and_place_pkg/package.xml -> /home/bin1225/workspaces/ur_gz/install/pick_and_place_pkg/share/pick_and_place_pkg
creating /home/bin1225/workspaces/ur_gz/install/pick_and_place_pkg/share/ament_index
creating /home/bin1225/workspaces/ur_gz/install/pick_and_place_pkg/share/ament_index/resource_index
creating /home/bin1225/workspaces/ur_gz/install/pick_and_place_pkg/share/ament_index/resource_index/packages
symbolically linking /home/bin1225/workspaces/ur_gz/build/pick_and_place_pkg/resource/pick_and_place_pkg -> /home/bin1225/workspaces/ur_gz/install/pick_and_place_pkg/share/ament_index/resource_index/packages
