[1.265s] Invoking command in '/home/bin1225/workspaces/ur_gz/build/pick_and_place_pkg': PYTHONPATH=/home/bin1225/workspaces/ur_gz/build/pick_and_place_pkg/prefix_override:/usr/lib/python3/dist-packages/colcon_core/task/python/colcon_distutils_commands:/home/bin1225/workspaces/ur_gz/install/pick_and_place_pkg/lib/python3.12/site-packages:${PYTHONPATH} /usr/bin/python3 -W ignore:setup.py install is deprecated -W ignore:easy_install command is deprecated setup.py develop --editable --build-directory /home/bin1225/workspaces/ur_gz/build/pick_and_place_pkg/build --no-deps symlink_data
[1.728s] running develop
[2.013s] running egg_info
[2.014s] creating pick_and_place_pkg.egg-info
[2.045s] writing pick_and_place_pkg.egg-info/PKG-INFO
[2.045s] writing dependency_links to pick_and_place_pkg.egg-info/dependency_links.txt
[2.045s] writing entry points to pick_and_place_pkg.egg-info/entry_points.txt
[2.046s] writing requirements to pick_and_place_pkg.egg-info/requires.txt
[2.046s] writing top-level names to pick_and_place_pkg.egg-info/top_level.txt
[2.046s] writing manifest file 'pick_and_place_pkg.egg-info/SOURCES.txt'
[2.096s] reading manifest file 'pick_and_place_pkg.egg-info/SOURCES.txt'
[2.096s] writing manifest file 'pick_and_place_pkg.egg-info/SOURCES.txt'
[2.121s] running build_ext
[2.121s] Creating /home/bin1225/workspaces/ur_gz/install/pick_and_place_pkg/lib/python3.12/site-packages/pick-and-place-pkg.egg-link (link to .)
[2.122s] Installing move_test script to /home/bin1225/workspaces/ur_gz/install/pick_and_place_pkg/lib/pick_and_place_pkg
[2.122s] Installing pick_and_place script to /home/bin1225/workspaces/ur_gz/install/pick_and_place_pkg/lib/pick_and_place_pkg
[2.122s] 
[2.123s] Installed /home/bin1225/workspaces/ur_gz/build/pick_and_place_pkg
[2.123s] running symlink_data
[2.123s] symbolically linking /home/bin1225/workspaces/ur_gz/build/pick_and_place_pkg/package.xml -> /home/bin1225/workspaces/ur_gz/install/pick_and_place_pkg/share/pick_and_place_pkg
[2.123s] creating /home/bin1225/workspaces/ur_gz/install/pick_and_place_pkg/share/ament_index
[2.124s] creating /home/bin1225/workspaces/ur_gz/install/pick_and_place_pkg/share/ament_index/resource_index
[2.124s] creating /home/bin1225/workspaces/ur_gz/install/pick_and_place_pkg/share/ament_index/resource_index/packages
[2.124s] symbolically linking /home/bin1225/workspaces/ur_gz/build/pick_and_place_pkg/resource/pick_and_place_pkg -> /home/bin1225/workspaces/ur_gz/install/pick_and_place_pkg/share/ament_index/resource_index/packages
[2.193s] Invoked command in '/home/bin1225/workspaces/ur_gz/build/pick_and_place_pkg' returned '0': PYTHONPATH=/home/bin1225/workspaces/ur_gz/build/pick_and_place_pkg/prefix_override:/usr/lib/python3/dist-packages/colcon_core/task/python/colcon_distutils_commands:/home/bin1225/workspaces/ur_gz/install/pick_and_place_pkg/lib/python3.12/site-packages:${PYTHONPATH} /usr/bin/python3 -W ignore:setup.py install is deprecated -W ignore:easy_install command is deprecated setup.py develop --editable --build-directory /home/bin1225/workspaces/ur_gz/build/pick_and_place_pkg/build --no-deps symlink_data
